2025-07-17 08:54:39,760 [INFO] Activator:176 - 


2025-07-17 08:54:39,760 [INFO] Activator:177 - !SESSION log4j initialized
2025-07-17 08:54:43,141 [INFO] LogOutputStream:77 - [STDOUT_REDIRECT] 
2025-07-17 08:54:43,423 [ERROR] ConfigurationRetriever:142 - IOException on connection: sw-center.st.com
2025-07-17 08:54:43,424 [ERROR] ConfigurationRetriever:142 - IOException on connection: sw-center.st.com
2025-07-17 08:54:43,425 [ERROR] ConfigurationRetriever:142 - IOException on connection: sw-center.st.com
2025-07-17 08:54:43,993 [INFO] ApplicationProperties:184 - Using Application install path: C:\ST\STM32CubeIDE_1.18.1\STM32CubeIDE\plugins\com.st.stm32cube.common.mx_6.14.1.202504091515
2025-07-17 08:54:44,011 [INFO] DbMcusXml:78 - Set database path to: C:\ST\STM32CubeIDE_1.18.1\STM32CubeIDE\plugins\com.st.stm32cube.common.mx_6.14.1.202504091515\\db\/mcu/
2025-07-17 08:54:44,012 [INFO] ApiDb:274 - Set plugin database path to: C:\ST\STM32CubeIDE_1.18.1\STM32CubeIDE\plugins\com.st.stm32cube.common.mx_6.14.1.202504091515\\db\/plugins/boardmanager/
2025-07-17 08:54:44,012 [WARN] ApiDb:259 - Overriding images path with different value:  => C:\ST\STM32CubeIDE_1.18.1\STM32CubeIDE\plugins\com.st.stm32cube.common.mx_6.14.1.202504091515\\db\/plugins/mcufinder/images/
2025-07-17 08:54:44,018 [INFO] ApiDb:250 - Set database path to: C:\Users\Shashank\.stmcufinder\plugins\mcufinder//mcu/
2025-07-17 08:54:44,019 [INFO] DbMcusAds:125 - Set database path to: C:\Users\Shashank\.stmcufinder\plugins\mcufinder//mcu/
2025-07-17 08:54:44,021 [INFO] CrossReferenceDbSqlite:203 - Set database path to: C:\Users\Shashank\.stmcufinder\plugins\mcufinder//mcu/cs/
2025-07-17 08:54:44,141 [INFO] RulesReader:64 - Compatibility file has been processed (302 Rules)
2025-07-17 08:54:44,226 [INFO] DbMcusXml:78 - Set database path to: C:\ST\STM32CubeIDE_1.18.1\STM32CubeIDE\plugins\com.st.stm32cube.common.mx_6.14.1.202504091515\\db\/mcu/
2025-07-17 08:54:44,226 [INFO] ApiDb:274 - Set plugin database path to: C:\ST\STM32CubeIDE_1.18.1\STM32CubeIDE\plugins\com.st.stm32cube.common.mx_6.14.1.202504091515\\db\/plugins/boardmanager/
2025-07-17 08:54:44,226 [INFO] ApiDb:261 - Set plugin images path to: C:\ST\STM32CubeIDE_1.18.1\STM32CubeIDE\plugins\com.st.stm32cube.common.mx_6.14.1.202504091515\\db\/plugins/mcufinder/images/
2025-07-17 08:54:44,226 [WARN] DbFile:41 - Overriding database path with different value: C:\Users\Shashank\.stmcufinder\plugins\mcufinder/ => C:\Users\Shashank\.stmcufinder\plugins\mcufinder
2025-07-17 08:54:44,226 [INFO] ApiDb:250 - Set database path to: C:\Users\Shashank\.stmcufinder\plugins\mcufinder//mcu/
2025-07-17 08:54:44,226 [WARN] DbFile:41 - Overriding database path with different value: C:\Users\Shashank\.stmcufinder\plugins\mcufinder/ => C:\Users\Shashank\.stmcufinder\plugins\mcufinder
2025-07-17 08:54:44,226 [INFO] DbMcusAds:125 - Set database path to: C:\Users\Shashank\.stmcufinder\plugins\mcufinder//mcu/
2025-07-17 08:54:44,226 [WARN] DbFile:41 - Overriding database path with different value: C:\Users\Shashank\.stmcufinder\plugins\mcufinder/ => C:\Users\Shashank\.stmcufinder\plugins\mcufinder
2025-07-17 08:54:44,227 [WARN] DbFile:41 - Overriding database path with different value: C:\Users\Shashank\.stmcufinder\plugins\mcufinder/ => C:\Users\Shashank\.stmcufinder\plugins\mcufinder
2025-07-17 08:54:44,227 [INFO] CrossReferenceDbSqlite:203 - Set database path to: C:\Users\Shashank\.stmcufinder\plugins\mcufinder//mcu/cs/
2025-07-17 08:54:44,292 [INFO] MainPanel:272 - HeapMemory: 268435456
2025-07-17 08:54:44,357 [INFO] DbMcusXml:78 - Set database path to: C:\ST\STM32CubeIDE_1.18.1\STM32CubeIDE\plugins\com.st.stm32cube.common.mx_6.14.1.202504091515\\db\/mcu/
2025-07-17 08:54:44,357 [INFO] ApiDb:274 - Set plugin database path to: C:\ST\STM32CubeIDE_1.18.1\STM32CubeIDE\plugins\com.st.stm32cube.common.mx_6.14.1.202504091515\\db\/plugins/boardmanager/
2025-07-17 08:54:44,357 [INFO] ApiDb:261 - Set plugin images path to: C:\ST\STM32CubeIDE_1.18.1\STM32CubeIDE\plugins\com.st.stm32cube.common.mx_6.14.1.202504091515\\db\/plugins/mcufinder/images/
2025-07-17 08:54:44,357 [WARN] DbFile:41 - Overriding database path with different value: C:\Users\Shashank\.stmcufinder\plugins\mcufinder/ => C:\Users\Shashank\.stmcufinder\plugins\mcufinder
2025-07-17 08:54:44,357 [INFO] ApiDb:250 - Set database path to: C:\Users\Shashank\.stmcufinder\plugins\mcufinder//mcu/
2025-07-17 08:54:44,357 [WARN] DbFile:41 - Overriding database path with different value: C:\Users\Shashank\.stmcufinder\plugins\mcufinder/ => C:\Users\Shashank\.stmcufinder\plugins\mcufinder
2025-07-17 08:54:44,357 [INFO] DbMcusAds:125 - Set database path to: C:\Users\Shashank\.stmcufinder\plugins\mcufinder//mcu/
2025-07-17 08:54:44,357 [WARN] DbFile:41 - Overriding database path with different value: C:\Users\Shashank\.stmcufinder\plugins\mcufinder/ => C:\Users\Shashank\.stmcufinder\plugins\mcufinder
2025-07-17 08:54:44,358 [WARN] DbFile:41 - Overriding database path with different value: C:\Users\Shashank\.stmcufinder\plugins\mcufinder/ => C:\Users\Shashank\.stmcufinder\plugins\mcufinder
2025-07-17 08:54:44,358 [INFO] CrossReferenceDbSqlite:203 - Set database path to: C:\Users\Shashank\.stmcufinder\plugins\mcufinder//mcu/cs/
2025-07-17 08:54:44,373 [INFO] ApplicationProperties:184 - Using Application install path: C:\ST\STM32CubeIDE_1.18.1\STM32CubeIDE\plugins\com.st.stm32cube.common.mx_6.14.1.202504091515
2025-07-17 08:54:44,374 [INFO] PluginManage:196 - Search for loadable plugins [exclusion list=, ]
2025-07-17 08:54:44,375 [INFO] PluginManage:310 - Check plugin analytics
2025-07-17 08:54:44,589 [INFO] AnalyticsPlugin:253 - Accepted Software Licenses: 
2025-07-17 08:54:44,589 [INFO] AnalyticsPlugin:255 - Accepted CMSIS Pack Licenses: 
2025-07-17 08:54:44,590 [INFO] AnalyticsPlugin:257 - Accepted Firmware Licenses: 
2025-07-17 08:54:44,593 [INFO] PluginManage:359 - Loaded plugin analytics (category:tool,tabindex:-1)
2025-07-17 08:54:44,593 [INFO] PluginManage:310 - Check plugin cadmodel
2025-07-17 08:54:44,593 [ERROR] ConfigurationRetriever:142 - IOException on connection: sw-center.st.com
2025-07-17 08:54:44,594 [ERROR] ConfigurationRetriever:142 - IOException on connection: sw-center.st.com
2025-07-17 08:54:44,594 [ERROR] ConfigurationRetriever:142 - IOException on connection: sw-center.st.com
2025-07-17 08:54:44,597 [INFO] CADModel:105 - Init CAD model plugin
2025-07-17 08:54:44,597 [INFO] PluginManage:359 - Loaded plugin cadmodel (category:power,tabindex:5)
2025-07-17 08:54:44,598 [INFO] PluginManage:310 - Check plugin clock
2025-07-17 08:54:44,608 [INFO] PluginManage:359 - Loaded plugin clock (category:base,tabindex:2)
2025-07-17 08:54:44,608 [INFO] PluginManage:310 - Check plugin ddr
2025-07-17 08:54:44,610 [INFO] PluginManage:359 - Loaded plugin ddr (category:tool,tabindex:6)
2025-07-17 08:54:44,610 [INFO] PluginManage:310 - Check plugin filemanager
2025-07-17 08:54:44,743 [INFO] PluginManage:359 - Loaded plugin filemanager (category:base,tabindex:10)
2025-07-17 08:54:44,743 [INFO] PluginManage:310 - Check plugin ipmanager
2025-07-17 08:54:44,749 [INFO] PluginManage:359 - Loaded plugin ipmanager (category:base,tabindex:5)
2025-07-17 08:54:44,749 [INFO] PluginManage:310 - Check plugin lpbam
2025-07-17 08:54:44,755 [INFO] PluginManage:359 - Loaded plugin lpbam (category:base,tabindex:0)
2025-07-17 08:54:44,755 [INFO] PluginManage:310 - Check plugin memorymap
2025-07-17 08:54:44,763 [INFO] PluginManage:359 - Loaded plugin memorymap (category:base,tabindex:4)
2025-07-17 08:54:44,763 [INFO] PluginManage:310 - Check plugin pinoutandconfiguration
2025-07-17 08:54:44,769 [INFO] PluginManage:359 - Loaded plugin pinoutandconfiguration (category:base,tabindex:1)
2025-07-17 08:54:44,769 [INFO] PluginManage:310 - Check plugin pinoutconfig
2025-07-17 08:54:44,844 [WARN] SupportedApi:132 - Cannot load RTOS API schema: s4s-elt-must-match.1: The content of 'definitions' must match (annotation?, (simpleType | complexType)?, (unique | key | keyref)*)). A problem was found starting at: attribute.
2025-07-17 08:54:44,940 [INFO] PluginManage:359 - Loaded plugin pinoutconfig (category:base,tabindex:0)
2025-07-17 08:54:44,940 [INFO] PluginManage:310 - Check plugin power
2025-07-17 08:54:44,946 [INFO] PluginManage:359 - Loaded plugin power (category:power,tabindex:4)
2025-07-17 08:54:44,946 [INFO] PluginManage:310 - Check plugin projectmanager
2025-07-17 08:54:44,959 [INFO] PluginManage:359 - Loaded plugin projectmanager (category:projectmanager,tabindex:4)
2025-07-17 08:54:44,959 [INFO] PluginManage:310 - Check plugin rif
2025-07-17 08:54:44,964 [INFO] PluginManage:359 - Loaded plugin rif (category:base,tabindex:3)
2025-07-17 08:54:44,964 [INFO] PluginManage:310 - Check plugin thirdparty
2025-07-17 08:54:45,048 [INFO] PluginManage:359 - Loaded plugin thirdparty (category:base,tabindex:-1)
2025-07-17 08:54:45,048 [WARN] IntegrityCheckThread:84 - waiting for thirdparty lock release [integrity check]
2025-07-17 08:54:45,048 [INFO] IntegrityCheckThread:86 - entering critical section [integrity check]
2025-07-17 08:54:45,048 [INFO] PluginManage:310 - Check plugin tools
2025-07-17 08:54:45,049 [INFO] ThirdPartyUpdaterWithRetryManager:70 - Updater plugin not ready yet. [1/15]
2025-07-17 08:54:45,051 [INFO] PluginManage:359 - Loaded plugin tools (category:base,tabindex:7)
2025-07-17 08:54:45,051 [INFO] PluginManage:310 - Check plugin tutovideos
2025-07-17 08:54:45,168 [INFO] PluginManage:359 - Loaded plugin tutovideos (category:base,tabindex:-1)
2025-07-17 08:54:45,168 [INFO] PluginManage:310 - Check plugin updater
2025-07-17 08:54:45,185 [INFO] PluginManage:359 - Loaded plugin updater (category:base,tabindex:12)
2025-07-17 08:54:45,186 [INFO] PluginManage:310 - Check plugin userauth
2025-07-17 08:54:45,189 [INFO] UserAuth:118 - Init User Auth plugin
2025-07-17 08:54:45,190 [INFO] PluginManage:359 - Loaded plugin userauth (category:base,tabindex:14)
2025-07-17 08:54:45,191 [INFO] PluginManage:283 - PluginManage : Loaded plugins [18]
2025-07-17 08:54:45,356 [INFO] PinOutPanel:1589 - setPackage(No Configuration,No Configuration)
2025-07-17 08:54:45,424 [INFO] CADModel:165 - CPN selected for project level
2025-07-17 08:54:45,425 [INFO] CADModel:114 - Register for checkConnection events
2025-07-17 08:54:45,440 [INFO] IPUIPlugin:80 - create IPUIPlugin
2025-07-17 08:54:45,440 [INFO] PluginManager:220 - loadIPPluginJar : add adc
2025-07-17 08:54:45,442 [INFO] IPUIPlugin:80 - create IPUIPlugin
2025-07-17 08:54:45,443 [INFO] PluginManager:220 - loadIPPluginJar : add aes
2025-07-17 08:54:45,445 [INFO] IPUIPlugin:80 - create IPUIPlugin
2025-07-17 08:54:45,445 [INFO] PluginManager:220 - loadIPPluginJar : add can
2025-07-17 08:54:45,446 [INFO] IPUIPlugin:80 - create IPUIPlugin
2025-07-17 08:54:45,446 [INFO] PluginManager:220 - loadIPPluginJar : add comp
2025-07-17 08:54:45,448 [INFO] IPUIPlugin:80 - create IPUIPlugin
2025-07-17 08:54:45,449 [INFO] PluginManager:220 - loadIPPluginJar : add cryp
2025-07-17 08:54:45,451 [INFO] IPUIPlugin:80 - create IPUIPlugin
2025-07-17 08:54:45,451 [INFO] PluginManager:220 - loadIPPluginJar : add ddr_ctrl_phy
2025-07-17 08:54:45,453 [INFO] IPUIPlugin:80 - create IPUIPlugin
2025-07-17 08:54:45,453 [INFO] PluginManager:220 - loadIPPluginJar : add dfsdm
2025-07-17 08:54:45,457 [INFO] IPUIPlugin:80 - create IPUIPlugin
2025-07-17 08:54:45,459 [INFO] PluginManager:220 - loadIPPluginJar : add dma
2025-07-17 08:54:45,461 [INFO] IPUIPlugin:80 - create IPUIPlugin
2025-07-17 08:54:45,461 [INFO] PluginManager:220 - loadIPPluginJar : add dma3
2025-07-17 08:54:45,464 [INFO] IPUIPlugin:80 - create IPUIPlugin
2025-07-17 08:54:45,464 [INFO] PluginManager:220 - loadIPPluginJar : add extmemmanager
2025-07-17 08:54:45,465 [INFO] IPUIPlugin:80 - create IPUIPlugin
2025-07-17 08:54:45,465 [INFO] PluginManager:220 - loadIPPluginJar : add fatfs
2025-07-17 08:54:45,469 [INFO] IPUIPlugin:80 - create IPUIPlugin
2025-07-17 08:54:45,469 [INFO] PluginManager:220 - loadIPPluginJar : add fmc
2025-07-17 08:54:45,474 [INFO] IPUIPlugin:80 - create IPUIPlugin
2025-07-17 08:54:45,474 [INFO] PluginManager:220 - loadIPPluginJar : add freertos
2025-07-17 08:54:45,475 [INFO] IPUIPlugin:80 - create IPUIPlugin
2025-07-17 08:54:45,475 [INFO] PluginManager:220 - loadIPPluginJar : add genericplugin
2025-07-17 08:54:45,477 [INFO] IPUIPlugin:80 - create IPUIPlugin
2025-07-17 08:54:45,477 [INFO] PluginManager:220 - loadIPPluginJar : add gfxmmu
2025-07-17 08:54:45,481 [INFO] IPUIPlugin:80 - create IPUIPlugin
2025-07-17 08:54:45,481 [INFO] PluginManager:220 - loadIPPluginJar : add gic
2025-07-17 08:54:45,485 [INFO] IPUIPlugin:80 - create IPUIPlugin
2025-07-17 08:54:45,485 [INFO] PluginManager:220 - loadIPPluginJar : add gpio
2025-07-17 08:54:45,488 [INFO] IPUIPlugin:80 - create IPUIPlugin
2025-07-17 08:54:45,488 [INFO] PluginManager:220 - loadIPPluginJar : add gtzc
2025-07-17 08:54:45,490 [INFO] IPUIPlugin:80 - create IPUIPlugin
2025-07-17 08:54:45,490 [INFO] PluginManager:220 - loadIPPluginJar : add hash
2025-07-17 08:54:45,492 [INFO] IPUIPlugin:80 - create IPUIPlugin
2025-07-17 08:54:45,492 [INFO] PluginManager:220 - loadIPPluginJar : add i2c
2025-07-17 08:54:45,494 [INFO] IPUIPlugin:80 - create IPUIPlugin
2025-07-17 08:54:45,494 [INFO] PluginManager:220 - loadIPPluginJar : add i2s
2025-07-17 08:54:45,496 [INFO] IPUIPlugin:80 - create IPUIPlugin
2025-07-17 08:54:45,496 [INFO] PluginManager:220 - loadIPPluginJar : add i3c
2025-07-17 08:54:45,498 [INFO] IPUIPlugin:80 - create IPUIPlugin
2025-07-17 08:54:45,499 [INFO] PluginManager:220 - loadIPPluginJar : add ipddr
2025-07-17 08:54:45,504 [INFO] IPUIPlugin:80 - create IPUIPlugin
2025-07-17 08:54:45,504 [INFO] PluginManager:220 - loadIPPluginJar : add linkedlist
2025-07-17 08:54:45,506 [INFO] IPUIPlugin:80 - create IPUIPlugin
2025-07-17 08:54:45,507 [INFO] PluginManager:220 - loadIPPluginJar : add lorawan
2025-07-17 08:54:45,508 [INFO] IPUIPlugin:80 - create IPUIPlugin
2025-07-17 08:54:45,508 [INFO] PluginManager:220 - loadIPPluginJar : add ltdc
2025-07-17 08:54:45,512 [INFO] IPUIPlugin:80 - create IPUIPlugin
2025-07-17 08:54:45,513 [INFO] PluginManager:220 - loadIPPluginJar : add mdma
2025-07-17 08:54:45,516 [INFO] IPUIPlugin:80 - create IPUIPlugin
2025-07-17 08:54:45,516 [INFO] PluginManager:220 - loadIPPluginJar : add nvic
2025-07-17 08:54:45,518 [INFO] IPUIPlugin:80 - create IPUIPlugin
2025-07-17 08:54:45,518 [INFO] PluginManager:220 - loadIPPluginJar : add opamp
2025-07-17 08:54:45,521 [INFO] IPUIPlugin:80 - create IPUIPlugin
2025-07-17 08:54:45,521 [INFO] PluginManager:220 - loadIPPluginJar : add openamp
2025-07-17 08:54:45,524 [INFO] IPUIPlugin:80 - create IPUIPlugin
2025-07-17 08:54:45,524 [INFO] PluginManager:220 - loadIPPluginJar : add pdm2pcm
2025-07-17 08:54:45,529 [INFO] IPUIPlugin:80 - create IPUIPlugin
2025-07-17 08:54:45,532 [INFO] PluginManager:220 - loadIPPluginJar : add plateformsettings
2025-07-17 08:54:45,533 [INFO] IPUIPlugin:80 - create IPUIPlugin
2025-07-17 08:54:45,533 [INFO] PluginManager:220 - loadIPPluginJar : add quadspi
2025-07-17 08:54:45,535 [INFO] IPUIPlugin:80 - create IPUIPlugin
2025-07-17 08:54:45,536 [INFO] PluginManager:220 - loadIPPluginJar : add radio
2025-07-17 08:54:45,538 [INFO] IPUIPlugin:80 - create IPUIPlugin
2025-07-17 08:54:45,538 [INFO] PluginManager:220 - loadIPPluginJar : add resmgrutility
2025-07-17 08:54:45,541 [INFO] IPUIPlugin:80 - create IPUIPlugin
2025-07-17 08:54:45,541 [INFO] PluginManager:220 - loadIPPluginJar : add sai
2025-07-17 08:54:45,543 [INFO] IPUIPlugin:80 - create IPUIPlugin
2025-07-17 08:54:45,543 [INFO] PluginManager:220 - loadIPPluginJar : add spi
2025-07-17 08:54:45,548 [INFO] IPUIPlugin:80 - create IPUIPlugin
2025-07-17 08:54:45,548 [INFO] PluginManager:220 - loadIPPluginJar : add stm32_wpan
2025-07-17 08:54:45,550 [INFO] IPUIPlugin:80 - create IPUIPlugin
2025-07-17 08:54:45,550 [INFO] PluginManager:220 - loadIPPluginJar : add tim
2025-07-17 08:54:45,553 [INFO] IPUIPlugin:80 - create IPUIPlugin
2025-07-17 08:54:45,553 [INFO] PluginManager:220 - loadIPPluginJar : add touchsensing
2025-07-17 08:54:45,555 [INFO] IPUIPlugin:80 - create IPUIPlugin
2025-07-17 08:54:45,555 [INFO] PluginManager:220 - loadIPPluginJar : add tracer_emb
2025-07-17 08:54:45,557 [INFO] IPUIPlugin:80 - create IPUIPlugin
2025-07-17 08:54:45,557 [INFO] PluginManager:220 - loadIPPluginJar : add ts
2025-07-17 08:54:45,558 [INFO] IPUIPlugin:80 - create IPUIPlugin
2025-07-17 08:54:45,558 [INFO] PluginManager:220 - loadIPPluginJar : add tsc
2025-07-17 08:54:45,560 [INFO] IPUIPlugin:80 - create IPUIPlugin
2025-07-17 08:54:45,560 [INFO] PluginManager:220 - loadIPPluginJar : add ucpd
2025-07-17 08:54:45,562 [INFO] IPUIPlugin:80 - create IPUIPlugin
2025-07-17 08:54:45,562 [INFO] PluginManager:220 - loadIPPluginJar : add usart
2025-07-17 08:54:45,565 [INFO] IPUIPlugin:80 - create IPUIPlugin
2025-07-17 08:54:45,565 [INFO] PluginManager:220 - loadIPPluginJar : add usbx
2025-07-17 08:54:45,692 [FATAL] Updater:351 - Updater called before beeing initialized
2025-07-17 08:54:45,722 [INFO] RulesReader:64 - Compatibility file has been processed (302 Rules)
2025-07-17 08:54:45,732 [INFO] RulesReader:64 - Compatibility file has been processed (302 Rules)
2025-07-17 08:54:45,739 [INFO] CADModel:165 - CPN selected for project level
2025-07-17 08:54:45,739 [INFO] CADModel:114 - Register for checkConnection events
2025-07-17 08:54:45,739 [FATAL] Updater:351 - Updater called before beeing initialized
2025-07-17 08:54:45,739 [ERROR] CADModel:125 - Updater not yet initialized, retry later 
2025-07-17 08:54:45,839 [FATAL] Updater:351 - Updater called before beeing initialized
2025-07-17 08:54:45,840 [INFO] CADModel:165 - CPN selected for project level
2025-07-17 08:54:45,840 [INFO] CADModel:114 - Register for checkConnection events
2025-07-17 08:54:45,840 [FATAL] Updater:351 - Updater called before beeing initialized
2025-07-17 08:54:45,840 [ERROR] CADModel:125 - Updater not yet initialized, retry later 
2025-07-17 08:54:45,843 [FATAL] Updater:351 - Updater called before beeing initialized
2025-07-17 08:54:45,933 [FATAL] Updater:351 - Updater called before beeing initialized
2025-07-17 08:54:45,936 [INFO] DbMcusAds:53 - JSON generation date=Tue Jul 08 13:44:23 IST 2025 (1751962463538)
2025-07-17 08:54:45,937 [FATAL] Updater:351 - Updater called before beeing initialized
2025-07-17 08:54:45,963 [WARN] DetailPanel:346 - Failed to get advertising image, set to default
2025-07-17 08:54:46,181 [FATAL] Updater:351 - Updater called before beeing initialized
2025-07-17 08:54:46,182 [FATAL] Updater:351 - Updater called before beeing initialized
2025-07-17 08:54:46,182 [FATAL] Updater:351 - Updater called before beeing initialized
2025-07-17 08:54:46,182 [WARN] DetailPanel:346 - Failed to get advertising image, set to default
2025-07-17 08:54:46,183 [FATAL] Updater:351 - Updater called before beeing initialized
2025-07-17 08:54:46,215 [ERROR] Updater:1198 - MainUpdater not yet initialized. External WinMGr cannot be set.
2025-07-17 08:54:46,217 [INFO] Updater:1134 - Updater Version found : 6.14.1
2025-07-17 08:54:46,236 [INFO] ApplicationProperties:184 - Using Application install path: C:\ST\STM32CubeIDE_1.18.1\STM32CubeIDE\plugins\com.st.stm32cube.common.mx_6.14.1.202504091515
2025-07-17 08:54:47,810 [ERROR] LogOutputStream:75 - [STDERR_REDIRECT] Jul 17, 2025 8:54:47 AM java.util.prefs.WindowsPreferences <init>
2025-07-17 08:54:47,811 [ERROR] LogOutputStream:75 - [STDERR_REDIRECT] WARNING: Could not open/create prefs root node Software\JavaSoft\Prefs at root 0xffffffff80000002. Windows RegCreateKeyEx(...) returned error code 5.
2025-07-17 08:54:47,811 [ERROR] LogOutputStream:75 - [STDERR_REDIRECT] 
2025-07-17 08:54:47,972 [INFO] MainUpdater:2872 - connection check result : 22
2025-07-17 08:54:47,973 [INFO] MainUpdater:289 - Updater Check For Update Now.
2025-07-17 08:54:47,973 [INFO] MicroXplorer:498 - Change Database Version : DB.6.0.141
2025-07-17 08:54:47,978 [INFO] McuFinderGlobals:63 - Set McuFinder mode to 2 (CubeIDE integrated)
2025-07-17 08:54:47,979 [INFO] UserAuth:171 - activating auth plugin
2025-07-17 08:54:47,981 [INFO] UserAuth:484 - Internet connection configuration mode: 2
2025-07-17 08:54:48,007 [INFO] UserAuth:484 - Internet connection configuration mode: 2
2025-07-17 08:54:48,050 [WARN] MainUpdater:1193 - Updater busy. Cannot search thirdparties
2025-07-17 08:54:48,050 [INFO] ThirdPartyUpdaterWithRetryManager:96 - Updater plugin is busy. [1/15]
2025-07-17 08:54:48,149 [INFO] CheckServerUpdateThread:120 - End of CheckServer Thread
2025-07-17 08:54:51,227 [WARN] PackLoader:240 - Cannot read IP mode file for STMicroelectronics.FP-SNS-MOTENVWB1.1.4.0
2025-07-17 08:54:51,234 [WARN] PackLoader:240 - Cannot read IP mode file for STMicroelectronics.FP-ATR-ASTRA1.2.0.2
2025-07-17 08:54:51,243 [WARN] PackLoader:240 - Cannot read IP mode file for STMicroelectronics.X-CUBE-SMBUS.2.1.0
2025-07-17 08:54:51,247 [WARN] PackLoader:240 - Cannot read IP mode file for STMicroelectronics.X-CUBE-ST60.1.0.0
2025-07-17 08:54:51,271 [WARN] PackLoader:240 - Cannot read IP mode file for STMicroelectronics.X-CUBE-AZRTOS-F7.1.1.0
2025-07-17 08:54:51,299 [WARN] PackLoader:240 - Cannot read IP mode file for Infineon.AIROC-Wi-Fi-Bluetooth-STM32.1.7.0
2025-07-17 08:54:51,324 [WARN] PackLoader:240 - Cannot read IP mode file for STMicroelectronics.X-CUBE-AZRTOS-H7.3.4.0
2025-07-17 08:54:51,332 [WARN] PackLoader:240 - Cannot read IP mode file for STMicroelectronics.X-CUBE-DISPLAY.3.0.0
2025-07-17 08:54:51,342 [WARN] PackLoader:240 - Cannot read IP mode file for STMicroelectronics.X-CUBE-NFC10.1.0.0
2025-07-17 08:54:51,352 [WARN] PackLoader:240 - Cannot read IP mode file for STMicroelectronics.X-CUBE-BLEMGR.4.0.0
2025-07-17 08:54:51,360 [WARN] PackLoader:240 - Cannot read IP mode file for emotas.I-CUBE-CANOPEN.1.3.0
2025-07-17 08:54:51,366 [WARN] ConditionMgr:438 - getConditionDescription Invalid condition id : Cortex-A Device cause : null
2025-07-17 08:54:51,378 [WARN] ConditionMgr:1044 - genDependencies : Invalid condition id : Cortex-A Device cause : null
2025-07-17 08:54:51,378 [WARN] ConditionMgr:1044 - genDependencies : Invalid condition id : Cortex-A Device cause : null
2025-07-17 08:54:51,378 [WARN] ConditionMgr:1044 - genDependencies : Invalid condition id : Cortex-A Device cause : null
2025-07-17 08:54:51,382 [WARN] PackLoader:240 - Cannot read IP mode file for STMicroelectronics.FP-SNS-SMARTAG2.1.2.0
2025-07-17 08:54:51,387 [WARN] PackLoader:240 - Cannot read IP mode file for STMicroelectronics.FP-SNS-FLIGHT1.5.1.0
2025-07-17 08:54:51,397 [INFO] LogOutputStream:77 - [STDOUT_REDIRECT] 1 : Invalid condition id : UX_CORESTACK_Condition cause : null
2025-07-17 08:54:51,398 [INFO] LogOutputStream:77 - [STDOUT_REDIRECT] 1 : Invalid condition id : UX_CORESTACK_Condition cause : null
2025-07-17 08:54:51,399 [INFO] LogOutputStream:77 - [STDOUT_REDIRECT] 1 : Invalid condition id : UX_CORESTACK_Condition cause : null
2025-07-17 08:54:51,400 [INFO] LogOutputStream:77 - [STDOUT_REDIRECT] 1 : Invalid condition id : UX_CORESTACK_Condition cause : null
2025-07-17 08:54:51,401 [INFO] LogOutputStream:77 - [STDOUT_REDIRECT] 1 : Invalid condition id : UX_CORESTACK_Condition cause : null
2025-07-17 08:54:51,404 [WARN] PackLoader:240 - Cannot read IP mode file for STMicroelectronics.X-CUBE-AZRTOS-WL.2.0.0
2025-07-17 08:54:51,410 [WARN] PackLoader:240 - Cannot read IP mode file for STMicroelectronics.FP-SNS-MOTENV1.5.0.0
2025-07-17 08:54:51,419 [WARN] PackLoader:240 - Cannot read IP mode file for WES.I-CUBE-Cesium.1.3.0
2025-07-17 08:54:51,424 [WARN] PackLoader:240 - Cannot read IP mode file for STMicroelectronics.X-CUBE-BLE2.3.3.0
2025-07-17 08:54:51,432 [WARN] PackLoader:240 - Cannot read IP mode file for STMicroelectronics.X-CUBE-NFC9.1.0.0
2025-07-17 08:54:51,438 [WARN] PackLoader:240 - Cannot read IP mode file for wolfSSL.I-CUBE-wolfSSL.5.8.0
2025-07-17 08:54:51,441 [WARN] PackLoader:240 - Cannot read IP mode file for STMicroelectronics.X-CUBE-BLE1.7.1.0
2025-07-17 08:54:51,445 [WARN] PackLoader:240 - Cannot read IP mode file for wolfSSL.I-CUBE-wolfMQTT.1.19.2
2025-07-17 08:54:51,449 [WARN] PackLoader:240 - Cannot read IP mode file for STMicroelectronics.X-CUBE-AI.10.1.0
2025-07-17 08:54:51,469 [WARN] PackLoader:240 - Cannot read IP mode file for STMicroelectronics.X-CUBE-AZRTOS-G0.1.1.0
2025-07-17 08:54:51,478 [WARN] PackLoader:240 - Cannot read IP mode file for STMicroelectronics.X-CUBE-SAFEA1.1.2.2
2025-07-17 08:54:51,484 [WARN] PackLoader:240 - Cannot read IP mode file for STMicroelectronics.X-CUBE-NFC4.3.0.0
2025-07-17 08:54:51,492 [WARN] PackLoader:240 - Cannot read IP mode file for EmbeddedOffice.I-CUBE-FS-RTOS.1.0.1
2025-07-17 08:54:51,497 [WARN] PackLoader:240 - Cannot read IP mode file for STMicroelectronics.X-CUBE-WB05N.2.0.0
2025-07-17 08:54:51,501 [WARN] PackLoader:240 - Cannot read IP mode file for wolfSSL.I-CUBE-wolfTPM.3.8.0
2025-07-17 08:54:51,506 [WARN] PackLoader:240 - Cannot read IP mode file for STMicroelectronics.X-CUBE-TCPP.4.2.0
2025-07-17 08:54:51,511 [WARN] PackLoader:240 - Cannot read IP mode file for RealThread.X-CUBE-RT-Thread_Nano.4.1.1
2025-07-17 08:54:51,515 [WARN] PackLoader:240 - Cannot read IP mode file for STMicroelectronics.FP-ATR-SIGFOX1.3.2.0
2025-07-17 08:54:51,519 [WARN] PackLoader:240 - Cannot read IP mode file for STMicroelectronics.X-CUBE-EEPRMA1.5.1.0
2025-07-17 08:54:51,527 [WARN] PackLoader:240 - Cannot read IP mode file for ITTIA_DB.I-CUBE-ITTIADB.8.9.0
2025-07-17 08:54:51,532 [WARN] PackLoader:240 - Cannot read IP mode file for STMicroelectronics.X-CUBE-ST67W61.1.0.0
2025-07-17 08:54:51,553 [WARN] PackLoader:240 - Cannot read IP mode file for SEGGER.I-CUBE-embOS.1.3.1
2025-07-17 08:54:51,591 [WARN] PackLoader:240 - Cannot read IP mode file for STMicroelectronics.X-CUBE-ALGOBUILD.1.4.0
2025-07-17 08:54:51,622 [WARN] PackLoader:240 - Cannot read IP mode file for STMicroelectronics.X-CUBE-MEMS1.11.3.0
2025-07-17 08:54:51,754 [WARN] PackLoader:240 - Cannot read IP mode file for STMicroelectronics.X-CUBE-PM33A1.1.0.0
2025-07-17 08:54:51,771 [WARN] PackLoader:240 - Cannot read IP mode file for STMicroelectronics.X-CUBE-AZRTOS-F4.1.1.0
2025-07-17 08:54:51,778 [WARN] PackLoader:240 - Cannot read IP mode file for Avnet-IotConnect.X-CUBE-IoTC-DA16k-PMOD.1.0.0
2025-07-17 08:54:51,783 [WARN] PackLoader:240 - Cannot read IP mode file for STMicroelectronics.X-CUBE-ISPU.2.1.0
2025-07-17 08:54:51,791 [WARN] PackLoader:240 - Cannot read IP mode file for STMicroelectronics.X-CUBE-NFC12.1.0.0
2025-07-17 08:54:51,803 [WARN] PackLoader:240 - Cannot read IP mode file for STMicroelectronics.X-CUBE-AZRTOS-L5.2.0.0
2025-07-17 08:54:51,809 [WARN] PackLoader:240 - Cannot read IP mode file for STMicroelectronics.X-CUBE-NFC6.3.1.0
2025-07-17 08:54:51,814 [WARN] PackLoader:240 - Cannot read IP mode file for STMicroelectronics.X-CUBE-FREERTOS.1.3.1
2025-07-17 08:54:51,818 [WARN] PackLoader:240 - Cannot read IP mode file for STMicroelectronics.FP-SNS-STAIOTCFT.1.0.0
2025-07-17 08:54:51,822 [WARN] PackLoader:240 - Cannot read IP mode file for STMicroelectronics.X-CUBE-DPower.1.3.0
2025-07-17 08:54:51,836 [WARN] ConditionMgr:438 - getConditionDescription Invalid condition id : LAN8742 Phy interface Condition cause : null
2025-07-17 08:54:51,837 [WARN] PackLoader:240 - Cannot read IP mode file for STMicroelectronics.X-CUBE-AZRTOS-L4.2.0.0
2025-07-17 08:54:51,838 [WARN] ConditionMgr:1044 - genDependencies : Invalid condition id : LAN8742 Phy interface Condition cause : null
2025-07-17 08:54:51,838 [WARN] ConditionMgr:1044 - genDependencies : Invalid condition id : LAN8742 Phy interface Condition cause : null
2025-07-17 08:54:51,838 [WARN] ConditionMgr:1044 - genDependencies : Invalid condition id : LAN8742 Phy interface Condition cause : null
2025-07-17 08:54:51,843 [WARN] PackLoader:240 - Cannot read IP mode file for STMicroelectronics.X-CUBE-SFXS2LP1.4.0.0
2025-07-17 08:54:51,858 [WARN] PackLoader:240 - Cannot read IP mode file for STMicroelectronics.X-CUBE-AZRTOS-H7.3.3.0
2025-07-17 08:54:51,878 [WARN] ConditionMgr:438 - getConditionDescription Invalid condition id : UX DEVICE CLASS RTOS Condition cause : null
2025-07-17 08:54:51,879 [WARN] ConditionMgr:438 - getConditionDescription Invalid condition id : UX DEVICE CLASS RTOS Condition cause : null
2025-07-17 08:54:51,880 [WARN] PackLoader:240 - Cannot read IP mode file for STMicroelectronics.X-CUBE-AZRTOS-WB.2.0.0
2025-07-17 08:54:51,881 [WARN] ConditionMgr:1044 - genDependencies : Invalid condition id : UX DEVICE CLASS RTOS Condition cause : null
2025-07-17 08:54:51,881 [WARN] ConditionMgr:1044 - genDependencies : Invalid condition id : UX DEVICE CLASS RTOS Condition cause : null
2025-07-17 08:54:51,881 [WARN] ConditionMgr:1044 - genDependencies : Invalid condition id : UX DEVICE CLASS RTOS Condition cause : null
2025-07-17 08:54:51,882 [WARN] ConditionMgr:1044 - genDependencies : Invalid condition id : UX DEVICE CLASS RTOS Condition cause : null
2025-07-17 08:54:51,882 [WARN] ConditionMgr:1044 - genDependencies : Invalid condition id : UX DEVICE CLASS RTOS Condition cause : null
2025-07-17 08:54:51,889 [WARN] PackLoader:240 - Cannot read IP mode file for STMicroelectronics.X-CUBE-GNSS1.7.0.1
2025-07-17 08:54:51,894 [WARN] PackLoader:240 - Cannot read IP mode file for STMicroelectronics.X-CUBE-TOUCHGFX.4.25.0
2025-07-17 08:54:51,900 [WARN] PackLoader:240 - Cannot read IP mode file for STMicroelectronics.FP-SNS-STBOX1.2.0.0
2025-07-17 08:54:51,910 [WARN] PackLoader:240 - Cannot read IP mode file for STMicroelectronics.X-CUBE-SUBG2.5.0.0
2025-07-17 08:54:51,924 [WARN] PackLoader:240 - Cannot read IP mode file for STMicroelectronics.X-CUBE-AZRTOS-H7RS.1.1.0
2025-07-17 08:54:51,929 [WARN] PackLoader:240 - Cannot read IP mode file for Cesanta.I-CUBE-Mongoose.7.13.0
2025-07-17 08:54:51,938 [WARN] PackLoader:240 - Cannot read IP mode file for STMicroelectronics.X-CUBE-AZRTOS-G4.2.0.0
2025-07-17 08:54:51,943 [WARN] PackLoader:240 - Cannot read IP mode file for wolfSSL.I-CUBE-wolfSSH.1.4.20
2025-07-17 08:54:51,946 [WARN] PackLoader:240 - Cannot read IP mode file for STMicroelectronics.X-CUBE-NFC7.2.0.0
2025-07-17 08:54:51,954 [WARN] PackLoader:240 - Cannot read IP mode file for STMicroelectronics.X-CUBE-IPS.3.1.0
2025-07-17 08:54:51,961 [WARN] PackLoader:240 - Cannot read IP mode file for STMicroelectronics.X-CUBE-ALS.1.0.2
2025-07-17 08:54:51,966 [WARN] PackLoader:240 - Cannot read IP mode file for portGmbH.I-Cube-SoM-uGOAL.1.1.0
2025-07-17 08:54:51,973 [WARN] PackLoader:240 - Cannot read IP mode file for STMicroelectronics.X-CUBE-TOF1.3.4.3
2025-07-17 08:54:51,978 [INFO] ThirdParty:978 - Integrity check success = true
2025-07-17 08:54:51,979 [INFO] IntegrityCheckThread:100 - exiting critical section [integrity check]
2025-07-17 08:54:51,979 [INFO] IntegrityCheckThread:103 - End integrity checks thread
2025-07-17 09:08:15,455 [ERROR] ConfigurationRetriever:142 - IOException on connection: sw-center.st.com
2025-07-17 09:08:15,456 [ERROR] ConfigurationRetriever:142 - IOException on connection: sw-center.st.com
2025-07-17 09:08:15,456 [ERROR] ConfigurationRetriever:142 - IOException on connection: sw-center.st.com
2025-07-17 09:08:16,369 [ERROR] LogOutputStream:75 - [STDERR_REDIRECT] 
