2025-07-04 13:50:37,974 [INFO] Activator:176 - 


2025-07-04 13:50:37,975 [INFO] Activator:177 - !SESSION log4j initialized
2025-07-04 13:50:40,576 [INFO] LogOutputStream:77 - [STDOUT_REDIRECT] 
2025-07-04 13:50:42,394 [INFO] ApplicationProperties:184 - Using Application install path: C:\ST\STM32CubeIDE_1.18.1\STM32CubeIDE\plugins\com.st.stm32cube.common.mx_6.14.1.202504091515
2025-07-04 13:50:42,407 [INFO] DbMcusXml:78 - Set database path to: C:\ST\STM32CubeIDE_1.18.1\STM32CubeIDE\plugins\com.st.stm32cube.common.mx_6.14.1.202504091515\\db\/mcu/
2025-07-04 13:50:42,407 [INFO] ApiDb:274 - Set plugin database path to: C:\ST\STM32CubeIDE_1.18.1\STM32CubeIDE\plugins\com.st.stm32cube.common.mx_6.14.1.202504091515\\db\/plugins/boardmanager/
2025-07-04 13:50:42,409 [WARN] ApiDb:259 - Overriding images path with different value:  => C:\ST\STM32CubeIDE_1.18.1\STM32CubeIDE\plugins\com.st.stm32cube.common.mx_6.14.1.202504091515\\db\/plugins/mcufinder/images/
2025-07-04 13:50:42,414 [INFO] ApiDb:250 - Set database path to: C:\Users\Shashank\.stmcufinder\plugins\mcufinder//mcu/
2025-07-04 13:50:42,416 [INFO] DbMcusAds:125 - Set database path to: C:\Users\Shashank\.stmcufinder\plugins\mcufinder//mcu/
2025-07-04 13:50:42,418 [INFO] CrossReferenceDbSqlite:203 - Set database path to: C:\Users\Shashank\.stmcufinder\plugins\mcufinder//mcu/cs/
2025-07-04 13:50:42,515 [INFO] RulesReader:64 - Compatibility file has been processed (302 Rules)
2025-07-04 13:50:42,574 [INFO] DbMcusXml:78 - Set database path to: C:\ST\STM32CubeIDE_1.18.1\STM32CubeIDE\plugins\com.st.stm32cube.common.mx_6.14.1.202504091515\\db\/mcu/
2025-07-04 13:50:42,574 [INFO] ApiDb:274 - Set plugin database path to: C:\ST\STM32CubeIDE_1.18.1\STM32CubeIDE\plugins\com.st.stm32cube.common.mx_6.14.1.202504091515\\db\/plugins/boardmanager/
2025-07-04 13:50:42,574 [INFO] ApiDb:261 - Set plugin images path to: C:\ST\STM32CubeIDE_1.18.1\STM32CubeIDE\plugins\com.st.stm32cube.common.mx_6.14.1.202504091515\\db\/plugins/mcufinder/images/
2025-07-04 13:50:42,574 [WARN] DbFile:41 - Overriding database path with different value: C:\Users\Shashank\.stmcufinder\plugins\mcufinder/ => C:\Users\Shashank\.stmcufinder\plugins\mcufinder
2025-07-04 13:50:42,574 [INFO] ApiDb:250 - Set database path to: C:\Users\Shashank\.stmcufinder\plugins\mcufinder//mcu/
2025-07-04 13:50:42,574 [WARN] DbFile:41 - Overriding database path with different value: C:\Users\Shashank\.stmcufinder\plugins\mcufinder/ => C:\Users\Shashank\.stmcufinder\plugins\mcufinder
2025-07-04 13:50:42,574 [INFO] DbMcusAds:125 - Set database path to: C:\Users\Shashank\.stmcufinder\plugins\mcufinder//mcu/
2025-07-04 13:50:42,574 [WARN] DbFile:41 - Overriding database path with different value: C:\Users\Shashank\.stmcufinder\plugins\mcufinder/ => C:\Users\Shashank\.stmcufinder\plugins\mcufinder
2025-07-04 13:50:42,574 [WARN] DbFile:41 - Overriding database path with different value: C:\Users\Shashank\.stmcufinder\plugins\mcufinder/ => C:\Users\Shashank\.stmcufinder\plugins\mcufinder
2025-07-04 13:50:42,574 [INFO] CrossReferenceDbSqlite:203 - Set database path to: C:\Users\Shashank\.stmcufinder\plugins\mcufinder//mcu/cs/
2025-07-04 13:50:42,631 [INFO] MainPanel:272 - HeapMemory: 268435456
2025-07-04 13:50:42,699 [INFO] DbMcusXml:78 - Set database path to: C:\ST\STM32CubeIDE_1.18.1\STM32CubeIDE\plugins\com.st.stm32cube.common.mx_6.14.1.202504091515\\db\/mcu/
2025-07-04 13:50:42,699 [INFO] ApiDb:274 - Set plugin database path to: C:\ST\STM32CubeIDE_1.18.1\STM32CubeIDE\plugins\com.st.stm32cube.common.mx_6.14.1.202504091515\\db\/plugins/boardmanager/
2025-07-04 13:50:42,700 [INFO] ApiDb:261 - Set plugin images path to: C:\ST\STM32CubeIDE_1.18.1\STM32CubeIDE\plugins\com.st.stm32cube.common.mx_6.14.1.202504091515\\db\/plugins/mcufinder/images/
2025-07-04 13:50:42,700 [WARN] DbFile:41 - Overriding database path with different value: C:\Users\Shashank\.stmcufinder\plugins\mcufinder/ => C:\Users\Shashank\.stmcufinder\plugins\mcufinder
2025-07-04 13:50:42,700 [INFO] ApiDb:250 - Set database path to: C:\Users\Shashank\.stmcufinder\plugins\mcufinder//mcu/
2025-07-04 13:50:42,700 [WARN] DbFile:41 - Overriding database path with different value: C:\Users\Shashank\.stmcufinder\plugins\mcufinder/ => C:\Users\Shashank\.stmcufinder\plugins\mcufinder
2025-07-04 13:50:42,700 [INFO] DbMcusAds:125 - Set database path to: C:\Users\Shashank\.stmcufinder\plugins\mcufinder//mcu/
2025-07-04 13:50:42,700 [WARN] DbFile:41 - Overriding database path with different value: C:\Users\Shashank\.stmcufinder\plugins\mcufinder/ => C:\Users\Shashank\.stmcufinder\plugins\mcufinder
2025-07-04 13:50:42,700 [WARN] DbFile:41 - Overriding database path with different value: C:\Users\Shashank\.stmcufinder\plugins\mcufinder/ => C:\Users\Shashank\.stmcufinder\plugins\mcufinder
2025-07-04 13:50:42,700 [INFO] CrossReferenceDbSqlite:203 - Set database path to: C:\Users\Shashank\.stmcufinder\plugins\mcufinder//mcu/cs/
2025-07-04 13:50:42,716 [INFO] ApplicationProperties:184 - Using Application install path: C:\ST\STM32CubeIDE_1.18.1\STM32CubeIDE\plugins\com.st.stm32cube.common.mx_6.14.1.202504091515
2025-07-04 13:50:42,717 [INFO] PluginManage:196 - Search for loadable plugins [exclusion list=, ]
2025-07-04 13:50:42,719 [INFO] PluginManage:310 - Check plugin analytics
2025-07-04 13:50:42,876 [INFO] AnalyticsPlugin:253 - Accepted Software Licenses: 
2025-07-04 13:50:42,877 [INFO] AnalyticsPlugin:255 - Accepted CMSIS Pack Licenses: 
2025-07-04 13:50:42,877 [INFO] AnalyticsPlugin:257 - Accepted Firmware Licenses: 
2025-07-04 13:50:42,879 [INFO] PluginManage:359 - Loaded plugin analytics (category:tool,tabindex:-1)
2025-07-04 13:50:42,879 [INFO] PluginManage:310 - Check plugin cadmodel
2025-07-04 13:50:42,883 [INFO] CADModel:105 - Init CAD model plugin
2025-07-04 13:50:42,883 [INFO] PluginManage:359 - Loaded plugin cadmodel (category:power,tabindex:5)
2025-07-04 13:50:42,883 [INFO] PluginManage:310 - Check plugin clock
2025-07-04 13:50:42,892 [INFO] PluginManage:359 - Loaded plugin clock (category:base,tabindex:2)
2025-07-04 13:50:42,892 [INFO] PluginManage:310 - Check plugin ddr
2025-07-04 13:50:42,893 [INFO] PluginManage:359 - Loaded plugin ddr (category:tool,tabindex:6)
2025-07-04 13:50:42,894 [INFO] PluginManage:310 - Check plugin filemanager
2025-07-04 13:50:43,048 [INFO] PluginManage:359 - Loaded plugin filemanager (category:base,tabindex:10)
2025-07-04 13:50:43,049 [INFO] PluginManage:310 - Check plugin ipmanager
2025-07-04 13:50:43,056 [INFO] PluginManage:359 - Loaded plugin ipmanager (category:base,tabindex:5)
2025-07-04 13:50:43,057 [INFO] PluginManage:310 - Check plugin lpbam
2025-07-04 13:50:43,064 [INFO] PluginManage:359 - Loaded plugin lpbam (category:base,tabindex:0)
2025-07-04 13:50:43,064 [INFO] PluginManage:310 - Check plugin memorymap
2025-07-04 13:50:43,075 [INFO] PluginManage:359 - Loaded plugin memorymap (category:base,tabindex:4)
2025-07-04 13:50:43,075 [INFO] PluginManage:310 - Check plugin pinoutandconfiguration
2025-07-04 13:50:43,082 [INFO] PluginManage:359 - Loaded plugin pinoutandconfiguration (category:base,tabindex:1)
2025-07-04 13:50:43,083 [INFO] PluginManage:310 - Check plugin pinoutconfig
2025-07-04 13:50:43,151 [WARN] SupportedApi:132 - Cannot load RTOS API schema: s4s-elt-must-match.1: The content of 'definitions' must match (annotation?, (simpleType | complexType)?, (unique | key | keyref)*)). A problem was found starting at: attribute.
2025-07-04 13:50:43,234 [INFO] PluginManage:359 - Loaded plugin pinoutconfig (category:base,tabindex:0)
2025-07-04 13:50:43,235 [INFO] PluginManage:310 - Check plugin power
2025-07-04 13:50:43,240 [INFO] PluginManage:359 - Loaded plugin power (category:power,tabindex:4)
2025-07-04 13:50:43,240 [INFO] PluginManage:310 - Check plugin projectmanager
2025-07-04 13:50:43,251 [INFO] PluginManage:359 - Loaded plugin projectmanager (category:projectmanager,tabindex:4)
2025-07-04 13:50:43,251 [INFO] PluginManage:310 - Check plugin rif
2025-07-04 13:50:43,255 [INFO] PluginManage:359 - Loaded plugin rif (category:base,tabindex:3)
2025-07-04 13:50:43,255 [INFO] PluginManage:310 - Check plugin thirdparty
2025-07-04 13:50:43,341 [INFO] PluginManage:359 - Loaded plugin thirdparty (category:base,tabindex:-1)
2025-07-04 13:50:43,341 [WARN] IntegrityCheckThread:84 - waiting for thirdparty lock release [integrity check]
2025-07-04 13:50:43,341 [INFO] PluginManage:310 - Check plugin tools
2025-07-04 13:50:43,341 [INFO] IntegrityCheckThread:86 - entering critical section [integrity check]
2025-07-04 13:50:43,341 [INFO] ThirdPartyUpdaterWithRetryManager:70 - Updater plugin not ready yet. [1/15]
2025-07-04 13:50:43,343 [INFO] PluginManage:359 - Loaded plugin tools (category:base,tabindex:7)
2025-07-04 13:50:43,343 [INFO] PluginManage:310 - Check plugin tutovideos
2025-07-04 13:50:43,453 [INFO] PluginManage:359 - Loaded plugin tutovideos (category:base,tabindex:-1)
2025-07-04 13:50:43,453 [INFO] PluginManage:310 - Check plugin updater
2025-07-04 13:50:43,469 [INFO] PluginManage:359 - Loaded plugin updater (category:base,tabindex:12)
2025-07-04 13:50:43,469 [INFO] PluginManage:310 - Check plugin userauth
2025-07-04 13:50:43,472 [INFO] UserAuth:118 - Init User Auth plugin
2025-07-04 13:50:43,473 [INFO] PluginManage:359 - Loaded plugin userauth (category:base,tabindex:14)
2025-07-04 13:50:43,473 [INFO] PluginManage:283 - PluginManage : Loaded plugins [18]
2025-07-04 13:50:43,646 [INFO] PinOutPanel:1589 - setPackage(No Configuration,No Configuration)
2025-07-04 13:50:43,705 [INFO] CADModel:165 - CPN selected for project level
2025-07-04 13:50:43,706 [INFO] CADModel:114 - Register for checkConnection events
2025-07-04 13:50:43,716 [INFO] IPUIPlugin:80 - create IPUIPlugin
2025-07-04 13:50:43,716 [INFO] PluginManager:220 - loadIPPluginJar : add adc
2025-07-04 13:50:43,717 [INFO] IPUIPlugin:80 - create IPUIPlugin
2025-07-04 13:50:43,717 [INFO] PluginManager:220 - loadIPPluginJar : add aes
2025-07-04 13:50:43,719 [INFO] IPUIPlugin:80 - create IPUIPlugin
2025-07-04 13:50:43,719 [INFO] PluginManager:220 - loadIPPluginJar : add can
2025-07-04 13:50:43,720 [INFO] IPUIPlugin:80 - create IPUIPlugin
2025-07-04 13:50:43,721 [INFO] PluginManager:220 - loadIPPluginJar : add comp
2025-07-04 13:50:43,722 [INFO] IPUIPlugin:80 - create IPUIPlugin
2025-07-04 13:50:43,722 [INFO] PluginManager:220 - loadIPPluginJar : add cryp
2025-07-04 13:50:43,724 [INFO] IPUIPlugin:80 - create IPUIPlugin
2025-07-04 13:50:43,724 [INFO] PluginManager:220 - loadIPPluginJar : add ddr_ctrl_phy
2025-07-04 13:50:43,725 [INFO] IPUIPlugin:80 - create IPUIPlugin
2025-07-04 13:50:43,726 [INFO] PluginManager:220 - loadIPPluginJar : add dfsdm
2025-07-04 13:50:43,729 [INFO] IPUIPlugin:80 - create IPUIPlugin
2025-07-04 13:50:43,729 [INFO] PluginManager:220 - loadIPPluginJar : add dma
2025-07-04 13:50:43,730 [INFO] IPUIPlugin:80 - create IPUIPlugin
2025-07-04 13:50:43,731 [INFO] PluginManager:220 - loadIPPluginJar : add dma3
2025-07-04 13:50:43,732 [INFO] IPUIPlugin:80 - create IPUIPlugin
2025-07-04 13:50:43,733 [INFO] PluginManager:220 - loadIPPluginJar : add extmemmanager
2025-07-04 13:50:43,733 [INFO] IPUIPlugin:80 - create IPUIPlugin
2025-07-04 13:50:43,734 [INFO] PluginManager:220 - loadIPPluginJar : add fatfs
2025-07-04 13:50:43,736 [INFO] IPUIPlugin:80 - create IPUIPlugin
2025-07-04 13:50:43,737 [INFO] PluginManager:220 - loadIPPluginJar : add fmc
2025-07-04 13:50:43,740 [INFO] IPUIPlugin:80 - create IPUIPlugin
2025-07-04 13:50:43,740 [INFO] PluginManager:220 - loadIPPluginJar : add freertos
2025-07-04 13:50:43,741 [INFO] IPUIPlugin:80 - create IPUIPlugin
2025-07-04 13:50:43,741 [INFO] PluginManager:220 - loadIPPluginJar : add genericplugin
2025-07-04 13:50:43,742 [INFO] IPUIPlugin:80 - create IPUIPlugin
2025-07-04 13:50:43,742 [INFO] PluginManager:220 - loadIPPluginJar : add gfxmmu
2025-07-04 13:50:43,745 [INFO] IPUIPlugin:80 - create IPUIPlugin
2025-07-04 13:50:43,745 [INFO] PluginManager:220 - loadIPPluginJar : add gic
2025-07-04 13:50:43,747 [INFO] IPUIPlugin:80 - create IPUIPlugin
2025-07-04 13:50:43,747 [INFO] PluginManager:220 - loadIPPluginJar : add gpio
2025-07-04 13:50:43,749 [INFO] IPUIPlugin:80 - create IPUIPlugin
2025-07-04 13:50:43,749 [INFO] PluginManager:220 - loadIPPluginJar : add gtzc
2025-07-04 13:50:43,750 [INFO] IPUIPlugin:80 - create IPUIPlugin
2025-07-04 13:50:43,750 [INFO] PluginManager:220 - loadIPPluginJar : add hash
2025-07-04 13:50:43,752 [INFO] IPUIPlugin:80 - create IPUIPlugin
2025-07-04 13:50:43,752 [INFO] PluginManager:220 - loadIPPluginJar : add i2c
2025-07-04 13:50:43,754 [INFO] IPUIPlugin:80 - create IPUIPlugin
2025-07-04 13:50:43,754 [INFO] PluginManager:220 - loadIPPluginJar : add i2s
2025-07-04 13:50:43,756 [INFO] IPUIPlugin:80 - create IPUIPlugin
2025-07-04 13:50:43,756 [INFO] PluginManager:220 - loadIPPluginJar : add i3c
2025-07-04 13:50:43,758 [INFO] IPUIPlugin:80 - create IPUIPlugin
2025-07-04 13:50:43,758 [INFO] PluginManager:220 - loadIPPluginJar : add ipddr
2025-07-04 13:50:43,762 [INFO] IPUIPlugin:80 - create IPUIPlugin
2025-07-04 13:50:43,763 [INFO] PluginManager:220 - loadIPPluginJar : add linkedlist
2025-07-04 13:50:43,764 [INFO] IPUIPlugin:80 - create IPUIPlugin
2025-07-04 13:50:43,765 [INFO] PluginManager:220 - loadIPPluginJar : add lorawan
2025-07-04 13:50:43,765 [INFO] IPUIPlugin:80 - create IPUIPlugin
2025-07-04 13:50:43,765 [INFO] PluginManager:220 - loadIPPluginJar : add ltdc
2025-07-04 13:50:43,769 [INFO] IPUIPlugin:80 - create IPUIPlugin
2025-07-04 13:50:43,769 [INFO] PluginManager:220 - loadIPPluginJar : add mdma
2025-07-04 13:50:43,771 [INFO] IPUIPlugin:80 - create IPUIPlugin
2025-07-04 13:50:43,772 [INFO] PluginManager:220 - loadIPPluginJar : add nvic
2025-07-04 13:50:43,774 [INFO] IPUIPlugin:80 - create IPUIPlugin
2025-07-04 13:50:43,774 [INFO] PluginManager:220 - loadIPPluginJar : add opamp
2025-07-04 13:50:43,776 [INFO] IPUIPlugin:80 - create IPUIPlugin
2025-07-04 13:50:43,776 [INFO] PluginManager:220 - loadIPPluginJar : add openamp
2025-07-04 13:50:43,778 [INFO] IPUIPlugin:80 - create IPUIPlugin
2025-07-04 13:50:43,778 [INFO] PluginManager:220 - loadIPPluginJar : add pdm2pcm
2025-07-04 13:50:43,782 [INFO] IPUIPlugin:80 - create IPUIPlugin
2025-07-04 13:50:43,784 [INFO] PluginManager:220 - loadIPPluginJar : add plateformsettings
2025-07-04 13:50:43,785 [INFO] IPUIPlugin:80 - create IPUIPlugin
2025-07-04 13:50:43,785 [INFO] PluginManager:220 - loadIPPluginJar : add quadspi
2025-07-04 13:50:43,787 [INFO] IPUIPlugin:80 - create IPUIPlugin
2025-07-04 13:50:43,787 [INFO] PluginManager:220 - loadIPPluginJar : add radio
2025-07-04 13:50:43,789 [INFO] IPUIPlugin:80 - create IPUIPlugin
2025-07-04 13:50:43,789 [INFO] PluginManager:220 - loadIPPluginJar : add resmgrutility
2025-07-04 13:50:43,791 [INFO] IPUIPlugin:80 - create IPUIPlugin
2025-07-04 13:50:43,791 [INFO] PluginManager:220 - loadIPPluginJar : add sai
2025-07-04 13:50:43,793 [INFO] IPUIPlugin:80 - create IPUIPlugin
2025-07-04 13:50:43,793 [INFO] PluginManager:220 - loadIPPluginJar : add spi
2025-07-04 13:50:43,796 [INFO] IPUIPlugin:80 - create IPUIPlugin
2025-07-04 13:50:43,796 [INFO] PluginManager:220 - loadIPPluginJar : add stm32_wpan
2025-07-04 13:50:43,798 [INFO] IPUIPlugin:80 - create IPUIPlugin
2025-07-04 13:50:43,798 [INFO] PluginManager:220 - loadIPPluginJar : add tim
2025-07-04 13:50:43,800 [INFO] IPUIPlugin:80 - create IPUIPlugin
2025-07-04 13:50:43,800 [INFO] PluginManager:220 - loadIPPluginJar : add touchsensing
2025-07-04 13:50:43,801 [INFO] IPUIPlugin:80 - create IPUIPlugin
2025-07-04 13:50:43,802 [INFO] PluginManager:220 - loadIPPluginJar : add tracer_emb
2025-07-04 13:50:43,803 [INFO] IPUIPlugin:80 - create IPUIPlugin
2025-07-04 13:50:43,803 [INFO] PluginManager:220 - loadIPPluginJar : add ts
2025-07-04 13:50:43,804 [INFO] IPUIPlugin:80 - create IPUIPlugin
2025-07-04 13:50:43,804 [INFO] PluginManager:220 - loadIPPluginJar : add tsc
2025-07-04 13:50:43,805 [INFO] IPUIPlugin:80 - create IPUIPlugin
2025-07-04 13:50:43,805 [INFO] PluginManager:220 - loadIPPluginJar : add ucpd
2025-07-04 13:50:43,807 [INFO] IPUIPlugin:80 - create IPUIPlugin
2025-07-04 13:50:43,807 [INFO] PluginManager:220 - loadIPPluginJar : add usart
2025-07-04 13:50:43,808 [INFO] IPUIPlugin:80 - create IPUIPlugin
2025-07-04 13:50:43,809 [INFO] PluginManager:220 - loadIPPluginJar : add usbx
2025-07-04 13:50:43,921 [FATAL] Updater:351 - Updater called before beeing initialized
2025-07-04 13:50:43,940 [INFO] RulesReader:64 - Compatibility file has been processed (302 Rules)
2025-07-04 13:50:43,948 [INFO] RulesReader:64 - Compatibility file has been processed (302 Rules)
2025-07-04 13:50:43,953 [INFO] CADModel:165 - CPN selected for project level
2025-07-04 13:50:43,954 [INFO] CADModel:114 - Register for checkConnection events
2025-07-04 13:50:43,954 [FATAL] Updater:351 - Updater called before beeing initialized
2025-07-04 13:50:43,954 [ERROR] CADModel:125 - Updater not yet initialized, retry later 
2025-07-04 13:50:44,051 [FATAL] Updater:351 - Updater called before beeing initialized
2025-07-04 13:50:44,052 [INFO] CADModel:165 - CPN selected for project level
2025-07-04 13:50:44,052 [INFO] CADModel:114 - Register for checkConnection events
2025-07-04 13:50:44,052 [FATAL] Updater:351 - Updater called before beeing initialized
2025-07-04 13:50:44,052 [ERROR] CADModel:125 - Updater not yet initialized, retry later 
2025-07-04 13:50:44,054 [FATAL] Updater:351 - Updater called before beeing initialized
2025-07-04 13:50:44,140 [FATAL] Updater:351 - Updater called before beeing initialized
2025-07-04 13:50:44,143 [INFO] DbMcusAds:53 - JSON generation date=Thu Sep 30 12:25:09 IST 2021 (1632984909247)
2025-07-04 13:50:44,144 [FATAL] Updater:351 - Updater called before beeing initialized
2025-07-04 13:50:44,169 [WARN] DetailPanel:346 - Failed to get advertising image, set to default
2025-07-04 13:50:44,378 [FATAL] Updater:351 - Updater called before beeing initialized
2025-07-04 13:50:44,382 [FATAL] Updater:351 - Updater called before beeing initialized
2025-07-04 13:50:44,382 [FATAL] Updater:351 - Updater called before beeing initialized
2025-07-04 13:50:44,382 [WARN] DetailPanel:346 - Failed to get advertising image, set to default
2025-07-04 13:50:44,383 [FATAL] Updater:351 - Updater called before beeing initialized
2025-07-04 13:50:44,421 [ERROR] Updater:1198 - MainUpdater not yet initialized. External WinMGr cannot be set.
2025-07-04 13:50:44,423 [INFO] Updater:1134 - Updater Version found : 6.14.1
2025-07-04 13:50:44,435 [INFO] ApplicationProperties:184 - Using Application install path: C:\ST\STM32CubeIDE_1.18.1\STM32CubeIDE\plugins\com.st.stm32cube.common.mx_6.14.1.202504091515
2025-07-04 13:50:46,006 [ERROR] LogOutputStream:75 - [STDERR_REDIRECT] Jul 04, 2025 1:50:46 PM java.util.prefs.WindowsPreferences <init>
2025-07-04 13:50:46,007 [ERROR] LogOutputStream:75 - [STDERR_REDIRECT] WARNING: Could not open/create prefs root node Software\JavaSoft\Prefs at root 0xffffffff80000002. Windows RegCreateKeyEx(...) returned error code 5.
2025-07-04 13:50:46,007 [ERROR] LogOutputStream:75 - [STDERR_REDIRECT] 
2025-07-04 13:50:46,342 [INFO] ThirdPartyUpdaterWithRetryManager:70 - Updater plugin not ready yet. [2/15]
2025-07-04 13:50:46,395 [INFO] MainUpdater:2872 - connection check result : 10
2025-07-04 13:50:46,395 [INFO] MainUpdater:289 - Updater Check For Update Now.
2025-07-04 13:50:46,395 [INFO] MicroXplorer:498 - Change Database Version : DB.6.0.141
2025-07-04 13:50:46,399 [INFO] McuFinderGlobals:63 - Set McuFinder mode to 2 (CubeIDE integrated)
2025-07-04 13:50:46,400 [INFO] UserAuth:171 - activating auth plugin
2025-07-04 13:50:46,405 [INFO] UserAuth:484 - Internet connection configuration mode: 1
2025-07-04 13:50:46,421 [INFO] JxBrowserEngine:152 - Initiate JxBrowser Engine with user profile folder
2025-07-04 13:50:46,574 [INFO] CheckServerUpdateThread:120 - End of CheckServer Thread
2025-07-04 13:50:46,957 [INFO] WebApp:169 - Instantiating new browser for Auth
2025-07-04 13:50:47,570 [INFO] WebApp:463 - Apply proxy settings
2025-07-04 13:50:47,570 [INFO] WebApp:548 - Chromium requires no authentication
2025-07-04 13:50:47,577 [INFO] WebApp:491 - Direct internet connection detected
2025-07-04 13:50:47,598 [INFO] WebApp:894 - Register for checkConnection events
2025-07-04 13:50:47,598 [INFO] WebApp:463 - Apply proxy settings
2025-07-04 13:50:47,598 [INFO] WebApp:548 - Chromium requires no authentication
2025-07-04 13:50:47,598 [INFO] WebApp:491 - Direct internet connection detected
2025-07-04 13:50:47,722 [INFO] WebApp:225 - Starting web application
2025-07-04 13:50:47,722 [INFO] WebApp:593 - Web application path used C:\ST\STM32CubeIDE_1.18.1\STM32CubeIDE\plugins\com.st.stm32cube.common.mx_6.14.1.202504091515\db\plugins\mcufinder\reactClient1\index.html
2025-07-04 13:50:48,273 [INFO] WebApp:191 - Connection restablished
2025-07-04 13:50:49,634 [WARN] PackLoader:240 - Cannot read IP mode file for STMicroelectronics.FP-SNS-MOTENVWB1.1.4.0
2025-07-04 13:50:49,646 [WARN] PackLoader:240 - Cannot read IP mode file for STMicroelectronics.FP-ATR-ASTRA1.2.0.2
2025-07-04 13:50:49,657 [WARN] PackLoader:240 - Cannot read IP mode file for STMicroelectronics.X-CUBE-SMBUS.2.1.0
2025-07-04 13:50:49,664 [WARN] PackLoader:240 - Cannot read IP mode file for STMicroelectronics.X-CUBE-ST60.1.0.0
2025-07-04 13:50:49,721 [WARN] PackLoader:240 - Cannot read IP mode file for STMicroelectronics.X-CUBE-AZRTOS-F7.1.1.0
2025-07-04 13:50:49,773 [WARN] PackLoader:240 - Cannot read IP mode file for Infineon.AIROC-Wi-Fi-Bluetooth-STM32.1.7.0
2025-07-04 13:50:49,795 [WARN] PackLoader:240 - Cannot read IP mode file for STMicroelectronics.X-CUBE-DISPLAY.3.0.0
2025-07-04 13:50:49,814 [WARN] PackLoader:240 - Cannot read IP mode file for STMicroelectronics.X-CUBE-NFC10.1.0.0
2025-07-04 13:50:49,831 [WARN] PackLoader:240 - Cannot read IP mode file for STMicroelectronics.X-CUBE-BLEMGR.4.0.0
2025-07-04 13:50:49,843 [WARN] PackLoader:240 - Cannot read IP mode file for emotas.I-CUBE-CANOPEN.1.3.0
2025-07-04 13:50:49,851 [WARN] ConditionMgr:438 - getConditionDescription Invalid condition id : Cortex-A Device cause : null
2025-07-04 13:50:49,867 [WARN] ConditionMgr:1044 - genDependencies : Invalid condition id : Cortex-A Device cause : null
2025-07-04 13:50:49,867 [WARN] ConditionMgr:1044 - genDependencies : Invalid condition id : Cortex-A Device cause : null
2025-07-04 13:50:49,868 [WARN] ConditionMgr:1044 - genDependencies : Invalid condition id : Cortex-A Device cause : null
2025-07-04 13:50:49,875 [WARN] PackLoader:240 - Cannot read IP mode file for STMicroelectronics.FP-SNS-SMARTAG2.1.2.0
2025-07-04 13:50:49,880 [WARN] PackLoader:240 - Cannot read IP mode file for STMicroelectronics.FP-SNS-FLIGHT1.5.1.0
2025-07-04 13:50:49,893 [INFO] LogOutputStream:77 - [STDOUT_REDIRECT] 1 : Invalid condition id : UX_CORESTACK_Condition cause : null
2025-07-04 13:50:49,894 [INFO] LogOutputStream:77 - [STDOUT_REDIRECT] 1 : Invalid condition id : UX_CORESTACK_Condition cause : null
2025-07-04 13:50:49,895 [INFO] LogOutputStream:77 - [STDOUT_REDIRECT] 1 : Invalid condition id : UX_CORESTACK_Condition cause : null
2025-07-04 13:50:49,896 [INFO] LogOutputStream:77 - [STDOUT_REDIRECT] 1 : Invalid condition id : UX_CORESTACK_Condition cause : null
2025-07-04 13:50:49,898 [INFO] LogOutputStream:77 - [STDOUT_REDIRECT] 1 : Invalid condition id : UX_CORESTACK_Condition cause : null
2025-07-04 13:50:49,902 [WARN] PackLoader:240 - Cannot read IP mode file for STMicroelectronics.X-CUBE-AZRTOS-WL.2.0.0
2025-07-04 13:50:49,909 [WARN] PackLoader:240 - Cannot read IP mode file for STMicroelectronics.FP-SNS-MOTENV1.5.0.0
2025-07-04 13:50:49,922 [WARN] PackLoader:240 - Cannot read IP mode file for WES.I-CUBE-Cesium.1.3.0
2025-07-04 13:50:49,929 [WARN] PackLoader:240 - Cannot read IP mode file for STMicroelectronics.X-CUBE-BLE2.3.3.0
2025-07-04 13:50:49,938 [WARN] PackLoader:240 - Cannot read IP mode file for STMicroelectronics.X-CUBE-NFC9.1.0.0
2025-07-04 13:50:49,958 [WARN] PackLoader:240 - Cannot read IP mode file for wolfSSL.I-CUBE-wolfSSL.5.8.0
2025-07-04 13:50:49,964 [WARN] PackLoader:240 - Cannot read IP mode file for STMicroelectronics.X-CUBE-BLE1.7.1.0
2025-07-04 13:50:49,970 [WARN] PackLoader:240 - Cannot read IP mode file for wolfSSL.I-CUBE-wolfMQTT.1.19.2
2025-07-04 13:50:49,976 [WARN] PackLoader:240 - Cannot read IP mode file for STMicroelectronics.X-CUBE-AI.10.1.0
2025-07-04 13:50:49,995 [WARN] PackLoader:240 - Cannot read IP mode file for STMicroelectronics.X-CUBE-AZRTOS-G0.1.1.0
2025-07-04 13:50:50,005 [WARN] PackLoader:240 - Cannot read IP mode file for STMicroelectronics.X-CUBE-SAFEA1.1.2.2
2025-07-04 13:50:50,014 [WARN] PackLoader:240 - Cannot read IP mode file for STMicroelectronics.X-CUBE-NFC4.3.0.0
2025-07-04 13:50:50,028 [WARN] PackLoader:240 - Cannot read IP mode file for EmbeddedOffice.I-CUBE-FS-RTOS.1.0.1
2025-07-04 13:50:50,037 [WARN] PackLoader:240 - Cannot read IP mode file for STMicroelectronics.X-CUBE-WB05N.2.0.0
2025-07-04 13:50:50,043 [WARN] PackLoader:240 - Cannot read IP mode file for wolfSSL.I-CUBE-wolfTPM.3.8.0
2025-07-04 13:50:50,051 [WARN] PackLoader:240 - Cannot read IP mode file for STMicroelectronics.X-CUBE-TCPP.4.2.0
2025-07-04 13:50:50,061 [WARN] PackLoader:240 - Cannot read IP mode file for RealThread.X-CUBE-RT-Thread_Nano.4.1.1
2025-07-04 13:50:50,068 [WARN] PackLoader:240 - Cannot read IP mode file for STMicroelectronics.FP-ATR-SIGFOX1.3.2.0
2025-07-04 13:50:50,074 [WARN] PackLoader:240 - Cannot read IP mode file for STMicroelectronics.X-CUBE-EEPRMA1.5.1.0
2025-07-04 13:50:50,082 [WARN] PackLoader:240 - Cannot read IP mode file for ITTIA_DB.I-CUBE-ITTIADB.8.9.0
2025-07-04 13:50:50,090 [WARN] PackLoader:240 - Cannot read IP mode file for STMicroelectronics.X-CUBE-ST67W61.1.0.0
2025-07-04 13:50:50,122 [WARN] PackLoader:240 - Cannot read IP mode file for SEGGER.I-CUBE-embOS.1.3.1
2025-07-04 13:50:50,162 [WARN] PackLoader:240 - Cannot read IP mode file for STMicroelectronics.X-CUBE-ALGOBUILD.1.4.0
2025-07-04 13:50:50,212 [WARN] PackLoader:240 - Cannot read IP mode file for STMicroelectronics.X-CUBE-MEMS1.11.3.0
2025-07-04 13:50:50,389 [WARN] PackLoader:240 - Cannot read IP mode file for STMicroelectronics.X-CUBE-PM33A1.1.0.0
2025-07-04 13:50:50,408 [WARN] PackLoader:240 - Cannot read IP mode file for STMicroelectronics.X-CUBE-AZRTOS-F4.1.1.0
2025-07-04 13:50:50,416 [WARN] PackLoader:240 - Cannot read IP mode file for Avnet-IotConnect.X-CUBE-IoTC-DA16k-PMOD.1.0.0
2025-07-04 13:50:50,424 [WARN] PackLoader:240 - Cannot read IP mode file for STMicroelectronics.X-CUBE-ISPU.2.1.0
2025-07-04 13:50:50,438 [WARN] PackLoader:240 - Cannot read IP mode file for STMicroelectronics.X-CUBE-AZRTOS-L5.2.0.0
2025-07-04 13:50:50,444 [WARN] PackLoader:240 - Cannot read IP mode file for STMicroelectronics.X-CUBE-NFC6.3.1.0
2025-07-04 13:50:50,451 [WARN] PackLoader:240 - Cannot read IP mode file for STMicroelectronics.X-CUBE-FREERTOS.1.3.1
2025-07-04 13:50:50,456 [WARN] PackLoader:240 - Cannot read IP mode file for STMicroelectronics.FP-SNS-STAIOTCFT.1.0.0
2025-07-04 13:50:50,461 [WARN] PackLoader:240 - Cannot read IP mode file for STMicroelectronics.X-CUBE-DPower.1.3.0
2025-07-04 13:50:50,474 [WARN] ConditionMgr:438 - getConditionDescription Invalid condition id : LAN8742 Phy interface Condition cause : null
2025-07-04 13:50:50,474 [WARN] PackLoader:240 - Cannot read IP mode file for STMicroelectronics.X-CUBE-AZRTOS-L4.2.0.0
2025-07-04 13:50:50,475 [WARN] ConditionMgr:1044 - genDependencies : Invalid condition id : LAN8742 Phy interface Condition cause : null
2025-07-04 13:50:50,475 [WARN] ConditionMgr:1044 - genDependencies : Invalid condition id : LAN8742 Phy interface Condition cause : null
2025-07-04 13:50:50,475 [WARN] ConditionMgr:1044 - genDependencies : Invalid condition id : LAN8742 Phy interface Condition cause : null
2025-07-04 13:50:50,482 [WARN] PackLoader:240 - Cannot read IP mode file for STMicroelectronics.X-CUBE-SFXS2LP1.4.0.0
2025-07-04 13:50:50,496 [WARN] PackLoader:240 - Cannot read IP mode file for STMicroelectronics.X-CUBE-AZRTOS-H7.3.3.0
2025-07-04 13:50:50,514 [WARN] ConditionMgr:438 - getConditionDescription Invalid condition id : UX DEVICE CLASS RTOS Condition cause : null
2025-07-04 13:50:50,514 [WARN] ConditionMgr:438 - getConditionDescription Invalid condition id : UX DEVICE CLASS RTOS Condition cause : null
2025-07-04 13:50:50,516 [WARN] PackLoader:240 - Cannot read IP mode file for STMicroelectronics.X-CUBE-AZRTOS-WB.2.0.0
2025-07-04 13:50:50,517 [WARN] ConditionMgr:1044 - genDependencies : Invalid condition id : UX DEVICE CLASS RTOS Condition cause : null
2025-07-04 13:50:50,518 [WARN] ConditionMgr:1044 - genDependencies : Invalid condition id : UX DEVICE CLASS RTOS Condition cause : null
2025-07-04 13:50:50,518 [WARN] ConditionMgr:1044 - genDependencies : Invalid condition id : UX DEVICE CLASS RTOS Condition cause : null
2025-07-04 13:50:50,519 [WARN] ConditionMgr:1044 - genDependencies : Invalid condition id : UX DEVICE CLASS RTOS Condition cause : null
2025-07-04 13:50:50,519 [WARN] ConditionMgr:1044 - genDependencies : Invalid condition id : UX DEVICE CLASS RTOS Condition cause : null
2025-07-04 13:50:50,525 [WARN] PackLoader:240 - Cannot read IP mode file for STMicroelectronics.X-CUBE-GNSS1.7.0.1
2025-07-04 13:50:50,530 [WARN] PackLoader:240 - Cannot read IP mode file for STMicroelectronics.X-CUBE-TOUCHGFX.4.25.0
2025-07-04 13:50:50,536 [WARN] PackLoader:240 - Cannot read IP mode file for STMicroelectronics.FP-SNS-STBOX1.2.0.0
2025-07-04 13:50:50,544 [WARN] PackLoader:240 - Cannot read IP mode file for STMicroelectronics.X-CUBE-SUBG2.5.0.0
2025-07-04 13:50:50,561 [WARN] PackLoader:240 - Cannot read IP mode file for STMicroelectronics.X-CUBE-AZRTOS-H7RS.1.1.0
2025-07-04 13:50:50,566 [WARN] PackLoader:240 - Cannot read IP mode file for Cesanta.I-CUBE-Mongoose.7.13.0
2025-07-04 13:50:50,578 [WARN] PackLoader:240 - Cannot read IP mode file for STMicroelectronics.X-CUBE-AZRTOS-G4.2.0.0
2025-07-04 13:50:50,582 [WARN] PackLoader:240 - Cannot read IP mode file for wolfSSL.I-CUBE-wolfSSH.1.4.20
2025-07-04 13:50:50,588 [WARN] PackLoader:240 - Cannot read IP mode file for STMicroelectronics.X-CUBE-NFC7.2.0.0
2025-07-04 13:50:50,597 [WARN] PackLoader:240 - Cannot read IP mode file for STMicroelectronics.X-CUBE-IPS.3.1.0
2025-07-04 13:50:50,606 [WARN] PackLoader:240 - Cannot read IP mode file for STMicroelectronics.X-CUBE-ALS.1.0.2
2025-07-04 13:50:50,612 [WARN] PackLoader:240 - Cannot read IP mode file for portGmbH.I-Cube-SoM-uGOAL.1.1.0
2025-07-04 13:50:50,621 [WARN] PackLoader:240 - Cannot read IP mode file for STMicroelectronics.X-CUBE-TOF1.3.4.3
2025-07-04 13:50:50,627 [INFO] ThirdParty:978 - Integrity check success = true
2025-07-04 13:50:50,627 [INFO] IntegrityCheckThread:100 - exiting critical section [integrity check]
2025-07-04 13:50:50,627 [INFO] IntegrityCheckThread:103 - End integrity checks thread
2025-07-04 13:53:56,451 [ERROR] LogOutputStream:75 - [STDERR_REDIRECT] 
