2025-07-17 08:54:07,827 [INFO] Activator:176 - 


2025-07-17 08:54:07,835 [INFO] Activator:177 - !SESSION log4j initialized
2025-07-17 08:54:12,330 [INFO] LogOutputStream:77 - [STDOUT_REDIRECT] 
2025-07-17 08:54:12,734 [ERROR] ConfigurationRetriever:142 - IOException on connection: sw-center.st.com
2025-07-17 08:54:12,735 [ERROR] ConfigurationRetriever:142 - IOException on connection: sw-center.st.com
2025-07-17 08:54:12,735 [ERROR] ConfigurationRetriever:142 - IOException on connection: sw-center.st.com
2025-07-17 08:54:13,305 [INFO] ApplicationProperties:184 - Using Application install path: C:\ST\STM32CubeIDE_1.18.1\STM32CubeIDE\plugins\com.st.stm32cube.common.mx_6.14.1.202504091515
2025-07-17 08:54:13,328 [INFO] DbMcusXml:78 - Set database path to: C:\ST\STM32CubeIDE_1.18.1\STM32CubeIDE\plugins\com.st.stm32cube.common.mx_6.14.1.202504091515\\db\/mcu/
2025-07-17 08:54:13,328 [INFO] ApiDb:274 - Set plugin database path to: C:\ST\STM32CubeIDE_1.18.1\STM32CubeIDE\plugins\com.st.stm32cube.common.mx_6.14.1.202504091515\\db\/plugins/boardmanager/
2025-07-17 08:54:13,329 [WARN] ApiDb:259 - Overriding images path with different value:  => C:\ST\STM32CubeIDE_1.18.1\STM32CubeIDE\plugins\com.st.stm32cube.common.mx_6.14.1.202504091515\\db\/plugins/mcufinder/images/
2025-07-17 08:54:13,337 [INFO] ApiDb:250 - Set database path to: C:\Users\Shashank\.stmcufinder\plugins\mcufinder//mcu/
2025-07-17 08:54:13,338 [INFO] DbMcusAds:125 - Set database path to: C:\Users\Shashank\.stmcufinder\plugins\mcufinder//mcu/
2025-07-17 08:54:13,341 [INFO] CrossReferenceDbSqlite:203 - Set database path to: C:\Users\Shashank\.stmcufinder\plugins\mcufinder//mcu/cs/
2025-07-17 08:54:13,464 [INFO] RulesReader:64 - Compatibility file has been processed (302 Rules)
2025-07-17 08:54:13,580 [INFO] DbMcusXml:78 - Set database path to: C:\ST\STM32CubeIDE_1.18.1\STM32CubeIDE\plugins\com.st.stm32cube.common.mx_6.14.1.202504091515\\db\/mcu/
2025-07-17 08:54:13,581 [INFO] ApiDb:274 - Set plugin database path to: C:\ST\STM32CubeIDE_1.18.1\STM32CubeIDE\plugins\com.st.stm32cube.common.mx_6.14.1.202504091515\\db\/plugins/boardmanager/
2025-07-17 08:54:13,581 [INFO] ApiDb:261 - Set plugin images path to: C:\ST\STM32CubeIDE_1.18.1\STM32CubeIDE\plugins\com.st.stm32cube.common.mx_6.14.1.202504091515\\db\/plugins/mcufinder/images/
2025-07-17 08:54:13,581 [WARN] DbFile:41 - Overriding database path with different value: C:\Users\Shashank\.stmcufinder\plugins\mcufinder/ => C:\Users\Shashank\.stmcufinder\plugins\mcufinder
2025-07-17 08:54:13,581 [INFO] ApiDb:250 - Set database path to: C:\Users\Shashank\.stmcufinder\plugins\mcufinder//mcu/
2025-07-17 08:54:13,581 [WARN] DbFile:41 - Overriding database path with different value: C:\Users\Shashank\.stmcufinder\plugins\mcufinder/ => C:\Users\Shashank\.stmcufinder\plugins\mcufinder
2025-07-17 08:54:13,581 [INFO] DbMcusAds:125 - Set database path to: C:\Users\Shashank\.stmcufinder\plugins\mcufinder//mcu/
2025-07-17 08:54:13,581 [WARN] DbFile:41 - Overriding database path with different value: C:\Users\Shashank\.stmcufinder\plugins\mcufinder/ => C:\Users\Shashank\.stmcufinder\plugins\mcufinder
2025-07-17 08:54:13,581 [WARN] DbFile:41 - Overriding database path with different value: C:\Users\Shashank\.stmcufinder\plugins\mcufinder/ => C:\Users\Shashank\.stmcufinder\plugins\mcufinder
2025-07-17 08:54:13,581 [INFO] CrossReferenceDbSqlite:203 - Set database path to: C:\Users\Shashank\.stmcufinder\plugins\mcufinder//mcu/cs/
2025-07-17 08:54:13,690 [INFO] MainPanel:272 - HeapMemory: 268435456
2025-07-17 08:54:13,830 [INFO] DbMcusXml:78 - Set database path to: C:\ST\STM32CubeIDE_1.18.1\STM32CubeIDE\plugins\com.st.stm32cube.common.mx_6.14.1.202504091515\\db\/mcu/
2025-07-17 08:54:13,831 [INFO] ApiDb:274 - Set plugin database path to: C:\ST\STM32CubeIDE_1.18.1\STM32CubeIDE\plugins\com.st.stm32cube.common.mx_6.14.1.202504091515\\db\/plugins/boardmanager/
2025-07-17 08:54:13,831 [INFO] ApiDb:261 - Set plugin images path to: C:\ST\STM32CubeIDE_1.18.1\STM32CubeIDE\plugins\com.st.stm32cube.common.mx_6.14.1.202504091515\\db\/plugins/mcufinder/images/
2025-07-17 08:54:13,831 [WARN] DbFile:41 - Overriding database path with different value: C:\Users\Shashank\.stmcufinder\plugins\mcufinder/ => C:\Users\Shashank\.stmcufinder\plugins\mcufinder
2025-07-17 08:54:13,832 [INFO] ApiDb:250 - Set database path to: C:\Users\Shashank\.stmcufinder\plugins\mcufinder//mcu/
2025-07-17 08:54:13,832 [WARN] DbFile:41 - Overriding database path with different value: C:\Users\Shashank\.stmcufinder\plugins\mcufinder/ => C:\Users\Shashank\.stmcufinder\plugins\mcufinder
2025-07-17 08:54:13,832 [INFO] DbMcusAds:125 - Set database path to: C:\Users\Shashank\.stmcufinder\plugins\mcufinder//mcu/
2025-07-17 08:54:13,832 [WARN] DbFile:41 - Overriding database path with different value: C:\Users\Shashank\.stmcufinder\plugins\mcufinder/ => C:\Users\Shashank\.stmcufinder\plugins\mcufinder
2025-07-17 08:54:13,832 [WARN] DbFile:41 - Overriding database path with different value: C:\Users\Shashank\.stmcufinder\plugins\mcufinder/ => C:\Users\Shashank\.stmcufinder\plugins\mcufinder
2025-07-17 08:54:13,833 [INFO] CrossReferenceDbSqlite:203 - Set database path to: C:\Users\Shashank\.stmcufinder\plugins\mcufinder//mcu/cs/
2025-07-17 08:54:13,876 [INFO] ApplicationProperties:184 - Using Application install path: C:\ST\STM32CubeIDE_1.18.1\STM32CubeIDE\plugins\com.st.stm32cube.common.mx_6.14.1.202504091515
2025-07-17 08:54:13,878 [INFO] PluginManage:196 - Search for loadable plugins [exclusion list=, ]
2025-07-17 08:54:13,880 [INFO] PluginManage:310 - Check plugin analytics
2025-07-17 08:54:14,091 [INFO] AnalyticsPlugin:253 - Accepted Software Licenses: 
2025-07-17 08:54:14,091 [INFO] AnalyticsPlugin:255 - Accepted CMSIS Pack Licenses: 
2025-07-17 08:54:14,091 [INFO] AnalyticsPlugin:257 - Accepted Firmware Licenses: 
2025-07-17 08:54:14,095 [ERROR] ConfigurationRetriever:142 - IOException on connection: sw-center.st.com
2025-07-17 08:54:14,095 [INFO] PluginManage:359 - Loaded plugin analytics (category:tool,tabindex:-1)
2025-07-17 08:54:14,095 [INFO] PluginManage:310 - Check plugin cadmodel
2025-07-17 08:54:14,096 [ERROR] ConfigurationRetriever:142 - IOException on connection: sw-center.st.com
2025-07-17 08:54:14,096 [ERROR] ConfigurationRetriever:142 - IOException on connection: sw-center.st.com
2025-07-17 08:54:14,101 [INFO] CADModel:105 - Init CAD model plugin
2025-07-17 08:54:14,101 [INFO] PluginManage:359 - Loaded plugin cadmodel (category:power,tabindex:5)
2025-07-17 08:54:14,101 [INFO] PluginManage:310 - Check plugin clock
2025-07-17 08:54:14,110 [INFO] PluginManage:359 - Loaded plugin clock (category:base,tabindex:2)
2025-07-17 08:54:14,111 [INFO] PluginManage:310 - Check plugin ddr
2025-07-17 08:54:14,114 [INFO] PluginManage:359 - Loaded plugin ddr (category:tool,tabindex:6)
2025-07-17 08:54:14,114 [INFO] PluginManage:310 - Check plugin filemanager
2025-07-17 08:54:14,295 [INFO] PluginManage:359 - Loaded plugin filemanager (category:base,tabindex:10)
2025-07-17 08:54:14,295 [INFO] PluginManage:310 - Check plugin ipmanager
2025-07-17 08:54:14,305 [INFO] PluginManage:359 - Loaded plugin ipmanager (category:base,tabindex:5)
2025-07-17 08:54:14,306 [INFO] PluginManage:310 - Check plugin lpbam
2025-07-17 08:54:14,316 [INFO] PluginManage:359 - Loaded plugin lpbam (category:base,tabindex:0)
2025-07-17 08:54:14,316 [INFO] PluginManage:310 - Check plugin memorymap
2025-07-17 08:54:14,338 [INFO] PluginManage:359 - Loaded plugin memorymap (category:base,tabindex:4)
2025-07-17 08:54:14,338 [INFO] PluginManage:310 - Check plugin pinoutandconfiguration
2025-07-17 08:54:14,349 [INFO] PluginManage:359 - Loaded plugin pinoutandconfiguration (category:base,tabindex:1)
2025-07-17 08:54:14,349 [INFO] PluginManage:310 - Check plugin pinoutconfig
2025-07-17 08:54:14,440 [WARN] SupportedApi:132 - Cannot load RTOS API schema: s4s-elt-must-match.1: The content of 'definitions' must match (annotation?, (simpleType | complexType)?, (unique | key | keyref)*)). A problem was found starting at: attribute.
2025-07-17 08:54:14,626 [INFO] PluginManage:359 - Loaded plugin pinoutconfig (category:base,tabindex:0)
2025-07-17 08:54:14,626 [INFO] PluginManage:310 - Check plugin power
2025-07-17 08:54:14,635 [INFO] PluginManage:359 - Loaded plugin power (category:power,tabindex:4)
2025-07-17 08:54:14,636 [INFO] PluginManage:310 - Check plugin projectmanager
2025-07-17 08:54:14,650 [INFO] PluginManage:359 - Loaded plugin projectmanager (category:projectmanager,tabindex:4)
2025-07-17 08:54:14,651 [INFO] PluginManage:310 - Check plugin rif
2025-07-17 08:54:14,660 [INFO] PluginManage:359 - Loaded plugin rif (category:base,tabindex:3)
2025-07-17 08:54:14,660 [INFO] PluginManage:310 - Check plugin thirdparty
2025-07-17 08:54:14,776 [INFO] PluginManage:359 - Loaded plugin thirdparty (category:base,tabindex:-1)
2025-07-17 08:54:14,776 [WARN] IntegrityCheckThread:84 - waiting for thirdparty lock release [integrity check]
2025-07-17 08:54:14,777 [INFO] PluginManage:310 - Check plugin tools
2025-07-17 08:54:14,777 [INFO] IntegrityCheckThread:86 - entering critical section [integrity check]
2025-07-17 08:54:14,777 [INFO] ThirdPartyUpdaterWithRetryManager:70 - Updater plugin not ready yet. [1/15]
2025-07-17 08:54:14,779 [INFO] PluginManage:359 - Loaded plugin tools (category:base,tabindex:7)
2025-07-17 08:54:14,779 [INFO] PluginManage:310 - Check plugin tutovideos
2025-07-17 08:54:14,980 [INFO] PluginManage:359 - Loaded plugin tutovideos (category:base,tabindex:-1)
2025-07-17 08:54:14,980 [INFO] PluginManage:310 - Check plugin updater
2025-07-17 08:54:15,001 [INFO] PluginManage:359 - Loaded plugin updater (category:base,tabindex:12)
2025-07-17 08:54:15,002 [INFO] PluginManage:310 - Check plugin userauth
2025-07-17 08:54:15,007 [INFO] UserAuth:118 - Init User Auth plugin
2025-07-17 08:54:15,008 [INFO] PluginManage:359 - Loaded plugin userauth (category:base,tabindex:14)
2025-07-17 08:54:15,009 [INFO] PluginManage:283 - PluginManage : Loaded plugins [18]
2025-07-17 08:54:15,280 [INFO] PinOutPanel:1589 - setPackage(No Configuration,No Configuration)
2025-07-17 08:54:15,402 [INFO] CADModel:165 - CPN selected for project level
2025-07-17 08:54:15,402 [INFO] CADModel:114 - Register for checkConnection events
2025-07-17 08:54:15,428 [INFO] IPUIPlugin:80 - create IPUIPlugin
2025-07-17 08:54:15,428 [INFO] PluginManager:220 - loadIPPluginJar : add adc
2025-07-17 08:54:15,431 [INFO] IPUIPlugin:80 - create IPUIPlugin
2025-07-17 08:54:15,431 [INFO] PluginManager:220 - loadIPPluginJar : add aes
2025-07-17 08:54:15,435 [INFO] IPUIPlugin:80 - create IPUIPlugin
2025-07-17 08:54:15,435 [INFO] PluginManager:220 - loadIPPluginJar : add can
2025-07-17 08:54:15,438 [INFO] IPUIPlugin:80 - create IPUIPlugin
2025-07-17 08:54:15,438 [INFO] PluginManager:220 - loadIPPluginJar : add comp
2025-07-17 08:54:15,442 [INFO] IPUIPlugin:80 - create IPUIPlugin
2025-07-17 08:54:15,442 [INFO] PluginManager:220 - loadIPPluginJar : add cryp
2025-07-17 08:54:15,447 [INFO] IPUIPlugin:80 - create IPUIPlugin
2025-07-17 08:54:15,447 [INFO] PluginManager:220 - loadIPPluginJar : add ddr_ctrl_phy
2025-07-17 08:54:15,451 [INFO] IPUIPlugin:80 - create IPUIPlugin
2025-07-17 08:54:15,451 [INFO] PluginManager:220 - loadIPPluginJar : add dfsdm
2025-07-17 08:54:15,459 [INFO] IPUIPlugin:80 - create IPUIPlugin
2025-07-17 08:54:15,460 [INFO] PluginManager:220 - loadIPPluginJar : add dma
2025-07-17 08:54:15,464 [INFO] IPUIPlugin:80 - create IPUIPlugin
2025-07-17 08:54:15,464 [INFO] PluginManager:220 - loadIPPluginJar : add dma3
2025-07-17 08:54:15,469 [INFO] IPUIPlugin:80 - create IPUIPlugin
2025-07-17 08:54:15,469 [INFO] PluginManager:220 - loadIPPluginJar : add extmemmanager
2025-07-17 08:54:15,472 [INFO] IPUIPlugin:80 - create IPUIPlugin
2025-07-17 08:54:15,472 [INFO] PluginManager:220 - loadIPPluginJar : add fatfs
2025-07-17 08:54:15,480 [INFO] IPUIPlugin:80 - create IPUIPlugin
2025-07-17 08:54:15,480 [INFO] PluginManager:220 - loadIPPluginJar : add fmc
2025-07-17 08:54:15,488 [INFO] IPUIPlugin:80 - create IPUIPlugin
2025-07-17 08:54:15,489 [INFO] PluginManager:220 - loadIPPluginJar : add freertos
2025-07-17 08:54:15,491 [INFO] IPUIPlugin:80 - create IPUIPlugin
2025-07-17 08:54:15,491 [INFO] PluginManager:220 - loadIPPluginJar : add genericplugin
2025-07-17 08:54:15,494 [INFO] IPUIPlugin:80 - create IPUIPlugin
2025-07-17 08:54:15,494 [INFO] PluginManager:220 - loadIPPluginJar : add gfxmmu
2025-07-17 08:54:15,501 [INFO] IPUIPlugin:80 - create IPUIPlugin
2025-07-17 08:54:15,501 [INFO] PluginManager:220 - loadIPPluginJar : add gic
2025-07-17 08:54:15,506 [INFO] IPUIPlugin:80 - create IPUIPlugin
2025-07-17 08:54:15,507 [INFO] PluginManager:220 - loadIPPluginJar : add gpio
2025-07-17 08:54:15,512 [INFO] IPUIPlugin:80 - create IPUIPlugin
2025-07-17 08:54:15,512 [INFO] PluginManager:220 - loadIPPluginJar : add gtzc
2025-07-17 08:54:15,516 [INFO] IPUIPlugin:80 - create IPUIPlugin
2025-07-17 08:54:15,516 [INFO] PluginManager:220 - loadIPPluginJar : add hash
2025-07-17 08:54:15,519 [INFO] IPUIPlugin:80 - create IPUIPlugin
2025-07-17 08:54:15,519 [INFO] PluginManager:220 - loadIPPluginJar : add i2c
2025-07-17 08:54:15,522 [INFO] IPUIPlugin:80 - create IPUIPlugin
2025-07-17 08:54:15,523 [INFO] PluginManager:220 - loadIPPluginJar : add i2s
2025-07-17 08:54:15,528 [INFO] IPUIPlugin:80 - create IPUIPlugin
2025-07-17 08:54:15,528 [INFO] PluginManager:220 - loadIPPluginJar : add i3c
2025-07-17 08:54:15,532 [INFO] IPUIPlugin:80 - create IPUIPlugin
2025-07-17 08:54:15,532 [INFO] PluginManager:220 - loadIPPluginJar : add ipddr
2025-07-17 08:54:15,542 [INFO] IPUIPlugin:80 - create IPUIPlugin
2025-07-17 08:54:15,542 [INFO] PluginManager:220 - loadIPPluginJar : add linkedlist
2025-07-17 08:54:15,546 [INFO] IPUIPlugin:80 - create IPUIPlugin
2025-07-17 08:54:15,546 [INFO] PluginManager:220 - loadIPPluginJar : add lorawan
2025-07-17 08:54:15,548 [INFO] IPUIPlugin:80 - create IPUIPlugin
2025-07-17 08:54:15,548 [INFO] PluginManager:220 - loadIPPluginJar : add ltdc
2025-07-17 08:54:15,555 [INFO] IPUIPlugin:80 - create IPUIPlugin
2025-07-17 08:54:15,555 [INFO] PluginManager:220 - loadIPPluginJar : add mdma
2025-07-17 08:54:15,560 [INFO] IPUIPlugin:80 - create IPUIPlugin
2025-07-17 08:54:15,561 [INFO] PluginManager:220 - loadIPPluginJar : add nvic
2025-07-17 08:54:15,567 [INFO] IPUIPlugin:80 - create IPUIPlugin
2025-07-17 08:54:15,568 [INFO] PluginManager:220 - loadIPPluginJar : add opamp
2025-07-17 08:54:15,573 [INFO] IPUIPlugin:80 - create IPUIPlugin
2025-07-17 08:54:15,573 [INFO] PluginManager:220 - loadIPPluginJar : add openamp
2025-07-17 08:54:15,579 [INFO] IPUIPlugin:80 - create IPUIPlugin
2025-07-17 08:54:15,579 [INFO] PluginManager:220 - loadIPPluginJar : add pdm2pcm
2025-07-17 08:54:15,591 [INFO] IPUIPlugin:80 - create IPUIPlugin
2025-07-17 08:54:15,595 [INFO] PluginManager:220 - loadIPPluginJar : add plateformsettings
2025-07-17 08:54:15,599 [INFO] IPUIPlugin:80 - create IPUIPlugin
2025-07-17 08:54:15,599 [INFO] PluginManager:220 - loadIPPluginJar : add quadspi
2025-07-17 08:54:15,604 [INFO] IPUIPlugin:80 - create IPUIPlugin
2025-07-17 08:54:15,606 [INFO] PluginManager:220 - loadIPPluginJar : add radio
2025-07-17 08:54:15,613 [INFO] IPUIPlugin:80 - create IPUIPlugin
2025-07-17 08:54:15,614 [INFO] PluginManager:220 - loadIPPluginJar : add resmgrutility
2025-07-17 08:54:15,620 [INFO] IPUIPlugin:80 - create IPUIPlugin
2025-07-17 08:54:15,620 [INFO] PluginManager:220 - loadIPPluginJar : add sai
2025-07-17 08:54:15,625 [INFO] IPUIPlugin:80 - create IPUIPlugin
2025-07-17 08:54:15,625 [INFO] PluginManager:220 - loadIPPluginJar : add spi
2025-07-17 08:54:15,631 [INFO] IPUIPlugin:80 - create IPUIPlugin
2025-07-17 08:54:15,631 [INFO] PluginManager:220 - loadIPPluginJar : add stm32_wpan
2025-07-17 08:54:15,633 [INFO] IPUIPlugin:80 - create IPUIPlugin
2025-07-17 08:54:15,633 [INFO] PluginManager:220 - loadIPPluginJar : add tim
2025-07-17 08:54:15,636 [INFO] IPUIPlugin:80 - create IPUIPlugin
2025-07-17 08:54:15,636 [INFO] PluginManager:220 - loadIPPluginJar : add touchsensing
2025-07-17 08:54:15,637 [INFO] IPUIPlugin:80 - create IPUIPlugin
2025-07-17 08:54:15,638 [INFO] PluginManager:220 - loadIPPluginJar : add tracer_emb
2025-07-17 08:54:15,639 [INFO] IPUIPlugin:80 - create IPUIPlugin
2025-07-17 08:54:15,639 [INFO] PluginManager:220 - loadIPPluginJar : add ts
2025-07-17 08:54:15,641 [INFO] IPUIPlugin:80 - create IPUIPlugin
2025-07-17 08:54:15,641 [INFO] PluginManager:220 - loadIPPluginJar : add tsc
2025-07-17 08:54:15,642 [INFO] IPUIPlugin:80 - create IPUIPlugin
2025-07-17 08:54:15,643 [INFO] PluginManager:220 - loadIPPluginJar : add ucpd
2025-07-17 08:54:15,645 [INFO] IPUIPlugin:80 - create IPUIPlugin
2025-07-17 08:54:15,646 [INFO] PluginManager:220 - loadIPPluginJar : add usart
2025-07-17 08:54:15,649 [INFO] IPUIPlugin:80 - create IPUIPlugin
2025-07-17 08:54:15,649 [INFO] PluginManager:220 - loadIPPluginJar : add usbx
2025-07-17 08:54:15,785 [FATAL] Updater:351 - Updater called before beeing initialized
2025-07-17 08:54:15,832 [INFO] RulesReader:64 - Compatibility file has been processed (302 Rules)
2025-07-17 08:54:15,842 [INFO] RulesReader:64 - Compatibility file has been processed (302 Rules)
2025-07-17 08:54:15,849 [INFO] CADModel:165 - CPN selected for project level
2025-07-17 08:54:15,849 [INFO] CADModel:114 - Register for checkConnection events
2025-07-17 08:54:15,849 [FATAL] Updater:351 - Updater called before beeing initialized
2025-07-17 08:54:15,849 [ERROR] CADModel:125 - Updater not yet initialized, retry later 
2025-07-17 08:54:16,002 [FATAL] Updater:351 - Updater called before beeing initialized
2025-07-17 08:54:16,005 [INFO] CADModel:165 - CPN selected for project level
2025-07-17 08:54:16,005 [INFO] CADModel:114 - Register for checkConnection events
2025-07-17 08:54:16,005 [FATAL] Updater:351 - Updater called before beeing initialized
2025-07-17 08:54:16,005 [ERROR] CADModel:125 - Updater not yet initialized, retry later 
2025-07-17 08:54:16,011 [FATAL] Updater:351 - Updater called before beeing initialized
2025-07-17 08:54:16,128 [FATAL] Updater:351 - Updater called before beeing initialized
2025-07-17 08:54:16,132 [INFO] DbMcusAds:53 - JSON generation date=Tue Jul 08 13:44:23 IST 2025 (1751962463538)
2025-07-17 08:54:16,132 [FATAL] Updater:351 - Updater called before beeing initialized
2025-07-17 08:54:16,178 [WARN] DetailPanel:346 - Failed to get advertising image, set to default
2025-07-17 08:54:16,515 [FATAL] Updater:351 - Updater called before beeing initialized
2025-07-17 08:54:16,536 [FATAL] Updater:351 - Updater called before beeing initialized
2025-07-17 08:54:16,536 [FATAL] Updater:351 - Updater called before beeing initialized
2025-07-17 08:54:16,536 [WARN] DetailPanel:346 - Failed to get advertising image, set to default
2025-07-17 08:54:16,536 [FATAL] Updater:351 - Updater called before beeing initialized
2025-07-17 08:54:16,632 [ERROR] Updater:1198 - MainUpdater not yet initialized. External WinMGr cannot be set.
2025-07-17 08:54:16,636 [INFO] Updater:1134 - Updater Version found : 6.14.1
2025-07-17 08:54:16,682 [INFO] ApplicationProperties:184 - Using Application install path: C:\ST\STM32CubeIDE_1.18.1\STM32CubeIDE\plugins\com.st.stm32cube.common.mx_6.14.1.202504091515
2025-07-17 08:54:17,787 [INFO] ThirdPartyUpdaterWithRetryManager:70 - Updater plugin not ready yet. [2/15]
2025-07-17 08:54:18,299 [ERROR] LogOutputStream:75 - [STDERR_REDIRECT] Jul 17, 2025 8:54:18 AM java.util.prefs.WindowsPreferences <init>
2025-07-17 08:54:18,299 [ERROR] LogOutputStream:75 - [STDERR_REDIRECT] WARNING: Could not open/create prefs root node Software\JavaSoft\Prefs at root 0xffffffff80000002. Windows RegCreateKeyEx(...) returned error code 5.
2025-07-17 08:54:18,299 [ERROR] LogOutputStream:75 - [STDERR_REDIRECT] 
2025-07-17 08:54:18,664 [INFO] MainUpdater:2872 - connection check result : 22
2025-07-17 08:54:18,664 [INFO] MainUpdater:289 - Updater Check For Update Now.
2025-07-17 08:54:18,664 [INFO] MicroXplorer:498 - Change Database Version : DB.6.0.141
2025-07-17 08:54:18,680 [INFO] McuFinderGlobals:63 - Set McuFinder mode to 2 (CubeIDE integrated)
2025-07-17 08:54:18,680 [INFO] UserAuth:171 - activating auth plugin
2025-07-17 08:54:18,680 [INFO] UserAuth:484 - Internet connection configuration mode: 2
2025-07-17 08:54:18,714 [INFO] UserAuth:484 - Internet connection configuration mode: 2
2025-07-17 08:54:18,872 [INFO] CheckServerUpdateThread:120 - End of CheckServer Thread
2025-07-17 08:54:21,279 [WARN] PackLoader:240 - Cannot read IP mode file for STMicroelectronics.FP-SNS-MOTENVWB1.1.4.0
2025-07-17 08:54:21,298 [WARN] PackLoader:240 - Cannot read IP mode file for STMicroelectronics.FP-ATR-ASTRA1.2.0.2
2025-07-17 08:54:21,311 [WARN] PackLoader:240 - Cannot read IP mode file for STMicroelectronics.X-CUBE-SMBUS.2.1.0
2025-07-17 08:54:21,317 [WARN] PackLoader:240 - Cannot read IP mode file for STMicroelectronics.X-CUBE-ST60.1.0.0
2025-07-17 08:54:21,351 [WARN] PackLoader:240 - Cannot read IP mode file for STMicroelectronics.X-CUBE-AZRTOS-F7.1.1.0
2025-07-17 08:54:21,390 [WARN] PackLoader:240 - Cannot read IP mode file for Infineon.AIROC-Wi-Fi-Bluetooth-STM32.1.7.0
2025-07-17 08:54:21,442 [WARN] PackLoader:240 - Cannot read IP mode file for STMicroelectronics.X-CUBE-AZRTOS-H7.3.4.0
2025-07-17 08:54:21,464 [WARN] PackLoader:240 - Cannot read IP mode file for STMicroelectronics.X-CUBE-DISPLAY.3.0.0
2025-07-17 08:54:21,494 [WARN] PackLoader:240 - Cannot read IP mode file for STMicroelectronics.X-CUBE-NFC10.1.0.0
2025-07-17 08:54:21,524 [WARN] PackLoader:240 - Cannot read IP mode file for STMicroelectronics.X-CUBE-BLEMGR.4.0.0
2025-07-17 08:54:21,542 [WARN] PackLoader:240 - Cannot read IP mode file for emotas.I-CUBE-CANOPEN.1.3.0
2025-07-17 08:54:21,553 [WARN] ConditionMgr:438 - getConditionDescription Invalid condition id : Cortex-A Device cause : null
2025-07-17 08:54:21,581 [WARN] ConditionMgr:1044 - genDependencies : Invalid condition id : Cortex-A Device cause : null
2025-07-17 08:54:21,581 [WARN] ConditionMgr:1044 - genDependencies : Invalid condition id : Cortex-A Device cause : null
2025-07-17 08:54:21,581 [WARN] ConditionMgr:1044 - genDependencies : Invalid condition id : Cortex-A Device cause : null
2025-07-17 08:54:21,585 [WARN] PackLoader:240 - Cannot read IP mode file for STMicroelectronics.FP-SNS-SMARTAG2.1.2.0
2025-07-17 08:54:21,585 [WARN] PackLoader:240 - Cannot read IP mode file for STMicroelectronics.FP-SNS-FLIGHT1.5.1.0
2025-07-17 08:54:21,617 [INFO] LogOutputStream:77 - [STDOUT_REDIRECT] 1 : Invalid condition id : UX_CORESTACK_Condition cause : null
2025-07-17 08:54:21,617 [INFO] LogOutputStream:77 - [STDOUT_REDIRECT] 1 : Invalid condition id : UX_CORESTACK_Condition cause : null
2025-07-17 08:54:21,621 [INFO] LogOutputStream:77 - [STDOUT_REDIRECT] 1 : Invalid condition id : UX_CORESTACK_Condition cause : null
2025-07-17 08:54:21,621 [INFO] LogOutputStream:77 - [STDOUT_REDIRECT] 1 : Invalid condition id : UX_CORESTACK_Condition cause : null
2025-07-17 08:54:21,624 [INFO] LogOutputStream:77 - [STDOUT_REDIRECT] 1 : Invalid condition id : UX_CORESTACK_Condition cause : null
2025-07-17 08:54:21,631 [WARN] PackLoader:240 - Cannot read IP mode file for STMicroelectronics.X-CUBE-AZRTOS-WL.2.0.0
2025-07-17 08:54:21,641 [WARN] PackLoader:240 - Cannot read IP mode file for STMicroelectronics.FP-SNS-MOTENV1.5.0.0
2025-07-17 08:54:21,664 [WARN] PackLoader:240 - Cannot read IP mode file for WES.I-CUBE-Cesium.1.3.0
2025-07-17 08:54:21,676 [WARN] PackLoader:240 - Cannot read IP mode file for STMicroelectronics.X-CUBE-BLE2.3.3.0
2025-07-17 08:54:21,692 [WARN] PackLoader:240 - Cannot read IP mode file for STMicroelectronics.X-CUBE-NFC9.1.0.0
2025-07-17 08:54:21,707 [WARN] PackLoader:240 - Cannot read IP mode file for wolfSSL.I-CUBE-wolfSSL.5.8.0
2025-07-17 08:54:21,713 [WARN] PackLoader:240 - Cannot read IP mode file for STMicroelectronics.X-CUBE-BLE1.7.1.0
2025-07-17 08:54:21,713 [WARN] PackLoader:240 - Cannot read IP mode file for wolfSSL.I-CUBE-wolfMQTT.1.19.2
2025-07-17 08:54:21,731 [WARN] PackLoader:240 - Cannot read IP mode file for STMicroelectronics.X-CUBE-AI.10.1.0
2025-07-17 08:54:21,755 [WARN] PackLoader:240 - Cannot read IP mode file for STMicroelectronics.X-CUBE-AZRTOS-G0.1.1.0
2025-07-17 08:54:21,786 [WARN] PackLoader:240 - Cannot read IP mode file for STMicroelectronics.X-CUBE-SAFEA1.1.2.2
2025-07-17 08:54:21,802 [WARN] PackLoader:240 - Cannot read IP mode file for STMicroelectronics.X-CUBE-NFC4.3.0.0
2025-07-17 08:54:21,818 [WARN] PackLoader:240 - Cannot read IP mode file for EmbeddedOffice.I-CUBE-FS-RTOS.1.0.1
2025-07-17 08:54:21,828 [WARN] PackLoader:240 - Cannot read IP mode file for STMicroelectronics.X-CUBE-WB05N.2.0.0
2025-07-17 08:54:21,834 [WARN] PackLoader:240 - Cannot read IP mode file for wolfSSL.I-CUBE-wolfTPM.3.8.0
2025-07-17 08:54:21,850 [WARN] PackLoader:240 - Cannot read IP mode file for STMicroelectronics.X-CUBE-TCPP.4.2.0
2025-07-17 08:54:21,866 [WARN] PackLoader:240 - Cannot read IP mode file for RealThread.X-CUBE-RT-Thread_Nano.4.1.1
2025-07-17 08:54:21,879 [WARN] PackLoader:240 - Cannot read IP mode file for STMicroelectronics.FP-ATR-SIGFOX1.3.2.0
2025-07-17 08:54:21,893 [WARN] PackLoader:240 - Cannot read IP mode file for STMicroelectronics.X-CUBE-EEPRMA1.5.1.0
2025-07-17 08:54:21,898 [WARN] PackLoader:240 - Cannot read IP mode file for ITTIA_DB.I-CUBE-ITTIADB.8.9.0
2025-07-17 08:54:21,915 [WARN] PackLoader:240 - Cannot read IP mode file for STMicroelectronics.X-CUBE-ST67W61.1.0.0
2025-07-17 08:54:21,986 [WARN] PackLoader:240 - Cannot read IP mode file for SEGGER.I-CUBE-embOS.1.3.1
2025-07-17 08:54:22,045 [WARN] PackLoader:240 - Cannot read IP mode file for STMicroelectronics.X-CUBE-ALGOBUILD.1.4.0
2025-07-17 08:54:22,124 [WARN] PackLoader:240 - Cannot read IP mode file for STMicroelectronics.X-CUBE-MEMS1.11.3.0
2025-07-17 08:54:22,308 [WARN] PackLoader:240 - Cannot read IP mode file for STMicroelectronics.X-CUBE-PM33A1.1.0.0
2025-07-17 08:54:22,315 [WARN] PackLoader:240 - Cannot read IP mode file for STMicroelectronics.X-CUBE-AZRTOS-F4.1.1.0
2025-07-17 08:54:22,327 [WARN] PackLoader:240 - Cannot read IP mode file for Avnet-IotConnect.X-CUBE-IoTC-DA16k-PMOD.1.0.0
2025-07-17 08:54:22,327 [WARN] PackLoader:240 - Cannot read IP mode file for STMicroelectronics.X-CUBE-ISPU.2.1.0
2025-07-17 08:54:22,347 [WARN] PackLoader:240 - Cannot read IP mode file for STMicroelectronics.X-CUBE-NFC12.1.0.0
2025-07-17 08:54:22,370 [WARN] PackLoader:240 - Cannot read IP mode file for STMicroelectronics.X-CUBE-AZRTOS-L5.2.0.0
2025-07-17 08:54:22,383 [WARN] PackLoader:240 - Cannot read IP mode file for STMicroelectronics.X-CUBE-NFC6.3.1.0
2025-07-17 08:54:22,394 [WARN] PackLoader:240 - Cannot read IP mode file for STMicroelectronics.X-CUBE-FREERTOS.1.3.1
2025-07-17 08:54:22,404 [WARN] PackLoader:240 - Cannot read IP mode file for STMicroelectronics.FP-SNS-STAIOTCFT.1.0.0
2025-07-17 08:54:22,406 [WARN] PackLoader:240 - Cannot read IP mode file for STMicroelectronics.X-CUBE-DPower.1.3.0
2025-07-17 08:54:22,424 [WARN] ConditionMgr:438 - getConditionDescription Invalid condition id : LAN8742 Phy interface Condition cause : null
2025-07-17 08:54:22,424 [WARN] PackLoader:240 - Cannot read IP mode file for STMicroelectronics.X-CUBE-AZRTOS-L4.2.0.0
2025-07-17 08:54:22,424 [WARN] ConditionMgr:1044 - genDependencies : Invalid condition id : LAN8742 Phy interface Condition cause : null
2025-07-17 08:54:22,424 [WARN] ConditionMgr:1044 - genDependencies : Invalid condition id : LAN8742 Phy interface Condition cause : null
2025-07-17 08:54:22,438 [WARN] ConditionMgr:1044 - genDependencies : Invalid condition id : LAN8742 Phy interface Condition cause : null
2025-07-17 08:54:22,438 [WARN] PackLoader:240 - Cannot read IP mode file for STMicroelectronics.X-CUBE-SFXS2LP1.4.0.0
2025-07-17 08:54:22,469 [WARN] PackLoader:240 - Cannot read IP mode file for STMicroelectronics.X-CUBE-AZRTOS-H7.3.3.0
2025-07-17 08:54:22,485 [WARN] ConditionMgr:438 - getConditionDescription Invalid condition id : UX DEVICE CLASS RTOS Condition cause : null
2025-07-17 08:54:22,485 [WARN] ConditionMgr:438 - getConditionDescription Invalid condition id : UX DEVICE CLASS RTOS Condition cause : null
2025-07-17 08:54:22,491 [WARN] PackLoader:240 - Cannot read IP mode file for STMicroelectronics.X-CUBE-AZRTOS-WB.2.0.0
2025-07-17 08:54:22,493 [WARN] ConditionMgr:1044 - genDependencies : Invalid condition id : UX DEVICE CLASS RTOS Condition cause : null
2025-07-17 08:54:22,493 [WARN] ConditionMgr:1044 - genDependencies : Invalid condition id : UX DEVICE CLASS RTOS Condition cause : null
2025-07-17 08:54:22,493 [WARN] ConditionMgr:1044 - genDependencies : Invalid condition id : UX DEVICE CLASS RTOS Condition cause : null
2025-07-17 08:54:22,493 [WARN] ConditionMgr:1044 - genDependencies : Invalid condition id : UX DEVICE CLASS RTOS Condition cause : null
2025-07-17 08:54:22,493 [WARN] ConditionMgr:1044 - genDependencies : Invalid condition id : UX DEVICE CLASS RTOS Condition cause : null
2025-07-17 08:54:22,501 [WARN] PackLoader:240 - Cannot read IP mode file for STMicroelectronics.X-CUBE-GNSS1.7.0.1
2025-07-17 08:54:22,509 [WARN] PackLoader:240 - Cannot read IP mode file for STMicroelectronics.X-CUBE-TOUCHGFX.4.25.0
2025-07-17 08:54:22,516 [WARN] PackLoader:240 - Cannot read IP mode file for STMicroelectronics.FP-SNS-STBOX1.2.0.0
2025-07-17 08:54:22,532 [WARN] PackLoader:240 - Cannot read IP mode file for STMicroelectronics.X-CUBE-SUBG2.5.0.0
2025-07-17 08:54:22,554 [WARN] PackLoader:240 - Cannot read IP mode file for STMicroelectronics.X-CUBE-AZRTOS-H7RS.1.1.0
2025-07-17 08:54:22,564 [WARN] PackLoader:240 - Cannot read IP mode file for Cesanta.I-CUBE-Mongoose.7.13.0
2025-07-17 08:54:22,579 [WARN] PackLoader:240 - Cannot read IP mode file for STMicroelectronics.X-CUBE-AZRTOS-G4.2.0.0
2025-07-17 08:54:22,580 [WARN] PackLoader:240 - Cannot read IP mode file for wolfSSL.I-CUBE-wolfSSH.1.4.20
2025-07-17 08:54:22,580 [WARN] PackLoader:240 - Cannot read IP mode file for STMicroelectronics.X-CUBE-NFC7.2.0.0
2025-07-17 08:54:22,596 [WARN] PackLoader:240 - Cannot read IP mode file for STMicroelectronics.X-CUBE-IPS.3.1.0
2025-07-17 08:54:22,611 [WARN] PackLoader:240 - Cannot read IP mode file for STMicroelectronics.X-CUBE-ALS.1.0.2
2025-07-17 08:54:22,627 [WARN] PackLoader:240 - Cannot read IP mode file for portGmbH.I-Cube-SoM-uGOAL.1.1.0
2025-07-17 08:54:22,627 [WARN] PackLoader:240 - Cannot read IP mode file for STMicroelectronics.X-CUBE-TOF1.3.4.3
2025-07-17 08:54:22,643 [INFO] ThirdParty:978 - Integrity check success = true
2025-07-17 08:54:22,643 [INFO] IntegrityCheckThread:100 - exiting critical section [integrity check]
2025-07-17 08:54:22,656 [INFO] IntegrityCheckThread:103 - End integrity checks thread
2025-07-17 08:54:34,302 [ERROR] ConfigurationRetriever:142 - IOException on connection: sw-center.st.com
2025-07-17 08:54:34,303 [ERROR] ConfigurationRetriever:142 - IOException on connection: sw-center.st.com
2025-07-17 08:54:34,304 [ERROR] ConfigurationRetriever:142 - IOException on connection: sw-center.st.com
2025-07-17 08:54:35,083 [ERROR] LogOutputStream:75 - [STDERR_REDIRECT] 
