2025-07-04 13:54:02,546 [INFO] Activator:176 - 


2025-07-04 13:54:02,548 [INFO] Activator:177 - !SESSION log4j initialized
2025-07-04 13:54:04,725 [INFO] LogOutputStream:77 - [STDOUT_REDIRECT] 
2025-07-04 13:54:06,545 [INFO] ApplicationProperties:184 - Using Application install path: C:\ST\STM32CubeIDE_1.18.1\STM32CubeIDE\plugins\com.st.stm32cube.common.mx_6.14.1.202504091515
2025-07-04 13:54:06,559 [INFO] DbMcusXml:78 - Set database path to: C:\ST\STM32CubeIDE_1.18.1\STM32CubeIDE\plugins\com.st.stm32cube.common.mx_6.14.1.202504091515\\db\/mcu/
2025-07-04 13:54:06,560 [INFO] ApiDb:274 - Set plugin database path to: C:\ST\STM32CubeIDE_1.18.1\STM32CubeIDE\plugins\com.st.stm32cube.common.mx_6.14.1.202504091515\\db\/plugins/boardmanager/
2025-07-04 13:54:06,562 [WARN] ApiDb:259 - Overriding images path with different value:  => C:\ST\STM32CubeIDE_1.18.1\STM32CubeIDE\plugins\com.st.stm32cube.common.mx_6.14.1.202504091515\\db\/plugins/mcufinder/images/
2025-07-04 13:54:06,568 [INFO] ApiDb:250 - Set database path to: C:\Users\Shashank\.stmcufinder\plugins\mcufinder//mcu/
2025-07-04 13:54:06,569 [INFO] DbMcusAds:125 - Set database path to: C:\Users\Shashank\.stmcufinder\plugins\mcufinder//mcu/
2025-07-04 13:54:06,571 [INFO] CrossReferenceDbSqlite:203 - Set database path to: C:\Users\Shashank\.stmcufinder\plugins\mcufinder//mcu/cs/
2025-07-04 13:54:06,675 [INFO] RulesReader:64 - Compatibility file has been processed (302 Rules)
2025-07-04 13:54:06,751 [INFO] DbMcusXml:78 - Set database path to: C:\ST\STM32CubeIDE_1.18.1\STM32CubeIDE\plugins\com.st.stm32cube.common.mx_6.14.1.202504091515\\db\/mcu/
2025-07-04 13:54:06,751 [INFO] ApiDb:274 - Set plugin database path to: C:\ST\STM32CubeIDE_1.18.1\STM32CubeIDE\plugins\com.st.stm32cube.common.mx_6.14.1.202504091515\\db\/plugins/boardmanager/
2025-07-04 13:54:06,752 [INFO] ApiDb:261 - Set plugin images path to: C:\ST\STM32CubeIDE_1.18.1\STM32CubeIDE\plugins\com.st.stm32cube.common.mx_6.14.1.202504091515\\db\/plugins/mcufinder/images/
2025-07-04 13:54:06,752 [WARN] DbFile:41 - Overriding database path with different value: C:\Users\Shashank\.stmcufinder\plugins\mcufinder/ => C:\Users\Shashank\.stmcufinder\plugins\mcufinder
2025-07-04 13:54:06,752 [INFO] ApiDb:250 - Set database path to: C:\Users\Shashank\.stmcufinder\plugins\mcufinder//mcu/
2025-07-04 13:54:06,752 [WARN] DbFile:41 - Overriding database path with different value: C:\Users\Shashank\.stmcufinder\plugins\mcufinder/ => C:\Users\Shashank\.stmcufinder\plugins\mcufinder
2025-07-04 13:54:06,752 [INFO] DbMcusAds:125 - Set database path to: C:\Users\Shashank\.stmcufinder\plugins\mcufinder//mcu/
2025-07-04 13:54:06,752 [WARN] DbFile:41 - Overriding database path with different value: C:\Users\Shashank\.stmcufinder\plugins\mcufinder/ => C:\Users\Shashank\.stmcufinder\plugins\mcufinder
2025-07-04 13:54:06,752 [WARN] DbFile:41 - Overriding database path with different value: C:\Users\Shashank\.stmcufinder\plugins\mcufinder/ => C:\Users\Shashank\.stmcufinder\plugins\mcufinder
2025-07-04 13:54:06,752 [INFO] CrossReferenceDbSqlite:203 - Set database path to: C:\Users\Shashank\.stmcufinder\plugins\mcufinder//mcu/cs/
2025-07-04 13:54:06,825 [INFO] MainPanel:272 - HeapMemory: 268435456
2025-07-04 13:54:06,900 [INFO] DbMcusXml:78 - Set database path to: C:\ST\STM32CubeIDE_1.18.1\STM32CubeIDE\plugins\com.st.stm32cube.common.mx_6.14.1.202504091515\\db\/mcu/
2025-07-04 13:54:06,900 [INFO] ApiDb:274 - Set plugin database path to: C:\ST\STM32CubeIDE_1.18.1\STM32CubeIDE\plugins\com.st.stm32cube.common.mx_6.14.1.202504091515\\db\/plugins/boardmanager/
2025-07-04 13:54:06,900 [INFO] ApiDb:261 - Set plugin images path to: C:\ST\STM32CubeIDE_1.18.1\STM32CubeIDE\plugins\com.st.stm32cube.common.mx_6.14.1.202504091515\\db\/plugins/mcufinder/images/
2025-07-04 13:54:06,901 [WARN] DbFile:41 - Overriding database path with different value: C:\Users\Shashank\.stmcufinder\plugins\mcufinder/ => C:\Users\Shashank\.stmcufinder\plugins\mcufinder
2025-07-04 13:54:06,901 [INFO] ApiDb:250 - Set database path to: C:\Users\Shashank\.stmcufinder\plugins\mcufinder//mcu/
2025-07-04 13:54:06,901 [WARN] DbFile:41 - Overriding database path with different value: C:\Users\Shashank\.stmcufinder\plugins\mcufinder/ => C:\Users\Shashank\.stmcufinder\plugins\mcufinder
2025-07-04 13:54:06,901 [INFO] DbMcusAds:125 - Set database path to: C:\Users\Shashank\.stmcufinder\plugins\mcufinder//mcu/
2025-07-04 13:54:06,901 [WARN] DbFile:41 - Overriding database path with different value: C:\Users\Shashank\.stmcufinder\plugins\mcufinder/ => C:\Users\Shashank\.stmcufinder\plugins\mcufinder
2025-07-04 13:54:06,901 [WARN] DbFile:41 - Overriding database path with different value: C:\Users\Shashank\.stmcufinder\plugins\mcufinder/ => C:\Users\Shashank\.stmcufinder\plugins\mcufinder
2025-07-04 13:54:06,901 [INFO] CrossReferenceDbSqlite:203 - Set database path to: C:\Users\Shashank\.stmcufinder\plugins\mcufinder//mcu/cs/
2025-07-04 13:54:06,919 [INFO] ApplicationProperties:184 - Using Application install path: C:\ST\STM32CubeIDE_1.18.1\STM32CubeIDE\plugins\com.st.stm32cube.common.mx_6.14.1.202504091515
2025-07-04 13:54:06,920 [INFO] PluginManage:196 - Search for loadable plugins [exclusion list=, ]
2025-07-04 13:54:06,921 [INFO] PluginManage:310 - Check plugin analytics
2025-07-04 13:54:07,099 [INFO] AnalyticsPlugin:253 - Accepted Software Licenses: 
2025-07-04 13:54:07,100 [INFO] AnalyticsPlugin:255 - Accepted CMSIS Pack Licenses: 
2025-07-04 13:54:07,100 [INFO] AnalyticsPlugin:257 - Accepted Firmware Licenses: 
2025-07-04 13:54:07,104 [INFO] PluginManage:359 - Loaded plugin analytics (category:tool,tabindex:-1)
2025-07-04 13:54:07,104 [INFO] PluginManage:310 - Check plugin cadmodel
2025-07-04 13:54:07,109 [INFO] CADModel:105 - Init CAD model plugin
2025-07-04 13:54:07,109 [INFO] PluginManage:359 - Loaded plugin cadmodel (category:power,tabindex:5)
2025-07-04 13:54:07,109 [INFO] PluginManage:310 - Check plugin clock
2025-07-04 13:54:07,120 [INFO] PluginManage:359 - Loaded plugin clock (category:base,tabindex:2)
2025-07-04 13:54:07,120 [INFO] PluginManage:310 - Check plugin ddr
2025-07-04 13:54:07,123 [INFO] PluginManage:359 - Loaded plugin ddr (category:tool,tabindex:6)
2025-07-04 13:54:07,123 [INFO] PluginManage:310 - Check plugin filemanager
2025-07-04 13:54:07,268 [INFO] PluginManage:359 - Loaded plugin filemanager (category:base,tabindex:10)
2025-07-04 13:54:07,268 [INFO] PluginManage:310 - Check plugin ipmanager
2025-07-04 13:54:07,274 [INFO] PluginManage:359 - Loaded plugin ipmanager (category:base,tabindex:5)
2025-07-04 13:54:07,275 [INFO] PluginManage:310 - Check plugin lpbam
2025-07-04 13:54:07,295 [INFO] PluginManage:359 - Loaded plugin lpbam (category:base,tabindex:0)
2025-07-04 13:54:07,296 [INFO] PluginManage:310 - Check plugin memorymap
2025-07-04 13:54:07,307 [INFO] PluginManage:359 - Loaded plugin memorymap (category:base,tabindex:4)
2025-07-04 13:54:07,307 [INFO] PluginManage:310 - Check plugin pinoutandconfiguration
2025-07-04 13:54:07,316 [INFO] PluginManage:359 - Loaded plugin pinoutandconfiguration (category:base,tabindex:1)
2025-07-04 13:54:07,317 [INFO] PluginManage:310 - Check plugin pinoutconfig
2025-07-04 13:54:07,390 [WARN] SupportedApi:132 - Cannot load RTOS API schema: s4s-elt-must-match.1: The content of 'definitions' must match (annotation?, (simpleType | complexType)?, (unique | key | keyref)*)). A problem was found starting at: attribute.
2025-07-04 13:54:07,487 [INFO] PluginManage:359 - Loaded plugin pinoutconfig (category:base,tabindex:0)
2025-07-04 13:54:07,487 [INFO] PluginManage:310 - Check plugin power
2025-07-04 13:54:07,493 [INFO] PluginManage:359 - Loaded plugin power (category:power,tabindex:4)
2025-07-04 13:54:07,494 [INFO] PluginManage:310 - Check plugin projectmanager
2025-07-04 13:54:07,507 [INFO] PluginManage:359 - Loaded plugin projectmanager (category:projectmanager,tabindex:4)
2025-07-04 13:54:07,508 [INFO] PluginManage:310 - Check plugin rif
2025-07-04 13:54:07,513 [INFO] PluginManage:359 - Loaded plugin rif (category:base,tabindex:3)
2025-07-04 13:54:07,513 [INFO] PluginManage:310 - Check plugin thirdparty
2025-07-04 13:54:07,610 [INFO] PluginManage:359 - Loaded plugin thirdparty (category:base,tabindex:-1)
2025-07-04 13:54:07,610 [WARN] IntegrityCheckThread:84 - waiting for thirdparty lock release [integrity check]
2025-07-04 13:54:07,610 [INFO] PluginManage:310 - Check plugin tools
2025-07-04 13:54:07,610 [INFO] IntegrityCheckThread:86 - entering critical section [integrity check]
2025-07-04 13:54:07,611 [INFO] ThirdPartyUpdaterWithRetryManager:70 - Updater plugin not ready yet. [1/15]
2025-07-04 13:54:07,613 [INFO] PluginManage:359 - Loaded plugin tools (category:base,tabindex:7)
2025-07-04 13:54:07,613 [INFO] PluginManage:310 - Check plugin tutovideos
2025-07-04 13:54:07,737 [INFO] PluginManage:359 - Loaded plugin tutovideos (category:base,tabindex:-1)
2025-07-04 13:54:07,737 [INFO] PluginManage:310 - Check plugin updater
2025-07-04 13:54:07,752 [INFO] PluginManage:359 - Loaded plugin updater (category:base,tabindex:12)
2025-07-04 13:54:07,752 [INFO] PluginManage:310 - Check plugin userauth
2025-07-04 13:54:07,755 [INFO] UserAuth:118 - Init User Auth plugin
2025-07-04 13:54:07,756 [INFO] PluginManage:359 - Loaded plugin userauth (category:base,tabindex:14)
2025-07-04 13:54:07,756 [INFO] PluginManage:283 - PluginManage : Loaded plugins [18]
2025-07-04 13:54:07,903 [INFO] PinOutPanel:1589 - setPackage(No Configuration,No Configuration)
2025-07-04 13:54:07,969 [INFO] CADModel:165 - CPN selected for project level
2025-07-04 13:54:07,969 [INFO] CADModel:114 - Register for checkConnection events
2025-07-04 13:54:07,981 [INFO] IPUIPlugin:80 - create IPUIPlugin
2025-07-04 13:54:07,981 [INFO] PluginManager:220 - loadIPPluginJar : add adc
2025-07-04 13:54:07,983 [INFO] IPUIPlugin:80 - create IPUIPlugin
2025-07-04 13:54:07,983 [INFO] PluginManager:220 - loadIPPluginJar : add aes
2025-07-04 13:54:07,985 [INFO] IPUIPlugin:80 - create IPUIPlugin
2025-07-04 13:54:07,986 [INFO] PluginManager:220 - loadIPPluginJar : add can
2025-07-04 13:54:07,987 [INFO] IPUIPlugin:80 - create IPUIPlugin
2025-07-04 13:54:07,987 [INFO] PluginManager:220 - loadIPPluginJar : add comp
2025-07-04 13:54:07,989 [INFO] IPUIPlugin:80 - create IPUIPlugin
2025-07-04 13:54:07,989 [INFO] PluginManager:220 - loadIPPluginJar : add cryp
2025-07-04 13:54:07,991 [INFO] IPUIPlugin:80 - create IPUIPlugin
2025-07-04 13:54:07,992 [INFO] PluginManager:220 - loadIPPluginJar : add ddr_ctrl_phy
2025-07-04 13:54:07,994 [INFO] IPUIPlugin:80 - create IPUIPlugin
2025-07-04 13:54:07,994 [INFO] PluginManager:220 - loadIPPluginJar : add dfsdm
2025-07-04 13:54:07,998 [INFO] IPUIPlugin:80 - create IPUIPlugin
2025-07-04 13:54:07,999 [INFO] PluginManager:220 - loadIPPluginJar : add dma
2025-07-04 13:54:08,001 [INFO] IPUIPlugin:80 - create IPUIPlugin
2025-07-04 13:54:08,001 [INFO] PluginManager:220 - loadIPPluginJar : add dma3
2025-07-04 13:54:08,003 [INFO] IPUIPlugin:80 - create IPUIPlugin
2025-07-04 13:54:08,004 [INFO] PluginManager:220 - loadIPPluginJar : add extmemmanager
2025-07-04 13:54:08,005 [INFO] IPUIPlugin:80 - create IPUIPlugin
2025-07-04 13:54:08,005 [INFO] PluginManager:220 - loadIPPluginJar : add fatfs
2025-07-04 13:54:08,008 [INFO] IPUIPlugin:80 - create IPUIPlugin
2025-07-04 13:54:08,009 [INFO] PluginManager:220 - loadIPPluginJar : add fmc
2025-07-04 13:54:08,013 [INFO] IPUIPlugin:80 - create IPUIPlugin
2025-07-04 13:54:08,013 [INFO] PluginManager:220 - loadIPPluginJar : add freertos
2025-07-04 13:54:08,014 [INFO] IPUIPlugin:80 - create IPUIPlugin
2025-07-04 13:54:08,014 [INFO] PluginManager:220 - loadIPPluginJar : add genericplugin
2025-07-04 13:54:08,015 [INFO] IPUIPlugin:80 - create IPUIPlugin
2025-07-04 13:54:08,015 [INFO] PluginManager:220 - loadIPPluginJar : add gfxmmu
2025-07-04 13:54:08,019 [INFO] IPUIPlugin:80 - create IPUIPlugin
2025-07-04 13:54:08,019 [INFO] PluginManager:220 - loadIPPluginJar : add gic
2025-07-04 13:54:08,022 [INFO] IPUIPlugin:80 - create IPUIPlugin
2025-07-04 13:54:08,022 [INFO] PluginManager:220 - loadIPPluginJar : add gpio
2025-07-04 13:54:08,024 [INFO] IPUIPlugin:80 - create IPUIPlugin
2025-07-04 13:54:08,024 [INFO] PluginManager:220 - loadIPPluginJar : add gtzc
2025-07-04 13:54:08,026 [INFO] IPUIPlugin:80 - create IPUIPlugin
2025-07-04 13:54:08,026 [INFO] PluginManager:220 - loadIPPluginJar : add hash
2025-07-04 13:54:08,028 [INFO] IPUIPlugin:80 - create IPUIPlugin
2025-07-04 13:54:08,028 [INFO] PluginManager:220 - loadIPPluginJar : add i2c
2025-07-04 13:54:08,030 [INFO] IPUIPlugin:80 - create IPUIPlugin
2025-07-04 13:54:08,030 [INFO] PluginManager:220 - loadIPPluginJar : add i2s
2025-07-04 13:54:08,033 [INFO] IPUIPlugin:80 - create IPUIPlugin
2025-07-04 13:54:08,033 [INFO] PluginManager:220 - loadIPPluginJar : add i3c
2025-07-04 13:54:08,036 [INFO] IPUIPlugin:80 - create IPUIPlugin
2025-07-04 13:54:08,036 [INFO] PluginManager:220 - loadIPPluginJar : add ipddr
2025-07-04 13:54:08,041 [INFO] IPUIPlugin:80 - create IPUIPlugin
2025-07-04 13:54:08,041 [INFO] PluginManager:220 - loadIPPluginJar : add linkedlist
2025-07-04 13:54:08,043 [INFO] IPUIPlugin:80 - create IPUIPlugin
2025-07-04 13:54:08,043 [INFO] PluginManager:220 - loadIPPluginJar : add lorawan
2025-07-04 13:54:08,044 [INFO] IPUIPlugin:80 - create IPUIPlugin
2025-07-04 13:54:08,045 [INFO] PluginManager:220 - loadIPPluginJar : add ltdc
2025-07-04 13:54:08,049 [INFO] IPUIPlugin:80 - create IPUIPlugin
2025-07-04 13:54:08,049 [INFO] PluginManager:220 - loadIPPluginJar : add mdma
2025-07-04 13:54:08,052 [INFO] IPUIPlugin:80 - create IPUIPlugin
2025-07-04 13:54:08,052 [INFO] PluginManager:220 - loadIPPluginJar : add nvic
2025-07-04 13:54:08,055 [INFO] IPUIPlugin:80 - create IPUIPlugin
2025-07-04 13:54:08,055 [INFO] PluginManager:220 - loadIPPluginJar : add opamp
2025-07-04 13:54:08,057 [INFO] IPUIPlugin:80 - create IPUIPlugin
2025-07-04 13:54:08,057 [INFO] PluginManager:220 - loadIPPluginJar : add openamp
2025-07-04 13:54:08,059 [INFO] IPUIPlugin:80 - create IPUIPlugin
2025-07-04 13:54:08,060 [INFO] PluginManager:220 - loadIPPluginJar : add pdm2pcm
2025-07-04 13:54:08,064 [INFO] IPUIPlugin:80 - create IPUIPlugin
2025-07-04 13:54:08,066 [INFO] PluginManager:220 - loadIPPluginJar : add plateformsettings
2025-07-04 13:54:08,068 [INFO] IPUIPlugin:80 - create IPUIPlugin
2025-07-04 13:54:08,068 [INFO] PluginManager:220 - loadIPPluginJar : add quadspi
2025-07-04 13:54:08,069 [INFO] IPUIPlugin:80 - create IPUIPlugin
2025-07-04 13:54:08,070 [INFO] PluginManager:220 - loadIPPluginJar : add radio
2025-07-04 13:54:08,072 [INFO] IPUIPlugin:80 - create IPUIPlugin
2025-07-04 13:54:08,072 [INFO] PluginManager:220 - loadIPPluginJar : add resmgrutility
2025-07-04 13:54:08,075 [INFO] IPUIPlugin:80 - create IPUIPlugin
2025-07-04 13:54:08,075 [INFO] PluginManager:220 - loadIPPluginJar : add sai
2025-07-04 13:54:08,077 [INFO] IPUIPlugin:80 - create IPUIPlugin
2025-07-04 13:54:08,077 [INFO] PluginManager:220 - loadIPPluginJar : add spi
2025-07-04 13:54:08,084 [INFO] IPUIPlugin:80 - create IPUIPlugin
2025-07-04 13:54:08,084 [INFO] PluginManager:220 - loadIPPluginJar : add stm32_wpan
2025-07-04 13:54:08,085 [INFO] IPUIPlugin:80 - create IPUIPlugin
2025-07-04 13:54:08,086 [INFO] PluginManager:220 - loadIPPluginJar : add tim
2025-07-04 13:54:08,088 [INFO] IPUIPlugin:80 - create IPUIPlugin
2025-07-04 13:54:08,088 [INFO] PluginManager:220 - loadIPPluginJar : add touchsensing
2025-07-04 13:54:08,090 [INFO] IPUIPlugin:80 - create IPUIPlugin
2025-07-04 13:54:08,090 [INFO] PluginManager:220 - loadIPPluginJar : add tracer_emb
2025-07-04 13:54:08,093 [INFO] IPUIPlugin:80 - create IPUIPlugin
2025-07-04 13:54:08,094 [INFO] PluginManager:220 - loadIPPluginJar : add ts
2025-07-04 13:54:08,096 [INFO] IPUIPlugin:80 - create IPUIPlugin
2025-07-04 13:54:08,096 [INFO] PluginManager:220 - loadIPPluginJar : add tsc
2025-07-04 13:54:08,098 [INFO] IPUIPlugin:80 - create IPUIPlugin
2025-07-04 13:54:08,098 [INFO] PluginManager:220 - loadIPPluginJar : add ucpd
2025-07-04 13:54:08,100 [INFO] IPUIPlugin:80 - create IPUIPlugin
2025-07-04 13:54:08,100 [INFO] PluginManager:220 - loadIPPluginJar : add usart
2025-07-04 13:54:08,104 [INFO] IPUIPlugin:80 - create IPUIPlugin
2025-07-04 13:54:08,104 [INFO] PluginManager:220 - loadIPPluginJar : add usbx
2025-07-04 13:54:08,222 [FATAL] Updater:351 - Updater called before beeing initialized
2025-07-04 13:54:08,246 [INFO] RulesReader:64 - Compatibility file has been processed (302 Rules)
2025-07-04 13:54:08,256 [INFO] RulesReader:64 - Compatibility file has been processed (302 Rules)
2025-07-04 13:54:08,262 [INFO] CADModel:165 - CPN selected for project level
2025-07-04 13:54:08,262 [INFO] CADModel:114 - Register for checkConnection events
2025-07-04 13:54:08,262 [FATAL] Updater:351 - Updater called before beeing initialized
2025-07-04 13:54:08,263 [ERROR] CADModel:125 - Updater not yet initialized, retry later 
2025-07-04 13:54:08,357 [FATAL] Updater:351 - Updater called before beeing initialized
2025-07-04 13:54:08,358 [INFO] CADModel:165 - CPN selected for project level
2025-07-04 13:54:08,358 [INFO] CADModel:114 - Register for checkConnection events
2025-07-04 13:54:08,358 [FATAL] Updater:351 - Updater called before beeing initialized
2025-07-04 13:54:08,358 [ERROR] CADModel:125 - Updater not yet initialized, retry later 
2025-07-04 13:54:08,360 [FATAL] Updater:351 - Updater called before beeing initialized
2025-07-04 13:54:08,449 [FATAL] Updater:351 - Updater called before beeing initialized
2025-07-04 13:54:08,452 [INFO] DbMcusAds:53 - JSON generation date=Thu Sep 30 12:25:09 IST 2021 (1632984909247)
2025-07-04 13:54:08,452 [FATAL] Updater:351 - Updater called before beeing initialized
2025-07-04 13:54:08,482 [WARN] DetailPanel:346 - Failed to get advertising image, set to default
2025-07-04 13:54:08,681 [FATAL] Updater:351 - Updater called before beeing initialized
2025-07-04 13:54:08,682 [FATAL] Updater:351 - Updater called before beeing initialized
2025-07-04 13:54:08,682 [FATAL] Updater:351 - Updater called before beeing initialized
2025-07-04 13:54:08,682 [WARN] DetailPanel:346 - Failed to get advertising image, set to default
2025-07-04 13:54:08,683 [FATAL] Updater:351 - Updater called before beeing initialized
2025-07-04 13:54:08,716 [ERROR] Updater:1198 - MainUpdater not yet initialized. External WinMGr cannot be set.
2025-07-04 13:54:08,717 [INFO] Updater:1134 - Updater Version found : 6.14.1
2025-07-04 13:54:08,728 [INFO] ApplicationProperties:184 - Using Application install path: C:\ST\STM32CubeIDE_1.18.1\STM32CubeIDE\plugins\com.st.stm32cube.common.mx_6.14.1.202504091515
2025-07-04 13:54:10,296 [ERROR] LogOutputStream:75 - [STDERR_REDIRECT] Jul 04, 2025 1:54:10 PM java.util.prefs.WindowsPreferences <init>
2025-07-04 13:54:10,298 [ERROR] LogOutputStream:75 - [STDERR_REDIRECT] WARNING: Could not open/create prefs root node Software\JavaSoft\Prefs at root 0xffffffff80000002. Windows RegCreateKeyEx(...) returned error code 5.
2025-07-04 13:54:10,298 [ERROR] LogOutputStream:75 - [STDERR_REDIRECT] 
2025-07-04 13:54:10,612 [INFO] ThirdPartyUpdaterWithRetryManager:70 - Updater plugin not ready yet. [2/15]
2025-07-04 13:54:10,657 [INFO] MainUpdater:2872 - connection check result : 10
2025-07-04 13:54:10,658 [INFO] MainUpdater:289 - Updater Check For Update Now.
2025-07-04 13:54:10,658 [INFO] MicroXplorer:498 - Change Database Version : DB.6.0.141
2025-07-04 13:54:10,661 [INFO] McuFinderGlobals:63 - Set McuFinder mode to 2 (CubeIDE integrated)
2025-07-04 13:54:10,662 [INFO] UserAuth:171 - activating auth plugin
2025-07-04 13:54:10,664 [INFO] UserAuth:484 - Internet connection configuration mode: 1
2025-07-04 13:54:10,681 [INFO] JxBrowserEngine:152 - Initiate JxBrowser Engine with user profile folder
2025-07-04 13:54:10,824 [INFO] CheckServerUpdateThread:120 - End of CheckServer Thread
2025-07-04 13:54:11,230 [INFO] WebApp:169 - Instantiating new browser for Auth
2025-07-04 13:54:11,848 [INFO] WebApp:463 - Apply proxy settings
2025-07-04 13:54:11,848 [INFO] WebApp:548 - Chromium requires no authentication
2025-07-04 13:54:11,855 [INFO] WebApp:491 - Direct internet connection detected
2025-07-04 13:54:11,872 [INFO] WebApp:894 - Register for checkConnection events
2025-07-04 13:54:11,872 [INFO] WebApp:463 - Apply proxy settings
2025-07-04 13:54:11,873 [INFO] WebApp:548 - Chromium requires no authentication
2025-07-04 13:54:11,873 [INFO] WebApp:491 - Direct internet connection detected
2025-07-04 13:54:11,984 [INFO] WebApp:225 - Starting web application
2025-07-04 13:54:11,984 [INFO] WebApp:593 - Web application path used C:\ST\STM32CubeIDE_1.18.1\STM32CubeIDE\plugins\com.st.stm32cube.common.mx_6.14.1.202504091515\db\plugins\mcufinder\reactClient1\index.html
2025-07-04 13:54:12,366 [INFO] WebApp:191 - Connection restablished
2025-07-04 13:54:13,844 [WARN] PackLoader:240 - Cannot read IP mode file for STMicroelectronics.FP-SNS-MOTENVWB1.1.4.0
2025-07-04 13:54:13,854 [WARN] PackLoader:240 - Cannot read IP mode file for STMicroelectronics.FP-ATR-ASTRA1.2.0.2
2025-07-04 13:54:13,864 [WARN] PackLoader:240 - Cannot read IP mode file for STMicroelectronics.X-CUBE-SMBUS.2.1.0
2025-07-04 13:54:13,871 [WARN] PackLoader:240 - Cannot read IP mode file for STMicroelectronics.X-CUBE-ST60.1.0.0
2025-07-04 13:54:13,923 [WARN] PackLoader:240 - Cannot read IP mode file for STMicroelectronics.X-CUBE-AZRTOS-F7.1.1.0
2025-07-04 13:54:13,973 [WARN] PackLoader:240 - Cannot read IP mode file for Infineon.AIROC-Wi-Fi-Bluetooth-STM32.1.7.0
2025-07-04 13:54:13,992 [WARN] PackLoader:240 - Cannot read IP mode file for STMicroelectronics.X-CUBE-DISPLAY.3.0.0
2025-07-04 13:54:14,009 [WARN] PackLoader:240 - Cannot read IP mode file for STMicroelectronics.X-CUBE-NFC10.1.0.0
2025-07-04 13:54:14,029 [WARN] PackLoader:240 - Cannot read IP mode file for STMicroelectronics.X-CUBE-BLEMGR.4.0.0
2025-07-04 13:54:14,040 [WARN] PackLoader:240 - Cannot read IP mode file for emotas.I-CUBE-CANOPEN.1.3.0
2025-07-04 13:54:14,049 [WARN] ConditionMgr:438 - getConditionDescription Invalid condition id : Cortex-A Device cause : null
2025-07-04 13:54:14,064 [WARN] ConditionMgr:1044 - genDependencies : Invalid condition id : Cortex-A Device cause : null
2025-07-04 13:54:14,064 [WARN] ConditionMgr:1044 - genDependencies : Invalid condition id : Cortex-A Device cause : null
2025-07-04 13:54:14,064 [WARN] ConditionMgr:1044 - genDependencies : Invalid condition id : Cortex-A Device cause : null
2025-07-04 13:54:14,071 [WARN] PackLoader:240 - Cannot read IP mode file for STMicroelectronics.FP-SNS-SMARTAG2.1.2.0
2025-07-04 13:54:14,077 [WARN] PackLoader:240 - Cannot read IP mode file for STMicroelectronics.FP-SNS-FLIGHT1.5.1.0
2025-07-04 13:54:14,090 [INFO] LogOutputStream:77 - [STDOUT_REDIRECT] 1 : Invalid condition id : UX_CORESTACK_Condition cause : null
2025-07-04 13:54:14,091 [INFO] LogOutputStream:77 - [STDOUT_REDIRECT] 1 : Invalid condition id : UX_CORESTACK_Condition cause : null
2025-07-04 13:54:14,093 [INFO] LogOutputStream:77 - [STDOUT_REDIRECT] 1 : Invalid condition id : UX_CORESTACK_Condition cause : null
2025-07-04 13:54:14,095 [INFO] LogOutputStream:77 - [STDOUT_REDIRECT] 1 : Invalid condition id : UX_CORESTACK_Condition cause : null
2025-07-04 13:54:14,096 [INFO] LogOutputStream:77 - [STDOUT_REDIRECT] 1 : Invalid condition id : UX_CORESTACK_Condition cause : null
2025-07-04 13:54:14,101 [WARN] PackLoader:240 - Cannot read IP mode file for STMicroelectronics.X-CUBE-AZRTOS-WL.2.0.0
2025-07-04 13:54:14,108 [WARN] PackLoader:240 - Cannot read IP mode file for STMicroelectronics.FP-SNS-MOTENV1.5.0.0
2025-07-04 13:54:14,133 [WARN] PackLoader:240 - Cannot read IP mode file for WES.I-CUBE-Cesium.1.3.0
2025-07-04 13:54:14,140 [WARN] PackLoader:240 - Cannot read IP mode file for STMicroelectronics.X-CUBE-BLE2.3.3.0
2025-07-04 13:54:14,149 [WARN] PackLoader:240 - Cannot read IP mode file for STMicroelectronics.X-CUBE-NFC9.1.0.0
2025-07-04 13:54:14,157 [WARN] PackLoader:240 - Cannot read IP mode file for wolfSSL.I-CUBE-wolfSSL.5.8.0
2025-07-04 13:54:14,163 [WARN] PackLoader:240 - Cannot read IP mode file for STMicroelectronics.X-CUBE-BLE1.7.1.0
2025-07-04 13:54:14,167 [WARN] PackLoader:240 - Cannot read IP mode file for wolfSSL.I-CUBE-wolfMQTT.1.19.2
2025-07-04 13:54:14,173 [WARN] PackLoader:240 - Cannot read IP mode file for STMicroelectronics.X-CUBE-AI.10.1.0
2025-07-04 13:54:14,195 [WARN] PackLoader:240 - Cannot read IP mode file for STMicroelectronics.X-CUBE-AZRTOS-G0.1.1.0
2025-07-04 13:54:14,205 [WARN] PackLoader:240 - Cannot read IP mode file for STMicroelectronics.X-CUBE-SAFEA1.1.2.2
2025-07-04 13:54:14,214 [WARN] PackLoader:240 - Cannot read IP mode file for STMicroelectronics.X-CUBE-NFC4.3.0.0
2025-07-04 13:54:14,225 [WARN] PackLoader:240 - Cannot read IP mode file for EmbeddedOffice.I-CUBE-FS-RTOS.1.0.1
2025-07-04 13:54:14,234 [WARN] PackLoader:240 - Cannot read IP mode file for STMicroelectronics.X-CUBE-WB05N.2.0.0
2025-07-04 13:54:14,242 [WARN] PackLoader:240 - Cannot read IP mode file for wolfSSL.I-CUBE-wolfTPM.3.8.0
2025-07-04 13:54:14,250 [WARN] PackLoader:240 - Cannot read IP mode file for STMicroelectronics.X-CUBE-TCPP.4.2.0
2025-07-04 13:54:14,258 [WARN] PackLoader:240 - Cannot read IP mode file for RealThread.X-CUBE-RT-Thread_Nano.4.1.1
2025-07-04 13:54:14,264 [WARN] PackLoader:240 - Cannot read IP mode file for STMicroelectronics.FP-ATR-SIGFOX1.3.2.0
2025-07-04 13:54:14,272 [WARN] PackLoader:240 - Cannot read IP mode file for STMicroelectronics.X-CUBE-EEPRMA1.5.1.0
2025-07-04 13:54:14,281 [WARN] PackLoader:240 - Cannot read IP mode file for ITTIA_DB.I-CUBE-ITTIADB.8.9.0
2025-07-04 13:54:14,286 [WARN] PackLoader:240 - Cannot read IP mode file for STMicroelectronics.X-CUBE-ST67W61.1.0.0
2025-07-04 13:54:14,313 [WARN] PackLoader:240 - Cannot read IP mode file for SEGGER.I-CUBE-embOS.1.3.1
2025-07-04 13:54:14,358 [WARN] PackLoader:240 - Cannot read IP mode file for STMicroelectronics.X-CUBE-ALGOBUILD.1.4.0
2025-07-04 13:54:14,408 [WARN] PackLoader:240 - Cannot read IP mode file for STMicroelectronics.X-CUBE-MEMS1.11.3.0
2025-07-04 13:54:14,587 [WARN] PackLoader:240 - Cannot read IP mode file for STMicroelectronics.X-CUBE-PM33A1.1.0.0
2025-07-04 13:54:14,603 [WARN] PackLoader:240 - Cannot read IP mode file for STMicroelectronics.X-CUBE-AZRTOS-F4.1.1.0
2025-07-04 13:54:14,608 [WARN] PackLoader:240 - Cannot read IP mode file for Avnet-IotConnect.X-CUBE-IoTC-DA16k-PMOD.1.0.0
2025-07-04 13:54:14,616 [WARN] PackLoader:240 - Cannot read IP mode file for STMicroelectronics.X-CUBE-ISPU.2.1.0
2025-07-04 13:54:14,632 [WARN] PackLoader:240 - Cannot read IP mode file for STMicroelectronics.X-CUBE-AZRTOS-L5.2.0.0
2025-07-04 13:54:14,641 [WARN] PackLoader:240 - Cannot read IP mode file for STMicroelectronics.X-CUBE-NFC6.3.1.0
2025-07-04 13:54:14,647 [WARN] PackLoader:240 - Cannot read IP mode file for STMicroelectronics.X-CUBE-FREERTOS.1.3.1
2025-07-04 13:54:14,652 [WARN] PackLoader:240 - Cannot read IP mode file for STMicroelectronics.FP-SNS-STAIOTCFT.1.0.0
2025-07-04 13:54:14,656 [WARN] PackLoader:240 - Cannot read IP mode file for STMicroelectronics.X-CUBE-DPower.1.3.0
2025-07-04 13:54:14,674 [WARN] ConditionMgr:438 - getConditionDescription Invalid condition id : LAN8742 Phy interface Condition cause : null
2025-07-04 13:54:14,675 [WARN] PackLoader:240 - Cannot read IP mode file for STMicroelectronics.X-CUBE-AZRTOS-L4.2.0.0
2025-07-04 13:54:14,676 [WARN] ConditionMgr:1044 - genDependencies : Invalid condition id : LAN8742 Phy interface Condition cause : null
2025-07-04 13:54:14,677 [WARN] ConditionMgr:1044 - genDependencies : Invalid condition id : LAN8742 Phy interface Condition cause : null
2025-07-04 13:54:14,678 [WARN] ConditionMgr:1044 - genDependencies : Invalid condition id : LAN8742 Phy interface Condition cause : null
2025-07-04 13:54:14,686 [WARN] PackLoader:240 - Cannot read IP mode file for STMicroelectronics.X-CUBE-SFXS2LP1.4.0.0
2025-07-04 13:54:14,708 [WARN] PackLoader:240 - Cannot read IP mode file for STMicroelectronics.X-CUBE-AZRTOS-H7.3.3.0
2025-07-04 13:54:14,718 [WARN] ConditionMgr:438 - getConditionDescription Invalid condition id : UX DEVICE CLASS RTOS Condition cause : null
2025-07-04 13:54:14,719 [WARN] ConditionMgr:438 - getConditionDescription Invalid condition id : UX DEVICE CLASS RTOS Condition cause : null
2025-07-04 13:54:14,720 [WARN] PackLoader:240 - Cannot read IP mode file for STMicroelectronics.X-CUBE-AZRTOS-WB.2.0.0
2025-07-04 13:54:14,720 [WARN] ConditionMgr:1044 - genDependencies : Invalid condition id : UX DEVICE CLASS RTOS Condition cause : null
2025-07-04 13:54:14,720 [WARN] ConditionMgr:1044 - genDependencies : Invalid condition id : UX DEVICE CLASS RTOS Condition cause : null
2025-07-04 13:54:14,721 [WARN] ConditionMgr:1044 - genDependencies : Invalid condition id : UX DEVICE CLASS RTOS Condition cause : null
2025-07-04 13:54:14,721 [WARN] ConditionMgr:1044 - genDependencies : Invalid condition id : UX DEVICE CLASS RTOS Condition cause : null
2025-07-04 13:54:14,721 [WARN] ConditionMgr:1044 - genDependencies : Invalid condition id : UX DEVICE CLASS RTOS Condition cause : null
2025-07-04 13:54:14,727 [WARN] PackLoader:240 - Cannot read IP mode file for STMicroelectronics.X-CUBE-GNSS1.7.0.1
2025-07-04 13:54:14,734 [WARN] PackLoader:240 - Cannot read IP mode file for STMicroelectronics.X-CUBE-TOUCHGFX.4.25.0
2025-07-04 13:54:14,739 [WARN] PackLoader:240 - Cannot read IP mode file for STMicroelectronics.FP-SNS-STBOX1.2.0.0
2025-07-04 13:54:14,749 [WARN] PackLoader:240 - Cannot read IP mode file for STMicroelectronics.X-CUBE-SUBG2.5.0.0
2025-07-04 13:54:14,765 [WARN] PackLoader:240 - Cannot read IP mode file for STMicroelectronics.X-CUBE-AZRTOS-H7RS.1.1.0
2025-07-04 13:54:14,771 [WARN] PackLoader:240 - Cannot read IP mode file for Cesanta.I-CUBE-Mongoose.7.13.0
2025-07-04 13:54:14,783 [WARN] PackLoader:240 - Cannot read IP mode file for STMicroelectronics.X-CUBE-AZRTOS-G4.2.0.0
2025-07-04 13:54:14,788 [WARN] PackLoader:240 - Cannot read IP mode file for wolfSSL.I-CUBE-wolfSSH.1.4.20
2025-07-04 13:54:14,792 [WARN] PackLoader:240 - Cannot read IP mode file for STMicroelectronics.X-CUBE-NFC7.2.0.0
2025-07-04 13:54:14,804 [WARN] PackLoader:240 - Cannot read IP mode file for STMicroelectronics.X-CUBE-IPS.3.1.0
2025-07-04 13:54:14,813 [WARN] PackLoader:240 - Cannot read IP mode file for STMicroelectronics.X-CUBE-ALS.1.0.2
2025-07-04 13:54:14,818 [WARN] PackLoader:240 - Cannot read IP mode file for portGmbH.I-Cube-SoM-uGOAL.1.1.0
2025-07-04 13:54:14,827 [WARN] PackLoader:240 - Cannot read IP mode file for STMicroelectronics.X-CUBE-TOF1.3.4.3
2025-07-04 13:54:14,837 [INFO] ThirdParty:978 - Integrity check success = true
2025-07-04 13:54:14,837 [INFO] IntegrityCheckThread:100 - exiting critical section [integrity check]
2025-07-04 13:54:14,837 [INFO] IntegrityCheckThread:103 - End integrity checks thread
2025-07-04 13:54:27,463 [ERROR] LogOutputStream:75 - [STDERR_REDIRECT] 
2025-07-04 13:56:52,421 [INFO] Activator:176 - 


2025-07-04 13:56:52,421 [INFO] Activator:177 - !SESSION log4j initialized
2025-07-04 13:56:55,606 [INFO] LogOutputStream:77 - [STDOUT_REDIRECT] 
2025-07-04 13:56:57,298 [INFO] ApplicationProperties:184 - Using Application install path: C:\ST\STM32CubeIDE_1.18.1\STM32CubeIDE\plugins\com.st.stm32cube.common.mx_6.14.1.202504091515
2025-07-04 13:56:57,310 [INFO] DbMcusXml:78 - Set database path to: C:\ST\STM32CubeIDE_1.18.1\STM32CubeIDE\plugins\com.st.stm32cube.common.mx_6.14.1.202504091515\\db\/mcu/
2025-07-04 13:56:57,311 [INFO] ApiDb:274 - Set plugin database path to: C:\ST\STM32CubeIDE_1.18.1\STM32CubeIDE\plugins\com.st.stm32cube.common.mx_6.14.1.202504091515\\db\/plugins/boardmanager/
2025-07-04 13:56:57,311 [WARN] ApiDb:259 - Overriding images path with different value:  => C:\ST\STM32CubeIDE_1.18.1\STM32CubeIDE\plugins\com.st.stm32cube.common.mx_6.14.1.202504091515\\db\/plugins/mcufinder/images/
2025-07-04 13:56:57,315 [INFO] ApiDb:250 - Set database path to: C:\Users\Shashank\.stmcufinder\plugins\mcufinder//mcu/
2025-07-04 13:56:57,316 [INFO] DbMcusAds:125 - Set database path to: C:\Users\Shashank\.stmcufinder\plugins\mcufinder//mcu/
2025-07-04 13:56:57,318 [INFO] CrossReferenceDbSqlite:203 - Set database path to: C:\Users\Shashank\.stmcufinder\plugins\mcufinder//mcu/cs/
2025-07-04 13:56:57,400 [INFO] RulesReader:64 - Compatibility file has been processed (302 Rules)
2025-07-04 13:56:57,459 [INFO] DbMcusXml:78 - Set database path to: C:\ST\STM32CubeIDE_1.18.1\STM32CubeIDE\plugins\com.st.stm32cube.common.mx_6.14.1.202504091515\\db\/mcu/
2025-07-04 13:56:57,459 [INFO] ApiDb:274 - Set plugin database path to: C:\ST\STM32CubeIDE_1.18.1\STM32CubeIDE\plugins\com.st.stm32cube.common.mx_6.14.1.202504091515\\db\/plugins/boardmanager/
2025-07-04 13:56:57,459 [INFO] ApiDb:261 - Set plugin images path to: C:\ST\STM32CubeIDE_1.18.1\STM32CubeIDE\plugins\com.st.stm32cube.common.mx_6.14.1.202504091515\\db\/plugins/mcufinder/images/
2025-07-04 13:56:57,459 [WARN] DbFile:41 - Overriding database path with different value: C:\Users\Shashank\.stmcufinder\plugins\mcufinder/ => C:\Users\Shashank\.stmcufinder\plugins\mcufinder
2025-07-04 13:56:57,459 [INFO] ApiDb:250 - Set database path to: C:\Users\Shashank\.stmcufinder\plugins\mcufinder//mcu/
2025-07-04 13:56:57,459 [WARN] DbFile:41 - Overriding database path with different value: C:\Users\Shashank\.stmcufinder\plugins\mcufinder/ => C:\Users\Shashank\.stmcufinder\plugins\mcufinder
2025-07-04 13:56:57,459 [INFO] DbMcusAds:125 - Set database path to: C:\Users\Shashank\.stmcufinder\plugins\mcufinder//mcu/
2025-07-04 13:56:57,459 [WARN] DbFile:41 - Overriding database path with different value: C:\Users\Shashank\.stmcufinder\plugins\mcufinder/ => C:\Users\Shashank\.stmcufinder\plugins\mcufinder
2025-07-04 13:56:57,459 [WARN] DbFile:41 - Overriding database path with different value: C:\Users\Shashank\.stmcufinder\plugins\mcufinder/ => C:\Users\Shashank\.stmcufinder\plugins\mcufinder
2025-07-04 13:56:57,459 [INFO] CrossReferenceDbSqlite:203 - Set database path to: C:\Users\Shashank\.stmcufinder\plugins\mcufinder//mcu/cs/
2025-07-04 13:56:57,522 [INFO] MainPanel:272 - HeapMemory: 268435456
2025-07-04 13:56:57,589 [INFO] DbMcusXml:78 - Set database path to: C:\ST\STM32CubeIDE_1.18.1\STM32CubeIDE\plugins\com.st.stm32cube.common.mx_6.14.1.202504091515\\db\/mcu/
2025-07-04 13:56:57,589 [INFO] ApiDb:274 - Set plugin database path to: C:\ST\STM32CubeIDE_1.18.1\STM32CubeIDE\plugins\com.st.stm32cube.common.mx_6.14.1.202504091515\\db\/plugins/boardmanager/
2025-07-04 13:56:57,589 [INFO] ApiDb:261 - Set plugin images path to: C:\ST\STM32CubeIDE_1.18.1\STM32CubeIDE\plugins\com.st.stm32cube.common.mx_6.14.1.202504091515\\db\/plugins/mcufinder/images/
2025-07-04 13:56:57,589 [WARN] DbFile:41 - Overriding database path with different value: C:\Users\Shashank\.stmcufinder\plugins\mcufinder/ => C:\Users\Shashank\.stmcufinder\plugins\mcufinder
2025-07-04 13:56:57,589 [INFO] ApiDb:250 - Set database path to: C:\Users\Shashank\.stmcufinder\plugins\mcufinder//mcu/
2025-07-04 13:56:57,589 [WARN] DbFile:41 - Overriding database path with different value: C:\Users\Shashank\.stmcufinder\plugins\mcufinder/ => C:\Users\Shashank\.stmcufinder\plugins\mcufinder
2025-07-04 13:56:57,589 [INFO] DbMcusAds:125 - Set database path to: C:\Users\Shashank\.stmcufinder\plugins\mcufinder//mcu/
2025-07-04 13:56:57,590 [WARN] DbFile:41 - Overriding database path with different value: C:\Users\Shashank\.stmcufinder\plugins\mcufinder/ => C:\Users\Shashank\.stmcufinder\plugins\mcufinder
2025-07-04 13:56:57,590 [WARN] DbFile:41 - Overriding database path with different value: C:\Users\Shashank\.stmcufinder\plugins\mcufinder/ => C:\Users\Shashank\.stmcufinder\plugins\mcufinder
2025-07-04 13:56:57,590 [INFO] CrossReferenceDbSqlite:203 - Set database path to: C:\Users\Shashank\.stmcufinder\plugins\mcufinder//mcu/cs/
2025-07-04 13:56:57,613 [INFO] ApplicationProperties:184 - Using Application install path: C:\ST\STM32CubeIDE_1.18.1\STM32CubeIDE\plugins\com.st.stm32cube.common.mx_6.14.1.202504091515
2025-07-04 13:56:57,614 [INFO] PluginManage:196 - Search for loadable plugins [exclusion list=, ]
2025-07-04 13:56:57,615 [INFO] PluginManage:310 - Check plugin analytics
2025-07-04 13:56:57,778 [INFO] AnalyticsPlugin:253 - Accepted Software Licenses: 
2025-07-04 13:56:57,779 [INFO] AnalyticsPlugin:255 - Accepted CMSIS Pack Licenses: 
2025-07-04 13:56:57,779 [INFO] AnalyticsPlugin:257 - Accepted Firmware Licenses: 
2025-07-04 13:56:57,782 [INFO] PluginManage:359 - Loaded plugin analytics (category:tool,tabindex:-1)
2025-07-04 13:56:57,783 [INFO] PluginManage:310 - Check plugin cadmodel
2025-07-04 13:56:57,787 [INFO] CADModel:105 - Init CAD model plugin
2025-07-04 13:56:57,787 [INFO] PluginManage:359 - Loaded plugin cadmodel (category:power,tabindex:5)
2025-07-04 13:56:57,787 [INFO] PluginManage:310 - Check plugin clock
2025-07-04 13:56:57,795 [INFO] PluginManage:359 - Loaded plugin clock (category:base,tabindex:2)
2025-07-04 13:56:57,795 [INFO] PluginManage:310 - Check plugin ddr
2025-07-04 13:56:57,797 [INFO] PluginManage:359 - Loaded plugin ddr (category:tool,tabindex:6)
2025-07-04 13:56:57,797 [INFO] PluginManage:310 - Check plugin filemanager
2025-07-04 13:56:57,944 [INFO] PluginManage:359 - Loaded plugin filemanager (category:base,tabindex:10)
2025-07-04 13:56:57,944 [INFO] PluginManage:310 - Check plugin ipmanager
2025-07-04 13:56:57,951 [INFO] PluginManage:359 - Loaded plugin ipmanager (category:base,tabindex:5)
2025-07-04 13:56:57,952 [INFO] PluginManage:310 - Check plugin lpbam
2025-07-04 13:56:57,960 [INFO] PluginManage:359 - Loaded plugin lpbam (category:base,tabindex:0)
2025-07-04 13:56:57,960 [INFO] PluginManage:310 - Check plugin memorymap
2025-07-04 13:56:57,987 [INFO] PluginManage:359 - Loaded plugin memorymap (category:base,tabindex:4)
2025-07-04 13:56:57,987 [INFO] PluginManage:310 - Check plugin pinoutandconfiguration
2025-07-04 13:56:57,994 [INFO] PluginManage:359 - Loaded plugin pinoutandconfiguration (category:base,tabindex:1)
2025-07-04 13:56:57,994 [INFO] PluginManage:310 - Check plugin pinoutconfig
2025-07-04 13:56:58,065 [WARN] SupportedApi:132 - Cannot load RTOS API schema: s4s-elt-must-match.1: The content of 'definitions' must match (annotation?, (simpleType | complexType)?, (unique | key | keyref)*)). A problem was found starting at: attribute.
2025-07-04 13:56:58,155 [INFO] PluginManage:359 - Loaded plugin pinoutconfig (category:base,tabindex:0)
2025-07-04 13:56:58,155 [INFO] PluginManage:310 - Check plugin power
2025-07-04 13:56:58,161 [INFO] PluginManage:359 - Loaded plugin power (category:power,tabindex:4)
2025-07-04 13:56:58,161 [INFO] PluginManage:310 - Check plugin projectmanager
2025-07-04 13:56:58,173 [INFO] PluginManage:359 - Loaded plugin projectmanager (category:projectmanager,tabindex:4)
2025-07-04 13:56:58,173 [INFO] PluginManage:310 - Check plugin rif
2025-07-04 13:56:58,177 [INFO] PluginManage:359 - Loaded plugin rif (category:base,tabindex:3)
2025-07-04 13:56:58,178 [INFO] PluginManage:310 - Check plugin thirdparty
2025-07-04 13:56:58,257 [INFO] PluginManage:359 - Loaded plugin thirdparty (category:base,tabindex:-1)
2025-07-04 13:56:58,257 [WARN] IntegrityCheckThread:84 - waiting for thirdparty lock release [integrity check]
2025-07-04 13:56:58,257 [INFO] PluginManage:310 - Check plugin tools
2025-07-04 13:56:58,257 [INFO] IntegrityCheckThread:86 - entering critical section [integrity check]
2025-07-04 13:56:58,257 [INFO] ThirdPartyUpdaterWithRetryManager:70 - Updater plugin not ready yet. [1/15]
2025-07-04 13:56:58,260 [INFO] PluginManage:359 - Loaded plugin tools (category:base,tabindex:7)
2025-07-04 13:56:58,260 [INFO] PluginManage:310 - Check plugin tutovideos
2025-07-04 13:56:58,369 [INFO] PluginManage:359 - Loaded plugin tutovideos (category:base,tabindex:-1)
2025-07-04 13:56:58,370 [INFO] PluginManage:310 - Check plugin updater
2025-07-04 13:56:58,385 [INFO] PluginManage:359 - Loaded plugin updater (category:base,tabindex:12)
2025-07-04 13:56:58,385 [INFO] PluginManage:310 - Check plugin userauth
2025-07-04 13:56:58,388 [INFO] UserAuth:118 - Init User Auth plugin
2025-07-04 13:56:58,389 [INFO] PluginManage:359 - Loaded plugin userauth (category:base,tabindex:14)
2025-07-04 13:56:58,389 [INFO] PluginManage:283 - PluginManage : Loaded plugins [18]
2025-07-04 13:56:58,537 [INFO] PinOutPanel:1589 - setPackage(No Configuration,No Configuration)
2025-07-04 13:56:58,603 [INFO] CADModel:165 - CPN selected for project level
2025-07-04 13:56:58,604 [INFO] CADModel:114 - Register for checkConnection events
2025-07-04 13:56:58,615 [INFO] IPUIPlugin:80 - create IPUIPlugin
2025-07-04 13:56:58,616 [INFO] PluginManager:220 - loadIPPluginJar : add adc
2025-07-04 13:56:58,618 [INFO] IPUIPlugin:80 - create IPUIPlugin
2025-07-04 13:56:58,618 [INFO] PluginManager:220 - loadIPPluginJar : add aes
2025-07-04 13:56:58,621 [INFO] IPUIPlugin:80 - create IPUIPlugin
2025-07-04 13:56:58,621 [INFO] PluginManager:220 - loadIPPluginJar : add can
2025-07-04 13:56:58,622 [INFO] IPUIPlugin:80 - create IPUIPlugin
2025-07-04 13:56:58,622 [INFO] PluginManager:220 - loadIPPluginJar : add comp
2025-07-04 13:56:58,624 [INFO] IPUIPlugin:80 - create IPUIPlugin
2025-07-04 13:56:58,624 [INFO] PluginManager:220 - loadIPPluginJar : add cryp
2025-07-04 13:56:58,626 [INFO] IPUIPlugin:80 - create IPUIPlugin
2025-07-04 13:56:58,626 [INFO] PluginManager:220 - loadIPPluginJar : add ddr_ctrl_phy
2025-07-04 13:56:58,629 [INFO] IPUIPlugin:80 - create IPUIPlugin
2025-07-04 13:56:58,629 [INFO] PluginManager:220 - loadIPPluginJar : add dfsdm
2025-07-04 13:56:58,633 [INFO] IPUIPlugin:80 - create IPUIPlugin
2025-07-04 13:56:58,633 [INFO] PluginManager:220 - loadIPPluginJar : add dma
2025-07-04 13:56:58,636 [INFO] IPUIPlugin:80 - create IPUIPlugin
2025-07-04 13:56:58,636 [INFO] PluginManager:220 - loadIPPluginJar : add dma3
2025-07-04 13:56:58,639 [INFO] IPUIPlugin:80 - create IPUIPlugin
2025-07-04 13:56:58,639 [INFO] PluginManager:220 - loadIPPluginJar : add extmemmanager
2025-07-04 13:56:58,640 [INFO] IPUIPlugin:80 - create IPUIPlugin
2025-07-04 13:56:58,640 [INFO] PluginManager:220 - loadIPPluginJar : add fatfs
2025-07-04 13:56:58,644 [INFO] IPUIPlugin:80 - create IPUIPlugin
2025-07-04 13:56:58,644 [INFO] PluginManager:220 - loadIPPluginJar : add fmc
2025-07-04 13:56:58,649 [INFO] IPUIPlugin:80 - create IPUIPlugin
2025-07-04 13:56:58,649 [INFO] PluginManager:220 - loadIPPluginJar : add freertos
2025-07-04 13:56:58,651 [INFO] IPUIPlugin:80 - create IPUIPlugin
2025-07-04 13:56:58,651 [INFO] PluginManager:220 - loadIPPluginJar : add genericplugin
2025-07-04 13:56:58,654 [INFO] IPUIPlugin:80 - create IPUIPlugin
2025-07-04 13:56:58,654 [INFO] PluginManager:220 - loadIPPluginJar : add gfxmmu
2025-07-04 13:56:58,657 [INFO] IPUIPlugin:80 - create IPUIPlugin
2025-07-04 13:56:58,658 [INFO] PluginManager:220 - loadIPPluginJar : add gic
2025-07-04 13:56:58,661 [INFO] IPUIPlugin:80 - create IPUIPlugin
2025-07-04 13:56:58,661 [INFO] PluginManager:220 - loadIPPluginJar : add gpio
2025-07-04 13:56:58,663 [INFO] IPUIPlugin:80 - create IPUIPlugin
2025-07-04 13:56:58,663 [INFO] PluginManager:220 - loadIPPluginJar : add gtzc
2025-07-04 13:56:58,667 [INFO] IPUIPlugin:80 - create IPUIPlugin
2025-07-04 13:56:58,667 [INFO] PluginManager:220 - loadIPPluginJar : add hash
2025-07-04 13:56:58,669 [INFO] IPUIPlugin:80 - create IPUIPlugin
2025-07-04 13:56:58,670 [INFO] PluginManager:220 - loadIPPluginJar : add i2c
2025-07-04 13:56:58,673 [INFO] IPUIPlugin:80 - create IPUIPlugin
2025-07-04 13:56:58,673 [INFO] PluginManager:220 - loadIPPluginJar : add i2s
2025-07-04 13:56:58,676 [INFO] IPUIPlugin:80 - create IPUIPlugin
2025-07-04 13:56:58,676 [INFO] PluginManager:220 - loadIPPluginJar : add i3c
2025-07-04 13:56:58,679 [INFO] IPUIPlugin:80 - create IPUIPlugin
2025-07-04 13:56:58,679 [INFO] PluginManager:220 - loadIPPluginJar : add ipddr
2025-07-04 13:56:58,684 [INFO] IPUIPlugin:80 - create IPUIPlugin
2025-07-04 13:56:58,684 [INFO] PluginManager:220 - loadIPPluginJar : add linkedlist
2025-07-04 13:56:58,687 [INFO] IPUIPlugin:80 - create IPUIPlugin
2025-07-04 13:56:58,687 [INFO] PluginManager:220 - loadIPPluginJar : add lorawan
2025-07-04 13:56:58,689 [INFO] IPUIPlugin:80 - create IPUIPlugin
2025-07-04 13:56:58,689 [INFO] PluginManager:220 - loadIPPluginJar : add ltdc
2025-07-04 13:56:58,693 [INFO] IPUIPlugin:80 - create IPUIPlugin
2025-07-04 13:56:58,694 [INFO] PluginManager:220 - loadIPPluginJar : add mdma
2025-07-04 13:56:58,698 [INFO] IPUIPlugin:80 - create IPUIPlugin
2025-07-04 13:56:58,698 [INFO] PluginManager:220 - loadIPPluginJar : add nvic
2025-07-04 13:56:58,701 [INFO] IPUIPlugin:80 - create IPUIPlugin
2025-07-04 13:56:58,701 [INFO] PluginManager:220 - loadIPPluginJar : add opamp
2025-07-04 13:56:58,705 [INFO] IPUIPlugin:80 - create IPUIPlugin
2025-07-04 13:56:58,705 [INFO] PluginManager:220 - loadIPPluginJar : add openamp
2025-07-04 13:56:58,708 [INFO] IPUIPlugin:80 - create IPUIPlugin
2025-07-04 13:56:58,708 [INFO] PluginManager:220 - loadIPPluginJar : add pdm2pcm
2025-07-04 13:56:58,714 [INFO] IPUIPlugin:80 - create IPUIPlugin
2025-07-04 13:56:58,716 [INFO] PluginManager:220 - loadIPPluginJar : add plateformsettings
2025-07-04 13:56:58,718 [INFO] IPUIPlugin:80 - create IPUIPlugin
2025-07-04 13:56:58,718 [INFO] PluginManager:220 - loadIPPluginJar : add quadspi
2025-07-04 13:56:58,719 [INFO] IPUIPlugin:80 - create IPUIPlugin
2025-07-04 13:56:58,720 [INFO] PluginManager:220 - loadIPPluginJar : add radio
2025-07-04 13:56:58,723 [INFO] IPUIPlugin:80 - create IPUIPlugin
2025-07-04 13:56:58,723 [INFO] PluginManager:220 - loadIPPluginJar : add resmgrutility
2025-07-04 13:56:58,726 [INFO] IPUIPlugin:80 - create IPUIPlugin
2025-07-04 13:56:58,726 [INFO] PluginManager:220 - loadIPPluginJar : add sai
2025-07-04 13:56:58,729 [INFO] IPUIPlugin:80 - create IPUIPlugin
2025-07-04 13:56:58,729 [INFO] PluginManager:220 - loadIPPluginJar : add spi
2025-07-04 13:56:58,735 [INFO] IPUIPlugin:80 - create IPUIPlugin
2025-07-04 13:56:58,736 [INFO] PluginManager:220 - loadIPPluginJar : add stm32_wpan
2025-07-04 13:56:58,737 [INFO] IPUIPlugin:80 - create IPUIPlugin
2025-07-04 13:56:58,737 [INFO] PluginManager:220 - loadIPPluginJar : add tim
2025-07-04 13:56:58,740 [INFO] IPUIPlugin:80 - create IPUIPlugin
2025-07-04 13:56:58,740 [INFO] PluginManager:220 - loadIPPluginJar : add touchsensing
2025-07-04 13:56:58,743 [INFO] IPUIPlugin:80 - create IPUIPlugin
2025-07-04 13:56:58,743 [INFO] PluginManager:220 - loadIPPluginJar : add tracer_emb
2025-07-04 13:56:58,745 [INFO] IPUIPlugin:80 - create IPUIPlugin
2025-07-04 13:56:58,746 [INFO] PluginManager:220 - loadIPPluginJar : add ts
2025-07-04 13:56:58,747 [INFO] IPUIPlugin:80 - create IPUIPlugin
2025-07-04 13:56:58,747 [INFO] PluginManager:220 - loadIPPluginJar : add tsc
2025-07-04 13:56:58,749 [INFO] IPUIPlugin:80 - create IPUIPlugin
2025-07-04 13:56:58,749 [INFO] PluginManager:220 - loadIPPluginJar : add ucpd
2025-07-04 13:56:58,752 [INFO] IPUIPlugin:80 - create IPUIPlugin
2025-07-04 13:56:58,752 [INFO] PluginManager:220 - loadIPPluginJar : add usart
2025-07-04 13:56:58,755 [INFO] IPUIPlugin:80 - create IPUIPlugin
2025-07-04 13:56:58,756 [INFO] PluginManager:220 - loadIPPluginJar : add usbx
2025-07-04 13:56:58,894 [FATAL] Updater:351 - Updater called before beeing initialized
2025-07-04 13:56:58,928 [INFO] RulesReader:64 - Compatibility file has been processed (302 Rules)
2025-07-04 13:56:58,935 [INFO] RulesReader:64 - Compatibility file has been processed (302 Rules)
2025-07-04 13:56:58,941 [INFO] CADModel:165 - CPN selected for project level
2025-07-04 13:56:58,942 [INFO] CADModel:114 - Register for checkConnection events
2025-07-04 13:56:58,942 [FATAL] Updater:351 - Updater called before beeing initialized
2025-07-04 13:56:58,942 [ERROR] CADModel:125 - Updater not yet initialized, retry later 
2025-07-04 13:56:59,045 [FATAL] Updater:351 - Updater called before beeing initialized
2025-07-04 13:56:59,046 [INFO] CADModel:165 - CPN selected for project level
2025-07-04 13:56:59,047 [INFO] CADModel:114 - Register for checkConnection events
2025-07-04 13:56:59,047 [FATAL] Updater:351 - Updater called before beeing initialized
2025-07-04 13:56:59,047 [ERROR] CADModel:125 - Updater not yet initialized, retry later 
2025-07-04 13:56:59,049 [FATAL] Updater:351 - Updater called before beeing initialized
2025-07-04 13:56:59,142 [FATAL] Updater:351 - Updater called before beeing initialized
2025-07-04 13:56:59,145 [INFO] DbMcusAds:53 - JSON generation date=Thu Sep 30 12:25:09 IST 2021 (1632984909247)
2025-07-04 13:56:59,146 [FATAL] Updater:351 - Updater called before beeing initialized
2025-07-04 13:56:59,174 [WARN] DetailPanel:346 - Failed to get advertising image, set to default
2025-07-04 13:56:59,384 [FATAL] Updater:351 - Updater called before beeing initialized
2025-07-04 13:56:59,385 [FATAL] Updater:351 - Updater called before beeing initialized
2025-07-04 13:56:59,386 [FATAL] Updater:351 - Updater called before beeing initialized
2025-07-04 13:56:59,386 [WARN] DetailPanel:346 - Failed to get advertising image, set to default
2025-07-04 13:56:59,386 [FATAL] Updater:351 - Updater called before beeing initialized
2025-07-04 13:56:59,422 [ERROR] Updater:1198 - MainUpdater not yet initialized. External WinMGr cannot be set.
2025-07-04 13:56:59,424 [INFO] Updater:1134 - Updater Version found : 6.14.1
2025-07-04 13:56:59,434 [INFO] ApplicationProperties:184 - Using Application install path: C:\ST\STM32CubeIDE_1.18.1\STM32CubeIDE\plugins\com.st.stm32cube.common.mx_6.14.1.202504091515
2025-07-04 13:57:01,007 [ERROR] LogOutputStream:75 - [STDERR_REDIRECT] Jul 04, 2025 1:57:01 PM java.util.prefs.WindowsPreferences <init>
2025-07-04 13:57:01,007 [ERROR] LogOutputStream:75 - [STDERR_REDIRECT] WARNING: Could not open/create prefs root node Software\JavaSoft\Prefs at root 0xffffffff80000002. Windows RegCreateKeyEx(...) returned error code 5.
2025-07-04 13:57:01,009 [ERROR] LogOutputStream:75 - [STDERR_REDIRECT] 
2025-07-04 13:57:01,258 [INFO] ThirdPartyUpdaterWithRetryManager:70 - Updater plugin not ready yet. [2/15]
2025-07-04 13:57:01,420 [INFO] MainUpdater:2872 - connection check result : 10
2025-07-04 13:57:01,421 [INFO] MainUpdater:289 - Updater Check For Update Now.
2025-07-04 13:57:01,421 [INFO] MicroXplorer:498 - Change Database Version : DB.6.0.141
2025-07-04 13:57:01,428 [INFO] McuFinderGlobals:63 - Set McuFinder mode to 2 (CubeIDE integrated)
2025-07-04 13:57:01,428 [INFO] UserAuth:171 - activating auth plugin
2025-07-04 13:57:01,431 [INFO] UserAuth:484 - Internet connection configuration mode: 1
2025-07-04 13:57:01,446 [INFO] JxBrowserEngine:152 - Initiate JxBrowser Engine with user profile folder
2025-07-04 13:57:01,596 [INFO] CheckServerUpdateThread:120 - End of CheckServer Thread
2025-07-04 13:57:01,920 [INFO] WebApp:169 - Instantiating new browser for Auth
2025-07-04 13:57:02,490 [INFO] WebApp:463 - Apply proxy settings
2025-07-04 13:57:02,492 [INFO] WebApp:548 - Chromium requires no authentication
2025-07-04 13:57:02,498 [INFO] WebApp:491 - Direct internet connection detected
2025-07-04 13:57:02,513 [INFO] WebApp:894 - Register for checkConnection events
2025-07-04 13:57:02,513 [INFO] WebApp:463 - Apply proxy settings
2025-07-04 13:57:02,513 [INFO] WebApp:548 - Chromium requires no authentication
2025-07-04 13:57:02,513 [INFO] WebApp:491 - Direct internet connection detected
2025-07-04 13:57:02,649 [INFO] WebApp:225 - Starting web application
2025-07-04 13:57:02,649 [INFO] WebApp:593 - Web application path used C:\ST\STM32CubeIDE_1.18.1\STM32CubeIDE\plugins\com.st.stm32cube.common.mx_6.14.1.202504091515\db\plugins\mcufinder\reactClient1\index.html
2025-07-04 13:57:02,984 [INFO] WebApp:191 - Connection restablished
2025-07-04 13:57:04,535 [WARN] PackLoader:240 - Cannot read IP mode file for STMicroelectronics.FP-SNS-MOTENVWB1.1.4.0
2025-07-04 13:57:04,548 [WARN] PackLoader:240 - Cannot read IP mode file for STMicroelectronics.FP-ATR-ASTRA1.2.0.2
2025-07-04 13:57:04,560 [WARN] PackLoader:240 - Cannot read IP mode file for STMicroelectronics.X-CUBE-SMBUS.2.1.0
2025-07-04 13:57:04,569 [WARN] PackLoader:240 - Cannot read IP mode file for STMicroelectronics.X-CUBE-ST60.1.0.0
2025-07-04 13:57:04,618 [WARN] PackLoader:240 - Cannot read IP mode file for STMicroelectronics.X-CUBE-AZRTOS-F7.1.1.0
2025-07-04 13:57:04,702 [WARN] PackLoader:240 - Cannot read IP mode file for Infineon.AIROC-Wi-Fi-Bluetooth-STM32.1.7.0
2025-07-04 13:57:04,719 [WARN] PackLoader:240 - Cannot read IP mode file for STMicroelectronics.X-CUBE-DISPLAY.3.0.0
2025-07-04 13:57:04,734 [WARN] PackLoader:240 - Cannot read IP mode file for STMicroelectronics.X-CUBE-NFC10.1.0.0
2025-07-04 13:57:04,760 [WARN] PackLoader:240 - Cannot read IP mode file for STMicroelectronics.X-CUBE-BLEMGR.4.0.0
2025-07-04 13:57:04,770 [WARN] PackLoader:240 - Cannot read IP mode file for emotas.I-CUBE-CANOPEN.1.3.0
2025-07-04 13:57:04,776 [WARN] ConditionMgr:438 - getConditionDescription Invalid condition id : Cortex-A Device cause : null
2025-07-04 13:57:04,795 [WARN] ConditionMgr:1044 - genDependencies : Invalid condition id : Cortex-A Device cause : null
2025-07-04 13:57:04,795 [WARN] ConditionMgr:1044 - genDependencies : Invalid condition id : Cortex-A Device cause : null
2025-07-04 13:57:04,796 [WARN] ConditionMgr:1044 - genDependencies : Invalid condition id : Cortex-A Device cause : null
2025-07-04 13:57:04,800 [WARN] PackLoader:240 - Cannot read IP mode file for STMicroelectronics.FP-SNS-SMARTAG2.1.2.0
2025-07-04 13:57:04,804 [WARN] PackLoader:240 - Cannot read IP mode file for STMicroelectronics.FP-SNS-FLIGHT1.5.1.0
2025-07-04 13:57:04,814 [INFO] LogOutputStream:77 - [STDOUT_REDIRECT] 1 : Invalid condition id : UX_CORESTACK_Condition cause : null
2025-07-04 13:57:04,815 [INFO] LogOutputStream:77 - [STDOUT_REDIRECT] 1 : Invalid condition id : UX_CORESTACK_Condition cause : null
2025-07-04 13:57:04,816 [INFO] LogOutputStream:77 - [STDOUT_REDIRECT] 1 : Invalid condition id : UX_CORESTACK_Condition cause : null
2025-07-04 13:57:04,817 [INFO] LogOutputStream:77 - [STDOUT_REDIRECT] 1 : Invalid condition id : UX_CORESTACK_Condition cause : null
2025-07-04 13:57:04,818 [INFO] LogOutputStream:77 - [STDOUT_REDIRECT] 1 : Invalid condition id : UX_CORESTACK_Condition cause : null
2025-07-04 13:57:04,821 [WARN] PackLoader:240 - Cannot read IP mode file for STMicroelectronics.X-CUBE-AZRTOS-WL.2.0.0
2025-07-04 13:57:04,828 [WARN] PackLoader:240 - Cannot read IP mode file for STMicroelectronics.FP-SNS-MOTENV1.5.0.0
2025-07-04 13:57:04,837 [WARN] PackLoader:240 - Cannot read IP mode file for WES.I-CUBE-Cesium.1.3.0
2025-07-04 13:57:04,842 [WARN] PackLoader:240 - Cannot read IP mode file for STMicroelectronics.X-CUBE-BLE2.3.3.0
2025-07-04 13:57:04,849 [WARN] PackLoader:240 - Cannot read IP mode file for STMicroelectronics.X-CUBE-NFC9.1.0.0
2025-07-04 13:57:04,855 [WARN] PackLoader:240 - Cannot read IP mode file for wolfSSL.I-CUBE-wolfSSL.5.8.0
2025-07-04 13:57:04,859 [WARN] PackLoader:240 - Cannot read IP mode file for STMicroelectronics.X-CUBE-BLE1.7.1.0
2025-07-04 13:57:04,865 [WARN] PackLoader:240 - Cannot read IP mode file for wolfSSL.I-CUBE-wolfMQTT.1.19.2
2025-07-04 13:57:04,869 [WARN] PackLoader:240 - Cannot read IP mode file for STMicroelectronics.X-CUBE-AI.10.1.0
2025-07-04 13:57:04,883 [WARN] PackLoader:240 - Cannot read IP mode file for STMicroelectronics.X-CUBE-AZRTOS-G0.1.1.0
2025-07-04 13:57:04,891 [WARN] PackLoader:240 - Cannot read IP mode file for STMicroelectronics.X-CUBE-SAFEA1.1.2.2
2025-07-04 13:57:04,898 [WARN] PackLoader:240 - Cannot read IP mode file for STMicroelectronics.X-CUBE-NFC4.3.0.0
2025-07-04 13:57:04,909 [WARN] PackLoader:240 - Cannot read IP mode file for EmbeddedOffice.I-CUBE-FS-RTOS.1.0.1
2025-07-04 13:57:04,916 [WARN] PackLoader:240 - Cannot read IP mode file for STMicroelectronics.X-CUBE-WB05N.2.0.0
2025-07-04 13:57:04,921 [WARN] PackLoader:240 - Cannot read IP mode file for wolfSSL.I-CUBE-wolfTPM.3.8.0
2025-07-04 13:57:04,928 [WARN] PackLoader:240 - Cannot read IP mode file for STMicroelectronics.X-CUBE-TCPP.4.2.0
2025-07-04 13:57:04,935 [WARN] PackLoader:240 - Cannot read IP mode file for RealThread.X-CUBE-RT-Thread_Nano.4.1.1
2025-07-04 13:57:04,940 [WARN] PackLoader:240 - Cannot read IP mode file for STMicroelectronics.FP-ATR-SIGFOX1.3.2.0
2025-07-04 13:57:04,948 [WARN] PackLoader:240 - Cannot read IP mode file for STMicroelectronics.X-CUBE-EEPRMA1.5.1.0
2025-07-04 13:57:04,956 [WARN] PackLoader:240 - Cannot read IP mode file for ITTIA_DB.I-CUBE-ITTIADB.8.9.0
2025-07-04 13:57:04,965 [WARN] PackLoader:240 - Cannot read IP mode file for STMicroelectronics.X-CUBE-ST67W61.1.0.0
2025-07-04 13:57:04,994 [WARN] PackLoader:240 - Cannot read IP mode file for SEGGER.I-CUBE-embOS.1.3.1
2025-07-04 13:57:05,039 [WARN] PackLoader:240 - Cannot read IP mode file for STMicroelectronics.X-CUBE-ALGOBUILD.1.4.0
2025-07-04 13:57:05,096 [WARN] PackLoader:240 - Cannot read IP mode file for STMicroelectronics.X-CUBE-MEMS1.11.3.0
2025-07-04 13:57:05,262 [WARN] PackLoader:240 - Cannot read IP mode file for STMicroelectronics.X-CUBE-PM33A1.1.0.0
2025-07-04 13:57:05,277 [WARN] PackLoader:240 - Cannot read IP mode file for STMicroelectronics.X-CUBE-AZRTOS-F4.1.1.0
2025-07-04 13:57:05,283 [WARN] PackLoader:240 - Cannot read IP mode file for Avnet-IotConnect.X-CUBE-IoTC-DA16k-PMOD.1.0.0
2025-07-04 13:57:05,289 [WARN] PackLoader:240 - Cannot read IP mode file for STMicroelectronics.X-CUBE-ISPU.2.1.0
2025-07-04 13:57:05,302 [WARN] PackLoader:240 - Cannot read IP mode file for STMicroelectronics.X-CUBE-AZRTOS-L5.2.0.0
2025-07-04 13:57:05,312 [WARN] PackLoader:240 - Cannot read IP mode file for STMicroelectronics.X-CUBE-NFC6.3.1.0
2025-07-04 13:57:05,319 [WARN] PackLoader:240 - Cannot read IP mode file for STMicroelectronics.X-CUBE-FREERTOS.1.3.1
2025-07-04 13:57:05,324 [WARN] PackLoader:240 - Cannot read IP mode file for STMicroelectronics.FP-SNS-STAIOTCFT.1.0.0
2025-07-04 13:57:05,331 [WARN] PackLoader:240 - Cannot read IP mode file for STMicroelectronics.X-CUBE-DPower.1.3.0
2025-07-04 13:57:05,344 [WARN] ConditionMgr:438 - getConditionDescription Invalid condition id : LAN8742 Phy interface Condition cause : null
2025-07-04 13:57:05,352 [WARN] PackLoader:240 - Cannot read IP mode file for STMicroelectronics.X-CUBE-AZRTOS-L4.2.0.0
2025-07-04 13:57:05,353 [WARN] ConditionMgr:1044 - genDependencies : Invalid condition id : LAN8742 Phy interface Condition cause : null
2025-07-04 13:57:05,354 [WARN] ConditionMgr:1044 - genDependencies : Invalid condition id : LAN8742 Phy interface Condition cause : null
2025-07-04 13:57:05,354 [WARN] ConditionMgr:1044 - genDependencies : Invalid condition id : LAN8742 Phy interface Condition cause : null
2025-07-04 13:57:05,365 [WARN] PackLoader:240 - Cannot read IP mode file for STMicroelectronics.X-CUBE-SFXS2LP1.4.0.0
2025-07-04 13:57:05,387 [WARN] PackLoader:240 - Cannot read IP mode file for STMicroelectronics.X-CUBE-AZRTOS-H7.3.3.0
2025-07-04 13:57:05,402 [WARN] ConditionMgr:438 - getConditionDescription Invalid condition id : UX DEVICE CLASS RTOS Condition cause : null
2025-07-04 13:57:05,402 [WARN] ConditionMgr:438 - getConditionDescription Invalid condition id : UX DEVICE CLASS RTOS Condition cause : null
2025-07-04 13:57:05,404 [WARN] PackLoader:240 - Cannot read IP mode file for STMicroelectronics.X-CUBE-AZRTOS-WB.2.0.0
2025-07-04 13:57:05,404 [WARN] ConditionMgr:1044 - genDependencies : Invalid condition id : UX DEVICE CLASS RTOS Condition cause : null
2025-07-04 13:57:05,404 [WARN] ConditionMgr:1044 - genDependencies : Invalid condition id : UX DEVICE CLASS RTOS Condition cause : null
2025-07-04 13:57:05,405 [WARN] ConditionMgr:1044 - genDependencies : Invalid condition id : UX DEVICE CLASS RTOS Condition cause : null
2025-07-04 13:57:05,405 [WARN] ConditionMgr:1044 - genDependencies : Invalid condition id : UX DEVICE CLASS RTOS Condition cause : null
2025-07-04 13:57:05,405 [WARN] ConditionMgr:1044 - genDependencies : Invalid condition id : UX DEVICE CLASS RTOS Condition cause : null
2025-07-04 13:57:05,411 [WARN] PackLoader:240 - Cannot read IP mode file for STMicroelectronics.X-CUBE-GNSS1.7.0.1
2025-07-04 13:57:05,417 [WARN] PackLoader:240 - Cannot read IP mode file for STMicroelectronics.X-CUBE-TOUCHGFX.4.25.0
2025-07-04 13:57:05,423 [WARN] PackLoader:240 - Cannot read IP mode file for STMicroelectronics.FP-SNS-STBOX1.2.0.0
2025-07-04 13:57:05,434 [WARN] PackLoader:240 - Cannot read IP mode file for STMicroelectronics.X-CUBE-SUBG2.5.0.0
2025-07-04 13:57:05,453 [WARN] PackLoader:240 - Cannot read IP mode file for STMicroelectronics.X-CUBE-AZRTOS-H7RS.1.1.0
2025-07-04 13:57:05,461 [WARN] PackLoader:240 - Cannot read IP mode file for Cesanta.I-CUBE-Mongoose.7.13.0
2025-07-04 13:57:05,472 [WARN] PackLoader:240 - Cannot read IP mode file for STMicroelectronics.X-CUBE-AZRTOS-G4.2.0.0
2025-07-04 13:57:05,477 [WARN] PackLoader:240 - Cannot read IP mode file for wolfSSL.I-CUBE-wolfSSH.1.4.20
2025-07-04 13:57:05,482 [WARN] PackLoader:240 - Cannot read IP mode file for STMicroelectronics.X-CUBE-NFC7.2.0.0
2025-07-04 13:57:05,496 [WARN] PackLoader:240 - Cannot read IP mode file for STMicroelectronics.X-CUBE-IPS.3.1.0
2025-07-04 13:57:05,505 [WARN] PackLoader:240 - Cannot read IP mode file for STMicroelectronics.X-CUBE-ALS.1.0.2
2025-07-04 13:57:05,511 [WARN] PackLoader:240 - Cannot read IP mode file for portGmbH.I-Cube-SoM-uGOAL.1.1.0
2025-07-04 13:57:05,522 [WARN] PackLoader:240 - Cannot read IP mode file for STMicroelectronics.X-CUBE-TOF1.3.4.3
2025-07-04 13:57:05,529 [INFO] ThirdParty:978 - Integrity check success = true
2025-07-04 13:57:05,529 [INFO] IntegrityCheckThread:100 - exiting critical section [integrity check]
2025-07-04 13:57:05,529 [INFO] IntegrityCheckThread:103 - End integrity checks thread
2025-07-04 14:04:19,976 [ERROR] LogOutputStream:75 - [STDERR_REDIRECT] 
