2025-07-17 08:54:00,814 [ERROR] ConfigurationRetriever:142 - IOException on connection: sw-center.st.com
2025-07-17 08:54:00,828 [ERROR] ConfigurationRetriever:142 - IOException on connection: sw-center.st.com
2025-07-17 08:54:00,828 [ERROR] ConfigurationRetriever:142 - IOException on connection: sw-center.st.com
2025-07-17 08:54:01,683 [ERROR] LogOutputStream:75 - [STDERR_REDIRECT] 
2025-07-17 08:54:01,683 [ERROR] LogOutputStream:75 - [STDERR_REDIRECT] 
2025-07-17 09:08:21,103 [INFO] Activator:176 - 


2025-07-17 09:08:21,103 [INFO] Activator:177 - !SESSION log4j initialized
2025-07-17 09:08:23,446 [INFO] LogOutputStream:77 - [STDOUT_REDIRECT] 
2025-07-17 09:08:23,734 [ERROR] ConfigurationRetriever:142 - IOException on connection: sw-center.st.com
2025-07-17 09:08:23,735 [ERROR] ConfigurationRetriever:142 - IOException on connection: sw-center.st.com
2025-07-17 09:08:23,735 [ERROR] ConfigurationRetriever:142 - IOException on connection: sw-center.st.com
2025-07-17 09:08:26,127 [INFO] ApplicationProperties:184 - Using Application install path: C:\ST\STM32CubeIDE_1.18.1\STM32CubeIDE\plugins\com.st.stm32cube.common.mx_6.14.1.202504091515
2025-07-17 09:08:26,142 [INFO] DbMcusXml:78 - Set database path to: C:\ST\STM32CubeIDE_1.18.1\STM32CubeIDE\plugins\com.st.stm32cube.common.mx_6.14.1.202504091515\\db\/mcu/
2025-07-17 09:08:26,142 [INFO] ApiDb:274 - Set plugin database path to: C:\ST\STM32CubeIDE_1.18.1\STM32CubeIDE\plugins\com.st.stm32cube.common.mx_6.14.1.202504091515\\db\/plugins/boardmanager/
2025-07-17 09:08:26,143 [WARN] ApiDb:259 - Overriding images path with different value:  => C:\ST\STM32CubeIDE_1.18.1\STM32CubeIDE\plugins\com.st.stm32cube.common.mx_6.14.1.202504091515\\db\/plugins/mcufinder/images/
2025-07-17 09:08:26,147 [INFO] ApiDb:250 - Set database path to: C:\Users\Shashank\.stmcufinder\plugins\mcufinder//mcu/
2025-07-17 09:08:26,148 [INFO] DbMcusAds:125 - Set database path to: C:\Users\Shashank\.stmcufinder\plugins\mcufinder//mcu/
2025-07-17 09:08:26,150 [INFO] CrossReferenceDbSqlite:203 - Set database path to: C:\Users\Shashank\.stmcufinder\plugins\mcufinder//mcu/cs/
2025-07-17 09:08:26,250 [INFO] RulesReader:64 - Compatibility file has been processed (302 Rules)
2025-07-17 09:08:26,310 [INFO] DbMcusXml:78 - Set database path to: C:\ST\STM32CubeIDE_1.18.1\STM32CubeIDE\plugins\com.st.stm32cube.common.mx_6.14.1.202504091515\\db\/mcu/
2025-07-17 09:08:26,310 [INFO] ApiDb:274 - Set plugin database path to: C:\ST\STM32CubeIDE_1.18.1\STM32CubeIDE\plugins\com.st.stm32cube.common.mx_6.14.1.202504091515\\db\/plugins/boardmanager/
2025-07-17 09:08:26,311 [INFO] ApiDb:261 - Set plugin images path to: C:\ST\STM32CubeIDE_1.18.1\STM32CubeIDE\plugins\com.st.stm32cube.common.mx_6.14.1.202504091515\\db\/plugins/mcufinder/images/
2025-07-17 09:08:26,311 [WARN] DbFile:41 - Overriding database path with different value: C:\Users\Shashank\.stmcufinder\plugins\mcufinder/ => C:\Users\Shashank\.stmcufinder\plugins\mcufinder
2025-07-17 09:08:26,311 [INFO] ApiDb:250 - Set database path to: C:\Users\Shashank\.stmcufinder\plugins\mcufinder//mcu/
2025-07-17 09:08:26,311 [WARN] DbFile:41 - Overriding database path with different value: C:\Users\Shashank\.stmcufinder\plugins\mcufinder/ => C:\Users\Shashank\.stmcufinder\plugins\mcufinder
2025-07-17 09:08:26,311 [INFO] DbMcusAds:125 - Set database path to: C:\Users\Shashank\.stmcufinder\plugins\mcufinder//mcu/
2025-07-17 09:08:26,311 [WARN] DbFile:41 - Overriding database path with different value: C:\Users\Shashank\.stmcufinder\plugins\mcufinder/ => C:\Users\Shashank\.stmcufinder\plugins\mcufinder
2025-07-17 09:08:26,311 [WARN] DbFile:41 - Overriding database path with different value: C:\Users\Shashank\.stmcufinder\plugins\mcufinder/ => C:\Users\Shashank\.stmcufinder\plugins\mcufinder
2025-07-17 09:08:26,311 [INFO] CrossReferenceDbSqlite:203 - Set database path to: C:\Users\Shashank\.stmcufinder\plugins\mcufinder//mcu/cs/
2025-07-17 09:08:26,369 [INFO] MainPanel:272 - HeapMemory: 268435456
2025-07-17 09:08:26,437 [INFO] DbMcusXml:78 - Set database path to: C:\ST\STM32CubeIDE_1.18.1\STM32CubeIDE\plugins\com.st.stm32cube.common.mx_6.14.1.202504091515\\db\/mcu/
2025-07-17 09:08:26,437 [INFO] ApiDb:274 - Set plugin database path to: C:\ST\STM32CubeIDE_1.18.1\STM32CubeIDE\plugins\com.st.stm32cube.common.mx_6.14.1.202504091515\\db\/plugins/boardmanager/
2025-07-17 09:08:26,437 [INFO] ApiDb:261 - Set plugin images path to: C:\ST\STM32CubeIDE_1.18.1\STM32CubeIDE\plugins\com.st.stm32cube.common.mx_6.14.1.202504091515\\db\/plugins/mcufinder/images/
2025-07-17 09:08:26,437 [WARN] DbFile:41 - Overriding database path with different value: C:\Users\Shashank\.stmcufinder\plugins\mcufinder/ => C:\Users\Shashank\.stmcufinder\plugins\mcufinder
2025-07-17 09:08:26,438 [INFO] ApiDb:250 - Set database path to: C:\Users\Shashank\.stmcufinder\plugins\mcufinder//mcu/
2025-07-17 09:08:26,438 [WARN] DbFile:41 - Overriding database path with different value: C:\Users\Shashank\.stmcufinder\plugins\mcufinder/ => C:\Users\Shashank\.stmcufinder\plugins\mcufinder
2025-07-17 09:08:26,438 [INFO] DbMcusAds:125 - Set database path to: C:\Users\Shashank\.stmcufinder\plugins\mcufinder//mcu/
2025-07-17 09:08:26,438 [WARN] DbFile:41 - Overriding database path with different value: C:\Users\Shashank\.stmcufinder\plugins\mcufinder/ => C:\Users\Shashank\.stmcufinder\plugins\mcufinder
2025-07-17 09:08:26,438 [WARN] DbFile:41 - Overriding database path with different value: C:\Users\Shashank\.stmcufinder\plugins\mcufinder/ => C:\Users\Shashank\.stmcufinder\plugins\mcufinder
2025-07-17 09:08:26,438 [INFO] CrossReferenceDbSqlite:203 - Set database path to: C:\Users\Shashank\.stmcufinder\plugins\mcufinder//mcu/cs/
2025-07-17 09:08:26,454 [INFO] ApplicationProperties:184 - Using Application install path: C:\ST\STM32CubeIDE_1.18.1\STM32CubeIDE\plugins\com.st.stm32cube.common.mx_6.14.1.202504091515
2025-07-17 09:08:26,455 [INFO] PluginManage:196 - Search for loadable plugins [exclusion list=, ]
2025-07-17 09:08:26,456 [INFO] PluginManage:310 - Check plugin analytics
2025-07-17 09:08:26,631 [INFO] AnalyticsPlugin:253 - Accepted Software Licenses: 
2025-07-17 09:08:26,631 [INFO] AnalyticsPlugin:255 - Accepted CMSIS Pack Licenses: 
2025-07-17 09:08:26,632 [INFO] AnalyticsPlugin:257 - Accepted Firmware Licenses: 
2025-07-17 09:08:26,635 [ERROR] ConfigurationRetriever:142 - IOException on connection: sw-center.st.com
2025-07-17 09:08:26,635 [INFO] PluginManage:359 - Loaded plugin analytics (category:tool,tabindex:-1)
2025-07-17 09:08:26,636 [INFO] PluginManage:310 - Check plugin cadmodel
2025-07-17 09:08:26,636 [ERROR] ConfigurationRetriever:142 - IOException on connection: sw-center.st.com
2025-07-17 09:08:26,636 [ERROR] ConfigurationRetriever:142 - IOException on connection: sw-center.st.com
2025-07-17 09:08:26,640 [INFO] CADModel:105 - Init CAD model plugin
2025-07-17 09:08:26,640 [INFO] PluginManage:359 - Loaded plugin cadmodel (category:power,tabindex:5)
2025-07-17 09:08:26,641 [INFO] PluginManage:310 - Check plugin clock
2025-07-17 09:08:26,648 [INFO] PluginManage:359 - Loaded plugin clock (category:base,tabindex:2)
2025-07-17 09:08:26,648 [INFO] PluginManage:310 - Check plugin ddr
2025-07-17 09:08:26,650 [INFO] PluginManage:359 - Loaded plugin ddr (category:tool,tabindex:6)
2025-07-17 09:08:26,651 [INFO] PluginManage:310 - Check plugin filemanager
2025-07-17 09:08:26,763 [INFO] PluginManage:359 - Loaded plugin filemanager (category:base,tabindex:10)
2025-07-17 09:08:26,764 [INFO] PluginManage:310 - Check plugin ipmanager
2025-07-17 09:08:26,769 [INFO] PluginManage:359 - Loaded plugin ipmanager (category:base,tabindex:5)
2025-07-17 09:08:26,769 [INFO] PluginManage:310 - Check plugin lpbam
2025-07-17 09:08:26,776 [INFO] PluginManage:359 - Loaded plugin lpbam (category:base,tabindex:0)
2025-07-17 09:08:26,776 [INFO] PluginManage:310 - Check plugin memorymap
2025-07-17 09:08:26,783 [INFO] PluginManage:359 - Loaded plugin memorymap (category:base,tabindex:4)
2025-07-17 09:08:26,784 [INFO] PluginManage:310 - Check plugin pinoutandconfiguration
2025-07-17 09:08:26,792 [INFO] PluginManage:359 - Loaded plugin pinoutandconfiguration (category:base,tabindex:1)
2025-07-17 09:08:26,792 [INFO] PluginManage:310 - Check plugin pinoutconfig
2025-07-17 09:08:26,865 [WARN] SupportedApi:132 - Cannot load RTOS API schema: s4s-elt-must-match.1: The content of 'definitions' must match (annotation?, (simpleType | complexType)?, (unique | key | keyref)*)). A problem was found starting at: attribute.
2025-07-17 09:08:26,988 [INFO] PluginManage:359 - Loaded plugin pinoutconfig (category:base,tabindex:0)
2025-07-17 09:08:26,988 [INFO] PluginManage:310 - Check plugin power
2025-07-17 09:08:26,997 [INFO] PluginManage:359 - Loaded plugin power (category:power,tabindex:4)
2025-07-17 09:08:26,997 [INFO] PluginManage:310 - Check plugin projectmanager
2025-07-17 09:08:27,015 [INFO] PluginManage:359 - Loaded plugin projectmanager (category:projectmanager,tabindex:4)
2025-07-17 09:08:27,015 [INFO] PluginManage:310 - Check plugin rif
2025-07-17 09:08:27,022 [INFO] PluginManage:359 - Loaded plugin rif (category:base,tabindex:3)
2025-07-17 09:08:27,022 [INFO] PluginManage:310 - Check plugin thirdparty
2025-07-17 09:08:27,139 [INFO] PluginManage:359 - Loaded plugin thirdparty (category:base,tabindex:-1)
2025-07-17 09:08:27,139 [WARN] IntegrityCheckThread:84 - waiting for thirdparty lock release [integrity check]
2025-07-17 09:08:27,139 [INFO] PluginManage:310 - Check plugin tools
2025-07-17 09:08:27,139 [INFO] IntegrityCheckThread:86 - entering critical section [integrity check]
2025-07-17 09:08:27,140 [INFO] ThirdPartyUpdaterWithRetryManager:70 - Updater plugin not ready yet. [1/15]
2025-07-17 09:08:27,141 [INFO] PluginManage:359 - Loaded plugin tools (category:base,tabindex:7)
2025-07-17 09:08:27,142 [INFO] PluginManage:310 - Check plugin tutovideos
2025-07-17 09:08:27,260 [INFO] PluginManage:359 - Loaded plugin tutovideos (category:base,tabindex:-1)
2025-07-17 09:08:27,260 [INFO] PluginManage:310 - Check plugin updater
2025-07-17 09:08:27,277 [INFO] PluginManage:359 - Loaded plugin updater (category:base,tabindex:12)
2025-07-17 09:08:27,277 [INFO] PluginManage:310 - Check plugin userauth
2025-07-17 09:08:27,280 [INFO] UserAuth:118 - Init User Auth plugin
2025-07-17 09:08:27,281 [INFO] PluginManage:359 - Loaded plugin userauth (category:base,tabindex:14)
2025-07-17 09:08:27,281 [INFO] PluginManage:283 - PluginManage : Loaded plugins [18]
2025-07-17 09:08:27,442 [INFO] PinOutPanel:1589 - setPackage(No Configuration,No Configuration)
2025-07-17 09:08:27,531 [INFO] CADModel:165 - CPN selected for project level
2025-07-17 09:08:27,531 [INFO] CADModel:114 - Register for checkConnection events
2025-07-17 09:08:27,548 [INFO] IPUIPlugin:80 - create IPUIPlugin
2025-07-17 09:08:27,548 [INFO] PluginManager:220 - loadIPPluginJar : add adc
2025-07-17 09:08:27,551 [INFO] IPUIPlugin:80 - create IPUIPlugin
2025-07-17 09:08:27,551 [INFO] PluginManager:220 - loadIPPluginJar : add aes
2025-07-17 09:08:27,553 [INFO] IPUIPlugin:80 - create IPUIPlugin
2025-07-17 09:08:27,553 [INFO] PluginManager:220 - loadIPPluginJar : add can
2025-07-17 09:08:27,554 [INFO] IPUIPlugin:80 - create IPUIPlugin
2025-07-17 09:08:27,555 [INFO] PluginManager:220 - loadIPPluginJar : add comp
2025-07-17 09:08:27,557 [INFO] IPUIPlugin:80 - create IPUIPlugin
2025-07-17 09:08:27,557 [INFO] PluginManager:220 - loadIPPluginJar : add cryp
2025-07-17 09:08:27,561 [INFO] IPUIPlugin:80 - create IPUIPlugin
2025-07-17 09:08:27,561 [INFO] PluginManager:220 - loadIPPluginJar : add ddr_ctrl_phy
2025-07-17 09:08:27,564 [INFO] IPUIPlugin:80 - create IPUIPlugin
2025-07-17 09:08:27,564 [INFO] PluginManager:220 - loadIPPluginJar : add dfsdm
2025-07-17 09:08:27,569 [INFO] IPUIPlugin:80 - create IPUIPlugin
2025-07-17 09:08:27,570 [INFO] PluginManager:220 - loadIPPluginJar : add dma
2025-07-17 09:08:27,573 [INFO] IPUIPlugin:80 - create IPUIPlugin
2025-07-17 09:08:27,573 [INFO] PluginManager:220 - loadIPPluginJar : add dma3
2025-07-17 09:08:27,576 [INFO] IPUIPlugin:80 - create IPUIPlugin
2025-07-17 09:08:27,577 [INFO] PluginManager:220 - loadIPPluginJar : add extmemmanager
2025-07-17 09:08:27,579 [INFO] IPUIPlugin:80 - create IPUIPlugin
2025-07-17 09:08:27,579 [INFO] PluginManager:220 - loadIPPluginJar : add fatfs
2025-07-17 09:08:27,584 [INFO] IPUIPlugin:80 - create IPUIPlugin
2025-07-17 09:08:27,584 [INFO] PluginManager:220 - loadIPPluginJar : add fmc
2025-07-17 09:08:27,590 [INFO] IPUIPlugin:80 - create IPUIPlugin
2025-07-17 09:08:27,590 [INFO] PluginManager:220 - loadIPPluginJar : add freertos
2025-07-17 09:08:27,594 [INFO] IPUIPlugin:80 - create IPUIPlugin
2025-07-17 09:08:27,594 [INFO] PluginManager:220 - loadIPPluginJar : add genericplugin
2025-07-17 09:08:27,597 [INFO] IPUIPlugin:80 - create IPUIPlugin
2025-07-17 09:08:27,597 [INFO] PluginManager:220 - loadIPPluginJar : add gfxmmu
2025-07-17 09:08:27,602 [INFO] IPUIPlugin:80 - create IPUIPlugin
2025-07-17 09:08:27,603 [INFO] PluginManager:220 - loadIPPluginJar : add gic
2025-07-17 09:08:27,608 [INFO] IPUIPlugin:80 - create IPUIPlugin
2025-07-17 09:08:27,608 [INFO] PluginManager:220 - loadIPPluginJar : add gpio
2025-07-17 09:08:27,613 [INFO] IPUIPlugin:80 - create IPUIPlugin
2025-07-17 09:08:27,613 [INFO] PluginManager:220 - loadIPPluginJar : add gtzc
2025-07-17 09:08:27,616 [INFO] IPUIPlugin:80 - create IPUIPlugin
2025-07-17 09:08:27,616 [INFO] PluginManager:220 - loadIPPluginJar : add hash
2025-07-17 09:08:27,620 [INFO] IPUIPlugin:80 - create IPUIPlugin
2025-07-17 09:08:27,620 [INFO] PluginManager:220 - loadIPPluginJar : add i2c
2025-07-17 09:08:27,624 [INFO] IPUIPlugin:80 - create IPUIPlugin
2025-07-17 09:08:27,624 [INFO] PluginManager:220 - loadIPPluginJar : add i2s
2025-07-17 09:08:27,628 [INFO] IPUIPlugin:80 - create IPUIPlugin
2025-07-17 09:08:27,628 [INFO] PluginManager:220 - loadIPPluginJar : add i3c
2025-07-17 09:08:27,632 [INFO] IPUIPlugin:80 - create IPUIPlugin
2025-07-17 09:08:27,632 [INFO] PluginManager:220 - loadIPPluginJar : add ipddr
2025-07-17 09:08:27,639 [INFO] IPUIPlugin:80 - create IPUIPlugin
2025-07-17 09:08:27,639 [INFO] PluginManager:220 - loadIPPluginJar : add linkedlist
2025-07-17 09:08:27,642 [INFO] IPUIPlugin:80 - create IPUIPlugin
2025-07-17 09:08:27,642 [INFO] PluginManager:220 - loadIPPluginJar : add lorawan
2025-07-17 09:08:27,644 [INFO] IPUIPlugin:80 - create IPUIPlugin
2025-07-17 09:08:27,645 [INFO] PluginManager:220 - loadIPPluginJar : add ltdc
2025-07-17 09:08:27,650 [INFO] IPUIPlugin:80 - create IPUIPlugin
2025-07-17 09:08:27,651 [INFO] PluginManager:220 - loadIPPluginJar : add mdma
2025-07-17 09:08:27,654 [INFO] IPUIPlugin:80 - create IPUIPlugin
2025-07-17 09:08:27,654 [INFO] PluginManager:220 - loadIPPluginJar : add nvic
2025-07-17 09:08:27,657 [INFO] IPUIPlugin:80 - create IPUIPlugin
2025-07-17 09:08:27,657 [INFO] PluginManager:220 - loadIPPluginJar : add opamp
2025-07-17 09:08:27,659 [INFO] IPUIPlugin:80 - create IPUIPlugin
2025-07-17 09:08:27,660 [INFO] PluginManager:220 - loadIPPluginJar : add openamp
2025-07-17 09:08:27,662 [INFO] IPUIPlugin:80 - create IPUIPlugin
2025-07-17 09:08:27,662 [INFO] PluginManager:220 - loadIPPluginJar : add pdm2pcm
2025-07-17 09:08:27,669 [INFO] IPUIPlugin:80 - create IPUIPlugin
2025-07-17 09:08:27,671 [INFO] PluginManager:220 - loadIPPluginJar : add plateformsettings
2025-07-17 09:08:27,673 [INFO] IPUIPlugin:80 - create IPUIPlugin
2025-07-17 09:08:27,673 [INFO] PluginManager:220 - loadIPPluginJar : add quadspi
2025-07-17 09:08:27,674 [INFO] IPUIPlugin:80 - create IPUIPlugin
2025-07-17 09:08:27,675 [INFO] PluginManager:220 - loadIPPluginJar : add radio
2025-07-17 09:08:27,679 [INFO] IPUIPlugin:80 - create IPUIPlugin
2025-07-17 09:08:27,679 [INFO] PluginManager:220 - loadIPPluginJar : add resmgrutility
2025-07-17 09:08:27,682 [INFO] IPUIPlugin:80 - create IPUIPlugin
2025-07-17 09:08:27,682 [INFO] PluginManager:220 - loadIPPluginJar : add sai
2025-07-17 09:08:27,684 [INFO] IPUIPlugin:80 - create IPUIPlugin
2025-07-17 09:08:27,685 [INFO] PluginManager:220 - loadIPPluginJar : add spi
2025-07-17 09:08:27,690 [INFO] IPUIPlugin:80 - create IPUIPlugin
2025-07-17 09:08:27,691 [INFO] PluginManager:220 - loadIPPluginJar : add stm32_wpan
2025-07-17 09:08:27,693 [INFO] IPUIPlugin:80 - create IPUIPlugin
2025-07-17 09:08:27,693 [INFO] PluginManager:220 - loadIPPluginJar : add tim
2025-07-17 09:08:27,696 [INFO] IPUIPlugin:80 - create IPUIPlugin
2025-07-17 09:08:27,697 [INFO] PluginManager:220 - loadIPPluginJar : add touchsensing
2025-07-17 09:08:27,701 [INFO] IPUIPlugin:80 - create IPUIPlugin
2025-07-17 09:08:27,701 [INFO] PluginManager:220 - loadIPPluginJar : add tracer_emb
2025-07-17 09:08:27,703 [INFO] IPUIPlugin:80 - create IPUIPlugin
2025-07-17 09:08:27,703 [INFO] PluginManager:220 - loadIPPluginJar : add ts
2025-07-17 09:08:27,705 [INFO] IPUIPlugin:80 - create IPUIPlugin
2025-07-17 09:08:27,705 [INFO] PluginManager:220 - loadIPPluginJar : add tsc
2025-07-17 09:08:27,706 [INFO] IPUIPlugin:80 - create IPUIPlugin
2025-07-17 09:08:27,706 [INFO] PluginManager:220 - loadIPPluginJar : add ucpd
2025-07-17 09:08:27,709 [INFO] IPUIPlugin:80 - create IPUIPlugin
2025-07-17 09:08:27,709 [INFO] PluginManager:220 - loadIPPluginJar : add usart
2025-07-17 09:08:27,712 [INFO] IPUIPlugin:80 - create IPUIPlugin
2025-07-17 09:08:27,712 [INFO] PluginManager:220 - loadIPPluginJar : add usbx
2025-07-17 09:08:27,830 [FATAL] Updater:351 - Updater called before beeing initialized
2025-07-17 09:08:27,882 [INFO] RulesReader:64 - Compatibility file has been processed (302 Rules)
2025-07-17 09:08:27,890 [INFO] RulesReader:64 - Compatibility file has been processed (302 Rules)
2025-07-17 09:08:27,898 [INFO] CADModel:165 - CPN selected for project level
2025-07-17 09:08:27,898 [INFO] CADModel:114 - Register for checkConnection events
2025-07-17 09:08:27,898 [FATAL] Updater:351 - Updater called before beeing initialized
2025-07-17 09:08:27,898 [ERROR] CADModel:125 - Updater not yet initialized, retry later 
2025-07-17 09:08:28,010 [FATAL] Updater:351 - Updater called before beeing initialized
2025-07-17 09:08:28,012 [INFO] CADModel:165 - CPN selected for project level
2025-07-17 09:08:28,012 [INFO] CADModel:114 - Register for checkConnection events
2025-07-17 09:08:28,012 [FATAL] Updater:351 - Updater called before beeing initialized
2025-07-17 09:08:28,012 [ERROR] CADModel:125 - Updater not yet initialized, retry later 
2025-07-17 09:08:28,015 [FATAL] Updater:351 - Updater called before beeing initialized
2025-07-17 09:08:28,116 [FATAL] Updater:351 - Updater called before beeing initialized
2025-07-17 09:08:28,120 [INFO] DbMcusAds:53 - JSON generation date=Tue Jul 08 13:44:23 IST 2025 (1751962463538)
2025-07-17 09:08:28,120 [FATAL] Updater:351 - Updater called before beeing initialized
2025-07-17 09:08:28,149 [WARN] DetailPanel:346 - Failed to get advertising image, set to default
2025-07-17 09:08:28,403 [FATAL] Updater:351 - Updater called before beeing initialized
2025-07-17 09:08:28,404 [FATAL] Updater:351 - Updater called before beeing initialized
2025-07-17 09:08:28,405 [FATAL] Updater:351 - Updater called before beeing initialized
2025-07-17 09:08:28,405 [WARN] DetailPanel:346 - Failed to get advertising image, set to default
2025-07-17 09:08:28,406 [FATAL] Updater:351 - Updater called before beeing initialized
2025-07-17 09:08:28,482 [ERROR] Updater:1198 - MainUpdater not yet initialized. External WinMGr cannot be set.
2025-07-17 09:08:28,485 [INFO] Updater:1134 - Updater Version found : 6.14.1
2025-07-17 09:08:28,507 [INFO] ApplicationProperties:184 - Using Application install path: C:\ST\STM32CubeIDE_1.18.1\STM32CubeIDE\plugins\com.st.stm32cube.common.mx_6.14.1.202504091515
2025-07-17 09:08:30,085 [ERROR] LogOutputStream:75 - [STDERR_REDIRECT] Jul 17, 2025 9:08:30 AM java.util.prefs.WindowsPreferences <init>
2025-07-17 09:08:30,086 [ERROR] LogOutputStream:75 - [STDERR_REDIRECT] WARNING: Could not open/create prefs root node Software\JavaSoft\Prefs at root 0xffffffff80000002. Windows RegCreateKeyEx(...) returned error code 5.
2025-07-17 09:08:30,087 [ERROR] LogOutputStream:75 - [STDERR_REDIRECT] 
2025-07-17 09:08:30,140 [INFO] ThirdPartyUpdaterWithRetryManager:70 - Updater plugin not ready yet. [2/15]
2025-07-17 09:08:30,240 [INFO] MainUpdater:2872 - connection check result : 22
2025-07-17 09:08:30,241 [INFO] MainUpdater:289 - Updater Check For Update Now.
2025-07-17 09:08:30,241 [INFO] MicroXplorer:498 - Change Database Version : DB.6.0.141
2025-07-17 09:08:30,247 [INFO] McuFinderGlobals:63 - Set McuFinder mode to 2 (CubeIDE integrated)
2025-07-17 09:08:30,247 [INFO] UserAuth:171 - activating auth plugin
2025-07-17 09:08:30,250 [INFO] UserAuth:484 - Internet connection configuration mode: 2
2025-07-17 09:08:30,274 [INFO] UserAuth:484 - Internet connection configuration mode: 2
2025-07-17 09:08:30,412 [INFO] CheckServerUpdateThread:120 - End of CheckServer Thread
2025-07-17 09:08:33,312 [WARN] PackLoader:240 - Cannot read IP mode file for STMicroelectronics.FP-SNS-MOTENVWB1.1.4.0
2025-07-17 09:08:33,319 [WARN] PackLoader:240 - Cannot read IP mode file for STMicroelectronics.FP-ATR-ASTRA1.2.0.2
2025-07-17 09:08:33,328 [WARN] PackLoader:240 - Cannot read IP mode file for STMicroelectronics.X-CUBE-SMBUS.2.1.0
2025-07-17 09:08:33,332 [WARN] PackLoader:240 - Cannot read IP mode file for STMicroelectronics.X-CUBE-ST60.1.0.0
2025-07-17 09:08:33,354 [WARN] PackLoader:240 - Cannot read IP mode file for STMicroelectronics.X-CUBE-AZRTOS-F7.1.1.0
2025-07-17 09:08:33,379 [WARN] PackLoader:240 - Cannot read IP mode file for Infineon.AIROC-Wi-Fi-Bluetooth-STM32.1.7.0
2025-07-17 09:08:33,401 [WARN] PackLoader:240 - Cannot read IP mode file for STMicroelectronics.X-CUBE-AZRTOS-H7.3.4.0
2025-07-17 09:08:33,411 [WARN] PackLoader:240 - Cannot read IP mode file for STMicroelectronics.X-CUBE-DISPLAY.3.0.0
2025-07-17 09:08:33,421 [WARN] PackLoader:240 - Cannot read IP mode file for STMicroelectronics.X-CUBE-NFC10.1.0.0
2025-07-17 09:08:33,430 [WARN] PackLoader:240 - Cannot read IP mode file for STMicroelectronics.X-CUBE-BLEMGR.4.0.0
2025-07-17 09:08:33,437 [WARN] PackLoader:240 - Cannot read IP mode file for emotas.I-CUBE-CANOPEN.1.3.0
2025-07-17 09:08:33,442 [WARN] ConditionMgr:438 - getConditionDescription Invalid condition id : Cortex-A Device cause : null
2025-07-17 09:08:33,454 [WARN] ConditionMgr:1044 - genDependencies : Invalid condition id : Cortex-A Device cause : null
2025-07-17 09:08:33,455 [WARN] ConditionMgr:1044 - genDependencies : Invalid condition id : Cortex-A Device cause : null
2025-07-17 09:08:33,455 [WARN] ConditionMgr:1044 - genDependencies : Invalid condition id : Cortex-A Device cause : null
2025-07-17 09:08:33,459 [WARN] PackLoader:240 - Cannot read IP mode file for STMicroelectronics.FP-SNS-SMARTAG2.1.2.0
2025-07-17 09:08:33,463 [WARN] PackLoader:240 - Cannot read IP mode file for STMicroelectronics.FP-SNS-FLIGHT1.5.1.0
2025-07-17 09:08:33,471 [INFO] LogOutputStream:77 - [STDOUT_REDIRECT] 1 : Invalid condition id : UX_CORESTACK_Condition cause : null
2025-07-17 09:08:33,471 [INFO] LogOutputStream:77 - [STDOUT_REDIRECT] 1 : Invalid condition id : UX_CORESTACK_Condition cause : null
2025-07-17 09:08:33,472 [INFO] LogOutputStream:77 - [STDOUT_REDIRECT] 1 : Invalid condition id : UX_CORESTACK_Condition cause : null
2025-07-17 09:08:33,473 [INFO] LogOutputStream:77 - [STDOUT_REDIRECT] 1 : Invalid condition id : UX_CORESTACK_Condition cause : null
2025-07-17 09:08:33,474 [INFO] LogOutputStream:77 - [STDOUT_REDIRECT] 1 : Invalid condition id : UX_CORESTACK_Condition cause : null
2025-07-17 09:08:33,476 [WARN] PackLoader:240 - Cannot read IP mode file for STMicroelectronics.X-CUBE-AZRTOS-WL.2.0.0
2025-07-17 09:08:33,482 [WARN] PackLoader:240 - Cannot read IP mode file for STMicroelectronics.FP-SNS-MOTENV1.5.0.0
2025-07-17 09:08:33,490 [WARN] PackLoader:240 - Cannot read IP mode file for WES.I-CUBE-Cesium.1.3.0
2025-07-17 09:08:33,495 [WARN] PackLoader:240 - Cannot read IP mode file for STMicroelectronics.X-CUBE-BLE2.3.3.0
2025-07-17 09:08:33,500 [WARN] PackLoader:240 - Cannot read IP mode file for STMicroelectronics.X-CUBE-NFC9.1.0.0
2025-07-17 09:08:33,504 [WARN] PackLoader:240 - Cannot read IP mode file for wolfSSL.I-CUBE-wolfSSL.5.8.0
2025-07-17 09:08:33,509 [WARN] PackLoader:240 - Cannot read IP mode file for STMicroelectronics.X-CUBE-BLE1.7.1.0
2025-07-17 09:08:33,513 [WARN] PackLoader:240 - Cannot read IP mode file for wolfSSL.I-CUBE-wolfMQTT.1.19.2
2025-07-17 09:08:33,517 [WARN] PackLoader:240 - Cannot read IP mode file for STMicroelectronics.X-CUBE-AI.10.1.0
2025-07-17 09:08:33,527 [WARN] PackLoader:240 - Cannot read IP mode file for STMicroelectronics.X-CUBE-AZRTOS-G0.1.1.0
2025-07-17 09:08:33,533 [WARN] PackLoader:240 - Cannot read IP mode file for STMicroelectronics.X-CUBE-SAFEA1.1.2.2
2025-07-17 09:08:33,537 [WARN] PackLoader:240 - Cannot read IP mode file for STMicroelectronics.X-CUBE-NFC4.3.0.0
2025-07-17 09:08:33,551 [WARN] PackLoader:240 - Cannot read IP mode file for EmbeddedOffice.I-CUBE-FS-RTOS.1.0.1
2025-07-17 09:08:33,560 [WARN] PackLoader:240 - Cannot read IP mode file for STMicroelectronics.X-CUBE-WB05N.2.0.0
2025-07-17 09:08:33,565 [WARN] PackLoader:240 - Cannot read IP mode file for wolfSSL.I-CUBE-wolfTPM.3.8.0
2025-07-17 09:08:33,570 [WARN] PackLoader:240 - Cannot read IP mode file for STMicroelectronics.X-CUBE-TCPP.4.2.0
2025-07-17 09:08:33,576 [WARN] PackLoader:240 - Cannot read IP mode file for RealThread.X-CUBE-RT-Thread_Nano.4.1.1
2025-07-17 09:08:33,580 [WARN] PackLoader:240 - Cannot read IP mode file for STMicroelectronics.FP-ATR-SIGFOX1.3.2.0
2025-07-17 09:08:33,586 [WARN] PackLoader:240 - Cannot read IP mode file for STMicroelectronics.X-CUBE-EEPRMA1.5.1.0
2025-07-17 09:08:33,593 [WARN] PackLoader:240 - Cannot read IP mode file for ITTIA_DB.I-CUBE-ITTIADB.8.9.0
2025-07-17 09:08:33,599 [WARN] PackLoader:240 - Cannot read IP mode file for STMicroelectronics.X-CUBE-ST67W61.1.0.0
2025-07-17 09:08:33,646 [WARN] PackLoader:240 - Cannot read IP mode file for SEGGER.I-CUBE-embOS.1.3.1
2025-07-17 09:08:33,693 [WARN] PackLoader:240 - Cannot read IP mode file for STMicroelectronics.X-CUBE-ALGOBUILD.1.4.0
2025-07-17 09:08:33,720 [WARN] PackLoader:240 - Cannot read IP mode file for STMicroelectronics.X-CUBE-MEMS1.11.3.0
2025-07-17 09:08:33,792 [WARN] PackLoader:240 - Cannot read IP mode file for STMicroelectronics.X-CUBE-PM33A1.1.0.0
2025-07-17 09:08:33,802 [WARN] PackLoader:240 - Cannot read IP mode file for STMicroelectronics.X-CUBE-AZRTOS-F4.1.1.0
2025-07-17 09:08:33,807 [WARN] PackLoader:240 - Cannot read IP mode file for Avnet-IotConnect.X-CUBE-IoTC-DA16k-PMOD.1.0.0
2025-07-17 09:08:33,811 [WARN] PackLoader:240 - Cannot read IP mode file for STMicroelectronics.X-CUBE-ISPU.2.1.0
2025-07-17 09:08:33,816 [WARN] PackLoader:240 - Cannot read IP mode file for STMicroelectronics.X-CUBE-NFC12.1.0.0
2025-07-17 09:08:33,827 [WARN] PackLoader:240 - Cannot read IP mode file for STMicroelectronics.X-CUBE-AZRTOS-L5.2.0.0
2025-07-17 09:08:33,835 [WARN] PackLoader:240 - Cannot read IP mode file for STMicroelectronics.X-CUBE-NFC6.3.1.0
2025-07-17 09:08:33,840 [WARN] PackLoader:240 - Cannot read IP mode file for STMicroelectronics.X-CUBE-FREERTOS.1.3.1
2025-07-17 09:08:33,844 [WARN] PackLoader:240 - Cannot read IP mode file for STMicroelectronics.FP-SNS-STAIOTCFT.1.0.0
2025-07-17 09:08:33,848 [WARN] PackLoader:240 - Cannot read IP mode file for STMicroelectronics.X-CUBE-DPower.1.3.0
2025-07-17 09:08:33,859 [WARN] ConditionMgr:438 - getConditionDescription Invalid condition id : LAN8742 Phy interface Condition cause : null
2025-07-17 09:08:33,860 [WARN] PackLoader:240 - Cannot read IP mode file for STMicroelectronics.X-CUBE-AZRTOS-L4.2.0.0
2025-07-17 09:08:33,860 [WARN] ConditionMgr:1044 - genDependencies : Invalid condition id : LAN8742 Phy interface Condition cause : null
2025-07-17 09:08:33,860 [WARN] ConditionMgr:1044 - genDependencies : Invalid condition id : LAN8742 Phy interface Condition cause : null
2025-07-17 09:08:33,861 [WARN] ConditionMgr:1044 - genDependencies : Invalid condition id : LAN8742 Phy interface Condition cause : null
2025-07-17 09:08:33,866 [WARN] PackLoader:240 - Cannot read IP mode file for STMicroelectronics.X-CUBE-SFXS2LP1.4.0.0
2025-07-17 09:08:33,883 [WARN] PackLoader:240 - Cannot read IP mode file for STMicroelectronics.X-CUBE-AZRTOS-H7.3.3.0
2025-07-17 09:08:33,893 [WARN] ConditionMgr:438 - getConditionDescription Invalid condition id : UX DEVICE CLASS RTOS Condition cause : null
2025-07-17 09:08:33,893 [WARN] ConditionMgr:438 - getConditionDescription Invalid condition id : UX DEVICE CLASS RTOS Condition cause : null
2025-07-17 09:08:33,894 [WARN] PackLoader:240 - Cannot read IP mode file for STMicroelectronics.X-CUBE-AZRTOS-WB.2.0.0
2025-07-17 09:08:33,895 [WARN] ConditionMgr:1044 - genDependencies : Invalid condition id : UX DEVICE CLASS RTOS Condition cause : null
2025-07-17 09:08:33,895 [WARN] ConditionMgr:1044 - genDependencies : Invalid condition id : UX DEVICE CLASS RTOS Condition cause : null
2025-07-17 09:08:33,895 [WARN] ConditionMgr:1044 - genDependencies : Invalid condition id : UX DEVICE CLASS RTOS Condition cause : null
2025-07-17 09:08:33,895 [WARN] ConditionMgr:1044 - genDependencies : Invalid condition id : UX DEVICE CLASS RTOS Condition cause : null
2025-07-17 09:08:33,895 [WARN] ConditionMgr:1044 - genDependencies : Invalid condition id : UX DEVICE CLASS RTOS Condition cause : null
2025-07-17 09:08:33,900 [WARN] PackLoader:240 - Cannot read IP mode file for STMicroelectronics.X-CUBE-GNSS1.7.0.1
2025-07-17 09:08:33,905 [WARN] PackLoader:240 - Cannot read IP mode file for STMicroelectronics.X-CUBE-TOUCHGFX.4.25.0
2025-07-17 09:08:33,911 [WARN] PackLoader:240 - Cannot read IP mode file for STMicroelectronics.FP-SNS-STBOX1.2.0.0
2025-07-17 09:08:33,922 [WARN] PackLoader:240 - Cannot read IP mode file for STMicroelectronics.X-CUBE-SUBG2.5.0.0
2025-07-17 09:08:33,935 [WARN] PackLoader:240 - Cannot read IP mode file for STMicroelectronics.X-CUBE-AZRTOS-H7RS.1.1.0
2025-07-17 09:08:33,940 [WARN] PackLoader:240 - Cannot read IP mode file for Cesanta.I-CUBE-Mongoose.7.13.0
2025-07-17 09:08:33,949 [WARN] PackLoader:240 - Cannot read IP mode file for STMicroelectronics.X-CUBE-AZRTOS-G4.2.0.0
2025-07-17 09:08:33,953 [WARN] PackLoader:240 - Cannot read IP mode file for wolfSSL.I-CUBE-wolfSSH.1.4.20
2025-07-17 09:08:33,957 [WARN] PackLoader:240 - Cannot read IP mode file for STMicroelectronics.X-CUBE-NFC7.2.0.0
2025-07-17 09:08:33,965 [WARN] PackLoader:240 - Cannot read IP mode file for STMicroelectronics.X-CUBE-IPS.3.1.0
2025-07-17 09:08:33,971 [WARN] PackLoader:240 - Cannot read IP mode file for STMicroelectronics.X-CUBE-ALS.1.0.2
2025-07-17 09:08:33,976 [WARN] PackLoader:240 - Cannot read IP mode file for portGmbH.I-Cube-SoM-uGOAL.1.1.0
2025-07-17 09:08:33,983 [WARN] PackLoader:240 - Cannot read IP mode file for STMicroelectronics.X-CUBE-TOF1.3.4.3
2025-07-17 09:08:33,989 [INFO] ThirdParty:978 - Integrity check success = true
2025-07-17 09:08:33,989 [INFO] IntegrityCheckThread:100 - exiting critical section [integrity check]
2025-07-17 09:08:33,989 [INFO] IntegrityCheckThread:103 - End integrity checks thread
