2025-07-06 11:31:11,909 [INFO] Activator:176 - 


2025-07-06 11:31:11,918 [INFO] Activator:177 - !SESSION log4j initialized
2025-07-06 11:31:17,063 [INFO] LogOutputStream:77 - [STDOUT_REDIRECT] 
2025-07-06 11:31:19,410 [INFO] ApplicationProperties:184 - Using Application install path: C:\ST\STM32CubeIDE_1.18.1\STM32CubeIDE\plugins\com.st.stm32cube.common.mx_6.14.1.202504091515
2025-07-06 11:31:19,438 [INFO] DbMcusXml:78 - Set database path to: C:\ST\STM32CubeIDE_1.18.1\STM32CubeIDE\plugins\com.st.stm32cube.common.mx_6.14.1.202504091515\\db\/mcu/
2025-07-06 11:31:19,439 [INFO] ApiDb:274 - Set plugin database path to: C:\ST\STM32CubeIDE_1.18.1\STM32CubeIDE\plugins\com.st.stm32cube.common.mx_6.14.1.202504091515\\db\/plugins/boardmanager/
2025-07-06 11:31:19,439 [WARN] ApiDb:259 - Overriding images path with different value:  => C:\ST\STM32CubeIDE_1.18.1\STM32CubeIDE\plugins\com.st.stm32cube.common.mx_6.14.1.202504091515\\db\/plugins/mcufinder/images/
2025-07-06 11:31:19,455 [INFO] ApiDb:250 - Set database path to: C:\Users\Shashank\.stmcufinder\plugins\mcufinder//mcu/
2025-07-06 11:31:19,456 [INFO] DbMcusAds:125 - Set database path to: C:\Users\Shashank\.stmcufinder\plugins\mcufinder//mcu/
2025-07-06 11:31:19,460 [INFO] CrossReferenceDbSqlite:203 - Set database path to: C:\Users\Shashank\.stmcufinder\plugins\mcufinder//mcu/cs/
2025-07-06 11:31:19,624 [INFO] RulesReader:64 - Compatibility file has been processed (302 Rules)
2025-07-06 11:31:19,751 [INFO] DbMcusXml:78 - Set database path to: C:\ST\STM32CubeIDE_1.18.1\STM32CubeIDE\plugins\com.st.stm32cube.common.mx_6.14.1.202504091515\\db\/mcu/
2025-07-06 11:31:19,751 [INFO] ApiDb:274 - Set plugin database path to: C:\ST\STM32CubeIDE_1.18.1\STM32CubeIDE\plugins\com.st.stm32cube.common.mx_6.14.1.202504091515\\db\/plugins/boardmanager/
2025-07-06 11:31:19,751 [INFO] ApiDb:261 - Set plugin images path to: C:\ST\STM32CubeIDE_1.18.1\STM32CubeIDE\plugins\com.st.stm32cube.common.mx_6.14.1.202504091515\\db\/plugins/mcufinder/images/
2025-07-06 11:31:19,751 [WARN] DbFile:41 - Overriding database path with different value: C:\Users\Shashank\.stmcufinder\plugins\mcufinder/ => C:\Users\Shashank\.stmcufinder\plugins\mcufinder
2025-07-06 11:31:19,751 [INFO] ApiDb:250 - Set database path to: C:\Users\Shashank\.stmcufinder\plugins\mcufinder//mcu/
2025-07-06 11:31:19,751 [WARN] DbFile:41 - Overriding database path with different value: C:\Users\Shashank\.stmcufinder\plugins\mcufinder/ => C:\Users\Shashank\.stmcufinder\plugins\mcufinder
2025-07-06 11:31:19,753 [INFO] DbMcusAds:125 - Set database path to: C:\Users\Shashank\.stmcufinder\plugins\mcufinder//mcu/
2025-07-06 11:31:19,753 [WARN] DbFile:41 - Overriding database path with different value: C:\Users\Shashank\.stmcufinder\plugins\mcufinder/ => C:\Users\Shashank\.stmcufinder\plugins\mcufinder
2025-07-06 11:31:19,753 [WARN] DbFile:41 - Overriding database path with different value: C:\Users\Shashank\.stmcufinder\plugins\mcufinder/ => C:\Users\Shashank\.stmcufinder\plugins\mcufinder
2025-07-06 11:31:19,753 [INFO] CrossReferenceDbSqlite:203 - Set database path to: C:\Users\Shashank\.stmcufinder\plugins\mcufinder//mcu/cs/
2025-07-06 11:31:19,863 [INFO] MainPanel:272 - HeapMemory: 268435456
2025-07-06 11:31:20,022 [INFO] DbMcusXml:78 - Set database path to: C:\ST\STM32CubeIDE_1.18.1\STM32CubeIDE\plugins\com.st.stm32cube.common.mx_6.14.1.202504091515\\db\/mcu/
2025-07-06 11:31:20,022 [INFO] ApiDb:274 - Set plugin database path to: C:\ST\STM32CubeIDE_1.18.1\STM32CubeIDE\plugins\com.st.stm32cube.common.mx_6.14.1.202504091515\\db\/plugins/boardmanager/
2025-07-06 11:31:20,022 [INFO] ApiDb:261 - Set plugin images path to: C:\ST\STM32CubeIDE_1.18.1\STM32CubeIDE\plugins\com.st.stm32cube.common.mx_6.14.1.202504091515\\db\/plugins/mcufinder/images/
2025-07-06 11:31:20,023 [WARN] DbFile:41 - Overriding database path with different value: C:\Users\Shashank\.stmcufinder\plugins\mcufinder/ => C:\Users\Shashank\.stmcufinder\plugins\mcufinder
2025-07-06 11:31:20,023 [INFO] ApiDb:250 - Set database path to: C:\Users\Shashank\.stmcufinder\plugins\mcufinder//mcu/
2025-07-06 11:31:20,023 [WARN] DbFile:41 - Overriding database path with different value: C:\Users\Shashank\.stmcufinder\plugins\mcufinder/ => C:\Users\Shashank\.stmcufinder\plugins\mcufinder
2025-07-06 11:31:20,023 [INFO] DbMcusAds:125 - Set database path to: C:\Users\Shashank\.stmcufinder\plugins\mcufinder//mcu/
2025-07-06 11:31:20,023 [WARN] DbFile:41 - Overriding database path with different value: C:\Users\Shashank\.stmcufinder\plugins\mcufinder/ => C:\Users\Shashank\.stmcufinder\plugins\mcufinder
2025-07-06 11:31:20,024 [WARN] DbFile:41 - Overriding database path with different value: C:\Users\Shashank\.stmcufinder\plugins\mcufinder/ => C:\Users\Shashank\.stmcufinder\plugins\mcufinder
2025-07-06 11:31:20,024 [INFO] CrossReferenceDbSqlite:203 - Set database path to: C:\Users\Shashank\.stmcufinder\plugins\mcufinder//mcu/cs/
2025-07-06 11:31:20,051 [INFO] ApplicationProperties:184 - Using Application install path: C:\ST\STM32CubeIDE_1.18.1\STM32CubeIDE\plugins\com.st.stm32cube.common.mx_6.14.1.202504091515
2025-07-06 11:31:20,054 [INFO] PluginManage:196 - Search for loadable plugins [exclusion list=, ]
2025-07-06 11:31:20,055 [INFO] PluginManage:310 - Check plugin analytics
2025-07-06 11:31:20,337 [INFO] AnalyticsPlugin:253 - Accepted Software Licenses: 
2025-07-06 11:31:20,338 [INFO] AnalyticsPlugin:255 - Accepted CMSIS Pack Licenses: 
2025-07-06 11:31:20,338 [INFO] AnalyticsPlugin:257 - Accepted Firmware Licenses: 
2025-07-06 11:31:20,340 [INFO] PluginManage:359 - Loaded plugin analytics (category:tool,tabindex:-1)
2025-07-06 11:31:20,341 [INFO] PluginManage:310 - Check plugin cadmodel
2025-07-06 11:31:20,350 [INFO] CADModel:105 - Init CAD model plugin
2025-07-06 11:31:20,350 [INFO] PluginManage:359 - Loaded plugin cadmodel (category:power,tabindex:5)
2025-07-06 11:31:20,351 [INFO] PluginManage:310 - Check plugin clock
2025-07-06 11:31:20,361 [INFO] PluginManage:359 - Loaded plugin clock (category:base,tabindex:2)
2025-07-06 11:31:20,361 [INFO] PluginManage:310 - Check plugin ddr
2025-07-06 11:31:20,365 [INFO] PluginManage:359 - Loaded plugin ddr (category:tool,tabindex:6)
2025-07-06 11:31:20,365 [INFO] PluginManage:310 - Check plugin filemanager
2025-07-06 11:31:20,585 [INFO] PluginManage:359 - Loaded plugin filemanager (category:base,tabindex:10)
2025-07-06 11:31:20,586 [INFO] PluginManage:310 - Check plugin ipmanager
2025-07-06 11:31:20,596 [INFO] PluginManage:359 - Loaded plugin ipmanager (category:base,tabindex:5)
2025-07-06 11:31:20,597 [INFO] PluginManage:310 - Check plugin lpbam
2025-07-06 11:31:20,605 [INFO] PluginManage:359 - Loaded plugin lpbam (category:base,tabindex:0)
2025-07-06 11:31:20,605 [INFO] PluginManage:310 - Check plugin memorymap
2025-07-06 11:31:20,631 [INFO] PluginManage:359 - Loaded plugin memorymap (category:base,tabindex:4)
2025-07-06 11:31:20,631 [INFO] PluginManage:310 - Check plugin pinoutandconfiguration
2025-07-06 11:31:20,647 [INFO] PluginManage:359 - Loaded plugin pinoutandconfiguration (category:base,tabindex:1)
2025-07-06 11:31:20,647 [INFO] PluginManage:310 - Check plugin pinoutconfig
2025-07-06 11:31:20,772 [WARN] SupportedApi:132 - Cannot load RTOS API schema: s4s-elt-must-match.1: The content of 'definitions' must match (annotation?, (simpleType | complexType)?, (unique | key | keyref)*)). A problem was found starting at: attribute.
2025-07-06 11:31:20,962 [INFO] PluginManage:359 - Loaded plugin pinoutconfig (category:base,tabindex:0)
2025-07-06 11:31:20,962 [INFO] PluginManage:310 - Check plugin power
2025-07-06 11:31:20,979 [INFO] PluginManage:359 - Loaded plugin power (category:power,tabindex:4)
2025-07-06 11:31:20,980 [INFO] PluginManage:310 - Check plugin projectmanager
2025-07-06 11:31:21,005 [INFO] PluginManage:359 - Loaded plugin projectmanager (category:projectmanager,tabindex:4)
2025-07-06 11:31:21,005 [INFO] PluginManage:310 - Check plugin rif
2025-07-06 11:31:21,019 [INFO] PluginManage:359 - Loaded plugin rif (category:base,tabindex:3)
2025-07-06 11:31:21,019 [INFO] PluginManage:310 - Check plugin thirdparty
2025-07-06 11:31:21,224 [INFO] PluginManage:359 - Loaded plugin thirdparty (category:base,tabindex:-1)
2025-07-06 11:31:21,224 [WARN] IntegrityCheckThread:84 - waiting for thirdparty lock release [integrity check]
2025-07-06 11:31:21,224 [INFO] IntegrityCheckThread:86 - entering critical section [integrity check]
2025-07-06 11:31:21,224 [INFO] PluginManage:310 - Check plugin tools
2025-07-06 11:31:21,226 [INFO] ThirdPartyUpdaterWithRetryManager:70 - Updater plugin not ready yet. [1/15]
2025-07-06 11:31:21,230 [INFO] PluginManage:359 - Loaded plugin tools (category:base,tabindex:7)
2025-07-06 11:31:21,232 [INFO] PluginManage:310 - Check plugin tutovideos
2025-07-06 11:31:21,464 [INFO] PluginManage:359 - Loaded plugin tutovideos (category:base,tabindex:-1)
2025-07-06 11:31:21,464 [INFO] PluginManage:310 - Check plugin updater
2025-07-06 11:31:21,497 [INFO] PluginManage:359 - Loaded plugin updater (category:base,tabindex:12)
2025-07-06 11:31:21,497 [INFO] PluginManage:310 - Check plugin userauth
2025-07-06 11:31:21,508 [INFO] UserAuth:118 - Init User Auth plugin
2025-07-06 11:31:21,509 [INFO] PluginManage:359 - Loaded plugin userauth (category:base,tabindex:14)
2025-07-06 11:31:21,509 [INFO] PluginManage:283 - PluginManage : Loaded plugins [18]
2025-07-06 11:31:21,831 [INFO] PinOutPanel:1589 - setPackage(No Configuration,No Configuration)
2025-07-06 11:31:21,972 [INFO] CADModel:165 - CPN selected for project level
2025-07-06 11:31:21,973 [INFO] CADModel:114 - Register for checkConnection events
2025-07-06 11:31:22,007 [INFO] IPUIPlugin:80 - create IPUIPlugin
2025-07-06 11:31:22,007 [INFO] PluginManager:220 - loadIPPluginJar : add adc
2025-07-06 11:31:22,015 [INFO] IPUIPlugin:80 - create IPUIPlugin
2025-07-06 11:31:22,015 [INFO] PluginManager:220 - loadIPPluginJar : add aes
2025-07-06 11:31:22,020 [INFO] IPUIPlugin:80 - create IPUIPlugin
2025-07-06 11:31:22,020 [INFO] PluginManager:220 - loadIPPluginJar : add can
2025-07-06 11:31:22,024 [INFO] IPUIPlugin:80 - create IPUIPlugin
2025-07-06 11:31:22,024 [INFO] PluginManager:220 - loadIPPluginJar : add comp
2025-07-06 11:31:22,031 [INFO] IPUIPlugin:80 - create IPUIPlugin
2025-07-06 11:31:22,031 [INFO] PluginManager:220 - loadIPPluginJar : add cryp
2025-07-06 11:31:22,038 [INFO] IPUIPlugin:80 - create IPUIPlugin
2025-07-06 11:31:22,038 [INFO] PluginManager:220 - loadIPPluginJar : add ddr_ctrl_phy
2025-07-06 11:31:22,043 [INFO] IPUIPlugin:80 - create IPUIPlugin
2025-07-06 11:31:22,043 [INFO] PluginManager:220 - loadIPPluginJar : add dfsdm
2025-07-06 11:31:22,054 [INFO] IPUIPlugin:80 - create IPUIPlugin
2025-07-06 11:31:22,059 [INFO] PluginManager:220 - loadIPPluginJar : add dma
2025-07-06 11:31:22,065 [INFO] IPUIPlugin:80 - create IPUIPlugin
2025-07-06 11:31:22,065 [INFO] PluginManager:220 - loadIPPluginJar : add dma3
2025-07-06 11:31:22,070 [INFO] IPUIPlugin:80 - create IPUIPlugin
2025-07-06 11:31:22,070 [INFO] PluginManager:220 - loadIPPluginJar : add extmemmanager
2025-07-06 11:31:22,073 [INFO] IPUIPlugin:80 - create IPUIPlugin
2025-07-06 11:31:22,073 [INFO] PluginManager:220 - loadIPPluginJar : add fatfs
2025-07-06 11:31:22,083 [INFO] IPUIPlugin:80 - create IPUIPlugin
2025-07-06 11:31:22,083 [INFO] PluginManager:220 - loadIPPluginJar : add fmc
2025-07-06 11:31:22,095 [INFO] IPUIPlugin:80 - create IPUIPlugin
2025-07-06 11:31:22,096 [INFO] PluginManager:220 - loadIPPluginJar : add freertos
2025-07-06 11:31:22,099 [INFO] IPUIPlugin:80 - create IPUIPlugin
2025-07-06 11:31:22,099 [INFO] PluginManager:220 - loadIPPluginJar : add genericplugin
2025-07-06 11:31:22,105 [INFO] IPUIPlugin:80 - create IPUIPlugin
2025-07-06 11:31:22,105 [INFO] PluginManager:220 - loadIPPluginJar : add gfxmmu
2025-07-06 11:31:22,113 [INFO] IPUIPlugin:80 - create IPUIPlugin
2025-07-06 11:31:22,113 [INFO] PluginManager:220 - loadIPPluginJar : add gic
2025-07-06 11:31:22,119 [INFO] IPUIPlugin:80 - create IPUIPlugin
2025-07-06 11:31:22,119 [INFO] PluginManager:220 - loadIPPluginJar : add gpio
2025-07-06 11:31:22,124 [INFO] IPUIPlugin:80 - create IPUIPlugin
2025-07-06 11:31:22,124 [INFO] PluginManager:220 - loadIPPluginJar : add gtzc
2025-07-06 11:31:22,131 [INFO] IPUIPlugin:80 - create IPUIPlugin
2025-07-06 11:31:22,131 [INFO] PluginManager:220 - loadIPPluginJar : add hash
2025-07-06 11:31:22,135 [INFO] IPUIPlugin:80 - create IPUIPlugin
2025-07-06 11:31:22,135 [INFO] PluginManager:220 - loadIPPluginJar : add i2c
2025-07-06 11:31:22,140 [INFO] IPUIPlugin:80 - create IPUIPlugin
2025-07-06 11:31:22,141 [INFO] PluginManager:220 - loadIPPluginJar : add i2s
2025-07-06 11:31:22,148 [INFO] IPUIPlugin:80 - create IPUIPlugin
2025-07-06 11:31:22,148 [INFO] PluginManager:220 - loadIPPluginJar : add i3c
2025-07-06 11:31:22,153 [INFO] IPUIPlugin:80 - create IPUIPlugin
2025-07-06 11:31:22,153 [INFO] PluginManager:220 - loadIPPluginJar : add ipddr
2025-07-06 11:31:22,165 [INFO] IPUIPlugin:80 - create IPUIPlugin
2025-07-06 11:31:22,165 [INFO] PluginManager:220 - loadIPPluginJar : add linkedlist
2025-07-06 11:31:22,169 [INFO] IPUIPlugin:80 - create IPUIPlugin
2025-07-06 11:31:22,169 [INFO] PluginManager:220 - loadIPPluginJar : add lorawan
2025-07-06 11:31:22,172 [INFO] IPUIPlugin:80 - create IPUIPlugin
2025-07-06 11:31:22,174 [INFO] PluginManager:220 - loadIPPluginJar : add ltdc
2025-07-06 11:31:22,184 [INFO] IPUIPlugin:80 - create IPUIPlugin
2025-07-06 11:31:22,184 [INFO] PluginManager:220 - loadIPPluginJar : add mdma
2025-07-06 11:31:22,189 [INFO] IPUIPlugin:80 - create IPUIPlugin
2025-07-06 11:31:22,190 [INFO] PluginManager:220 - loadIPPluginJar : add nvic
2025-07-06 11:31:22,194 [INFO] IPUIPlugin:80 - create IPUIPlugin
2025-07-06 11:31:22,195 [INFO] PluginManager:220 - loadIPPluginJar : add opamp
2025-07-06 11:31:22,202 [INFO] IPUIPlugin:80 - create IPUIPlugin
2025-07-06 11:31:22,202 [INFO] PluginManager:220 - loadIPPluginJar : add openamp
2025-07-06 11:31:22,208 [INFO] IPUIPlugin:80 - create IPUIPlugin
2025-07-06 11:31:22,208 [INFO] PluginManager:220 - loadIPPluginJar : add pdm2pcm
2025-07-06 11:31:22,219 [INFO] IPUIPlugin:80 - create IPUIPlugin
2025-07-06 11:31:22,222 [INFO] PluginManager:220 - loadIPPluginJar : add plateformsettings
2025-07-06 11:31:22,226 [INFO] IPUIPlugin:80 - create IPUIPlugin
2025-07-06 11:31:22,226 [INFO] PluginManager:220 - loadIPPluginJar : add quadspi
2025-07-06 11:31:22,230 [INFO] IPUIPlugin:80 - create IPUIPlugin
2025-07-06 11:31:22,231 [INFO] PluginManager:220 - loadIPPluginJar : add radio
2025-07-06 11:31:22,240 [INFO] IPUIPlugin:80 - create IPUIPlugin
2025-07-06 11:31:22,240 [INFO] PluginManager:220 - loadIPPluginJar : add resmgrutility
2025-07-06 11:31:22,248 [INFO] IPUIPlugin:80 - create IPUIPlugin
2025-07-06 11:31:22,248 [INFO] PluginManager:220 - loadIPPluginJar : add sai
2025-07-06 11:31:22,260 [INFO] IPUIPlugin:80 - create IPUIPlugin
2025-07-06 11:31:22,261 [INFO] PluginManager:220 - loadIPPluginJar : add spi
2025-07-06 11:31:22,272 [INFO] IPUIPlugin:80 - create IPUIPlugin
2025-07-06 11:31:22,272 [INFO] PluginManager:220 - loadIPPluginJar : add stm32_wpan
2025-07-06 11:31:22,275 [INFO] IPUIPlugin:80 - create IPUIPlugin
2025-07-06 11:31:22,275 [INFO] PluginManager:220 - loadIPPluginJar : add tim
2025-07-06 11:31:22,283 [INFO] IPUIPlugin:80 - create IPUIPlugin
2025-07-06 11:31:22,283 [INFO] PluginManager:220 - loadIPPluginJar : add touchsensing
2025-07-06 11:31:22,288 [INFO] IPUIPlugin:80 - create IPUIPlugin
2025-07-06 11:31:22,288 [INFO] PluginManager:220 - loadIPPluginJar : add tracer_emb
2025-07-06 11:31:22,291 [INFO] IPUIPlugin:80 - create IPUIPlugin
2025-07-06 11:31:22,291 [INFO] PluginManager:220 - loadIPPluginJar : add ts
2025-07-06 11:31:22,296 [INFO] IPUIPlugin:80 - create IPUIPlugin
2025-07-06 11:31:22,296 [INFO] PluginManager:220 - loadIPPluginJar : add tsc
2025-07-06 11:31:22,300 [INFO] IPUIPlugin:80 - create IPUIPlugin
2025-07-06 11:31:22,301 [INFO] PluginManager:220 - loadIPPluginJar : add ucpd
2025-07-06 11:31:22,306 [INFO] IPUIPlugin:80 - create IPUIPlugin
2025-07-06 11:31:22,306 [INFO] PluginManager:220 - loadIPPluginJar : add usart
2025-07-06 11:31:22,311 [INFO] IPUIPlugin:80 - create IPUIPlugin
2025-07-06 11:31:22,312 [INFO] PluginManager:220 - loadIPPluginJar : add usbx
2025-07-06 11:31:22,499 [FATAL] Updater:351 - Updater called before beeing initialized
2025-07-06 11:31:22,554 [INFO] RulesReader:64 - Compatibility file has been processed (302 Rules)
2025-07-06 11:31:22,570 [INFO] RulesReader:64 - Compatibility file has been processed (302 Rules)
2025-07-06 11:31:22,582 [INFO] CADModel:165 - CPN selected for project level
2025-07-06 11:31:22,582 [INFO] CADModel:114 - Register for checkConnection events
2025-07-06 11:31:22,582 [FATAL] Updater:351 - Updater called before beeing initialized
2025-07-06 11:31:22,582 [ERROR] CADModel:125 - Updater not yet initialized, retry later 
2025-07-06 11:31:22,777 [FATAL] Updater:351 - Updater called before beeing initialized
2025-07-06 11:31:22,781 [INFO] CADModel:165 - CPN selected for project level
2025-07-06 11:31:22,781 [INFO] CADModel:114 - Register for checkConnection events
2025-07-06 11:31:22,781 [FATAL] Updater:351 - Updater called before beeing initialized
2025-07-06 11:31:22,781 [ERROR] CADModel:125 - Updater not yet initialized, retry later 
2025-07-06 11:31:22,786 [FATAL] Updater:351 - Updater called before beeing initialized
2025-07-06 11:31:22,937 [FATAL] Updater:351 - Updater called before beeing initialized
2025-07-06 11:31:22,940 [INFO] DbMcusAds:53 - JSON generation date=Thu Jun 19 14:02:37 IST 2025 (1750321957418)
2025-07-06 11:31:22,940 [FATAL] Updater:351 - Updater called before beeing initialized
2025-07-06 11:31:23,001 [WARN] DetailPanel:346 - Failed to get advertising image, set to default
2025-07-06 11:31:23,337 [FATAL] Updater:351 - Updater called before beeing initialized
2025-07-06 11:31:23,341 [FATAL] Updater:351 - Updater called before beeing initialized
2025-07-06 11:31:23,341 [FATAL] Updater:351 - Updater called before beeing initialized
2025-07-06 11:31:23,341 [WARN] DetailPanel:346 - Failed to get advertising image, set to default
2025-07-06 11:31:23,342 [FATAL] Updater:351 - Updater called before beeing initialized
2025-07-06 11:31:23,402 [ERROR] Updater:1198 - MainUpdater not yet initialized. External WinMGr cannot be set.
2025-07-06 11:31:23,405 [INFO] Updater:1134 - Updater Version found : 6.14.1
2025-07-06 11:31:23,434 [INFO] ApplicationProperties:184 - Using Application install path: C:\ST\STM32CubeIDE_1.18.1\STM32CubeIDE\plugins\com.st.stm32cube.common.mx_6.14.1.202504091515
2025-07-06 11:31:24,227 [INFO] ThirdPartyUpdaterWithRetryManager:70 - Updater plugin not ready yet. [2/15]
2025-07-06 11:31:25,024 [ERROR] LogOutputStream:75 - [STDERR_REDIRECT] Jul 06, 2025 11:31:25 AM java.util.prefs.WindowsPreferences <init>
2025-07-06 11:31:25,026 [ERROR] LogOutputStream:75 - [STDERR_REDIRECT] WARNING: Could not open/create prefs root node Software\JavaSoft\Prefs at root 0xffffffff80000002. Windows RegCreateKeyEx(...) returned error code 5.
2025-07-06 11:31:25,026 [ERROR] LogOutputStream:75 - [STDERR_REDIRECT] 
2025-07-06 11:31:27,229 [FATAL] Updater:351 - Updater called before beeing initialized
2025-07-06 11:31:27,230 [ERROR] IntegrityCheckThread:130 - Cannot retrieve database content from updater: error 21
2025-07-06 11:31:27,231 [INFO] ThirdParty:978 - Integrity check success = false
2025-07-06 11:31:27,231 [INFO] IntegrityCheckThread:100 - exiting critical section [integrity check]
2025-07-06 11:31:27,231 [INFO] IntegrityCheckThread:103 - End integrity checks thread
2025-07-06 11:31:28,926 [ERROR] ConfigurationRetriever:142 - IOException on connection: sw-center.st.com
2025-07-06 11:31:28,927 [ERROR] ConfigurationRetriever:142 - IOException on connection: sw-center.st.com
2025-07-06 11:31:28,928 [ERROR] ConfigurationRetriever:142 - IOException on connection: sw-center.st.com
2025-07-06 11:31:28,928 [ERROR] ConfigurationRetriever:142 - IOException on connection: sw-center.st.com
2025-07-06 11:31:28,930 [ERROR] ConfigurationRetriever:142 - IOException on connection: sw-center.st.com
2025-07-06 11:31:28,930 [ERROR] ConfigurationRetriever:142 - IOException on connection: sw-center.st.com
2025-07-06 11:31:28,932 [INFO] MainUpdater:2872 - connection check result : 22
2025-07-06 11:31:28,933 [INFO] MainUpdater:289 - Updater Check For Update Now.
2025-07-06 11:31:28,933 [INFO] MicroXplorer:498 - Change Database Version : DB.6.0.141
2025-07-06 11:31:28,945 [INFO] McuFinderGlobals:63 - Set McuFinder mode to 2 (CubeIDE integrated)
2025-07-06 11:31:28,945 [INFO] UserAuth:171 - activating auth plugin
2025-07-06 11:31:28,954 [INFO] UserAuth:484 - Internet connection configuration mode: 2
2025-07-06 11:31:28,983 [INFO] UserAuth:484 - Internet connection configuration mode: 2
2025-07-06 11:31:29,207 [INFO] CheckServerUpdateThread:120 - End of CheckServer Thread
