2025-07-14 09:08:48,058 [INFO] WebApp:191 - Connection restablished
2025-07-14 09:08:51,022 [INFO] WebApp:194 - Connection lost
2025-07-14 09:08:51,225 [INFO] WebApp:191 - Connection restablished
2025-07-14 09:10:37,051 [INFO] WebApp:194 - Connection lost
2025-07-14 09:10:37,494 [INFO] WebApp:191 - Connection restablished
2025-07-14 09:10:41,637 [INFO] WebApp:194 - Connection lost
2025-07-14 09:10:41,866 [INFO] WebApp:191 - Connection restablished
2025-07-14 09:10:44,677 [INFO] WebApp:194 - Connection lost
2025-07-14 09:10:45,194 [INFO] WebApp:191 - Connection restablished
2025-07-14 09:12:33,050 [INFO] Activator:176 - 


2025-07-14 09:12:33,051 [INFO] Activator:177 - !SESSION log4j initialized
2025-07-14 09:12:38,017 [INFO] LogOutputStream:77 - [STDOUT_REDIRECT] 
2025-07-14 09:12:41,529 [INFO] ApplicationProperties:184 - Using Application install path: C:\ST\STM32CubeIDE_1.18.1\STM32CubeIDE\plugins\com.st.stm32cube.common.mx_6.14.1.202504091515
2025-07-14 09:12:41,552 [INFO] DbMcusXml:78 - Set database path to: C:\ST\STM32CubeIDE_1.18.1\STM32CubeIDE\plugins\com.st.stm32cube.common.mx_6.14.1.202504091515\\db\/mcu/
2025-07-14 09:12:41,552 [INFO] ApiDb:274 - Set plugin database path to: C:\ST\STM32CubeIDE_1.18.1\STM32CubeIDE\plugins\com.st.stm32cube.common.mx_6.14.1.202504091515\\db\/plugins/boardmanager/
2025-07-14 09:12:41,552 [WARN] ApiDb:259 - Overriding images path with different value:  => C:\ST\STM32CubeIDE_1.18.1\STM32CubeIDE\plugins\com.st.stm32cube.common.mx_6.14.1.202504091515\\db\/plugins/mcufinder/images/
2025-07-14 09:12:41,563 [INFO] ApiDb:250 - Set database path to: C:\Users\Shashank\.stmcufinder\plugins\mcufinder//mcu/
2025-07-14 09:12:41,564 [INFO] DbMcusAds:125 - Set database path to: C:\Users\Shashank\.stmcufinder\plugins\mcufinder//mcu/
2025-07-14 09:12:41,566 [INFO] CrossReferenceDbSqlite:203 - Set database path to: C:\Users\Shashank\.stmcufinder\plugins\mcufinder//mcu/cs/
2025-07-14 09:12:41,695 [INFO] RulesReader:64 - Compatibility file has been processed (302 Rules)
2025-07-14 09:12:41,783 [INFO] DbMcusXml:78 - Set database path to: C:\ST\STM32CubeIDE_1.18.1\STM32CubeIDE\plugins\com.st.stm32cube.common.mx_6.14.1.202504091515\\db\/mcu/
2025-07-14 09:12:41,783 [INFO] ApiDb:274 - Set plugin database path to: C:\ST\STM32CubeIDE_1.18.1\STM32CubeIDE\plugins\com.st.stm32cube.common.mx_6.14.1.202504091515\\db\/plugins/boardmanager/
2025-07-14 09:12:41,784 [INFO] ApiDb:261 - Set plugin images path to: C:\ST\STM32CubeIDE_1.18.1\STM32CubeIDE\plugins\com.st.stm32cube.common.mx_6.14.1.202504091515\\db\/plugins/mcufinder/images/
2025-07-14 09:12:41,784 [WARN] DbFile:41 - Overriding database path with different value: C:\Users\Shashank\.stmcufinder\plugins\mcufinder/ => C:\Users\Shashank\.stmcufinder\plugins\mcufinder
2025-07-14 09:12:41,784 [INFO] ApiDb:250 - Set database path to: C:\Users\Shashank\.stmcufinder\plugins\mcufinder//mcu/
2025-07-14 09:12:41,784 [WARN] DbFile:41 - Overriding database path with different value: C:\Users\Shashank\.stmcufinder\plugins\mcufinder/ => C:\Users\Shashank\.stmcufinder\plugins\mcufinder
2025-07-14 09:12:41,784 [INFO] DbMcusAds:125 - Set database path to: C:\Users\Shashank\.stmcufinder\plugins\mcufinder//mcu/
2025-07-14 09:12:41,784 [WARN] DbFile:41 - Overriding database path with different value: C:\Users\Shashank\.stmcufinder\plugins\mcufinder/ => C:\Users\Shashank\.stmcufinder\plugins\mcufinder
2025-07-14 09:12:41,784 [WARN] DbFile:41 - Overriding database path with different value: C:\Users\Shashank\.stmcufinder\plugins\mcufinder/ => C:\Users\Shashank\.stmcufinder\plugins\mcufinder
2025-07-14 09:12:41,784 [INFO] CrossReferenceDbSqlite:203 - Set database path to: C:\Users\Shashank\.stmcufinder\plugins\mcufinder//mcu/cs/
2025-07-14 09:12:41,884 [INFO] MainPanel:272 - HeapMemory: 268435456
2025-07-14 09:12:42,014 [INFO] DbMcusXml:78 - Set database path to: C:\ST\STM32CubeIDE_1.18.1\STM32CubeIDE\plugins\com.st.stm32cube.common.mx_6.14.1.202504091515\\db\/mcu/
2025-07-14 09:12:42,014 [INFO] ApiDb:274 - Set plugin database path to: C:\ST\STM32CubeIDE_1.18.1\STM32CubeIDE\plugins\com.st.stm32cube.common.mx_6.14.1.202504091515\\db\/plugins/boardmanager/
2025-07-14 09:12:42,015 [INFO] ApiDb:261 - Set plugin images path to: C:\ST\STM32CubeIDE_1.18.1\STM32CubeIDE\plugins\com.st.stm32cube.common.mx_6.14.1.202504091515\\db\/plugins/mcufinder/images/
2025-07-14 09:12:42,015 [WARN] DbFile:41 - Overriding database path with different value: C:\Users\Shashank\.stmcufinder\plugins\mcufinder/ => C:\Users\Shashank\.stmcufinder\plugins\mcufinder
2025-07-14 09:12:42,015 [INFO] ApiDb:250 - Set database path to: C:\Users\Shashank\.stmcufinder\plugins\mcufinder//mcu/
2025-07-14 09:12:42,015 [WARN] DbFile:41 - Overriding database path with different value: C:\Users\Shashank\.stmcufinder\plugins\mcufinder/ => C:\Users\Shashank\.stmcufinder\plugins\mcufinder
2025-07-14 09:12:42,015 [INFO] DbMcusAds:125 - Set database path to: C:\Users\Shashank\.stmcufinder\plugins\mcufinder//mcu/
2025-07-14 09:12:42,015 [WARN] DbFile:41 - Overriding database path with different value: C:\Users\Shashank\.stmcufinder\plugins\mcufinder/ => C:\Users\Shashank\.stmcufinder\plugins\mcufinder
2025-07-14 09:12:42,015 [WARN] DbFile:41 - Overriding database path with different value: C:\Users\Shashank\.stmcufinder\plugins\mcufinder/ => C:\Users\Shashank\.stmcufinder\plugins\mcufinder
2025-07-14 09:12:42,016 [INFO] CrossReferenceDbSqlite:203 - Set database path to: C:\Users\Shashank\.stmcufinder\plugins\mcufinder//mcu/cs/
2025-07-14 09:12:42,039 [INFO] ApplicationProperties:184 - Using Application install path: C:\ST\STM32CubeIDE_1.18.1\STM32CubeIDE\plugins\com.st.stm32cube.common.mx_6.14.1.202504091515
2025-07-14 09:12:42,040 [INFO] PluginManage:196 - Search for loadable plugins [exclusion list=, ]
2025-07-14 09:12:42,042 [INFO] PluginManage:310 - Check plugin analytics
2025-07-14 09:12:42,274 [INFO] AnalyticsPlugin:253 - Accepted Software Licenses: 
2025-07-14 09:12:42,275 [INFO] AnalyticsPlugin:255 - Accepted CMSIS Pack Licenses: 
2025-07-14 09:12:42,275 [INFO] AnalyticsPlugin:257 - Accepted Firmware Licenses: 
2025-07-14 09:12:42,278 [INFO] PluginManage:359 - Loaded plugin analytics (category:tool,tabindex:-1)
2025-07-14 09:12:42,279 [INFO] PluginManage:310 - Check plugin cadmodel
2025-07-14 09:12:42,285 [INFO] CADModel:105 - Init CAD model plugin
2025-07-14 09:12:42,285 [INFO] PluginManage:359 - Loaded plugin cadmodel (category:power,tabindex:5)
2025-07-14 09:12:42,285 [INFO] PluginManage:310 - Check plugin clock
2025-07-14 09:12:42,297 [INFO] PluginManage:359 - Loaded plugin clock (category:base,tabindex:2)
2025-07-14 09:12:42,297 [INFO] PluginManage:310 - Check plugin ddr
2025-07-14 09:12:42,303 [INFO] PluginManage:359 - Loaded plugin ddr (category:tool,tabindex:6)
2025-07-14 09:12:42,304 [INFO] PluginManage:310 - Check plugin filemanager
2025-07-14 09:12:42,477 [INFO] PluginManage:359 - Loaded plugin filemanager (category:base,tabindex:10)
2025-07-14 09:12:42,477 [INFO] PluginManage:310 - Check plugin ipmanager
2025-07-14 09:12:42,483 [INFO] PluginManage:359 - Loaded plugin ipmanager (category:base,tabindex:5)
2025-07-14 09:12:42,484 [INFO] PluginManage:310 - Check plugin lpbam
2025-07-14 09:12:42,491 [INFO] PluginManage:359 - Loaded plugin lpbam (category:base,tabindex:0)
2025-07-14 09:12:42,491 [INFO] PluginManage:310 - Check plugin memorymap
2025-07-14 09:12:42,508 [INFO] PluginManage:359 - Loaded plugin memorymap (category:base,tabindex:4)
2025-07-14 09:12:42,508 [INFO] PluginManage:310 - Check plugin pinoutandconfiguration
2025-07-14 09:12:42,518 [INFO] PluginManage:359 - Loaded plugin pinoutandconfiguration (category:base,tabindex:1)
2025-07-14 09:12:42,518 [INFO] PluginManage:310 - Check plugin pinoutconfig
2025-07-14 09:12:42,631 [WARN] SupportedApi:132 - Cannot load RTOS API schema: s4s-elt-must-match.1: The content of 'definitions' must match (annotation?, (simpleType | complexType)?, (unique | key | keyref)*)). A problem was found starting at: attribute.
2025-07-14 09:12:42,752 [INFO] PluginManage:359 - Loaded plugin pinoutconfig (category:base,tabindex:0)
2025-07-14 09:12:42,753 [INFO] PluginManage:310 - Check plugin power
2025-07-14 09:12:42,762 [INFO] PluginManage:359 - Loaded plugin power (category:power,tabindex:4)
2025-07-14 09:12:42,762 [INFO] PluginManage:310 - Check plugin projectmanager
2025-07-14 09:12:42,781 [INFO] PluginManage:359 - Loaded plugin projectmanager (category:projectmanager,tabindex:4)
2025-07-14 09:12:42,781 [INFO] PluginManage:310 - Check plugin rif
2025-07-14 09:12:42,792 [INFO] PluginManage:359 - Loaded plugin rif (category:base,tabindex:3)
2025-07-14 09:12:42,792 [INFO] PluginManage:310 - Check plugin thirdparty
2025-07-14 09:12:42,935 [INFO] PluginManage:359 - Loaded plugin thirdparty (category:base,tabindex:-1)
2025-07-14 09:12:42,935 [WARN] IntegrityCheckThread:84 - waiting for thirdparty lock release [integrity check]
2025-07-14 09:12:42,936 [INFO] PluginManage:310 - Check plugin tools
2025-07-14 09:12:42,936 [INFO] IntegrityCheckThread:86 - entering critical section [integrity check]
2025-07-14 09:12:42,936 [INFO] ThirdPartyUpdaterWithRetryManager:70 - Updater plugin not ready yet. [1/15]
2025-07-14 09:12:42,938 [INFO] PluginManage:359 - Loaded plugin tools (category:base,tabindex:7)
2025-07-14 09:12:42,938 [INFO] PluginManage:310 - Check plugin tutovideos
2025-07-14 09:12:43,116 [INFO] PluginManage:359 - Loaded plugin tutovideos (category:base,tabindex:-1)
2025-07-14 09:12:43,116 [INFO] PluginManage:310 - Check plugin updater
2025-07-14 09:12:43,146 [INFO] PluginManage:359 - Loaded plugin updater (category:base,tabindex:12)
2025-07-14 09:12:43,146 [INFO] PluginManage:310 - Check plugin userauth
2025-07-14 09:12:43,152 [INFO] UserAuth:118 - Init User Auth plugin
2025-07-14 09:12:43,153 [INFO] PluginManage:359 - Loaded plugin userauth (category:base,tabindex:14)
2025-07-14 09:12:43,154 [INFO] PluginManage:283 - PluginManage : Loaded plugins [18]
2025-07-14 09:12:43,390 [INFO] PinOutPanel:1589 - setPackage(No Configuration,No Configuration)
2025-07-14 09:12:43,485 [INFO] CADModel:165 - CPN selected for project level
2025-07-14 09:12:43,485 [INFO] CADModel:114 - Register for checkConnection events
2025-07-14 09:12:43,507 [INFO] IPUIPlugin:80 - create IPUIPlugin
2025-07-14 09:12:43,507 [INFO] PluginManager:220 - loadIPPluginJar : add adc
2025-07-14 09:12:43,510 [INFO] IPUIPlugin:80 - create IPUIPlugin
2025-07-14 09:12:43,510 [INFO] PluginManager:220 - loadIPPluginJar : add aes
2025-07-14 09:12:43,514 [INFO] IPUIPlugin:80 - create IPUIPlugin
2025-07-14 09:12:43,515 [INFO] PluginManager:220 - loadIPPluginJar : add can
2025-07-14 09:12:43,516 [INFO] IPUIPlugin:80 - create IPUIPlugin
2025-07-14 09:12:43,517 [INFO] PluginManager:220 - loadIPPluginJar : add comp
2025-07-14 09:12:43,519 [INFO] IPUIPlugin:80 - create IPUIPlugin
2025-07-14 09:12:43,519 [INFO] PluginManager:220 - loadIPPluginJar : add cryp
2025-07-14 09:12:43,523 [INFO] IPUIPlugin:80 - create IPUIPlugin
2025-07-14 09:12:43,523 [INFO] PluginManager:220 - loadIPPluginJar : add ddr_ctrl_phy
2025-07-14 09:12:43,526 [INFO] IPUIPlugin:80 - create IPUIPlugin
2025-07-14 09:12:43,526 [INFO] PluginManager:220 - loadIPPluginJar : add dfsdm
2025-07-14 09:12:43,531 [INFO] IPUIPlugin:80 - create IPUIPlugin
2025-07-14 09:12:43,532 [INFO] PluginManager:220 - loadIPPluginJar : add dma
2025-07-14 09:12:43,536 [INFO] IPUIPlugin:80 - create IPUIPlugin
2025-07-14 09:12:43,536 [INFO] PluginManager:220 - loadIPPluginJar : add dma3
2025-07-14 09:12:43,539 [INFO] IPUIPlugin:80 - create IPUIPlugin
2025-07-14 09:12:43,539 [INFO] PluginManager:220 - loadIPPluginJar : add extmemmanager
2025-07-14 09:12:43,541 [INFO] IPUIPlugin:80 - create IPUIPlugin
2025-07-14 09:12:43,541 [INFO] PluginManager:220 - loadIPPluginJar : add fatfs
2025-07-14 09:12:43,545 [INFO] IPUIPlugin:80 - create IPUIPlugin
2025-07-14 09:12:43,546 [INFO] PluginManager:220 - loadIPPluginJar : add fmc
2025-07-14 09:12:43,552 [INFO] IPUIPlugin:80 - create IPUIPlugin
2025-07-14 09:12:43,552 [INFO] PluginManager:220 - loadIPPluginJar : add freertos
2025-07-14 09:12:43,554 [INFO] IPUIPlugin:80 - create IPUIPlugin
2025-07-14 09:12:43,554 [INFO] PluginManager:220 - loadIPPluginJar : add genericplugin
2025-07-14 09:12:43,557 [INFO] IPUIPlugin:80 - create IPUIPlugin
2025-07-14 09:12:43,558 [INFO] PluginManager:220 - loadIPPluginJar : add gfxmmu
2025-07-14 09:12:43,562 [INFO] IPUIPlugin:80 - create IPUIPlugin
2025-07-14 09:12:43,562 [INFO] PluginManager:220 - loadIPPluginJar : add gic
2025-07-14 09:12:43,566 [INFO] IPUIPlugin:80 - create IPUIPlugin
2025-07-14 09:12:43,566 [INFO] PluginManager:220 - loadIPPluginJar : add gpio
2025-07-14 09:12:43,571 [INFO] IPUIPlugin:80 - create IPUIPlugin
2025-07-14 09:12:43,571 [INFO] PluginManager:220 - loadIPPluginJar : add gtzc
2025-07-14 09:12:43,574 [INFO] IPUIPlugin:80 - create IPUIPlugin
2025-07-14 09:12:43,574 [INFO] PluginManager:220 - loadIPPluginJar : add hash
2025-07-14 09:12:43,577 [INFO] IPUIPlugin:80 - create IPUIPlugin
2025-07-14 09:12:43,578 [INFO] PluginManager:220 - loadIPPluginJar : add i2c
2025-07-14 09:12:43,581 [INFO] IPUIPlugin:80 - create IPUIPlugin
2025-07-14 09:12:43,582 [INFO] PluginManager:220 - loadIPPluginJar : add i2s
2025-07-14 09:12:43,586 [INFO] IPUIPlugin:80 - create IPUIPlugin
2025-07-14 09:12:43,586 [INFO] PluginManager:220 - loadIPPluginJar : add i3c
2025-07-14 09:12:43,591 [INFO] IPUIPlugin:80 - create IPUIPlugin
2025-07-14 09:12:43,591 [INFO] PluginManager:220 - loadIPPluginJar : add ipddr
2025-07-14 09:12:43,600 [INFO] IPUIPlugin:80 - create IPUIPlugin
2025-07-14 09:12:43,601 [INFO] PluginManager:220 - loadIPPluginJar : add linkedlist
2025-07-14 09:12:43,604 [INFO] IPUIPlugin:80 - create IPUIPlugin
2025-07-14 09:12:43,604 [INFO] PluginManager:220 - loadIPPluginJar : add lorawan
2025-07-14 09:12:43,606 [INFO] IPUIPlugin:80 - create IPUIPlugin
2025-07-14 09:12:43,606 [INFO] PluginManager:220 - loadIPPluginJar : add ltdc
2025-07-14 09:12:43,612 [INFO] IPUIPlugin:80 - create IPUIPlugin
2025-07-14 09:12:43,612 [INFO] PluginManager:220 - loadIPPluginJar : add mdma
2025-07-14 09:12:43,616 [INFO] IPUIPlugin:80 - create IPUIPlugin
2025-07-14 09:12:43,616 [INFO] PluginManager:220 - loadIPPluginJar : add nvic
2025-07-14 09:12:43,620 [INFO] IPUIPlugin:80 - create IPUIPlugin
2025-07-14 09:12:43,620 [INFO] PluginManager:220 - loadIPPluginJar : add opamp
2025-07-14 09:12:43,623 [INFO] IPUIPlugin:80 - create IPUIPlugin
2025-07-14 09:12:43,623 [INFO] PluginManager:220 - loadIPPluginJar : add openamp
2025-07-14 09:12:43,628 [INFO] IPUIPlugin:80 - create IPUIPlugin
2025-07-14 09:12:43,628 [INFO] PluginManager:220 - loadIPPluginJar : add pdm2pcm
2025-07-14 09:12:43,637 [INFO] IPUIPlugin:80 - create IPUIPlugin
2025-07-14 09:12:43,640 [INFO] PluginManager:220 - loadIPPluginJar : add plateformsettings
2025-07-14 09:12:43,643 [INFO] IPUIPlugin:80 - create IPUIPlugin
2025-07-14 09:12:43,643 [INFO] PluginManager:220 - loadIPPluginJar : add quadspi
2025-07-14 09:12:43,647 [INFO] IPUIPlugin:80 - create IPUIPlugin
2025-07-14 09:12:43,648 [INFO] PluginManager:220 - loadIPPluginJar : add radio
2025-07-14 09:12:43,655 [INFO] IPUIPlugin:80 - create IPUIPlugin
2025-07-14 09:12:43,656 [INFO] PluginManager:220 - loadIPPluginJar : add resmgrutility
2025-07-14 09:12:43,661 [INFO] IPUIPlugin:80 - create IPUIPlugin
2025-07-14 09:12:43,661 [INFO] PluginManager:220 - loadIPPluginJar : add sai
2025-07-14 09:12:43,665 [INFO] IPUIPlugin:80 - create IPUIPlugin
2025-07-14 09:12:43,665 [INFO] PluginManager:220 - loadIPPluginJar : add spi
2025-07-14 09:12:43,673 [INFO] IPUIPlugin:80 - create IPUIPlugin
2025-07-14 09:12:43,673 [INFO] PluginManager:220 - loadIPPluginJar : add stm32_wpan
2025-07-14 09:12:43,675 [INFO] IPUIPlugin:80 - create IPUIPlugin
2025-07-14 09:12:43,675 [INFO] PluginManager:220 - loadIPPluginJar : add tim
2025-07-14 09:12:43,680 [INFO] IPUIPlugin:80 - create IPUIPlugin
2025-07-14 09:12:43,680 [INFO] PluginManager:220 - loadIPPluginJar : add touchsensing
2025-07-14 09:12:43,684 [INFO] IPUIPlugin:80 - create IPUIPlugin
2025-07-14 09:12:43,685 [INFO] PluginManager:220 - loadIPPluginJar : add tracer_emb
2025-07-14 09:12:43,689 [INFO] IPUIPlugin:80 - create IPUIPlugin
2025-07-14 09:12:43,689 [INFO] PluginManager:220 - loadIPPluginJar : add ts
2025-07-14 09:12:43,692 [INFO] IPUIPlugin:80 - create IPUIPlugin
2025-07-14 09:12:43,693 [INFO] PluginManager:220 - loadIPPluginJar : add tsc
2025-07-14 09:12:43,695 [INFO] IPUIPlugin:80 - create IPUIPlugin
2025-07-14 09:12:43,695 [INFO] PluginManager:220 - loadIPPluginJar : add ucpd
2025-07-14 09:12:43,697 [INFO] IPUIPlugin:80 - create IPUIPlugin
2025-07-14 09:12:43,697 [INFO] PluginManager:220 - loadIPPluginJar : add usart
2025-07-14 09:12:43,700 [INFO] IPUIPlugin:80 - create IPUIPlugin
2025-07-14 09:12:43,700 [INFO] PluginManager:220 - loadIPPluginJar : add usbx
2025-07-14 09:12:43,831 [FATAL] Updater:351 - Updater called before beeing initialized
2025-07-14 09:12:43,865 [INFO] RulesReader:64 - Compatibility file has been processed (302 Rules)
2025-07-14 09:12:43,878 [INFO] RulesReader:64 - Compatibility file has been processed (302 Rules)
2025-07-14 09:12:43,889 [INFO] CADModel:165 - CPN selected for project level
2025-07-14 09:12:43,889 [INFO] CADModel:114 - Register for checkConnection events
2025-07-14 09:12:43,890 [FATAL] Updater:351 - Updater called before beeing initialized
2025-07-14 09:12:43,890 [ERROR] CADModel:125 - Updater not yet initialized, retry later 
2025-07-14 09:12:44,074 [FATAL] Updater:351 - Updater called before beeing initialized
2025-07-14 09:12:44,077 [INFO] CADModel:165 - CPN selected for project level
2025-07-14 09:12:44,077 [INFO] CADModel:114 - Register for checkConnection events
2025-07-14 09:12:44,077 [FATAL] Updater:351 - Updater called before beeing initialized
2025-07-14 09:12:44,077 [ERROR] CADModel:125 - Updater not yet initialized, retry later 
2025-07-14 09:12:44,083 [FATAL] Updater:351 - Updater called before beeing initialized
2025-07-14 09:12:44,210 [FATAL] Updater:351 - Updater called before beeing initialized
2025-07-14 09:12:44,214 [INFO] DbMcusAds:53 - JSON generation date=Tue Jul 08 13:44:23 IST 2025 (1751962463538)
2025-07-14 09:12:44,214 [FATAL] Updater:351 - Updater called before beeing initialized
2025-07-14 09:12:44,252 [WARN] DetailPanel:346 - Failed to get advertising image, set to default
2025-07-14 09:12:44,508 [FATAL] Updater:351 - Updater called before beeing initialized
2025-07-14 09:12:44,512 [FATAL] Updater:351 - Updater called before beeing initialized
2025-07-14 09:12:44,512 [FATAL] Updater:351 - Updater called before beeing initialized
2025-07-14 09:12:44,512 [WARN] DetailPanel:346 - Failed to get advertising image, set to default
2025-07-14 09:12:44,513 [FATAL] Updater:351 - Updater called before beeing initialized
2025-07-14 09:12:44,567 [ERROR] Updater:1198 - MainUpdater not yet initialized. External WinMGr cannot be set.
2025-07-14 09:12:44,570 [INFO] Updater:1134 - Updater Version found : 6.14.1
2025-07-14 09:12:44,588 [INFO] ApplicationProperties:184 - Using Application install path: C:\ST\STM32CubeIDE_1.18.1\STM32CubeIDE\plugins\com.st.stm32cube.common.mx_6.14.1.202504091515
2025-07-14 09:12:45,937 [INFO] ThirdPartyUpdaterWithRetryManager:70 - Updater plugin not ready yet. [2/15]
2025-07-14 09:12:46,167 [ERROR] LogOutputStream:75 - [STDERR_REDIRECT] Jul 14, 2025 9:12:46 AM java.util.prefs.WindowsPreferences <init>
2025-07-14 09:12:46,169 [ERROR] LogOutputStream:75 - [STDERR_REDIRECT] WARNING: Could not open/create prefs root node Software\JavaSoft\Prefs at root 0xffffffff80000002. Windows RegCreateKeyEx(...) returned error code 5.
2025-07-14 09:12:46,169 [ERROR] LogOutputStream:75 - [STDERR_REDIRECT] 
2025-07-14 09:12:46,704 [INFO] MainUpdater:2872 - connection check result : 10
2025-07-14 09:12:46,705 [INFO] MainUpdater:289 - Updater Check For Update Now.
2025-07-14 09:12:46,705 [INFO] MicroXplorer:498 - Change Database Version : DB.6.0.141
2025-07-14 09:12:46,715 [INFO] McuFinderGlobals:63 - Set McuFinder mode to 2 (CubeIDE integrated)
2025-07-14 09:12:46,715 [INFO] UserAuth:171 - activating auth plugin
2025-07-14 09:12:46,719 [INFO] UserAuth:484 - Internet connection configuration mode: 1
2025-07-14 09:12:46,774 [INFO] JxBrowserEngine:152 - Initiate JxBrowser Engine with user profile folder
2025-07-14 09:12:46,915 [INFO] CheckServerUpdateThread:120 - End of CheckServer Thread
2025-07-14 09:12:47,649 [INFO] WebApp:169 - Instantiating new browser for Auth
2025-07-14 09:12:48,565 [INFO] WebApp:463 - Apply proxy settings
2025-07-14 09:12:48,566 [INFO] WebApp:548 - Chromium requires no authentication
2025-07-14 09:12:48,577 [INFO] WebApp:491 - Direct internet connection detected
2025-07-14 09:12:48,612 [INFO] WebApp:894 - Register for checkConnection events
2025-07-14 09:12:48,612 [INFO] WebApp:463 - Apply proxy settings
2025-07-14 09:12:48,612 [INFO] WebApp:548 - Chromium requires no authentication
2025-07-14 09:12:48,612 [INFO] WebApp:491 - Direct internet connection detected
2025-07-14 09:12:48,829 [INFO] WebApp:225 - Starting web application
2025-07-14 09:12:48,829 [INFO] WebApp:593 - Web application path used C:\ST\STM32CubeIDE_1.18.1\STM32CubeIDE\plugins\com.st.stm32cube.common.mx_6.14.1.202504091515\db\plugins\mcufinder\reactClient1\index.html
2025-07-14 09:12:49,168 [INFO] WebApp:191 - Connection restablished
2025-07-14 09:12:49,619 [WARN] PackLoader:240 - Cannot read IP mode file for STMicroelectronics.FP-SNS-MOTENVWB1.1.4.0
2025-07-14 09:12:49,642 [WARN] PackLoader:240 - Cannot read IP mode file for STMicroelectronics.FP-ATR-ASTRA1.2.0.2
2025-07-14 09:12:49,670 [WARN] PackLoader:240 - Cannot read IP mode file for STMicroelectronics.X-CUBE-SMBUS.2.1.0
2025-07-14 09:12:49,686 [WARN] PackLoader:240 - Cannot read IP mode file for STMicroelectronics.X-CUBE-ST60.1.0.0
2025-07-14 09:12:49,755 [WARN] PackLoader:240 - Cannot read IP mode file for STMicroelectronics.X-CUBE-AZRTOS-F7.1.1.0
2025-07-14 09:12:49,808 [WARN] PackLoader:240 - Cannot read IP mode file for Infineon.AIROC-Wi-Fi-Bluetooth-STM32.1.7.0
2025-07-14 09:12:49,860 [WARN] PackLoader:240 - Cannot read IP mode file for STMicroelectronics.X-CUBE-AZRTOS-H7.3.4.0
2025-07-14 09:12:49,878 [WARN] PackLoader:240 - Cannot read IP mode file for STMicroelectronics.X-CUBE-DISPLAY.3.0.0
2025-07-14 09:12:49,901 [WARN] PackLoader:240 - Cannot read IP mode file for STMicroelectronics.X-CUBE-NFC10.1.0.0
2025-07-14 09:12:49,921 [WARN] PackLoader:240 - Cannot read IP mode file for STMicroelectronics.X-CUBE-BLEMGR.4.0.0
2025-07-14 09:12:49,934 [WARN] PackLoader:240 - Cannot read IP mode file for emotas.I-CUBE-CANOPEN.1.3.0
2025-07-14 09:12:49,942 [WARN] ConditionMgr:438 - getConditionDescription Invalid condition id : Cortex-A Device cause : null
2025-07-14 09:12:49,963 [WARN] ConditionMgr:1044 - genDependencies : Invalid condition id : Cortex-A Device cause : null
2025-07-14 09:12:49,963 [WARN] ConditionMgr:1044 - genDependencies : Invalid condition id : Cortex-A Device cause : null
2025-07-14 09:12:49,963 [WARN] ConditionMgr:1044 - genDependencies : Invalid condition id : Cortex-A Device cause : null
2025-07-14 09:12:49,972 [WARN] PackLoader:240 - Cannot read IP mode file for STMicroelectronics.FP-SNS-SMARTAG2.1.2.0
2025-07-14 09:12:49,979 [WARN] PackLoader:240 - Cannot read IP mode file for STMicroelectronics.FP-SNS-FLIGHT1.5.1.0
2025-07-14 09:12:49,998 [INFO] LogOutputStream:77 - [STDOUT_REDIRECT] 1 : Invalid condition id : UX_CORESTACK_Condition cause : null
2025-07-14 09:12:49,999 [INFO] LogOutputStream:77 - [STDOUT_REDIRECT] 1 : Invalid condition id : UX_CORESTACK_Condition cause : null
2025-07-14 09:12:50,001 [INFO] LogOutputStream:77 - [STDOUT_REDIRECT] 1 : Invalid condition id : UX_CORESTACK_Condition cause : null
2025-07-14 09:12:50,003 [INFO] LogOutputStream:77 - [STDOUT_REDIRECT] 1 : Invalid condition id : UX_CORESTACK_Condition cause : null
2025-07-14 09:12:50,004 [INFO] LogOutputStream:77 - [STDOUT_REDIRECT] 1 : Invalid condition id : UX_CORESTACK_Condition cause : null
2025-07-14 09:12:50,010 [WARN] PackLoader:240 - Cannot read IP mode file for STMicroelectronics.X-CUBE-AZRTOS-WL.2.0.0
2025-07-14 09:12:50,019 [WARN] PackLoader:240 - Cannot read IP mode file for STMicroelectronics.FP-SNS-MOTENV1.5.0.0
2025-07-14 09:12:50,036 [WARN] PackLoader:240 - Cannot read IP mode file for WES.I-CUBE-Cesium.1.3.0
2025-07-14 09:12:50,046 [WARN] PackLoader:240 - Cannot read IP mode file for STMicroelectronics.X-CUBE-BLE2.3.3.0
2025-07-14 09:12:50,058 [WARN] PackLoader:240 - Cannot read IP mode file for STMicroelectronics.X-CUBE-NFC9.1.0.0
2025-07-14 09:12:50,070 [WARN] PackLoader:240 - Cannot read IP mode file for wolfSSL.I-CUBE-wolfSSL.5.8.0
2025-07-14 09:12:50,079 [WARN] PackLoader:240 - Cannot read IP mode file for STMicroelectronics.X-CUBE-BLE1.7.1.0
2025-07-14 09:12:50,085 [WARN] PackLoader:240 - Cannot read IP mode file for wolfSSL.I-CUBE-wolfMQTT.1.19.2
2025-07-14 09:12:50,094 [WARN] PackLoader:240 - Cannot read IP mode file for STMicroelectronics.X-CUBE-AI.10.1.0
2025-07-14 09:12:50,116 [WARN] PackLoader:240 - Cannot read IP mode file for STMicroelectronics.X-CUBE-AZRTOS-G0.1.1.0
2025-07-14 09:12:50,130 [WARN] PackLoader:240 - Cannot read IP mode file for STMicroelectronics.X-CUBE-SAFEA1.1.2.2
2025-07-14 09:12:50,139 [WARN] PackLoader:240 - Cannot read IP mode file for STMicroelectronics.X-CUBE-NFC4.3.0.0
2025-07-14 09:12:50,153 [WARN] PackLoader:240 - Cannot read IP mode file for EmbeddedOffice.I-CUBE-FS-RTOS.1.0.1
2025-07-14 09:12:50,161 [WARN] PackLoader:240 - Cannot read IP mode file for STMicroelectronics.X-CUBE-WB05N.2.0.0
2025-07-14 09:12:50,168 [WARN] PackLoader:240 - Cannot read IP mode file for wolfSSL.I-CUBE-wolfTPM.3.8.0
2025-07-14 09:12:50,176 [WARN] PackLoader:240 - Cannot read IP mode file for STMicroelectronics.X-CUBE-TCPP.4.2.0
2025-07-14 09:12:50,188 [WARN] PackLoader:240 - Cannot read IP mode file for RealThread.X-CUBE-RT-Thread_Nano.4.1.1
2025-07-14 09:12:50,196 [WARN] PackLoader:240 - Cannot read IP mode file for STMicroelectronics.FP-ATR-SIGFOX1.3.2.0
2025-07-14 09:12:50,209 [WARN] PackLoader:240 - Cannot read IP mode file for STMicroelectronics.X-CUBE-EEPRMA1.5.1.0
2025-07-14 09:12:50,222 [WARN] PackLoader:240 - Cannot read IP mode file for ITTIA_DB.I-CUBE-ITTIADB.8.9.0
2025-07-14 09:12:50,234 [WARN] PackLoader:240 - Cannot read IP mode file for STMicroelectronics.X-CUBE-ST67W61.1.0.0
2025-07-14 09:12:50,292 [WARN] PackLoader:240 - Cannot read IP mode file for SEGGER.I-CUBE-embOS.1.3.1
2025-07-14 09:12:50,360 [WARN] PackLoader:240 - Cannot read IP mode file for STMicroelectronics.X-CUBE-ALGOBUILD.1.4.0
2025-07-14 09:12:50,419 [WARN] PackLoader:240 - Cannot read IP mode file for STMicroelectronics.X-CUBE-MEMS1.11.3.0
2025-07-14 09:12:50,576 [WARN] PackLoader:240 - Cannot read IP mode file for STMicroelectronics.X-CUBE-PM33A1.1.0.0
2025-07-14 09:12:50,590 [WARN] PackLoader:240 - Cannot read IP mode file for STMicroelectronics.X-CUBE-AZRTOS-F4.1.1.0
2025-07-14 09:12:50,600 [WARN] PackLoader:240 - Cannot read IP mode file for Avnet-IotConnect.X-CUBE-IoTC-DA16k-PMOD.1.0.0
2025-07-14 09:12:50,607 [WARN] PackLoader:240 - Cannot read IP mode file for STMicroelectronics.X-CUBE-ISPU.2.1.0
2025-07-14 09:12:50,617 [WARN] PackLoader:240 - Cannot read IP mode file for STMicroelectronics.X-CUBE-NFC12.1.0.0
2025-07-14 09:12:50,638 [WARN] PackLoader:240 - Cannot read IP mode file for STMicroelectronics.X-CUBE-AZRTOS-L5.2.0.0
2025-07-14 09:12:50,649 [WARN] PackLoader:240 - Cannot read IP mode file for STMicroelectronics.X-CUBE-NFC6.3.1.0
2025-07-14 09:12:50,659 [WARN] PackLoader:240 - Cannot read IP mode file for STMicroelectronics.X-CUBE-FREERTOS.1.3.1
2025-07-14 09:12:50,668 [WARN] PackLoader:240 - Cannot read IP mode file for STMicroelectronics.FP-SNS-STAIOTCFT.1.0.0
2025-07-14 09:12:50,677 [WARN] PackLoader:240 - Cannot read IP mode file for STMicroelectronics.X-CUBE-DPower.1.3.0
2025-07-14 09:12:50,704 [WARN] ConditionMgr:438 - getConditionDescription Invalid condition id : LAN8742 Phy interface Condition cause : null
2025-07-14 09:12:50,705 [WARN] PackLoader:240 - Cannot read IP mode file for STMicroelectronics.X-CUBE-AZRTOS-L4.2.0.0
2025-07-14 09:12:50,707 [WARN] ConditionMgr:1044 - genDependencies : Invalid condition id : LAN8742 Phy interface Condition cause : null
2025-07-14 09:12:50,708 [WARN] ConditionMgr:1044 - genDependencies : Invalid condition id : LAN8742 Phy interface Condition cause : null
2025-07-14 09:12:50,708 [WARN] ConditionMgr:1044 - genDependencies : Invalid condition id : LAN8742 Phy interface Condition cause : null
2025-07-14 09:12:50,719 [WARN] PackLoader:240 - Cannot read IP mode file for STMicroelectronics.X-CUBE-SFXS2LP1.4.0.0
2025-07-14 09:12:50,744 [WARN] PackLoader:240 - Cannot read IP mode file for STMicroelectronics.X-CUBE-AZRTOS-H7.3.3.0
2025-07-14 09:12:50,763 [WARN] ConditionMgr:438 - getConditionDescription Invalid condition id : UX DEVICE CLASS RTOS Condition cause : null
2025-07-14 09:12:50,763 [WARN] ConditionMgr:438 - getConditionDescription Invalid condition id : UX DEVICE CLASS RTOS Condition cause : null
2025-07-14 09:12:50,765 [WARN] PackLoader:240 - Cannot read IP mode file for STMicroelectronics.X-CUBE-AZRTOS-WB.2.0.0
2025-07-14 09:12:50,765 [WARN] ConditionMgr:1044 - genDependencies : Invalid condition id : UX DEVICE CLASS RTOS Condition cause : null
2025-07-14 09:12:50,766 [WARN] ConditionMgr:1044 - genDependencies : Invalid condition id : UX DEVICE CLASS RTOS Condition cause : null
2025-07-14 09:12:50,766 [WARN] ConditionMgr:1044 - genDependencies : Invalid condition id : UX DEVICE CLASS RTOS Condition cause : null
2025-07-14 09:12:50,767 [WARN] ConditionMgr:1044 - genDependencies : Invalid condition id : UX DEVICE CLASS RTOS Condition cause : null
2025-07-14 09:12:50,767 [WARN] ConditionMgr:1044 - genDependencies : Invalid condition id : UX DEVICE CLASS RTOS Condition cause : null
2025-07-14 09:12:50,775 [WARN] PackLoader:240 - Cannot read IP mode file for STMicroelectronics.X-CUBE-GNSS1.7.0.1
2025-07-14 09:12:50,782 [WARN] PackLoader:240 - Cannot read IP mode file for STMicroelectronics.X-CUBE-TOUCHGFX.4.25.0
2025-07-14 09:12:50,791 [WARN] PackLoader:240 - Cannot read IP mode file for STMicroelectronics.FP-SNS-STBOX1.2.0.0
2025-07-14 09:12:50,807 [WARN] PackLoader:240 - Cannot read IP mode file for STMicroelectronics.X-CUBE-SUBG2.5.0.0
2025-07-14 09:12:50,832 [WARN] PackLoader:240 - Cannot read IP mode file for STMicroelectronics.X-CUBE-AZRTOS-H7RS.1.1.0
2025-07-14 09:12:50,841 [WARN] PackLoader:240 - Cannot read IP mode file for Cesanta.I-CUBE-Mongoose.7.13.0
2025-07-14 09:12:50,881 [WARN] PackLoader:240 - Cannot read IP mode file for STMicroelectronics.X-CUBE-AZRTOS-G4.2.0.0
2025-07-14 09:12:50,897 [WARN] PackLoader:240 - Cannot read IP mode file for wolfSSL.I-CUBE-wolfSSH.1.4.20
2025-07-14 09:12:50,908 [WARN] PackLoader:240 - Cannot read IP mode file for STMicroelectronics.X-CUBE-NFC7.2.0.0
2025-07-14 09:12:50,932 [WARN] PackLoader:240 - Cannot read IP mode file for STMicroelectronics.X-CUBE-IPS.3.1.0
2025-07-14 09:12:50,950 [WARN] PackLoader:240 - Cannot read IP mode file for STMicroelectronics.X-CUBE-ALS.1.0.2
2025-07-14 09:12:50,960 [WARN] PackLoader:240 - Cannot read IP mode file for portGmbH.I-Cube-SoM-uGOAL.1.1.0
2025-07-14 09:12:51,004 [WARN] PackLoader:240 - Cannot read IP mode file for STMicroelectronics.X-CUBE-TOF1.3.4.3
2025-07-14 09:12:51,019 [INFO] ThirdParty:978 - Integrity check success = true
2025-07-14 09:12:51,019 [INFO] IntegrityCheckThread:100 - exiting critical section [integrity check]
2025-07-14 09:12:51,019 [INFO] IntegrityCheckThread:103 - End integrity checks thread
2025-07-14 10:03:28,010 [INFO] WebApp:194 - Connection lost
2025-07-14 10:03:28,426 [INFO] WebApp:191 - Connection restablished
2025-07-14 10:03:51,038 [INFO] WebApp:194 - Connection lost
2025-07-14 10:03:51,392 [INFO] WebApp:191 - Connection restablished
2025-07-14 10:35:18,892 [INFO] WebApp:194 - Connection lost
2025-07-14 10:35:25,757 [INFO] WebApp:191 - Connection restablished
2025-07-14 10:35:26,535 [INFO] WebApp:194 - Connection lost
2025-07-14 10:35:26,940 [INFO] WebApp:191 - Connection restablished
2025-07-14 10:36:27,583 [INFO] WebApp:194 - Connection lost
2025-07-14 10:36:28,981 [INFO] WebApp:191 - Connection restablished
2025-07-14 10:36:31,073 [INFO] WebApp:194 - Connection lost
2025-07-14 10:36:31,302 [INFO] WebApp:191 - Connection restablished
2025-07-14 10:36:45,028 [INFO] WebApp:194 - Connection lost
2025-07-14 10:36:45,415 [INFO] WebApp:191 - Connection restablished
2025-07-14 10:36:49,045 [INFO] WebApp:194 - Connection lost
2025-07-14 10:36:49,494 [INFO] WebApp:191 - Connection restablished
2025-07-14 11:26:07,792 [INFO] WebApp:194 - Connection lost
2025-07-14 19:57:04,716 [INFO] WebApp:191 - Connection restablished
2025-07-14 19:57:07,081 [INFO] WebApp:194 - Connection lost
2025-07-14 19:57:07,397 [INFO] WebApp:191 - Connection restablished
2025-07-14 19:57:10,149 [INFO] WebApp:194 - Connection lost
2025-07-14 19:57:10,465 [INFO] WebApp:191 - Connection restablished
2025-07-14 19:58:55,042 [INFO] WebApp:194 - Connection lost
2025-07-14 19:58:55,567 [INFO] WebApp:191 - Connection restablished
2025-07-14 19:59:02,272 [INFO] WebApp:194 - Connection lost
2025-07-14 19:59:02,705 [INFO] WebApp:191 - Connection restablished
2025-07-14 19:59:05,540 [INFO] WebApp:194 - Connection lost
2025-07-14 19:59:05,882 [INFO] WebApp:191 - Connection restablished
2025-07-14 20:00:53,586 [INFO] WebApp:194 - Connection lost
2025-07-14 20:01:00,032 [INFO] WebApp:191 - Connection restablished
2025-07-14 20:01:02,699 [INFO] WebApp:194 - Connection lost
2025-07-14 20:01:04,134 [INFO] WebApp:191 - Connection restablished
2025-07-14 20:01:06,035 [INFO] WebApp:194 - Connection lost
2025-07-14 20:01:06,379 [INFO] WebApp:191 - Connection restablished
2025-07-14 20:59:32,788 [INFO] WebApp:194 - Connection lost
2025-07-14 21:10:54,867 [INFO] WebApp:191 - Connection restablished
2025-07-14 21:11:39,021 [INFO] WebApp:194 - Connection lost
2025-07-14 21:11:39,592 [INFO] WebApp:191 - Connection restablished
2025-07-14 21:12:38,067 [INFO] WebApp:194 - Connection lost
2025-07-14 21:12:39,098 [INFO] WebApp:191 - Connection restablished
2025-07-14 21:16:26,106 [INFO] WebApp:194 - Connection lost
2025-07-14 21:16:41,940 [INFO] WebApp:191 - Connection restablished
2025-07-14 21:33:12,548 [INFO] WebApp:194 - Connection lost
2025-07-14 21:33:16,949 [INFO] WebApp:191 - Connection restablished
2025-07-14 21:35:31,462 [INFO] WebApp:194 - Connection lost
2025-07-14 21:35:44,717 [INFO] WebApp:191 - Connection restablished
2025-07-14 21:35:47,300 [INFO] WebApp:194 - Connection lost
2025-07-14 21:35:47,819 [INFO] WebApp:191 - Connection restablished
2025-07-14 22:31:09,533 [INFO] WebApp:194 - Connection lost
2025-07-14 22:31:10,111 [INFO] WebApp:191 - Connection restablished
2025-07-14 22:32:35,053 [INFO] WebApp:194 - Connection lost
2025-07-14 22:32:40,778 [INFO] WebApp:191 - Connection restablished
2025-07-14 22:33:28,566 [INFO] WebApp:194 - Connection lost
2025-07-14 22:33:34,044 [INFO] WebApp:191 - Connection restablished
2025-07-14 22:33:34,151 [INFO] WebApp:194 - Connection lost
2025-07-14 22:33:35,056 [INFO] WebApp:191 - Connection restablished
2025-07-14 22:33:37,176 [INFO] WebApp:194 - Connection lost
2025-07-14 22:33:37,719 [INFO] WebApp:191 - Connection restablished
2025-07-14 22:33:40,227 [INFO] WebApp:194 - Connection lost
2025-07-14 22:33:40,634 [INFO] WebApp:191 - Connection restablished
2025-07-14 22:52:24,362 [INFO] WebApp:194 - Connection lost
2025-07-14 22:52:32,981 [INFO] WebApp:191 - Connection restablished
2025-07-14 22:53:24,296 [INFO] WebApp:194 - Connection lost
2025-07-14 22:54:02,917 [INFO] WebApp:191 - Connection restablished
2025-07-14 22:54:05,559 [INFO] WebApp:194 - Connection lost
2025-07-14 22:54:05,929 [INFO] WebApp:191 - Connection restablished
2025-07-14 22:54:09,555 [INFO] WebApp:194 - Connection lost
2025-07-14 22:54:10,493 [INFO] WebApp:191 - Connection restablished
2025-07-14 22:55:31,317 [INFO] WebApp:194 - Connection lost
2025-07-14 22:55:32,759 [INFO] WebApp:191 - Connection restablished
2025-07-14 22:55:34,522 [INFO] WebApp:194 - Connection lost
2025-07-14 22:55:35,040 [INFO] WebApp:191 - Connection restablished
