2025-07-12 09:12:38,355 [INFO] Activator:176 - 


2025-07-12 09:12:38,362 [INFO] Activator:177 - !SESSION log4j initialized
2025-07-12 09:12:42,311 [INFO] LogOutputStream:77 - [STDOUT_REDIRECT] 
2025-07-12 09:12:45,158 [INFO] ApplicationProperties:184 - Using Application install path: C:\ST\STM32CubeIDE_1.18.1\STM32CubeIDE\plugins\com.st.stm32cube.common.mx_6.14.1.202504091515
2025-07-12 09:12:45,179 [INFO] DbMcusXml:78 - Set database path to: C:\ST\STM32CubeIDE_1.18.1\STM32CubeIDE\plugins\com.st.stm32cube.common.mx_6.14.1.202504091515\\db\/mcu/
2025-07-12 09:12:45,179 [INFO] ApiDb:274 - Set plugin database path to: C:\ST\STM32CubeIDE_1.18.1\STM32CubeIDE\plugins\com.st.stm32cube.common.mx_6.14.1.202504091515\\db\/plugins/boardmanager/
2025-07-12 09:12:45,180 [WARN] ApiDb:259 - Overriding images path with different value:  => C:\ST\STM32CubeIDE_1.18.1\STM32CubeIDE\plugins\com.st.stm32cube.common.mx_6.14.1.202504091515\\db\/plugins/mcufinder/images/
2025-07-12 09:12:45,190 [INFO] ApiDb:250 - Set database path to: C:\Users\Shashank\.stmcufinder\plugins\mcufinder//mcu/
2025-07-12 09:12:45,191 [INFO] DbMcusAds:125 - Set database path to: C:\Users\Shashank\.stmcufinder\plugins\mcufinder//mcu/
2025-07-12 09:12:45,192 [INFO] CrossReferenceDbSqlite:203 - Set database path to: C:\Users\Shashank\.stmcufinder\plugins\mcufinder//mcu/cs/
2025-07-12 09:12:45,311 [INFO] RulesReader:64 - Compatibility file has been processed (302 Rules)
2025-07-12 09:12:45,429 [INFO] DbMcusXml:78 - Set database path to: C:\ST\STM32CubeIDE_1.18.1\STM32CubeIDE\plugins\com.st.stm32cube.common.mx_6.14.1.202504091515\\db\/mcu/
2025-07-12 09:12:45,429 [INFO] ApiDb:274 - Set plugin database path to: C:\ST\STM32CubeIDE_1.18.1\STM32CubeIDE\plugins\com.st.stm32cube.common.mx_6.14.1.202504091515\\db\/plugins/boardmanager/
2025-07-12 09:12:45,429 [INFO] ApiDb:261 - Set plugin images path to: C:\ST\STM32CubeIDE_1.18.1\STM32CubeIDE\plugins\com.st.stm32cube.common.mx_6.14.1.202504091515\\db\/plugins/mcufinder/images/
2025-07-12 09:12:45,429 [WARN] DbFile:41 - Overriding database path with different value: C:\Users\Shashank\.stmcufinder\plugins\mcufinder/ => C:\Users\Shashank\.stmcufinder\plugins\mcufinder
2025-07-12 09:12:45,429 [INFO] ApiDb:250 - Set database path to: C:\Users\Shashank\.stmcufinder\plugins\mcufinder//mcu/
2025-07-12 09:12:45,429 [WARN] DbFile:41 - Overriding database path with different value: C:\Users\Shashank\.stmcufinder\plugins\mcufinder/ => C:\Users\Shashank\.stmcufinder\plugins\mcufinder
2025-07-12 09:12:45,429 [INFO] DbMcusAds:125 - Set database path to: C:\Users\Shashank\.stmcufinder\plugins\mcufinder//mcu/
2025-07-12 09:12:45,430 [WARN] DbFile:41 - Overriding database path with different value: C:\Users\Shashank\.stmcufinder\plugins\mcufinder/ => C:\Users\Shashank\.stmcufinder\plugins\mcufinder
2025-07-12 09:12:45,430 [WARN] DbFile:41 - Overriding database path with different value: C:\Users\Shashank\.stmcufinder\plugins\mcufinder/ => C:\Users\Shashank\.stmcufinder\plugins\mcufinder
2025-07-12 09:12:45,430 [INFO] CrossReferenceDbSqlite:203 - Set database path to: C:\Users\Shashank\.stmcufinder\plugins\mcufinder//mcu/cs/
2025-07-12 09:12:45,521 [INFO] MainPanel:272 - HeapMemory: 268435456
2025-07-12 09:12:45,709 [INFO] DbMcusXml:78 - Set database path to: C:\ST\STM32CubeIDE_1.18.1\STM32CubeIDE\plugins\com.st.stm32cube.common.mx_6.14.1.202504091515\\db\/mcu/
2025-07-12 09:12:45,709 [INFO] ApiDb:274 - Set plugin database path to: C:\ST\STM32CubeIDE_1.18.1\STM32CubeIDE\plugins\com.st.stm32cube.common.mx_6.14.1.202504091515\\db\/plugins/boardmanager/
2025-07-12 09:12:45,709 [INFO] ApiDb:261 - Set plugin images path to: C:\ST\STM32CubeIDE_1.18.1\STM32CubeIDE\plugins\com.st.stm32cube.common.mx_6.14.1.202504091515\\db\/plugins/mcufinder/images/
2025-07-12 09:12:45,710 [WARN] DbFile:41 - Overriding database path with different value: C:\Users\Shashank\.stmcufinder\plugins\mcufinder/ => C:\Users\Shashank\.stmcufinder\plugins\mcufinder
2025-07-12 09:12:45,710 [INFO] ApiDb:250 - Set database path to: C:\Users\Shashank\.stmcufinder\plugins\mcufinder//mcu/
2025-07-12 09:12:45,710 [WARN] DbFile:41 - Overriding database path with different value: C:\Users\Shashank\.stmcufinder\plugins\mcufinder/ => C:\Users\Shashank\.stmcufinder\plugins\mcufinder
2025-07-12 09:12:45,710 [INFO] DbMcusAds:125 - Set database path to: C:\Users\Shashank\.stmcufinder\plugins\mcufinder//mcu/
2025-07-12 09:12:45,710 [WARN] DbFile:41 - Overriding database path with different value: C:\Users\Shashank\.stmcufinder\plugins\mcufinder/ => C:\Users\Shashank\.stmcufinder\plugins\mcufinder
2025-07-12 09:12:45,710 [WARN] DbFile:41 - Overriding database path with different value: C:\Users\Shashank\.stmcufinder\plugins\mcufinder/ => C:\Users\Shashank\.stmcufinder\plugins\mcufinder
2025-07-12 09:12:45,711 [INFO] CrossReferenceDbSqlite:203 - Set database path to: C:\Users\Shashank\.stmcufinder\plugins\mcufinder//mcu/cs/
2025-07-12 09:12:45,733 [INFO] ApplicationProperties:184 - Using Application install path: C:\ST\STM32CubeIDE_1.18.1\STM32CubeIDE\plugins\com.st.stm32cube.common.mx_6.14.1.202504091515
2025-07-12 09:12:45,734 [INFO] PluginManage:196 - Search for loadable plugins [exclusion list=, ]
2025-07-12 09:12:45,736 [INFO] PluginManage:310 - Check plugin analytics
2025-07-12 09:12:45,923 [INFO] AnalyticsPlugin:253 - Accepted Software Licenses: 
2025-07-12 09:12:45,923 [INFO] AnalyticsPlugin:255 - Accepted CMSIS Pack Licenses: 
2025-07-12 09:12:45,923 [INFO] AnalyticsPlugin:257 - Accepted Firmware Licenses: 
2025-07-12 09:12:45,927 [INFO] PluginManage:359 - Loaded plugin analytics (category:tool,tabindex:-1)
2025-07-12 09:12:45,927 [INFO] PluginManage:310 - Check plugin cadmodel
2025-07-12 09:12:45,934 [INFO] CADModel:105 - Init CAD model plugin
2025-07-12 09:12:45,934 [INFO] PluginManage:359 - Loaded plugin cadmodel (category:power,tabindex:5)
2025-07-12 09:12:45,934 [INFO] PluginManage:310 - Check plugin clock
2025-07-12 09:12:45,946 [INFO] PluginManage:359 - Loaded plugin clock (category:base,tabindex:2)
2025-07-12 09:12:45,947 [INFO] PluginManage:310 - Check plugin ddr
2025-07-12 09:12:45,951 [INFO] PluginManage:359 - Loaded plugin ddr (category:tool,tabindex:6)
2025-07-12 09:12:45,951 [INFO] PluginManage:310 - Check plugin filemanager
2025-07-12 09:12:46,071 [INFO] PluginManage:359 - Loaded plugin filemanager (category:base,tabindex:10)
2025-07-12 09:12:46,071 [INFO] PluginManage:310 - Check plugin ipmanager
2025-07-12 09:12:46,077 [INFO] PluginManage:359 - Loaded plugin ipmanager (category:base,tabindex:5)
2025-07-12 09:12:46,078 [INFO] PluginManage:310 - Check plugin lpbam
2025-07-12 09:12:46,085 [INFO] PluginManage:359 - Loaded plugin lpbam (category:base,tabindex:0)
2025-07-12 09:12:46,085 [INFO] PluginManage:310 - Check plugin memorymap
2025-07-12 09:12:46,097 [INFO] PluginManage:359 - Loaded plugin memorymap (category:base,tabindex:4)
2025-07-12 09:12:46,097 [INFO] PluginManage:310 - Check plugin pinoutandconfiguration
2025-07-12 09:12:46,103 [INFO] PluginManage:359 - Loaded plugin pinoutandconfiguration (category:base,tabindex:1)
2025-07-12 09:12:46,103 [INFO] PluginManage:310 - Check plugin pinoutconfig
2025-07-12 09:12:46,177 [WARN] SupportedApi:132 - Cannot load RTOS API schema: s4s-elt-must-match.1: The content of 'definitions' must match (annotation?, (simpleType | complexType)?, (unique | key | keyref)*)). A problem was found starting at: attribute.
2025-07-12 09:12:46,287 [INFO] PluginManage:359 - Loaded plugin pinoutconfig (category:base,tabindex:0)
2025-07-12 09:12:46,287 [INFO] PluginManage:310 - Check plugin power
2025-07-12 09:12:46,298 [INFO] PluginManage:359 - Loaded plugin power (category:power,tabindex:4)
2025-07-12 09:12:46,298 [INFO] PluginManage:310 - Check plugin projectmanager
2025-07-12 09:12:46,319 [INFO] PluginManage:359 - Loaded plugin projectmanager (category:projectmanager,tabindex:4)
2025-07-12 09:12:46,320 [INFO] PluginManage:310 - Check plugin rif
2025-07-12 09:12:46,328 [INFO] PluginManage:359 - Loaded plugin rif (category:base,tabindex:3)
2025-07-12 09:12:46,328 [INFO] PluginManage:310 - Check plugin thirdparty
2025-07-12 09:12:46,497 [INFO] PluginManage:359 - Loaded plugin thirdparty (category:base,tabindex:-1)
2025-07-12 09:12:46,497 [WARN] IntegrityCheckThread:84 - waiting for thirdparty lock release [integrity check]
2025-07-12 09:12:46,497 [INFO] PluginManage:310 - Check plugin tools
2025-07-12 09:12:46,497 [INFO] IntegrityCheckThread:86 - entering critical section [integrity check]
2025-07-12 09:12:46,498 [INFO] ThirdPartyUpdaterWithRetryManager:70 - Updater plugin not ready yet. [1/15]
2025-07-12 09:12:46,501 [INFO] PluginManage:359 - Loaded plugin tools (category:base,tabindex:7)
2025-07-12 09:12:46,501 [INFO] PluginManage:310 - Check plugin tutovideos
2025-07-12 09:12:46,684 [INFO] PluginManage:359 - Loaded plugin tutovideos (category:base,tabindex:-1)
2025-07-12 09:12:46,684 [INFO] PluginManage:310 - Check plugin updater
2025-07-12 09:12:46,714 [INFO] PluginManage:359 - Loaded plugin updater (category:base,tabindex:12)
2025-07-12 09:12:46,714 [INFO] PluginManage:310 - Check plugin userauth
2025-07-12 09:12:46,719 [INFO] UserAuth:118 - Init User Auth plugin
2025-07-12 09:12:46,720 [INFO] PluginManage:359 - Loaded plugin userauth (category:base,tabindex:14)
2025-07-12 09:12:46,721 [INFO] PluginManage:283 - PluginManage : Loaded plugins [18]
2025-07-12 09:12:46,971 [INFO] PinOutPanel:1589 - setPackage(No Configuration,No Configuration)
2025-07-12 09:12:47,047 [INFO] CADModel:165 - CPN selected for project level
2025-07-12 09:12:47,047 [INFO] CADModel:114 - Register for checkConnection events
2025-07-12 09:12:47,061 [INFO] IPUIPlugin:80 - create IPUIPlugin
2025-07-12 09:12:47,062 [INFO] PluginManager:220 - loadIPPluginJar : add adc
2025-07-12 09:12:47,064 [INFO] IPUIPlugin:80 - create IPUIPlugin
2025-07-12 09:12:47,064 [INFO] PluginManager:220 - loadIPPluginJar : add aes
2025-07-12 09:12:47,066 [INFO] IPUIPlugin:80 - create IPUIPlugin
2025-07-12 09:12:47,066 [INFO] PluginManager:220 - loadIPPluginJar : add can
2025-07-12 09:12:47,068 [INFO] IPUIPlugin:80 - create IPUIPlugin
2025-07-12 09:12:47,068 [INFO] PluginManager:220 - loadIPPluginJar : add comp
2025-07-12 09:12:47,070 [INFO] IPUIPlugin:80 - create IPUIPlugin
2025-07-12 09:12:47,070 [INFO] PluginManager:220 - loadIPPluginJar : add cryp
2025-07-12 09:12:47,072 [INFO] IPUIPlugin:80 - create IPUIPlugin
2025-07-12 09:12:47,072 [INFO] PluginManager:220 - loadIPPluginJar : add ddr_ctrl_phy
2025-07-12 09:12:47,074 [INFO] IPUIPlugin:80 - create IPUIPlugin
2025-07-12 09:12:47,074 [INFO] PluginManager:220 - loadIPPluginJar : add dfsdm
2025-07-12 09:12:47,078 [INFO] IPUIPlugin:80 - create IPUIPlugin
2025-07-12 09:12:47,078 [INFO] PluginManager:220 - loadIPPluginJar : add dma
2025-07-12 09:12:47,080 [INFO] IPUIPlugin:80 - create IPUIPlugin
2025-07-12 09:12:47,080 [INFO] PluginManager:220 - loadIPPluginJar : add dma3
2025-07-12 09:12:47,082 [INFO] IPUIPlugin:80 - create IPUIPlugin
2025-07-12 09:12:47,082 [INFO] PluginManager:220 - loadIPPluginJar : add extmemmanager
2025-07-12 09:12:47,083 [INFO] IPUIPlugin:80 - create IPUIPlugin
2025-07-12 09:12:47,083 [INFO] PluginManager:220 - loadIPPluginJar : add fatfs
2025-07-12 09:12:47,086 [INFO] IPUIPlugin:80 - create IPUIPlugin
2025-07-12 09:12:47,086 [INFO] PluginManager:220 - loadIPPluginJar : add fmc
2025-07-12 09:12:47,091 [INFO] IPUIPlugin:80 - create IPUIPlugin
2025-07-12 09:12:47,091 [INFO] PluginManager:220 - loadIPPluginJar : add freertos
2025-07-12 09:12:47,093 [INFO] IPUIPlugin:80 - create IPUIPlugin
2025-07-12 09:12:47,094 [INFO] PluginManager:220 - loadIPPluginJar : add genericplugin
2025-07-12 09:12:47,095 [INFO] IPUIPlugin:80 - create IPUIPlugin
2025-07-12 09:12:47,096 [INFO] PluginManager:220 - loadIPPluginJar : add gfxmmu
2025-07-12 09:12:47,100 [INFO] IPUIPlugin:80 - create IPUIPlugin
2025-07-12 09:12:47,100 [INFO] PluginManager:220 - loadIPPluginJar : add gic
2025-07-12 09:12:47,103 [INFO] IPUIPlugin:80 - create IPUIPlugin
2025-07-12 09:12:47,104 [INFO] PluginManager:220 - loadIPPluginJar : add gpio
2025-07-12 09:12:47,106 [INFO] IPUIPlugin:80 - create IPUIPlugin
2025-07-12 09:12:47,106 [INFO] PluginManager:220 - loadIPPluginJar : add gtzc
2025-07-12 09:12:47,108 [INFO] IPUIPlugin:80 - create IPUIPlugin
2025-07-12 09:12:47,108 [INFO] PluginManager:220 - loadIPPluginJar : add hash
2025-07-12 09:12:47,110 [INFO] IPUIPlugin:80 - create IPUIPlugin
2025-07-12 09:12:47,111 [INFO] PluginManager:220 - loadIPPluginJar : add i2c
2025-07-12 09:12:47,113 [INFO] IPUIPlugin:80 - create IPUIPlugin
2025-07-12 09:12:47,113 [INFO] PluginManager:220 - loadIPPluginJar : add i2s
2025-07-12 09:12:47,116 [INFO] IPUIPlugin:80 - create IPUIPlugin
2025-07-12 09:12:47,116 [INFO] PluginManager:220 - loadIPPluginJar : add i3c
2025-07-12 09:12:47,120 [INFO] IPUIPlugin:80 - create IPUIPlugin
2025-07-12 09:12:47,120 [INFO] PluginManager:220 - loadIPPluginJar : add ipddr
2025-07-12 09:12:47,128 [INFO] IPUIPlugin:80 - create IPUIPlugin
2025-07-12 09:12:47,128 [INFO] PluginManager:220 - loadIPPluginJar : add linkedlist
2025-07-12 09:12:47,131 [INFO] IPUIPlugin:80 - create IPUIPlugin
2025-07-12 09:12:47,131 [INFO] PluginManager:220 - loadIPPluginJar : add lorawan
2025-07-12 09:12:47,132 [INFO] IPUIPlugin:80 - create IPUIPlugin
2025-07-12 09:12:47,133 [INFO] PluginManager:220 - loadIPPluginJar : add ltdc
2025-07-12 09:12:47,139 [INFO] IPUIPlugin:80 - create IPUIPlugin
2025-07-12 09:12:47,140 [INFO] PluginManager:220 - loadIPPluginJar : add mdma
2025-07-12 09:12:47,143 [INFO] IPUIPlugin:80 - create IPUIPlugin
2025-07-12 09:12:47,144 [INFO] PluginManager:220 - loadIPPluginJar : add nvic
2025-07-12 09:12:47,147 [INFO] IPUIPlugin:80 - create IPUIPlugin
2025-07-12 09:12:47,147 [INFO] PluginManager:220 - loadIPPluginJar : add opamp
2025-07-12 09:12:47,151 [INFO] IPUIPlugin:80 - create IPUIPlugin
2025-07-12 09:12:47,151 [INFO] PluginManager:220 - loadIPPluginJar : add openamp
2025-07-12 09:12:47,155 [INFO] IPUIPlugin:80 - create IPUIPlugin
2025-07-12 09:12:47,155 [INFO] PluginManager:220 - loadIPPluginJar : add pdm2pcm
2025-07-12 09:12:47,161 [INFO] IPUIPlugin:80 - create IPUIPlugin
2025-07-12 09:12:47,164 [INFO] PluginManager:220 - loadIPPluginJar : add plateformsettings
2025-07-12 09:12:47,165 [INFO] IPUIPlugin:80 - create IPUIPlugin
2025-07-12 09:12:47,165 [INFO] PluginManager:220 - loadIPPluginJar : add quadspi
2025-07-12 09:12:47,167 [INFO] IPUIPlugin:80 - create IPUIPlugin
2025-07-12 09:12:47,167 [INFO] PluginManager:220 - loadIPPluginJar : add radio
2025-07-12 09:12:47,170 [INFO] IPUIPlugin:80 - create IPUIPlugin
2025-07-12 09:12:47,170 [INFO] PluginManager:220 - loadIPPluginJar : add resmgrutility
2025-07-12 09:12:47,173 [INFO] IPUIPlugin:80 - create IPUIPlugin
2025-07-12 09:12:47,173 [INFO] PluginManager:220 - loadIPPluginJar : add sai
2025-07-12 09:12:47,175 [INFO] IPUIPlugin:80 - create IPUIPlugin
2025-07-12 09:12:47,176 [INFO] PluginManager:220 - loadIPPluginJar : add spi
2025-07-12 09:12:47,180 [INFO] IPUIPlugin:80 - create IPUIPlugin
2025-07-12 09:12:47,180 [INFO] PluginManager:220 - loadIPPluginJar : add stm32_wpan
2025-07-12 09:12:47,181 [INFO] IPUIPlugin:80 - create IPUIPlugin
2025-07-12 09:12:47,181 [INFO] PluginManager:220 - loadIPPluginJar : add tim
2025-07-12 09:12:47,183 [INFO] IPUIPlugin:80 - create IPUIPlugin
2025-07-12 09:12:47,184 [INFO] PluginManager:220 - loadIPPluginJar : add touchsensing
2025-07-12 09:12:47,185 [INFO] IPUIPlugin:80 - create IPUIPlugin
2025-07-12 09:12:47,186 [INFO] PluginManager:220 - loadIPPluginJar : add tracer_emb
2025-07-12 09:12:47,187 [INFO] IPUIPlugin:80 - create IPUIPlugin
2025-07-12 09:12:47,187 [INFO] PluginManager:220 - loadIPPluginJar : add ts
2025-07-12 09:12:47,188 [INFO] IPUIPlugin:80 - create IPUIPlugin
2025-07-12 09:12:47,188 [INFO] PluginManager:220 - loadIPPluginJar : add tsc
2025-07-12 09:12:47,190 [INFO] IPUIPlugin:80 - create IPUIPlugin
2025-07-12 09:12:47,190 [INFO] PluginManager:220 - loadIPPluginJar : add ucpd
2025-07-12 09:12:47,192 [INFO] IPUIPlugin:80 - create IPUIPlugin
2025-07-12 09:12:47,192 [INFO] PluginManager:220 - loadIPPluginJar : add usart
2025-07-12 09:12:47,195 [INFO] IPUIPlugin:80 - create IPUIPlugin
2025-07-12 09:12:47,195 [INFO] PluginManager:220 - loadIPPluginJar : add usbx
2025-07-12 09:12:47,315 [FATAL] Updater:351 - Updater called before beeing initialized
2025-07-12 09:12:47,361 [INFO] RulesReader:64 - Compatibility file has been processed (302 Rules)
2025-07-12 09:12:47,379 [INFO] RulesReader:64 - Compatibility file has been processed (302 Rules)
2025-07-12 09:12:47,394 [INFO] CADModel:165 - CPN selected for project level
2025-07-12 09:12:47,394 [INFO] CADModel:114 - Register for checkConnection events
2025-07-12 09:12:47,394 [FATAL] Updater:351 - Updater called before beeing initialized
2025-07-12 09:12:47,394 [ERROR] CADModel:125 - Updater not yet initialized, retry later 
2025-07-12 09:12:47,542 [FATAL] Updater:351 - Updater called before beeing initialized
2025-07-12 09:12:47,545 [INFO] CADModel:165 - CPN selected for project level
2025-07-12 09:12:47,545 [INFO] CADModel:114 - Register for checkConnection events
2025-07-12 09:12:47,545 [FATAL] Updater:351 - Updater called before beeing initialized
2025-07-12 09:12:47,545 [ERROR] CADModel:125 - Updater not yet initialized, retry later 
2025-07-12 09:12:47,549 [FATAL] Updater:351 - Updater called before beeing initialized
2025-07-12 09:12:47,668 [FATAL] Updater:351 - Updater called before beeing initialized
2025-07-12 09:12:47,671 [INFO] DbMcusAds:53 - JSON generation date=Tue Jul 08 13:44:23 IST 2025 (1751962463538)
2025-07-12 09:12:47,671 [FATAL] Updater:351 - Updater called before beeing initialized
2025-07-12 09:12:47,709 [WARN] DetailPanel:346 - Failed to get advertising image, set to default
2025-07-12 09:12:47,935 [FATAL] Updater:351 - Updater called before beeing initialized
2025-07-12 09:12:47,938 [FATAL] Updater:351 - Updater called before beeing initialized
2025-07-12 09:12:47,938 [FATAL] Updater:351 - Updater called before beeing initialized
2025-07-12 09:12:47,938 [WARN] DetailPanel:346 - Failed to get advertising image, set to default
2025-07-12 09:12:47,939 [FATAL] Updater:351 - Updater called before beeing initialized
2025-07-12 09:12:47,984 [ERROR] Updater:1198 - MainUpdater not yet initialized. External WinMGr cannot be set.
2025-07-12 09:12:47,986 [INFO] Updater:1134 - Updater Version found : 6.14.1
2025-07-12 09:12:48,002 [INFO] ApplicationProperties:184 - Using Application install path: C:\ST\STM32CubeIDE_1.18.1\STM32CubeIDE\plugins\com.st.stm32cube.common.mx_6.14.1.202504091515
2025-07-12 09:12:49,499 [INFO] ThirdPartyUpdaterWithRetryManager:70 - Updater plugin not ready yet. [2/15]
2025-07-12 09:12:49,579 [ERROR] LogOutputStream:75 - [STDERR_REDIRECT] Jul 12, 2025 9:12:49 AM java.util.prefs.WindowsPreferences <init>
2025-07-12 09:12:49,581 [ERROR] LogOutputStream:75 - [STDERR_REDIRECT] WARNING: Could not open/create prefs root node Software\JavaSoft\Prefs at root 0xffffffff80000002. Windows RegCreateKeyEx(...) returned error code 5.
2025-07-12 09:12:49,581 [ERROR] LogOutputStream:75 - [STDERR_REDIRECT] 
2025-07-12 09:12:50,141 [INFO] MainUpdater:2872 - connection check result : 10
2025-07-12 09:12:50,142 [INFO] MainUpdater:289 - Updater Check For Update Now.
2025-07-12 09:12:50,142 [INFO] MicroXplorer:498 - Change Database Version : DB.6.0.141
2025-07-12 09:12:50,150 [INFO] McuFinderGlobals:63 - Set McuFinder mode to 2 (CubeIDE integrated)
2025-07-12 09:12:50,150 [INFO] UserAuth:171 - activating auth plugin
2025-07-12 09:12:50,153 [INFO] UserAuth:484 - Internet connection configuration mode: 1
2025-07-12 09:12:50,203 [INFO] JxBrowserEngine:152 - Initiate JxBrowser Engine with user profile folder
2025-07-12 09:12:50,376 [INFO] CheckServerUpdateThread:120 - End of CheckServer Thread
2025-07-12 09:12:51,214 [INFO] WebApp:169 - Instantiating new browser for Auth
2025-07-12 09:12:52,194 [INFO] WebApp:463 - Apply proxy settings
2025-07-12 09:12:52,195 [INFO] WebApp:548 - Chromium requires no authentication
2025-07-12 09:12:52,207 [INFO] WebApp:491 - Direct internet connection detected
2025-07-12 09:12:52,238 [INFO] WebApp:894 - Register for checkConnection events
2025-07-12 09:12:52,238 [INFO] WebApp:463 - Apply proxy settings
2025-07-12 09:12:52,238 [INFO] WebApp:548 - Chromium requires no authentication
2025-07-12 09:12:52,239 [INFO] WebApp:491 - Direct internet connection detected
2025-07-12 09:12:52,411 [INFO] WebApp:225 - Starting web application
2025-07-12 09:12:52,411 [INFO] WebApp:593 - Web application path used C:\ST\STM32CubeIDE_1.18.1\STM32CubeIDE\plugins\com.st.stm32cube.common.mx_6.14.1.202504091515\db\plugins\mcufinder\reactClient1\index.html
2025-07-12 09:12:52,907 [WARN] PackLoader:240 - Cannot read IP mode file for STMicroelectronics.FP-SNS-MOTENVWB1.1.4.0
2025-07-12 09:12:52,920 [WARN] PackLoader:240 - Cannot read IP mode file for STMicroelectronics.FP-ATR-ASTRA1.2.0.2
2025-07-12 09:12:52,930 [WARN] PackLoader:240 - Cannot read IP mode file for STMicroelectronics.X-CUBE-SMBUS.2.1.0
2025-07-12 09:12:52,939 [WARN] PackLoader:240 - Cannot read IP mode file for STMicroelectronics.X-CUBE-ST60.1.0.0
2025-07-12 09:12:52,983 [WARN] PackLoader:240 - Cannot read IP mode file for STMicroelectronics.X-CUBE-AZRTOS-F7.1.1.0
2025-07-12 09:12:53,027 [WARN] PackLoader:240 - Cannot read IP mode file for Infineon.AIROC-Wi-Fi-Bluetooth-STM32.1.7.0
2025-07-12 09:12:53,069 [WARN] PackLoader:240 - Cannot read IP mode file for STMicroelectronics.X-CUBE-AZRTOS-H7.3.4.0
2025-07-12 09:12:53,086 [WARN] PackLoader:240 - Cannot read IP mode file for STMicroelectronics.X-CUBE-DISPLAY.3.0.0
2025-07-12 09:12:53,110 [WARN] PackLoader:240 - Cannot read IP mode file for STMicroelectronics.X-CUBE-NFC10.1.0.0
2025-07-12 09:12:53,144 [WARN] PackLoader:240 - Cannot read IP mode file for STMicroelectronics.X-CUBE-BLEMGR.4.0.0
2025-07-12 09:12:53,158 [WARN] PackLoader:240 - Cannot read IP mode file for emotas.I-CUBE-CANOPEN.1.3.0
2025-07-12 09:12:53,168 [WARN] ConditionMgr:438 - getConditionDescription Invalid condition id : Cortex-A Device cause : null
2025-07-12 09:12:53,187 [WARN] ConditionMgr:1044 - genDependencies : Invalid condition id : Cortex-A Device cause : null
2025-07-12 09:12:53,187 [WARN] ConditionMgr:1044 - genDependencies : Invalid condition id : Cortex-A Device cause : null
2025-07-12 09:12:53,187 [WARN] ConditionMgr:1044 - genDependencies : Invalid condition id : Cortex-A Device cause : null
2025-07-12 09:12:53,194 [WARN] PackLoader:240 - Cannot read IP mode file for STMicroelectronics.FP-SNS-SMARTAG2.1.2.0
2025-07-12 09:12:53,203 [WARN] PackLoader:240 - Cannot read IP mode file for STMicroelectronics.FP-SNS-FLIGHT1.5.1.0
2025-07-12 09:12:53,218 [INFO] LogOutputStream:77 - [STDOUT_REDIRECT] 1 : Invalid condition id : UX_CORESTACK_Condition cause : null
2025-07-12 09:12:53,218 [INFO] LogOutputStream:77 - [STDOUT_REDIRECT] 1 : Invalid condition id : UX_CORESTACK_Condition cause : null
2025-07-12 09:12:53,220 [INFO] LogOutputStream:77 - [STDOUT_REDIRECT] 1 : Invalid condition id : UX_CORESTACK_Condition cause : null
2025-07-12 09:12:53,222 [INFO] LogOutputStream:77 - [STDOUT_REDIRECT] 1 : Invalid condition id : UX_CORESTACK_Condition cause : null
2025-07-12 09:12:53,223 [INFO] LogOutputStream:77 - [STDOUT_REDIRECT] 1 : Invalid condition id : UX_CORESTACK_Condition cause : null
2025-07-12 09:12:53,228 [WARN] PackLoader:240 - Cannot read IP mode file for STMicroelectronics.X-CUBE-AZRTOS-WL.2.0.0
2025-07-12 09:12:53,239 [WARN] PackLoader:240 - Cannot read IP mode file for STMicroelectronics.FP-SNS-MOTENV1.5.0.0
2025-07-12 09:12:53,254 [WARN] PackLoader:240 - Cannot read IP mode file for WES.I-CUBE-Cesium.1.3.0
2025-07-12 09:12:53,263 [WARN] PackLoader:240 - Cannot read IP mode file for STMicroelectronics.X-CUBE-BLE2.3.3.0
2025-07-12 09:12:53,275 [WARN] PackLoader:240 - Cannot read IP mode file for STMicroelectronics.X-CUBE-NFC9.1.0.0
2025-07-12 09:12:53,288 [WARN] PackLoader:240 - Cannot read IP mode file for wolfSSL.I-CUBE-wolfSSL.5.8.0
2025-07-12 09:12:53,298 [WARN] PackLoader:240 - Cannot read IP mode file for STMicroelectronics.X-CUBE-BLE1.7.1.0
2025-07-12 09:12:53,301 [INFO] WebApp:191 - Connection restablished
2025-07-12 09:12:53,305 [WARN] PackLoader:240 - Cannot read IP mode file for wolfSSL.I-CUBE-wolfMQTT.1.19.2
2025-07-12 09:12:53,313 [WARN] PackLoader:240 - Cannot read IP mode file for STMicroelectronics.X-CUBE-AI.10.1.0
2025-07-12 09:12:53,338 [WARN] PackLoader:240 - Cannot read IP mode file for STMicroelectronics.X-CUBE-AZRTOS-G0.1.1.0
2025-07-12 09:12:53,352 [WARN] PackLoader:240 - Cannot read IP mode file for STMicroelectronics.X-CUBE-SAFEA1.1.2.2
2025-07-12 09:12:53,362 [WARN] PackLoader:240 - Cannot read IP mode file for STMicroelectronics.X-CUBE-NFC4.3.0.0
2025-07-12 09:12:53,379 [WARN] PackLoader:240 - Cannot read IP mode file for EmbeddedOffice.I-CUBE-FS-RTOS.1.0.1
2025-07-12 09:12:53,391 [WARN] PackLoader:240 - Cannot read IP mode file for STMicroelectronics.X-CUBE-WB05N.2.0.0
2025-07-12 09:12:53,397 [WARN] PackLoader:240 - Cannot read IP mode file for wolfSSL.I-CUBE-wolfTPM.3.8.0
2025-07-12 09:12:53,407 [WARN] PackLoader:240 - Cannot read IP mode file for STMicroelectronics.X-CUBE-TCPP.4.2.0
2025-07-12 09:12:53,418 [WARN] PackLoader:240 - Cannot read IP mode file for RealThread.X-CUBE-RT-Thread_Nano.4.1.1
2025-07-12 09:12:53,425 [WARN] PackLoader:240 - Cannot read IP mode file for STMicroelectronics.FP-ATR-SIGFOX1.3.2.0
2025-07-12 09:12:53,434 [WARN] PackLoader:240 - Cannot read IP mode file for STMicroelectronics.X-CUBE-EEPRMA1.5.1.0
2025-07-12 09:12:53,443 [WARN] PackLoader:240 - Cannot read IP mode file for ITTIA_DB.I-CUBE-ITTIADB.8.9.0
2025-07-12 09:12:53,452 [WARN] PackLoader:240 - Cannot read IP mode file for STMicroelectronics.X-CUBE-ST67W61.1.0.0
2025-07-12 09:12:53,486 [WARN] PackLoader:240 - Cannot read IP mode file for SEGGER.I-CUBE-embOS.1.3.1
2025-07-12 09:12:53,554 [WARN] PackLoader:240 - Cannot read IP mode file for STMicroelectronics.X-CUBE-ALGOBUILD.1.4.0
2025-07-12 09:12:53,627 [WARN] PackLoader:240 - Cannot read IP mode file for STMicroelectronics.X-CUBE-MEMS1.11.3.0
2025-07-12 09:12:53,858 [WARN] PackLoader:240 - Cannot read IP mode file for STMicroelectronics.X-CUBE-PM33A1.1.0.0
2025-07-12 09:12:53,881 [WARN] PackLoader:240 - Cannot read IP mode file for STMicroelectronics.X-CUBE-AZRTOS-F4.1.1.0
2025-07-12 09:12:53,892 [WARN] PackLoader:240 - Cannot read IP mode file for Avnet-IotConnect.X-CUBE-IoTC-DA16k-PMOD.1.0.0
2025-07-12 09:12:53,899 [WARN] PackLoader:240 - Cannot read IP mode file for STMicroelectronics.X-CUBE-ISPU.2.1.0
2025-07-12 09:12:53,909 [WARN] PackLoader:240 - Cannot read IP mode file for STMicroelectronics.X-CUBE-NFC12.1.0.0
2025-07-12 09:12:53,928 [WARN] PackLoader:240 - Cannot read IP mode file for STMicroelectronics.X-CUBE-AZRTOS-L5.2.0.0
2025-07-12 09:12:53,938 [WARN] PackLoader:240 - Cannot read IP mode file for STMicroelectronics.X-CUBE-NFC6.3.1.0
2025-07-12 09:12:53,949 [WARN] PackLoader:240 - Cannot read IP mode file for STMicroelectronics.X-CUBE-FREERTOS.1.3.1
2025-07-12 09:12:53,955 [WARN] PackLoader:240 - Cannot read IP mode file for STMicroelectronics.FP-SNS-STAIOTCFT.1.0.0
2025-07-12 09:12:53,962 [WARN] PackLoader:240 - Cannot read IP mode file for STMicroelectronics.X-CUBE-DPower.1.3.0
2025-07-12 09:12:53,979 [WARN] ConditionMgr:438 - getConditionDescription Invalid condition id : LAN8742 Phy interface Condition cause : null
2025-07-12 09:12:53,980 [WARN] PackLoader:240 - Cannot read IP mode file for STMicroelectronics.X-CUBE-AZRTOS-L4.2.0.0
2025-07-12 09:12:53,981 [WARN] ConditionMgr:1044 - genDependencies : Invalid condition id : LAN8742 Phy interface Condition cause : null
2025-07-12 09:12:53,981 [WARN] ConditionMgr:1044 - genDependencies : Invalid condition id : LAN8742 Phy interface Condition cause : null
2025-07-12 09:12:53,982 [WARN] ConditionMgr:1044 - genDependencies : Invalid condition id : LAN8742 Phy interface Condition cause : null
2025-07-12 09:12:53,993 [WARN] PackLoader:240 - Cannot read IP mode file for STMicroelectronics.X-CUBE-SFXS2LP1.4.0.0
2025-07-12 09:12:54,013 [WARN] PackLoader:240 - Cannot read IP mode file for STMicroelectronics.X-CUBE-AZRTOS-H7.3.3.0
2025-07-12 09:12:54,043 [WARN] ConditionMgr:438 - getConditionDescription Invalid condition id : UX DEVICE CLASS RTOS Condition cause : null
2025-07-12 09:12:54,043 [WARN] ConditionMgr:438 - getConditionDescription Invalid condition id : UX DEVICE CLASS RTOS Condition cause : null
2025-07-12 09:12:54,045 [WARN] PackLoader:240 - Cannot read IP mode file for STMicroelectronics.X-CUBE-AZRTOS-WB.2.0.0
2025-07-12 09:12:54,046 [WARN] ConditionMgr:1044 - genDependencies : Invalid condition id : UX DEVICE CLASS RTOS Condition cause : null
2025-07-12 09:12:54,046 [WARN] ConditionMgr:1044 - genDependencies : Invalid condition id : UX DEVICE CLASS RTOS Condition cause : null
2025-07-12 09:12:54,046 [WARN] ConditionMgr:1044 - genDependencies : Invalid condition id : UX DEVICE CLASS RTOS Condition cause : null
2025-07-12 09:12:54,046 [WARN] ConditionMgr:1044 - genDependencies : Invalid condition id : UX DEVICE CLASS RTOS Condition cause : null
2025-07-12 09:12:54,046 [WARN] ConditionMgr:1044 - genDependencies : Invalid condition id : UX DEVICE CLASS RTOS Condition cause : null
2025-07-12 09:12:54,054 [WARN] PackLoader:240 - Cannot read IP mode file for STMicroelectronics.X-CUBE-GNSS1.7.0.1
2025-07-12 09:12:54,061 [WARN] PackLoader:240 - Cannot read IP mode file for STMicroelectronics.X-CUBE-TOUCHGFX.4.25.0
2025-07-12 09:12:54,070 [WARN] PackLoader:240 - Cannot read IP mode file for STMicroelectronics.FP-SNS-STBOX1.2.0.0
2025-07-12 09:12:54,084 [WARN] PackLoader:240 - Cannot read IP mode file for STMicroelectronics.X-CUBE-SUBG2.5.0.0
2025-07-12 09:12:54,110 [WARN] PackLoader:240 - Cannot read IP mode file for STMicroelectronics.X-CUBE-AZRTOS-H7RS.1.1.0
2025-07-12 09:12:54,121 [WARN] PackLoader:240 - Cannot read IP mode file for Cesanta.I-CUBE-Mongoose.7.13.0
2025-07-12 09:12:54,141 [WARN] PackLoader:240 - Cannot read IP mode file for STMicroelectronics.X-CUBE-AZRTOS-G4.2.0.0
2025-07-12 09:12:54,147 [WARN] PackLoader:240 - Cannot read IP mode file for wolfSSL.I-CUBE-wolfSSH.1.4.20
2025-07-12 09:12:54,156 [WARN] PackLoader:240 - Cannot read IP mode file for STMicroelectronics.X-CUBE-NFC7.2.0.0
2025-07-12 09:12:54,170 [WARN] PackLoader:240 - Cannot read IP mode file for STMicroelectronics.X-CUBE-IPS.3.1.0
2025-07-12 09:12:54,181 [WARN] PackLoader:240 - Cannot read IP mode file for STMicroelectronics.X-CUBE-ALS.1.0.2
2025-07-12 09:12:54,191 [WARN] PackLoader:240 - Cannot read IP mode file for portGmbH.I-Cube-SoM-uGOAL.1.1.0
2025-07-12 09:12:54,207 [WARN] PackLoader:240 - Cannot read IP mode file for STMicroelectronics.X-CUBE-TOF1.3.4.3
2025-07-12 09:12:54,222 [INFO] ThirdParty:978 - Integrity check success = true
2025-07-12 09:12:54,222 [INFO] IntegrityCheckThread:100 - exiting critical section [integrity check]
2025-07-12 09:12:54,222 [INFO] IntegrityCheckThread:103 - End integrity checks thread
2025-07-12 09:32:22,432 [INFO] WebApp:194 - Connection lost
2025-07-12 09:32:41,417 [INFO] WebApp:191 - Connection restablished
2025-07-12 09:32:42,174 [INFO] WebApp:194 - Connection lost
2025-07-12 09:32:43,252 [INFO] WebApp:191 - Connection restablished
2025-07-12 09:32:45,264 [INFO] WebApp:194 - Connection lost
2025-07-12 09:32:46,575 [INFO] WebApp:191 - Connection restablished
2025-07-12 09:33:18,867 [INFO] WebApp:194 - Connection lost
2025-07-12 09:41:01,861 [INFO] WebApp:191 - Connection restablished
2025-07-12 09:41:04,288 [INFO] WebApp:194 - Connection lost
2025-07-12 09:41:04,504 [INFO] WebApp:191 - Connection restablished
2025-07-12 11:05:13,030 [INFO] WebApp:194 - Connection lost
2025-07-12 11:05:16,730 [INFO] WebApp:191 - Connection restablished
2025-07-12 11:05:19,375 [INFO] WebApp:194 - Connection lost
2025-07-12 11:05:19,644 [INFO] WebApp:191 - Connection restablished
2025-07-12 11:05:22,306 [INFO] WebApp:194 - Connection lost
2025-07-12 11:05:23,189 [INFO] WebApp:191 - Connection restablished
2025-07-12 18:23:07,460 [INFO] WebApp:194 - Connection lost
2025-07-12 18:25:12,888 [INFO] WebApp:191 - Connection restablished
2025-07-12 18:25:14,289 [INFO] WebApp:194 - Connection lost
2025-07-12 18:25:14,734 [INFO] WebApp:191 - Connection restablished
2025-07-12 18:28:39,694 [INFO] WebApp:194 - Connection lost
2025-07-12 18:31:23,079 [INFO] WebApp:191 - Connection restablished
2025-07-12 18:56:40,795 [INFO] WebApp:194 - Connection lost
2025-07-12 18:56:41,241 [INFO] WebApp:191 - Connection restablished
2025-07-12 19:39:35,527 [INFO] WebApp:194 - Connection lost
2025-07-12 19:39:38,197 [INFO] WebApp:191 - Connection restablished
2025-07-12 19:39:39,766 [INFO] WebApp:194 - Connection lost
2025-07-12 19:39:40,711 [INFO] WebApp:191 - Connection restablished
2025-07-12 19:40:34,197 [INFO] WebApp:194 - Connection lost
2025-07-12 19:40:41,116 [INFO] WebApp:191 - Connection restablished
2025-07-12 19:40:44,781 [INFO] WebApp:194 - Connection lost
2025-07-12 19:40:45,153 [INFO] WebApp:191 - Connection restablished
2025-07-12 19:53:45,411 [INFO] WebApp:194 - Connection lost
