2025-07-27 13:03:58,198 [ERROR] LogOutputStream:75 - [STDERR_REDIRECT] 
2025-07-27 13:06:02,506 [INFO] Activator:176 - 


2025-07-27 13:06:02,510 [INFO] Activator:177 - !SESSION log4j initialized
2025-07-27 13:06:09,081 [INFO] LogOutputStream:77 - [STDOUT_REDIRECT] 
2025-07-27 13:06:11,122 [INFO] ApplicationProperties:184 - Using Application install path: C:\ST\STM32CubeIDE_1.18.1\STM32CubeIDE\plugins\com.st.stm32cube.common.mx_6.15.0.202507011659
2025-07-27 13:06:11,144 [INFO] DbMcusXml:78 - Set database path to: C:\ST\STM32CubeIDE_1.18.1\STM32CubeIDE\plugins\com.st.stm32cube.common.mx_6.15.0.202507011659\\db\/mcu/
2025-07-27 13:06:11,145 [INFO] ApiDb:274 - Set plugin database path to: C:\ST\STM32CubeIDE_1.18.1\STM32CubeIDE\plugins\com.st.stm32cube.common.mx_6.15.0.202507011659\\db\/plugins/boardmanager/
2025-07-27 13:06:11,145 [WARN] ApiDb:259 - Overriding images path with different value:  => C:\ST\STM32CubeIDE_1.18.1\STM32CubeIDE\plugins\com.st.stm32cube.common.mx_6.15.0.202507011659\\db\/plugins/mcufinder/images/
2025-07-27 13:06:11,155 [INFO] ApiDb:250 - Set database path to: C:\Users\Shashank\.stmcufinder\plugins\mcufinder//mcu/
2025-07-27 13:06:11,157 [INFO] DbMcusAds:125 - Set database path to: C:\Users\Shashank\.stmcufinder\plugins\mcufinder//mcu/
2025-07-27 13:06:11,159 [INFO] CrossReferenceDbSqlite:203 - Set database path to: C:\Users\Shashank\.stmcufinder\plugins\mcufinder//mcu/cs/
2025-07-27 13:06:11,298 [INFO] RulesReader:64 - Compatibility file has been processed (317 Rules)
2025-07-27 13:06:11,402 [INFO] DbMcusXml:78 - Set database path to: C:\ST\STM32CubeIDE_1.18.1\STM32CubeIDE\plugins\com.st.stm32cube.common.mx_6.15.0.202507011659\\db\/mcu/
2025-07-27 13:06:11,402 [INFO] ApiDb:274 - Set plugin database path to: C:\ST\STM32CubeIDE_1.18.1\STM32CubeIDE\plugins\com.st.stm32cube.common.mx_6.15.0.202507011659\\db\/plugins/boardmanager/
2025-07-27 13:06:11,402 [INFO] ApiDb:261 - Set plugin images path to: C:\ST\STM32CubeIDE_1.18.1\STM32CubeIDE\plugins\com.st.stm32cube.common.mx_6.15.0.202507011659\\db\/plugins/mcufinder/images/
2025-07-27 13:06:11,402 [WARN] DbFile:41 - Overriding database path with different value: C:\Users\Shashank\.stmcufinder\plugins\mcufinder/ => C:\Users\Shashank\.stmcufinder\plugins\mcufinder
2025-07-27 13:06:11,403 [INFO] ApiDb:250 - Set database path to: C:\Users\Shashank\.stmcufinder\plugins\mcufinder//mcu/
2025-07-27 13:06:11,403 [WARN] DbFile:41 - Overriding database path with different value: C:\Users\Shashank\.stmcufinder\plugins\mcufinder/ => C:\Users\Shashank\.stmcufinder\plugins\mcufinder
2025-07-27 13:06:11,403 [INFO] DbMcusAds:125 - Set database path to: C:\Users\Shashank\.stmcufinder\plugins\mcufinder//mcu/
2025-07-27 13:06:11,403 [WARN] DbFile:41 - Overriding database path with different value: C:\Users\Shashank\.stmcufinder\plugins\mcufinder/ => C:\Users\Shashank\.stmcufinder\plugins\mcufinder
2025-07-27 13:06:11,403 [WARN] DbFile:41 - Overriding database path with different value: C:\Users\Shashank\.stmcufinder\plugins\mcufinder/ => C:\Users\Shashank\.stmcufinder\plugins\mcufinder
2025-07-27 13:06:11,403 [INFO] CrossReferenceDbSqlite:203 - Set database path to: C:\Users\Shashank\.stmcufinder\plugins\mcufinder//mcu/cs/
2025-07-27 13:06:11,510 [INFO] MainPanel:274 - HeapMemory: 268435456
2025-07-27 13:06:11,659 [INFO] DbMcusXml:78 - Set database path to: C:\ST\STM32CubeIDE_1.18.1\STM32CubeIDE\plugins\com.st.stm32cube.common.mx_6.15.0.202507011659\\db\/mcu/
2025-07-27 13:06:11,659 [INFO] ApiDb:274 - Set plugin database path to: C:\ST\STM32CubeIDE_1.18.1\STM32CubeIDE\plugins\com.st.stm32cube.common.mx_6.15.0.202507011659\\db\/plugins/boardmanager/
2025-07-27 13:06:11,659 [INFO] ApiDb:261 - Set plugin images path to: C:\ST\STM32CubeIDE_1.18.1\STM32CubeIDE\plugins\com.st.stm32cube.common.mx_6.15.0.202507011659\\db\/plugins/mcufinder/images/
2025-07-27 13:06:11,659 [WARN] DbFile:41 - Overriding database path with different value: C:\Users\Shashank\.stmcufinder\plugins\mcufinder/ => C:\Users\Shashank\.stmcufinder\plugins\mcufinder
2025-07-27 13:06:11,660 [INFO] ApiDb:250 - Set database path to: C:\Users\Shashank\.stmcufinder\plugins\mcufinder//mcu/
2025-07-27 13:06:11,660 [WARN] DbFile:41 - Overriding database path with different value: C:\Users\Shashank\.stmcufinder\plugins\mcufinder/ => C:\Users\Shashank\.stmcufinder\plugins\mcufinder
2025-07-27 13:06:11,660 [INFO] DbMcusAds:125 - Set database path to: C:\Users\Shashank\.stmcufinder\plugins\mcufinder//mcu/
2025-07-27 13:06:11,660 [WARN] DbFile:41 - Overriding database path with different value: C:\Users\Shashank\.stmcufinder\plugins\mcufinder/ => C:\Users\Shashank\.stmcufinder\plugins\mcufinder
2025-07-27 13:06:11,660 [WARN] DbFile:41 - Overriding database path with different value: C:\Users\Shashank\.stmcufinder\plugins\mcufinder/ => C:\Users\Shashank\.stmcufinder\plugins\mcufinder
2025-07-27 13:06:11,661 [INFO] CrossReferenceDbSqlite:203 - Set database path to: C:\Users\Shashank\.stmcufinder\plugins\mcufinder//mcu/cs/
2025-07-27 13:06:11,685 [INFO] ApplicationProperties:184 - Using Application install path: C:\ST\STM32CubeIDE_1.18.1\STM32CubeIDE\plugins\com.st.stm32cube.common.mx_6.15.0.202507011659
2025-07-27 13:06:11,686 [INFO] PluginManage:196 - Search for loadable plugins [exclusion list=, ]
2025-07-27 13:06:11,688 [INFO] PluginManage:310 - Check plugin analytics
2025-07-27 13:06:11,920 [INFO] AnalyticsPlugin:253 - Accepted Software Licenses: 
2025-07-27 13:06:11,921 [INFO] AnalyticsPlugin:255 - Accepted CMSIS Pack Licenses: 
2025-07-27 13:06:11,921 [INFO] AnalyticsPlugin:257 - Accepted Firmware Licenses: 
2025-07-27 13:06:11,924 [INFO] PluginManage:359 - Loaded plugin analytics (category:tool,tabindex:-1)
2025-07-27 13:06:11,925 [INFO] PluginManage:310 - Check plugin cadmodel
2025-07-27 13:06:11,929 [INFO] CADModel:105 - Init CAD model plugin
2025-07-27 13:06:11,930 [INFO] PluginManage:359 - Loaded plugin cadmodel (category:power,tabindex:5)
2025-07-27 13:06:11,930 [INFO] PluginManage:310 - Check plugin clock
2025-07-27 13:06:11,943 [INFO] PluginManage:359 - Loaded plugin clock (category:base,tabindex:2)
2025-07-27 13:06:11,943 [INFO] PluginManage:310 - Check plugin ddr
2025-07-27 13:06:11,947 [INFO] PluginManage:359 - Loaded plugin ddr (category:tool,tabindex:6)
2025-07-27 13:06:11,948 [INFO] PluginManage:310 - Check plugin filemanager
2025-07-27 13:06:12,119 [INFO] PluginManage:359 - Loaded plugin filemanager (category:base,tabindex:10)
2025-07-27 13:06:12,120 [INFO] PluginManage:310 - Check plugin ipmanager
2025-07-27 13:06:12,127 [INFO] PluginManage:359 - Loaded plugin ipmanager (category:base,tabindex:5)
2025-07-27 13:06:12,128 [INFO] PluginManage:310 - Check plugin lpbam
2025-07-27 13:06:12,141 [INFO] PluginManage:359 - Loaded plugin lpbam (category:base,tabindex:0)
2025-07-27 13:06:12,141 [INFO] PluginManage:310 - Check plugin memorymap
2025-07-27 13:06:12,161 [INFO] PluginManage:359 - Loaded plugin memorymap (category:base,tabindex:4)
2025-07-27 13:06:12,161 [INFO] PluginManage:310 - Check plugin pinoutandconfiguration
2025-07-27 13:06:12,172 [INFO] PluginManage:359 - Loaded plugin pinoutandconfiguration (category:base,tabindex:1)
2025-07-27 13:06:12,172 [INFO] PluginManage:310 - Check plugin pinoutconfig
2025-07-27 13:06:12,270 [WARN] SupportedApi:132 - Cannot load RTOS API schema: s4s-elt-must-match.1: The content of 'definitions' must match (annotation?, (simpleType | complexType)?, (unique | key | keyref)*)). A problem was found starting at: attribute.
2025-07-27 13:06:12,453 [INFO] PluginManage:359 - Loaded plugin pinoutconfig (category:base,tabindex:0)
2025-07-27 13:06:12,454 [INFO] PluginManage:310 - Check plugin power
2025-07-27 13:06:12,467 [INFO] PluginManage:359 - Loaded plugin power (category:power,tabindex:4)
2025-07-27 13:06:12,468 [INFO] PluginManage:310 - Check plugin projectmanager
2025-07-27 13:06:12,493 [INFO] PluginManage:359 - Loaded plugin projectmanager (category:projectmanager,tabindex:4)
2025-07-27 13:06:12,493 [INFO] PluginManage:310 - Check plugin rif
2025-07-27 13:06:12,509 [INFO] PluginManage:359 - Loaded plugin rif (category:base,tabindex:3)
2025-07-27 13:06:12,509 [INFO] PluginManage:310 - Check plugin thirdparty
2025-07-27 13:06:12,686 [INFO] PluginManage:359 - Loaded plugin thirdparty (category:base,tabindex:-1)
2025-07-27 13:06:12,686 [WARN] IntegrityCheckThread:84 - waiting for thirdparty lock release [integrity check]
2025-07-27 13:06:12,686 [INFO] IntegrityCheckThread:86 - entering critical section [integrity check]
2025-07-27 13:06:12,686 [INFO] PluginManage:310 - Check plugin tools
2025-07-27 13:06:12,687 [INFO] ThirdPartyUpdaterWithRetryManager:70 - Updater plugin not ready yet. [1/15]
2025-07-27 13:06:12,690 [INFO] PluginManage:359 - Loaded plugin tools (category:base,tabindex:7)
2025-07-27 13:06:12,690 [INFO] PluginManage:310 - Check plugin tutovideos
2025-07-27 13:06:12,959 [INFO] PluginManage:359 - Loaded plugin tutovideos (category:base,tabindex:-1)
2025-07-27 13:06:12,959 [INFO] PluginManage:310 - Check plugin updater
2025-07-27 13:06:12,983 [INFO] PluginManage:359 - Loaded plugin updater (category:base,tabindex:12)
2025-07-27 13:06:12,983 [INFO] PluginManage:310 - Check plugin userauth
2025-07-27 13:06:12,990 [INFO] UserAuth:118 - Init User Auth plugin
2025-07-27 13:06:12,991 [INFO] PluginManage:359 - Loaded plugin userauth (category:base,tabindex:14)
2025-07-27 13:06:12,992 [INFO] PluginManage:283 - PluginManage : Loaded plugins [18]
2025-07-27 13:06:13,230 [INFO] PinOutPanel:1589 - setPackage(No Configuration,No Configuration)
2025-07-27 13:06:13,340 [INFO] CADModel:165 - CPN selected for project level
2025-07-27 13:06:13,341 [INFO] CADModel:114 - Register for checkConnection events
2025-07-27 13:06:13,362 [INFO] IPUIPlugin:80 - create IPUIPlugin
2025-07-27 13:06:13,362 [INFO] PluginManager:220 - loadIPPluginJar : add adc
2025-07-27 13:06:13,366 [INFO] IPUIPlugin:80 - create IPUIPlugin
2025-07-27 13:06:13,366 [INFO] PluginManager:220 - loadIPPluginJar : add aes
2025-07-27 13:06:13,370 [INFO] IPUIPlugin:80 - create IPUIPlugin
2025-07-27 13:06:13,370 [INFO] PluginManager:220 - loadIPPluginJar : add can
2025-07-27 13:06:13,372 [INFO] IPUIPlugin:80 - create IPUIPlugin
2025-07-27 13:06:13,373 [INFO] PluginManager:220 - loadIPPluginJar : add comp
2025-07-27 13:06:13,375 [INFO] IPUIPlugin:80 - create IPUIPlugin
2025-07-27 13:06:13,375 [INFO] PluginManager:220 - loadIPPluginJar : add cryp
2025-07-27 13:06:13,379 [INFO] IPUIPlugin:80 - create IPUIPlugin
2025-07-27 13:06:13,379 [INFO] PluginManager:220 - loadIPPluginJar : add ddr_ctrl_phy
2025-07-27 13:06:13,382 [INFO] IPUIPlugin:80 - create IPUIPlugin
2025-07-27 13:06:13,382 [INFO] PluginManager:220 - loadIPPluginJar : add dfsdm
2025-07-27 13:06:13,388 [INFO] IPUIPlugin:80 - create IPUIPlugin
2025-07-27 13:06:13,389 [INFO] PluginManager:220 - loadIPPluginJar : add dma
2025-07-27 13:06:13,391 [INFO] IPUIPlugin:80 - create IPUIPlugin
2025-07-27 13:06:13,391 [INFO] PluginManager:220 - loadIPPluginJar : add dma3
2025-07-27 13:06:13,394 [INFO] IPUIPlugin:80 - create IPUIPlugin
2025-07-27 13:06:13,394 [INFO] PluginManager:220 - loadIPPluginJar : add extmemmanager
2025-07-27 13:06:13,396 [INFO] IPUIPlugin:80 - create IPUIPlugin
2025-07-27 13:06:13,396 [INFO] PluginManager:220 - loadIPPluginJar : add fatfs
2025-07-27 13:06:13,401 [INFO] IPUIPlugin:80 - create IPUIPlugin
2025-07-27 13:06:13,401 [INFO] PluginManager:220 - loadIPPluginJar : add fmc
2025-07-27 13:06:13,406 [INFO] IPUIPlugin:80 - create IPUIPlugin
2025-07-27 13:06:13,407 [INFO] PluginManager:220 - loadIPPluginJar : add freertos
2025-07-27 13:06:13,408 [INFO] IPUIPlugin:80 - create IPUIPlugin
2025-07-27 13:06:13,408 [INFO] PluginManager:220 - loadIPPluginJar : add genericplugin
2025-07-27 13:06:13,410 [INFO] IPUIPlugin:80 - create IPUIPlugin
2025-07-27 13:06:13,411 [INFO] PluginManager:220 - loadIPPluginJar : add gfxmmu
2025-07-27 13:06:13,414 [INFO] IPUIPlugin:80 - create IPUIPlugin
2025-07-27 13:06:13,415 [INFO] PluginManager:220 - loadIPPluginJar : add gic
2025-07-27 13:06:13,418 [INFO] IPUIPlugin:80 - create IPUIPlugin
2025-07-27 13:06:13,418 [INFO] PluginManager:220 - loadIPPluginJar : add gpio
2025-07-27 13:06:13,421 [INFO] IPUIPlugin:80 - create IPUIPlugin
2025-07-27 13:06:13,421 [INFO] PluginManager:220 - loadIPPluginJar : add gtzc
2025-07-27 13:06:13,423 [INFO] IPUIPlugin:80 - create IPUIPlugin
2025-07-27 13:06:13,423 [INFO] PluginManager:220 - loadIPPluginJar : add hash
2025-07-27 13:06:13,426 [INFO] IPUIPlugin:80 - create IPUIPlugin
2025-07-27 13:06:13,426 [INFO] PluginManager:220 - loadIPPluginJar : add i2c
2025-07-27 13:06:13,428 [INFO] IPUIPlugin:80 - create IPUIPlugin
2025-07-27 13:06:13,429 [INFO] PluginManager:220 - loadIPPluginJar : add i2s
2025-07-27 13:06:13,432 [INFO] IPUIPlugin:80 - create IPUIPlugin
2025-07-27 13:06:13,432 [INFO] PluginManager:220 - loadIPPluginJar : add i3c
2025-07-27 13:06:13,437 [INFO] IPUIPlugin:80 - create IPUIPlugin
2025-07-27 13:06:13,437 [INFO] PluginManager:220 - loadIPPluginJar : add ipddr
2025-07-27 13:06:13,445 [INFO] IPUIPlugin:80 - create IPUIPlugin
2025-07-27 13:06:13,446 [INFO] PluginManager:220 - loadIPPluginJar : add linkedlist
2025-07-27 13:06:13,450 [INFO] IPUIPlugin:80 - create IPUIPlugin
2025-07-27 13:06:13,450 [INFO] PluginManager:220 - loadIPPluginJar : add lorawan
2025-07-27 13:06:13,453 [INFO] IPUIPlugin:80 - create IPUIPlugin
2025-07-27 13:06:13,453 [INFO] PluginManager:220 - loadIPPluginJar : add ltdc
2025-07-27 13:06:13,462 [INFO] IPUIPlugin:80 - create IPUIPlugin
2025-07-27 13:06:13,462 [INFO] PluginManager:220 - loadIPPluginJar : add mdma
2025-07-27 13:06:13,468 [INFO] IPUIPlugin:80 - create IPUIPlugin
2025-07-27 13:06:13,468 [INFO] PluginManager:220 - loadIPPluginJar : add nvic
2025-07-27 13:06:13,473 [INFO] IPUIPlugin:80 - create IPUIPlugin
2025-07-27 13:06:13,473 [INFO] PluginManager:220 - loadIPPluginJar : add opamp
2025-07-27 13:06:13,476 [INFO] IPUIPlugin:80 - create IPUIPlugin
2025-07-27 13:06:13,476 [INFO] PluginManager:220 - loadIPPluginJar : add openamp
2025-07-27 13:06:13,481 [INFO] IPUIPlugin:80 - create IPUIPlugin
2025-07-27 13:06:13,481 [INFO] PluginManager:220 - loadIPPluginJar : add pdm2pcm
2025-07-27 13:06:13,488 [INFO] IPUIPlugin:80 - create IPUIPlugin
2025-07-27 13:06:13,491 [INFO] PluginManager:220 - loadIPPluginJar : add plateformsettings
2025-07-27 13:06:13,492 [INFO] IPUIPlugin:80 - create IPUIPlugin
2025-07-27 13:06:13,492 [INFO] PluginManager:220 - loadIPPluginJar : add quadspi
2025-07-27 13:06:13,494 [INFO] IPUIPlugin:80 - create IPUIPlugin
2025-07-27 13:06:13,495 [INFO] PluginManager:220 - loadIPPluginJar : add radio
2025-07-27 13:06:13,499 [INFO] IPUIPlugin:80 - create IPUIPlugin
2025-07-27 13:06:13,500 [INFO] PluginManager:220 - loadIPPluginJar : add resmgrutility
2025-07-27 13:06:13,504 [INFO] IPUIPlugin:80 - create IPUIPlugin
2025-07-27 13:06:13,505 [INFO] PluginManager:220 - loadIPPluginJar : add sai
2025-07-27 13:06:13,508 [INFO] IPUIPlugin:80 - create IPUIPlugin
2025-07-27 13:06:13,508 [INFO] PluginManager:220 - loadIPPluginJar : add spi
2025-07-27 13:06:13,517 [INFO] IPUIPlugin:80 - create IPUIPlugin
2025-07-27 13:06:13,518 [INFO] PluginManager:220 - loadIPPluginJar : add stm32_wpan
2025-07-27 13:06:13,520 [INFO] IPUIPlugin:80 - create IPUIPlugin
2025-07-27 13:06:13,520 [INFO] PluginManager:220 - loadIPPluginJar : add tim
2025-07-27 13:06:13,525 [INFO] IPUIPlugin:80 - create IPUIPlugin
2025-07-27 13:06:13,525 [INFO] PluginManager:220 - loadIPPluginJar : add touchsensing
2025-07-27 13:06:13,528 [INFO] IPUIPlugin:80 - create IPUIPlugin
2025-07-27 13:06:13,528 [INFO] PluginManager:220 - loadIPPluginJar : add tracer_emb
2025-07-27 13:06:13,530 [INFO] IPUIPlugin:80 - create IPUIPlugin
2025-07-27 13:06:13,530 [INFO] PluginManager:220 - loadIPPluginJar : add ts
2025-07-27 13:06:13,533 [INFO] IPUIPlugin:80 - create IPUIPlugin
2025-07-27 13:06:13,533 [INFO] PluginManager:220 - loadIPPluginJar : add tsc
2025-07-27 13:06:13,536 [INFO] IPUIPlugin:80 - create IPUIPlugin
2025-07-27 13:06:13,536 [INFO] PluginManager:220 - loadIPPluginJar : add ucpd
2025-07-27 13:06:13,540 [INFO] IPUIPlugin:80 - create IPUIPlugin
2025-07-27 13:06:13,540 [INFO] PluginManager:220 - loadIPPluginJar : add usart
2025-07-27 13:06:13,546 [INFO] IPUIPlugin:80 - create IPUIPlugin
2025-07-27 13:06:13,546 [INFO] PluginManager:220 - loadIPPluginJar : add usbx
2025-07-27 13:06:13,680 [FATAL] Updater:351 - Updater called before beeing initialized
2025-07-27 13:06:13,715 [INFO] RulesReader:64 - Compatibility file has been processed (317 Rules)
2025-07-27 13:06:13,734 [INFO] RulesReader:64 - Compatibility file has been processed (317 Rules)
2025-07-27 13:06:13,745 [INFO] CADModel:165 - CPN selected for project level
2025-07-27 13:06:13,745 [INFO] CADModel:114 - Register for checkConnection events
2025-07-27 13:06:13,745 [FATAL] Updater:351 - Updater called before beeing initialized
2025-07-27 13:06:13,745 [ERROR] CADModel:125 - Updater not yet initialized, retry later 
2025-07-27 13:06:13,928 [FATAL] Updater:351 - Updater called before beeing initialized
2025-07-27 13:06:13,930 [INFO] CADModel:165 - CPN selected for project level
2025-07-27 13:06:13,930 [INFO] CADModel:114 - Register for checkConnection events
2025-07-27 13:06:13,931 [FATAL] Updater:351 - Updater called before beeing initialized
2025-07-27 13:06:13,931 [ERROR] CADModel:125 - Updater not yet initialized, retry later 
2025-07-27 13:06:13,936 [FATAL] Updater:351 - Updater called before beeing initialized
2025-07-27 13:06:14,068 [FATAL] Updater:351 - Updater called before beeing initialized
2025-07-27 13:06:14,072 [INFO] DbMcusAds:53 - JSON generation date=Tue Jul 08 13:44:23 IST 2025 (1751962463562)
2025-07-27 13:06:14,072 [FATAL] Updater:351 - Updater called before beeing initialized
2025-07-27 13:06:14,112 [WARN] DetailPanel:346 - Failed to get advertising image, set to default
2025-07-27 13:06:14,194 [FATAL] Updater:351 - Updater called before beeing initialized
2025-07-27 13:06:14,195 [FATAL] Updater:351 - Updater called before beeing initialized
2025-07-27 13:06:14,195 [FATAL] Updater:351 - Updater called before beeing initialized
2025-07-27 13:06:14,195 [WARN] DetailPanel:346 - Failed to get advertising image, set to default
2025-07-27 13:06:14,197 [FATAL] Updater:351 - Updater called before beeing initialized
2025-07-27 13:06:14,253 [ERROR] Updater:1198 - MainUpdater not yet initialized. External WinMGr cannot be set.
2025-07-27 13:06:14,256 [INFO] Updater:1134 - Updater Version found : 6.15.0
2025-07-27 13:06:14,281 [INFO] ApplicationProperties:184 - Using Application install path: C:\ST\STM32CubeIDE_1.18.1\STM32CubeIDE\plugins\com.st.stm32cube.common.mx_6.15.0.202507011659
2025-07-27 13:06:15,688 [INFO] ThirdPartyUpdaterWithRetryManager:70 - Updater plugin not ready yet. [2/15]
2025-07-27 13:06:15,866 [ERROR] LogOutputStream:75 - [STDERR_REDIRECT] Jul 27, 2025 1:06:15 PM java.util.prefs.WindowsPreferences <init>
2025-07-27 13:06:15,867 [ERROR] LogOutputStream:75 - [STDERR_REDIRECT] WARNING: Could not open/create prefs root node Software\JavaSoft\Prefs at root 0xffffffff80000002. Windows RegCreateKeyEx(...) returned error code 5.
2025-07-27 13:06:15,868 [ERROR] LogOutputStream:75 - [STDERR_REDIRECT] 
2025-07-27 13:06:16,489 [INFO] MainUpdater:2872 - connection check result : 10
2025-07-27 13:06:16,490 [INFO] MainUpdater:289 - Updater Check For Update Now.
2025-07-27 13:06:16,490 [INFO] MicroXplorer:498 - Change Database Version : DB.6.0.150
2025-07-27 13:06:16,502 [INFO] McuFinderGlobals:63 - Set McuFinder mode to 2 (CubeIDE integrated)
2025-07-27 13:06:16,503 [INFO] UserAuth:171 - activating auth plugin
2025-07-27 13:06:16,509 [INFO] UserAuth:487 - Internet connection configuration mode: 1
2025-07-27 13:06:16,554 [INFO] JxBrowserEngine:152 - Initiate JxBrowser Engine with user profile folder
2025-07-27 13:06:16,716 [INFO] CheckServerUpdateThread:120 - End of CheckServer Thread
2025-07-27 13:06:17,384 [INFO] WebApp:169 - Instantiating new browser for Auth
2025-07-27 13:06:18,491 [INFO] WebApp:463 - Apply proxy settings
2025-07-27 13:06:18,492 [INFO] WebApp:548 - Chromium requires no authentication
2025-07-27 13:06:18,507 [INFO] WebApp:491 - Direct internet connection detected
2025-07-27 13:06:18,550 [INFO] WebApp:900 - Register for checkConnection events
2025-07-27 13:06:18,550 [INFO] WebApp:463 - Apply proxy settings
2025-07-27 13:06:18,551 [INFO] WebApp:548 - Chromium requires no authentication
2025-07-27 13:06:18,552 [INFO] WebApp:491 - Direct internet connection detected
2025-07-27 13:06:18,821 [INFO] WebApp:225 - Starting web application
2025-07-27 13:06:18,821 [INFO] WebApp:593 - Web application path used C:\ST\STM32CubeIDE_1.18.1\STM32CubeIDE\plugins\com.st.stm32cube.common.mx_6.15.0.202507011659\db\plugins\mcufinder\reactClient1\index.html
2025-07-27 13:06:19,106 [WARN] PackLoader:240 - Cannot read IP mode file for STMicroelectronics.FP-SNS-MOTENVWB1.1.4.0
2025-07-27 13:06:19,122 [WARN] PackLoader:240 - Cannot read IP mode file for STMicroelectronics.FP-ATR-ASTRA1.2.0.2
2025-07-27 13:06:19,141 [WARN] PackLoader:240 - Cannot read IP mode file for STMicroelectronics.X-CUBE-SMBUS.2.1.0
2025-07-27 13:06:19,150 [WARN] PackLoader:240 - Cannot read IP mode file for STMicroelectronics.X-CUBE-ST60.1.0.0
2025-07-27 13:06:19,190 [WARN] PackLoader:240 - Cannot read IP mode file for STMicroelectronics.X-CUBE-AZRTOS-F7.1.1.0
2025-07-27 13:06:19,229 [WARN] PackLoader:240 - Cannot read IP mode file for Infineon.AIROC-Wi-Fi-Bluetooth-STM32.1.7.0
2025-07-27 13:06:19,278 [WARN] PackLoader:240 - Cannot read IP mode file for STMicroelectronics.X-CUBE-AZRTOS-H7.3.4.0
2025-07-27 13:06:19,294 [WARN] PackLoader:240 - Cannot read IP mode file for STMicroelectronics.X-CUBE-DISPLAY.3.0.0
2025-07-27 13:06:19,317 [WARN] PackLoader:240 - Cannot read IP mode file for STMicroelectronics.X-CUBE-NFC10.1.0.0
2025-07-27 13:06:19,338 [WARN] PackLoader:240 - Cannot read IP mode file for STMicroelectronics.X-CUBE-BLEMGR.4.0.0
2025-07-27 13:06:19,354 [WARN] PackLoader:240 - Cannot read IP mode file for emotas.I-CUBE-CANOPEN.1.3.0
2025-07-27 13:06:19,363 [WARN] ConditionMgr:438 - getConditionDescription Invalid condition id : Cortex-A Device cause : null
2025-07-27 13:06:19,381 [WARN] ConditionMgr:1044 - genDependencies : Invalid condition id : Cortex-A Device cause : null
2025-07-27 13:06:19,381 [WARN] ConditionMgr:1044 - genDependencies : Invalid condition id : Cortex-A Device cause : null
2025-07-27 13:06:19,381 [WARN] ConditionMgr:1044 - genDependencies : Invalid condition id : Cortex-A Device cause : null
2025-07-27 13:06:19,403 [WARN] PackLoader:240 - Cannot read IP mode file for STMicroelectronics.FP-SNS-SMARTAG2.1.2.0
2025-07-27 13:06:19,422 [WARN] PackLoader:240 - Cannot read IP mode file for STMicroelectronics.FP-SNS-FLIGHT1.5.1.0
2025-07-27 13:06:19,447 [INFO] LogOutputStream:77 - [STDOUT_REDIRECT] 1 : Invalid condition id : UX_CORESTACK_Condition cause : null
2025-07-27 13:06:19,449 [INFO] LogOutputStream:77 - [STDOUT_REDIRECT] 1 : Invalid condition id : UX_CORESTACK_Condition cause : null
2025-07-27 13:06:19,452 [INFO] LogOutputStream:77 - [STDOUT_REDIRECT] 1 : Invalid condition id : UX_CORESTACK_Condition cause : null
2025-07-27 13:06:19,453 [INFO] LogOutputStream:77 - [STDOUT_REDIRECT] 1 : Invalid condition id : UX_CORESTACK_Condition cause : null
2025-07-27 13:06:19,455 [INFO] LogOutputStream:77 - [STDOUT_REDIRECT] 1 : Invalid condition id : UX_CORESTACK_Condition cause : null
2025-07-27 13:06:19,462 [WARN] PackLoader:240 - Cannot read IP mode file for STMicroelectronics.X-CUBE-AZRTOS-WL.2.0.0
2025-07-27 13:06:19,475 [WARN] PackLoader:240 - Cannot read IP mode file for STMicroelectronics.FP-SNS-MOTENV1.5.0.0
2025-07-27 13:06:19,498 [WARN] PackLoader:240 - Cannot read IP mode file for WES.I-CUBE-Cesium.1.3.0
2025-07-27 13:06:19,543 [WARN] PackLoader:240 - Cannot read IP mode file for STMicroelectronics.X-CUBE-BLE2.3.3.0
2025-07-27 13:06:19,555 [WARN] PackLoader:240 - Cannot read IP mode file for STMicroelectronics.X-CUBE-NFC9.1.0.0
2025-07-27 13:06:19,565 [WARN] PackLoader:240 - Cannot read IP mode file for wolfSSL.I-CUBE-wolfSSL.5.8.0
2025-07-27 13:06:19,576 [WARN] PackLoader:240 - Cannot read IP mode file for STMicroelectronics.X-CUBE-BLE1.7.1.0
2025-07-27 13:06:19,583 [WARN] PackLoader:240 - Cannot read IP mode file for wolfSSL.I-CUBE-wolfMQTT.1.19.2
2025-07-27 13:06:19,597 [WARN] PackLoader:240 - Cannot read IP mode file for STMicroelectronics.X-CUBE-EEPRMA1.5.2.0
2025-07-27 13:06:19,607 [WARN] PackLoader:240 - Cannot read IP mode file for STMicroelectronics.X-CUBE-AI.10.1.0
2025-07-27 13:06:19,630 [WARN] PackLoader:240 - Cannot read IP mode file for STMicroelectronics.X-CUBE-AZRTOS-G0.1.1.0
2025-07-27 13:06:19,643 [WARN] PackLoader:240 - Cannot read IP mode file for STMicroelectronics.X-CUBE-SAFEA1.1.2.2
2025-07-27 13:06:19,653 [WARN] PackLoader:240 - Cannot read IP mode file for STMicroelectronics.X-CUBE-NFC4.3.0.0
2025-07-27 13:06:19,667 [WARN] PackLoader:240 - Cannot read IP mode file for EmbeddedOffice.I-CUBE-FS-RTOS.1.0.1
2025-07-27 13:06:19,676 [WARN] PackLoader:240 - Cannot read IP mode file for STMicroelectronics.X-CUBE-WB05N.2.0.0
2025-07-27 13:06:19,685 [WARN] PackLoader:240 - Cannot read IP mode file for wolfSSL.I-CUBE-wolfTPM.3.8.0
2025-07-27 13:06:19,687 [INFO] WebApp:191 - Connection restablished
2025-07-27 13:06:19,694 [WARN] PackLoader:240 - Cannot read IP mode file for STMicroelectronics.X-CUBE-TCPP.4.2.0
2025-07-27 13:06:19,705 [WARN] PackLoader:240 - Cannot read IP mode file for RealThread.X-CUBE-RT-Thread_Nano.4.1.1
2025-07-27 13:06:19,713 [WARN] PackLoader:240 - Cannot read IP mode file for STMicroelectronics.FP-ATR-SIGFOX1.3.2.0
2025-07-27 13:06:19,721 [WARN] PackLoader:240 - Cannot read IP mode file for STMicroelectronics.X-CUBE-EEPRMA1.5.1.0
2025-07-27 13:06:19,732 [WARN] PackLoader:240 - Cannot read IP mode file for ITTIA_DB.I-CUBE-ITTIADB.8.9.0
2025-07-27 13:06:19,743 [WARN] PackLoader:240 - Cannot read IP mode file for STMicroelectronics.X-CUBE-ST67W61.1.0.0
2025-07-27 13:06:19,783 [WARN] PackLoader:240 - Cannot read IP mode file for SEGGER.I-CUBE-embOS.1.3.1
2025-07-27 13:06:19,846 [WARN] PackLoader:240 - Cannot read IP mode file for STMicroelectronics.X-CUBE-ALGOBUILD.1.4.0
2025-07-27 13:06:19,914 [WARN] PackLoader:240 - Cannot read IP mode file for STMicroelectronics.X-CUBE-MEMS1.11.3.0
2025-07-27 13:06:20,144 [WARN] PackLoader:240 - Cannot read IP mode file for STMicroelectronics.X-CUBE-PM33A1.1.0.0
2025-07-27 13:06:20,167 [WARN] PackLoader:240 - Cannot read IP mode file for STMicroelectronics.X-CUBE-AZRTOS-F4.1.1.0
2025-07-27 13:06:20,177 [WARN] PackLoader:240 - Cannot read IP mode file for Avnet-IotConnect.X-CUBE-IoTC-DA16k-PMOD.1.0.0
2025-07-27 13:06:20,184 [WARN] PackLoader:240 - Cannot read IP mode file for STMicroelectronics.X-CUBE-ISPU.2.1.0
2025-07-27 13:06:20,196 [WARN] PackLoader:240 - Cannot read IP mode file for STMicroelectronics.X-CUBE-NFC12.1.0.0
2025-07-27 13:06:20,231 [WARN] PackLoader:240 - Cannot read IP mode file for STMicroelectronics.X-CUBE-AZRTOS-L5.2.0.0
2025-07-27 13:06:20,250 [WARN] PackLoader:240 - Cannot read IP mode file for STMicroelectronics.X-CUBE-NFC6.3.1.0
2025-07-27 13:06:20,262 [WARN] PackLoader:240 - Cannot read IP mode file for STMicroelectronics.X-CUBE-FREERTOS.1.3.1
2025-07-27 13:06:20,272 [WARN] PackLoader:240 - Cannot read IP mode file for STMicroelectronics.FP-SNS-STAIOTCFT.1.0.0
2025-07-27 13:06:20,282 [WARN] PackLoader:240 - Cannot read IP mode file for STMicroelectronics.X-CUBE-DPower.1.3.0
2025-07-27 13:06:20,304 [WARN] ConditionMgr:438 - getConditionDescription Invalid condition id : LAN8742 Phy interface Condition cause : null
2025-07-27 13:06:20,305 [WARN] PackLoader:240 - Cannot read IP mode file for STMicroelectronics.X-CUBE-AZRTOS-L4.2.0.0
2025-07-27 13:06:20,307 [WARN] ConditionMgr:1044 - genDependencies : Invalid condition id : LAN8742 Phy interface Condition cause : null
2025-07-27 13:06:20,307 [WARN] ConditionMgr:1044 - genDependencies : Invalid condition id : LAN8742 Phy interface Condition cause : null
2025-07-27 13:06:20,308 [WARN] ConditionMgr:1044 - genDependencies : Invalid condition id : LAN8742 Phy interface Condition cause : null
2025-07-27 13:06:20,320 [WARN] PackLoader:240 - Cannot read IP mode file for STMicroelectronics.X-CUBE-SFXS2LP1.4.0.0
2025-07-27 13:06:20,345 [WARN] PackLoader:240 - Cannot read IP mode file for STMicroelectronics.X-CUBE-AZRTOS-H7.3.3.0
2025-07-27 13:06:20,365 [WARN] PackLoader:240 - Cannot read IP mode file for STMicroelectronics.X-CUBE-BLEMGR.4.1.0
2025-07-27 13:06:20,384 [WARN] ConditionMgr:438 - getConditionDescription Invalid condition id : UX DEVICE CLASS RTOS Condition cause : null
2025-07-27 13:06:20,385 [WARN] ConditionMgr:438 - getConditionDescription Invalid condition id : UX DEVICE CLASS RTOS Condition cause : null
2025-07-27 13:06:20,388 [WARN] PackLoader:240 - Cannot read IP mode file for STMicroelectronics.X-CUBE-AZRTOS-WB.2.0.0
2025-07-27 13:06:20,388 [WARN] ConditionMgr:1044 - genDependencies : Invalid condition id : UX DEVICE CLASS RTOS Condition cause : null
2025-07-27 13:06:20,389 [WARN] ConditionMgr:1044 - genDependencies : Invalid condition id : UX DEVICE CLASS RTOS Condition cause : null
2025-07-27 13:06:20,389 [WARN] ConditionMgr:1044 - genDependencies : Invalid condition id : UX DEVICE CLASS RTOS Condition cause : null
2025-07-27 13:06:20,389 [WARN] ConditionMgr:1044 - genDependencies : Invalid condition id : UX DEVICE CLASS RTOS Condition cause : null
2025-07-27 13:06:20,389 [WARN] ConditionMgr:1044 - genDependencies : Invalid condition id : UX DEVICE CLASS RTOS Condition cause : null
2025-07-27 13:06:20,398 [WARN] PackLoader:240 - Cannot read IP mode file for STMicroelectronics.X-CUBE-GNSS1.7.0.1
2025-07-27 13:06:20,408 [WARN] PackLoader:240 - Cannot read IP mode file for STMicroelectronics.X-CUBE-TOUCHGFX.4.25.0
2025-07-27 13:06:20,416 [WARN] PackLoader:240 - Cannot read IP mode file for STMicroelectronics.FP-SNS-STBOX1.2.0.0
2025-07-27 13:06:20,433 [WARN] PackLoader:240 - Cannot read IP mode file for STMicroelectronics.X-CUBE-SUBG2.5.0.0
2025-07-27 13:06:20,464 [WARN] PackLoader:240 - Cannot read IP mode file for STMicroelectronics.X-CUBE-AZRTOS-H7RS.1.1.0
2025-07-27 13:06:20,474 [WARN] PackLoader:240 - Cannot read IP mode file for Cesanta.I-CUBE-Mongoose.7.13.0
2025-07-27 13:06:20,495 [WARN] PackLoader:240 - Cannot read IP mode file for STMicroelectronics.X-CUBE-AZRTOS-G4.2.0.0
2025-07-27 13:06:20,505 [WARN] PackLoader:240 - Cannot read IP mode file for wolfSSL.I-CUBE-wolfSSH.1.4.20
2025-07-27 13:06:20,512 [WARN] PackLoader:240 - Cannot read IP mode file for STMicroelectronics.X-CUBE-NFC7.2.0.0
2025-07-27 13:06:20,531 [WARN] PackLoader:240 - Cannot read IP mode file for STMicroelectronics.X-CUBE-IPS.3.1.0
2025-07-27 13:06:20,543 [WARN] PackLoader:240 - Cannot read IP mode file for STMicroelectronics.X-CUBE-ALS.1.0.2
2025-07-27 13:06:20,552 [WARN] PackLoader:240 - Cannot read IP mode file for portGmbH.I-Cube-SoM-uGOAL.1.1.0
2025-07-27 13:06:20,568 [WARN] PackLoader:240 - Cannot read IP mode file for STMicroelectronics.X-CUBE-TOF1.3.4.3
2025-07-27 13:06:20,595 [INFO] ThirdParty:978 - Integrity check success = true
2025-07-27 13:06:20,596 [INFO] IntegrityCheckThread:100 - exiting critical section [integrity check]
2025-07-27 13:06:20,596 [INFO] IntegrityCheckThread:103 - End integrity checks thread
2025-07-27 13:07:37,659 [ERROR] LogOutputStream:75 - [STDERR_REDIRECT] SLF4J: Failed to load class "org.slf4j.impl.StaticLoggerBinder".
2025-07-27 13:07:37,662 [ERROR] LogOutputStream:75 - [STDERR_REDIRECT] SLF4J: Defaulting to no-operation (NOP) logger implementation
2025-07-27 13:07:37,664 [ERROR] LogOutputStream:75 - [STDERR_REDIRECT] SLF4J: See http://www.slf4j.org/codes.html#StaticLoggerBinder for further details.
2025-07-27 13:07:39,166 [ERROR] LogOutputStream:75 - [STDERR_REDIRECT] Managed Build system manifest file error: Option fr.ac6.managedbuild.option.gnu.cross.mcu.1947419152 uses a null category that is invalid in its context. The option was ignored.
2025-07-27 13:07:39,170 [ERROR] LogOutputStream:75 - [STDERR_REDIRECT] Managed Build system manifest file error: Option fr.ac6.managedbuild.option.gnu.cross.fpu.1165881043 uses a null category that is invalid in its context. The option was ignored.
2025-07-27 13:07:39,174 [ERROR] LogOutputStream:75 - [STDERR_REDIRECT] Managed Build system manifest file error: Option fr.ac6.managedbuild.option.gnu.cross.floatabi.29117250 uses a null category that is invalid in its context. The option was ignored.
2025-07-27 13:07:39,177 [ERROR] LogOutputStream:75 - [STDERR_REDIRECT] Managed Build system manifest file error: Option fr.ac6.managedbuild.option.gnu.cross.board.469058725 uses a null category that is invalid in its context. The option was ignored.
2025-07-27 13:07:39,210 [ERROR] LogOutputStream:75 - [STDERR_REDIRECT] Managed Build system manifest file error: Option fr.ac6.managedbuild.option.gnu.cross.mcu.2020399737 uses a null category that is invalid in its context. The option was ignored.
2025-07-27 13:07:39,212 [ERROR] LogOutputStream:75 - [STDERR_REDIRECT] Managed Build system manifest file error: Option fr.ac6.managedbuild.option.gnu.cross.fpu.906366420 uses a null category that is invalid in its context. The option was ignored.
2025-07-27 13:07:39,214 [ERROR] LogOutputStream:75 - [STDERR_REDIRECT] Managed Build system manifest file error: Option fr.ac6.managedbuild.option.gnu.cross.floatabi.779923141 uses a null category that is invalid in its context. The option was ignored.
2025-07-27 13:07:39,216 [ERROR] LogOutputStream:75 - [STDERR_REDIRECT] Managed Build system manifest file error: Option fr.ac6.managedbuild.option.gnu.cross.board.1878935188 uses a null category that is invalid in its context. The option was ignored.
2025-07-27 13:07:39,246 [ERROR] LogOutputStream:75 - [STDERR_REDIRECT] Managed Build system manifest file error: Option fr.ac6.managedbuild.option.gnu.cross.mcu.394851622 uses a null category that is invalid in its context. The option was ignored.
2025-07-27 13:07:39,250 [ERROR] LogOutputStream:75 - [STDERR_REDIRECT] Managed Build system manifest file error: Option fr.ac6.managedbuild.option.gnu.cross.fpu.1327229055 uses a null category that is invalid in its context. The option was ignored.
2025-07-27 13:07:39,254 [ERROR] LogOutputStream:75 - [STDERR_REDIRECT] Managed Build system manifest file error: Option fr.ac6.managedbuild.option.gnu.cross.floatabi.1636584684 uses a null category that is invalid in its context. The option was ignored.
2025-07-27 13:07:39,256 [ERROR] LogOutputStream:75 - [STDERR_REDIRECT] Managed Build system manifest file error: Option fr.ac6.managedbuild.option.gnu.cross.board.324877304 uses a null category that is invalid in its context. The option was ignored.
2025-07-27 13:07:39,274 [ERROR] LogOutputStream:75 - [STDERR_REDIRECT] Managed Build system manifest file error: Option fr.ac6.managedbuild.option.gnu.cross.mcu.19384094 uses a null category that is invalid in its context. The option was ignored.
2025-07-27 13:07:39,276 [ERROR] LogOutputStream:75 - [STDERR_REDIRECT] Managed Build system manifest file error: Option fr.ac6.managedbuild.option.gnu.cross.fpu.1711765115 uses a null category that is invalid in its context. The option was ignored.
2025-07-27 13:07:39,279 [ERROR] LogOutputStream:75 - [STDERR_REDIRECT] Managed Build system manifest file error: Option fr.ac6.managedbuild.option.gnu.cross.floatabi.1880392289 uses a null category that is invalid in its context. The option was ignored.
2025-07-27 13:07:39,281 [ERROR] LogOutputStream:75 - [STDERR_REDIRECT] Managed Build system manifest file error: Option fr.ac6.managedbuild.option.gnu.cross.board.237996223 uses a null category that is invalid in its context. The option was ignored.
2025-07-27 13:07:39,315 [ERROR] LogOutputStream:75 - [STDERR_REDIRECT] Managed Build system manifest file error: Option fr.ac6.managedbuild.option.gnu.cross.mcu.438066666 uses a null category that is invalid in its context. The option was ignored.
2025-07-27 13:07:39,317 [ERROR] LogOutputStream:75 - [STDERR_REDIRECT] Managed Build system manifest file error: Option fr.ac6.managedbuild.option.gnu.cross.fpu.545989271 uses a null category that is invalid in its context. The option was ignored.
2025-07-27 13:07:39,320 [ERROR] LogOutputStream:75 - [STDERR_REDIRECT] Managed Build system manifest file error: Option fr.ac6.managedbuild.option.gnu.cross.floatabi.1101998864 uses a null category that is invalid in its context. The option was ignored.
2025-07-27 13:07:39,322 [ERROR] LogOutputStream:75 - [STDERR_REDIRECT] Managed Build system manifest file error: Option fr.ac6.managedbuild.option.gnu.cross.board.1690796863 uses a null category that is invalid in its context. The option was ignored.
2025-07-27 13:07:39,335 [ERROR] LogOutputStream:75 - [STDERR_REDIRECT] Managed Build system manifest file error: Option fr.ac6.managedbuild.option.gnu.cross.mcu.1916011607 uses a null category that is invalid in its context. The option was ignored.
2025-07-27 13:07:39,337 [ERROR] LogOutputStream:75 - [STDERR_REDIRECT] Managed Build system manifest file error: Option fr.ac6.managedbuild.option.gnu.cross.fpu.609696979 uses a null category that is invalid in its context. The option was ignored.
2025-07-27 13:07:39,339 [ERROR] LogOutputStream:75 - [STDERR_REDIRECT] Managed Build system manifest file error: Option fr.ac6.managedbuild.option.gnu.cross.floatabi.295941644 uses a null category that is invalid in its context. The option was ignored.
2025-07-27 13:07:39,341 [ERROR] LogOutputStream:75 - [STDERR_REDIRECT] Managed Build system manifest file error: Option fr.ac6.managedbuild.option.gnu.cross.board.358626446 uses a null category that is invalid in its context. The option was ignored.
2025-07-27 13:07:39,379 [ERROR] LogOutputStream:75 - [STDERR_REDIRECT] Managed Build system manifest file error: Option fr.ac6.managedbuild.option.gnu.cross.mcu.1237318225 uses a null category that is invalid in its context. The option was ignored.
2025-07-27 13:07:39,383 [ERROR] LogOutputStream:75 - [STDERR_REDIRECT] Managed Build system manifest file error: Option fr.ac6.managedbuild.option.gnu.cross.fpu.1966950669 uses a null category that is invalid in its context. The option was ignored.
2025-07-27 13:07:39,388 [ERROR] LogOutputStream:75 - [STDERR_REDIRECT] Managed Build system manifest file error: Option fr.ac6.managedbuild.option.gnu.cross.floatabi.2145028350 uses a null category that is invalid in its context. The option was ignored.
2025-07-27 13:07:39,392 [ERROR] LogOutputStream:75 - [STDERR_REDIRECT] Managed Build system manifest file error: Option fr.ac6.managedbuild.option.gnu.cross.board.1138038218 uses a null category that is invalid in its context. The option was ignored.
2025-07-27 13:07:39,415 [ERROR] LogOutputStream:75 - [STDERR_REDIRECT] Managed Build system manifest file error: Option fr.ac6.managedbuild.option.gnu.cross.mcu.508952932 uses a null category that is invalid in its context. The option was ignored.
2025-07-27 13:07:39,418 [ERROR] LogOutputStream:75 - [STDERR_REDIRECT] Managed Build system manifest file error: Option fr.ac6.managedbuild.option.gnu.cross.fpu.828622262 uses a null category that is invalid in its context. The option was ignored.
2025-07-27 13:07:39,420 [ERROR] LogOutputStream:75 - [STDERR_REDIRECT] Managed Build system manifest file error: Option fr.ac6.managedbuild.option.gnu.cross.floatabi.1195247710 uses a null category that is invalid in its context. The option was ignored.
2025-07-27 13:07:39,422 [ERROR] LogOutputStream:75 - [STDERR_REDIRECT] Managed Build system manifest file error: Option fr.ac6.managedbuild.option.gnu.cross.board.2122223380 uses a null category that is invalid in its context. The option was ignored.
2025-07-27 13:07:39,453 [ERROR] LogOutputStream:75 - [STDERR_REDIRECT] Managed Build system manifest file error: Option fr.ac6.managedbuild.option.gnu.cross.mcu.978828231 uses a null category that is invalid in its context. The option was ignored.
2025-07-27 13:07:39,455 [ERROR] LogOutputStream:75 - [STDERR_REDIRECT] Managed Build system manifest file error: Option fr.ac6.managedbuild.option.gnu.cross.fpu.110133935 uses a null category that is invalid in its context. The option was ignored.
2025-07-27 13:07:39,456 [ERROR] LogOutputStream:75 - [STDERR_REDIRECT] Managed Build system manifest file error: Option fr.ac6.managedbuild.option.gnu.cross.floatabi.9569680 uses a null category that is invalid in its context. The option was ignored.
2025-07-27 13:07:39,457 [ERROR] LogOutputStream:75 - [STDERR_REDIRECT] Managed Build system manifest file error: Option fr.ac6.managedbuild.option.gnu.cross.board.15120582 uses a null category that is invalid in its context. The option was ignored.
2025-07-27 13:07:39,472 [ERROR] LogOutputStream:75 - [STDERR_REDIRECT] Managed Build system manifest file error: Option fr.ac6.managedbuild.option.gnu.cross.mcu.1058815972 uses a null category that is invalid in its context. The option was ignored.
2025-07-27 13:07:39,476 [ERROR] LogOutputStream:75 - [STDERR_REDIRECT] Managed Build system manifest file error: Option fr.ac6.managedbuild.option.gnu.cross.fpu.1240480667 uses a null category that is invalid in its context. The option was ignored.
2025-07-27 13:07:39,478 [ERROR] LogOutputStream:75 - [STDERR_REDIRECT] Managed Build system manifest file error: Option fr.ac6.managedbuild.option.gnu.cross.floatabi.674620397 uses a null category that is invalid in its context. The option was ignored.
2025-07-27 13:07:39,481 [ERROR] LogOutputStream:75 - [STDERR_REDIRECT] Managed Build system manifest file error: Option fr.ac6.managedbuild.option.gnu.cross.board.2032380885 uses a null category that is invalid in its context. The option was ignored.
2025-07-27 13:07:39,511 [ERROR] LogOutputStream:75 - [STDERR_REDIRECT] Managed Build system manifest file error: Option fr.ac6.managedbuild.option.gnu.cross.mcu.1123656845 uses a null category that is invalid in its context. The option was ignored.
2025-07-27 13:07:39,514 [ERROR] LogOutputStream:75 - [STDERR_REDIRECT] Managed Build system manifest file error: Option fr.ac6.managedbuild.option.gnu.cross.fpu.1625094946 uses a null category that is invalid in its context. The option was ignored.
2025-07-27 13:07:39,516 [ERROR] LogOutputStream:75 - [STDERR_REDIRECT] Managed Build system manifest file error: Option fr.ac6.managedbuild.option.gnu.cross.floatabi.798324947 uses a null category that is invalid in its context. The option was ignored.
2025-07-27 13:07:39,519 [ERROR] LogOutputStream:75 - [STDERR_REDIRECT] Managed Build system manifest file error: Option fr.ac6.managedbuild.option.gnu.cross.board.2024520214 uses a null category that is invalid in its context. The option was ignored.
2025-07-27 13:07:39,531 [ERROR] LogOutputStream:75 - [STDERR_REDIRECT] Managed Build system manifest file error: Option fr.ac6.managedbuild.option.gnu.cross.mcu.735545071 uses a null category that is invalid in its context. The option was ignored.
2025-07-27 13:07:39,534 [ERROR] LogOutputStream:75 - [STDERR_REDIRECT] Managed Build system manifest file error: Option fr.ac6.managedbuild.option.gnu.cross.fpu.499796371 uses a null category that is invalid in its context. The option was ignored.
2025-07-27 13:07:39,536 [ERROR] LogOutputStream:75 - [STDERR_REDIRECT] Managed Build system manifest file error: Option fr.ac6.managedbuild.option.gnu.cross.floatabi.18101842 uses a null category that is invalid in its context. The option was ignored.
2025-07-27 13:07:39,538 [ERROR] LogOutputStream:75 - [STDERR_REDIRECT] Managed Build system manifest file error: Option fr.ac6.managedbuild.option.gnu.cross.board.527358381 uses a null category that is invalid in its context. The option was ignored.
2025-07-27 13:07:39,563 [ERROR] LogOutputStream:75 - [STDERR_REDIRECT] Managed Build system manifest file error: Option fr.ac6.managedbuild.option.gnu.cross.mcu.706507749 uses a null category that is invalid in its context. The option was ignored.
2025-07-27 13:07:39,565 [ERROR] LogOutputStream:75 - [STDERR_REDIRECT] Managed Build system manifest file error: Option fr.ac6.managedbuild.option.gnu.cross.fpu.1437707573 uses a null category that is invalid in its context. The option was ignored.
2025-07-27 13:07:39,567 [ERROR] LogOutputStream:75 - [STDERR_REDIRECT] Managed Build system manifest file error: Option fr.ac6.managedbuild.option.gnu.cross.floatabi.847016283 uses a null category that is invalid in its context. The option was ignored.
2025-07-27 13:07:39,570 [ERROR] LogOutputStream:75 - [STDERR_REDIRECT] Managed Build system manifest file error: Option fr.ac6.managedbuild.option.gnu.cross.board.426920775 uses a null category that is invalid in its context. The option was ignored.
2025-07-27 13:07:39,591 [ERROR] LogOutputStream:75 - [STDERR_REDIRECT] Managed Build system manifest file error: Option fr.ac6.managedbuild.option.gnu.cross.mcu.1243482985 uses a null category that is invalid in its context. The option was ignored.
2025-07-27 13:07:39,596 [ERROR] LogOutputStream:75 - [STDERR_REDIRECT] Managed Build system manifest file error: Option fr.ac6.managedbuild.option.gnu.cross.fpu.424151552 uses a null category that is invalid in its context. The option was ignored.
2025-07-27 13:07:39,600 [ERROR] LogOutputStream:75 - [STDERR_REDIRECT] Managed Build system manifest file error: Option fr.ac6.managedbuild.option.gnu.cross.floatabi.1438404153 uses a null category that is invalid in its context. The option was ignored.
2025-07-27 13:07:39,603 [ERROR] LogOutputStream:75 - [STDERR_REDIRECT] Managed Build system manifest file error: Option fr.ac6.managedbuild.option.gnu.cross.board.692557545 uses a null category that is invalid in its context. The option was ignored.
2025-07-27 13:07:39,636 [ERROR] LogOutputStream:75 - [STDERR_REDIRECT] Managed Build system manifest file error: Option fr.ac6.managedbuild.option.gnu.cross.mcu.1995206014 uses a null category that is invalid in its context. The option was ignored.
2025-07-27 13:07:39,638 [ERROR] LogOutputStream:75 - [STDERR_REDIRECT] Managed Build system manifest file error: Option fr.ac6.managedbuild.option.gnu.cross.fpu.190409137 uses a null category that is invalid in its context. The option was ignored.
2025-07-27 13:07:39,640 [ERROR] LogOutputStream:75 - [STDERR_REDIRECT] Managed Build system manifest file error: Option fr.ac6.managedbuild.option.gnu.cross.floatabi.1892710469 uses a null category that is invalid in its context. The option was ignored.
2025-07-27 13:07:39,643 [ERROR] LogOutputStream:75 - [STDERR_REDIRECT] Managed Build system manifest file error: Option fr.ac6.managedbuild.option.gnu.cross.board.304114292 uses a null category that is invalid in its context. The option was ignored.
2025-07-27 13:07:39,660 [ERROR] LogOutputStream:75 - [STDERR_REDIRECT] Managed Build system manifest file error: Option fr.ac6.managedbuild.option.gnu.cross.mcu.1871047884 uses a null category that is invalid in its context. The option was ignored.
2025-07-27 13:07:39,662 [ERROR] LogOutputStream:75 - [STDERR_REDIRECT] Managed Build system manifest file error: Option fr.ac6.managedbuild.option.gnu.cross.fpu.478454569 uses a null category that is invalid in its context. The option was ignored.
2025-07-27 13:07:39,663 [ERROR] LogOutputStream:75 - [STDERR_REDIRECT] Managed Build system manifest file error: Option fr.ac6.managedbuild.option.gnu.cross.floatabi.426332102 uses a null category that is invalid in its context. The option was ignored.
2025-07-27 13:07:39,665 [ERROR] LogOutputStream:75 - [STDERR_REDIRECT] Managed Build system manifest file error: Option fr.ac6.managedbuild.option.gnu.cross.board.263449989 uses a null category that is invalid in its context. The option was ignored.
2025-07-27 13:07:39,692 [ERROR] LogOutputStream:75 - [STDERR_REDIRECT] Managed Build system manifest file error: Option fr.ac6.managedbuild.option.gnu.cross.mcu.155575531 uses a null category that is invalid in its context. The option was ignored.
2025-07-27 13:07:39,695 [ERROR] LogOutputStream:75 - [STDERR_REDIRECT] Managed Build system manifest file error: Option fr.ac6.managedbuild.option.gnu.cross.fpu.1267834622 uses a null category that is invalid in its context. The option was ignored.
2025-07-27 13:07:39,697 [ERROR] LogOutputStream:75 - [STDERR_REDIRECT] Managed Build system manifest file error: Option fr.ac6.managedbuild.option.gnu.cross.floatabi.1006952177 uses a null category that is invalid in its context. The option was ignored.
2025-07-27 13:07:39,698 [ERROR] LogOutputStream:75 - [STDERR_REDIRECT] Managed Build system manifest file error: Option fr.ac6.managedbuild.option.gnu.cross.board.478660946 uses a null category that is invalid in its context. The option was ignored.
2025-07-27 13:07:39,712 [ERROR] LogOutputStream:75 - [STDERR_REDIRECT] Managed Build system manifest file error: Option fr.ac6.managedbuild.option.gnu.cross.mcu.109293988 uses a null category that is invalid in its context. The option was ignored.
2025-07-27 13:07:39,713 [ERROR] LogOutputStream:75 - [STDERR_REDIRECT] Managed Build system manifest file error: Option fr.ac6.managedbuild.option.gnu.cross.fpu.1791678713 uses a null category that is invalid in its context. The option was ignored.
2025-07-27 13:07:39,715 [ERROR] LogOutputStream:75 - [STDERR_REDIRECT] Managed Build system manifest file error: Option fr.ac6.managedbuild.option.gnu.cross.floatabi.655125668 uses a null category that is invalid in its context. The option was ignored.
2025-07-27 13:07:39,717 [ERROR] LogOutputStream:75 - [STDERR_REDIRECT] Managed Build system manifest file error: Option fr.ac6.managedbuild.option.gnu.cross.board.1914021512 uses a null category that is invalid in its context. The option was ignored.
2025-07-27 13:07:39,757 [ERROR] LogOutputStream:75 - [STDERR_REDIRECT] Managed Build system manifest file error: Option fr.ac6.managedbuild.option.gnu.cross.mcu.420747866 uses a null category that is invalid in its context. The option was ignored.
2025-07-27 13:07:39,760 [ERROR] LogOutputStream:75 - [STDERR_REDIRECT] Managed Build system manifest file error: Option fr.ac6.managedbuild.option.gnu.cross.fpu.1391997259 uses a null category that is invalid in its context. The option was ignored.
2025-07-27 13:07:39,762 [ERROR] LogOutputStream:75 - [STDERR_REDIRECT] Managed Build system manifest file error: Option fr.ac6.managedbuild.option.gnu.cross.floatabi.97590042 uses a null category that is invalid in its context. The option was ignored.
2025-07-27 13:07:39,763 [ERROR] LogOutputStream:75 - [STDERR_REDIRECT] Managed Build system manifest file error: Option fr.ac6.managedbuild.option.gnu.cross.board.1786353674 uses a null category that is invalid in its context. The option was ignored.
2025-07-27 13:07:39,778 [ERROR] LogOutputStream:75 - [STDERR_REDIRECT] Managed Build system manifest file error: Option fr.ac6.managedbuild.option.gnu.cross.mcu.1391322688 uses a null category that is invalid in its context. The option was ignored.
2025-07-27 13:07:39,781 [ERROR] LogOutputStream:75 - [STDERR_REDIRECT] Managed Build system manifest file error: Option fr.ac6.managedbuild.option.gnu.cross.fpu.607461013 uses a null category that is invalid in its context. The option was ignored.
2025-07-27 13:07:39,783 [ERROR] LogOutputStream:75 - [STDERR_REDIRECT] Managed Build system manifest file error: Option fr.ac6.managedbuild.option.gnu.cross.floatabi.6909680 uses a null category that is invalid in its context. The option was ignored.
2025-07-27 13:07:39,786 [ERROR] LogOutputStream:75 - [STDERR_REDIRECT] Managed Build system manifest file error: Option fr.ac6.managedbuild.option.gnu.cross.board.1692043994 uses a null category that is invalid in its context. The option was ignored.
2025-07-27 13:07:39,825 [ERROR] LogOutputStream:75 - [STDERR_REDIRECT] Managed Build system manifest file error: Option fr.ac6.managedbuild.option.gnu.cross.mcu.1382916971 uses a null category that is invalid in its context. The option was ignored.
2025-07-27 13:07:39,827 [ERROR] LogOutputStream:75 - [STDERR_REDIRECT] Managed Build system manifest file error: Option fr.ac6.managedbuild.option.gnu.cross.fpu.79154421 uses a null category that is invalid in its context. The option was ignored.
2025-07-27 13:07:39,828 [ERROR] LogOutputStream:75 - [STDERR_REDIRECT] Managed Build system manifest file error: Option fr.ac6.managedbuild.option.gnu.cross.floatabi.1140093476 uses a null category that is invalid in its context. The option was ignored.
2025-07-27 13:07:39,829 [ERROR] LogOutputStream:75 - [STDERR_REDIRECT] Managed Build system manifest file error: Option fr.ac6.managedbuild.option.gnu.cross.board.501904318 uses a null category that is invalid in its context. The option was ignored.
2025-07-27 13:07:39,842 [ERROR] LogOutputStream:75 - [STDERR_REDIRECT] Managed Build system manifest file error: Option fr.ac6.managedbuild.option.gnu.cross.mcu.1491536284 uses a null category that is invalid in its context. The option was ignored.
2025-07-27 13:07:39,844 [ERROR] LogOutputStream:75 - [STDERR_REDIRECT] Managed Build system manifest file error: Option fr.ac6.managedbuild.option.gnu.cross.fpu.709850754 uses a null category that is invalid in its context. The option was ignored.
2025-07-27 13:07:39,846 [ERROR] LogOutputStream:75 - [STDERR_REDIRECT] Managed Build system manifest file error: Option fr.ac6.managedbuild.option.gnu.cross.floatabi.116856793 uses a null category that is invalid in its context. The option was ignored.
2025-07-27 13:07:39,847 [ERROR] LogOutputStream:75 - [STDERR_REDIRECT] Managed Build system manifest file error: Option fr.ac6.managedbuild.option.gnu.cross.board.58835127 uses a null category that is invalid in its context. The option was ignored.
2025-07-27 13:07:39,872 [ERROR] LogOutputStream:75 - [STDERR_REDIRECT] Managed Build system manifest file error: Option fr.ac6.managedbuild.option.gnu.cross.mcu.1083445995 uses a null category that is invalid in its context. The option was ignored.
2025-07-27 13:07:39,874 [ERROR] LogOutputStream:75 - [STDERR_REDIRECT] Managed Build system manifest file error: Option fr.ac6.managedbuild.option.gnu.cross.fpu.2014996287 uses a null category that is invalid in its context. The option was ignored.
2025-07-27 13:07:39,876 [ERROR] LogOutputStream:75 - [STDERR_REDIRECT] Managed Build system manifest file error: Option fr.ac6.managedbuild.option.gnu.cross.floatabi.1429499868 uses a null category that is invalid in its context. The option was ignored.
2025-07-27 13:07:39,878 [ERROR] LogOutputStream:75 - [STDERR_REDIRECT] Managed Build system manifest file error: Option fr.ac6.managedbuild.option.gnu.cross.board.716129768 uses a null category that is invalid in its context. The option was ignored.
2025-07-27 13:07:39,892 [ERROR] LogOutputStream:75 - [STDERR_REDIRECT] Managed Build system manifest file error: Option fr.ac6.managedbuild.option.gnu.cross.mcu.1767409139 uses a null category that is invalid in its context. The option was ignored.
2025-07-27 13:07:39,894 [ERROR] LogOutputStream:75 - [STDERR_REDIRECT] Managed Build system manifest file error: Option fr.ac6.managedbuild.option.gnu.cross.fpu.959527444 uses a null category that is invalid in its context. The option was ignored.
2025-07-27 13:07:39,896 [ERROR] LogOutputStream:75 - [STDERR_REDIRECT] Managed Build system manifest file error: Option fr.ac6.managedbuild.option.gnu.cross.floatabi.298371953 uses a null category that is invalid in its context. The option was ignored.
2025-07-27 13:07:39,898 [ERROR] LogOutputStream:75 - [STDERR_REDIRECT] Managed Build system manifest file error: Option fr.ac6.managedbuild.option.gnu.cross.board.1155839841 uses a null category that is invalid in its context. The option was ignored.
2025-07-27 13:07:39,928 [ERROR] LogOutputStream:75 - [STDERR_REDIRECT] Managed Build system manifest file error: Option fr.ac6.managedbuild.option.gnu.cross.mcu.818901546 uses a null category that is invalid in its context. The option was ignored.
2025-07-27 13:07:39,931 [ERROR] LogOutputStream:75 - [STDERR_REDIRECT] Managed Build system manifest file error: Option fr.ac6.managedbuild.option.gnu.cross.fpu.837756979 uses a null category that is invalid in its context. The option was ignored.
2025-07-27 13:07:39,933 [ERROR] LogOutputStream:75 - [STDERR_REDIRECT] Managed Build system manifest file error: Option fr.ac6.managedbuild.option.gnu.cross.floatabi.955840419 uses a null category that is invalid in its context. The option was ignored.
2025-07-27 13:07:39,937 [ERROR] LogOutputStream:75 - [STDERR_REDIRECT] Managed Build system manifest file error: Option fr.ac6.managedbuild.option.gnu.cross.board.1785828007 uses a null category that is invalid in its context. The option was ignored.
2025-07-27 13:07:39,953 [ERROR] LogOutputStream:75 - [STDERR_REDIRECT] Managed Build system manifest file error: Option fr.ac6.managedbuild.option.gnu.cross.mcu.1393069250 uses a null category that is invalid in its context. The option was ignored.
2025-07-27 13:07:39,955 [ERROR] LogOutputStream:75 - [STDERR_REDIRECT] Managed Build system manifest file error: Option fr.ac6.managedbuild.option.gnu.cross.fpu.2055921340 uses a null category that is invalid in its context. The option was ignored.
2025-07-27 13:07:39,957 [ERROR] LogOutputStream:75 - [STDERR_REDIRECT] Managed Build system manifest file error: Option fr.ac6.managedbuild.option.gnu.cross.floatabi.724704510 uses a null category that is invalid in its context. The option was ignored.
2025-07-27 13:07:39,958 [ERROR] LogOutputStream:75 - [STDERR_REDIRECT] Managed Build system manifest file error: Option fr.ac6.managedbuild.option.gnu.cross.board.443409583 uses a null category that is invalid in its context. The option was ignored.
2025-07-27 14:12:09,983 [INFO] WebApp:194 - Connection lost
2025-07-27 14:12:36,878 [INFO] WebApp:191 - Connection restablished
2025-07-27 14:17:25,885 [INFO] WebApp:194 - Connection lost
2025-07-27 14:17:29,406 [INFO] WebApp:191 - Connection restablished
2025-07-27 14:17:45,871 [INFO] WebApp:194 - Connection lost
2025-07-27 14:17:46,246 [INFO] WebApp:191 - Connection restablished
2025-07-27 14:19:16,371 [INFO] WebApp:194 - Connection lost
2025-07-27 14:19:19,756 [INFO] WebApp:191 - Connection restablished
2025-07-27 14:19:50,899 [INFO] WebApp:194 - Connection lost
2025-07-27 14:19:57,698 [INFO] WebApp:191 - Connection restablished
2025-07-27 14:20:24,878 [INFO] WebApp:194 - Connection lost
2025-07-27 14:20:26,026 [INFO] WebApp:191 - Connection restablished
2025-07-27 14:21:14,867 [INFO] WebApp:194 - Connection lost
2025-07-27 14:21:22,321 [INFO] WebApp:191 - Connection restablished
2025-07-27 16:29:28,615 [INFO] WebApp:194 - Connection lost
2025-07-27 16:29:29,039 [INFO] WebApp:191 - Connection restablished
2025-07-27 17:08:51,506 [INFO] WebApp:194 - Connection lost
